ARM GAS  C:\Users\acer\AppData\Local\Temp\ccKUCCMd.s 			page 1


   1              		.syntax unified
   2              		.cpu cortex-m3
   3              		.fpu softvfp
   4              		.eabi_attribute 20, 1
   5              		.eabi_attribute 21, 1
   6              		.eabi_attribute 23, 3
   7              		.eabi_attribute 24, 1
   8              		.eabi_attribute 25, 1
   9              		.eabi_attribute 26, 1
  10              		.eabi_attribute 30, 4
  11              		.eabi_attribute 34, 1
  12              		.eabi_attribute 18, 4
  13              		.thumb
  14              		.file	"app_1.c"
  15              		.text
  16              	.Ltext0:
  17              		.cfi_sections	.debug_frame
  18              		.section	.text.app_test_led_uart_switch,"ax",%progbits
  19              		.align	1
  20              		.global	app_test_led_uart_switch
  21              		.thumb
  22              		.thumb_func
  23              		.type	app_test_led_uart_switch, %function
  24              	app_test_led_uart_switch:
  25              	.LFB56:
  26              		.file 1 ".\\app_1.c"
   1:.\app_1.c     **** /* ========================================
   2:.\app_1.c     ****  *
   3:.\app_1.c     ****  * Copyright YOUR COMPANY, THE YEAR
   4:.\app_1.c     ****  * All Rights Reserved
   5:.\app_1.c     ****  * UNPUBLISHED, LICENSED SOFTWARE.
   6:.\app_1.c     ****  *
   7:.\app_1.c     ****  * CONFIDENTIAL AND PROPRIETARY INFORMATION
   8:.\app_1.c     ****  * WHICH IS THE PROPERTY OF your company.
   9:.\app_1.c     ****  *
  10:.\app_1.c     ****  * ========================================
  11:.\app_1.c     **** */
  12:.\app_1.c     **** #include <project.h>
  13:.\app_1.c     **** #include "common.h"
  14:.\app_1.c     **** 
  15:.\app_1.c     **** void app_test_led_uart_switch(void)
  16:.\app_1.c     **** {
  27              		.loc 1 16 0
  28              		.cfi_startproc
  29              		@ args = 0, pretend = 0, frame = 0
  30              		@ frame_needed = 0, uses_anonymous_args = 0
  31 0000 08B5     		push	{r3, lr}
  32              		.cfi_def_cfa_offset 8
  33              		.cfi_offset 3, -8
  34              		.cfi_offset 14, -4
  17:.\app_1.c     ****    
  18:.\app_1.c     ****      #if(BT_MODULE==ENABLE)
  19:.\app_1.c     ****         bt_module_config(BT_INI);
  20:.\app_1.c     ****      #endif
  21:.\app_1.c     ****      
  22:.\app_1.c     ****      #if(WIFI_MODULE==ENABLE)
  23:.\app_1.c     ****         wifi_module_config(BT_INI);
ARM GAS  C:\Users\acer\AppData\Local\Temp\ccKUCCMd.s 			page 2


  24:.\app_1.c     ****      #endif
  25:.\app_1.c     ****     
  26:.\app_1.c     ****      #if(IMU_SENSOR==ENABLE)
  27:.\app_1.c     ****          if(IMU_Read_St()==NOT_INIT)
  35              		.loc 1 27 0
  36 0002 FFF7FEFF 		bl	IMU_Read_St
  37              	.LVL0:
  38 0006 08B9     		cbnz	r0, .L2
  28:.\app_1.c     ****          {
  29:.\app_1.c     ****          IMU_Command(IMU_CMD_INIT);
  39              		.loc 1 29 0
  40 0008 FFF7FEFF 		bl	IMU_Command
  41              	.LVL1:
  42              	.L2:
  30:.\app_1.c     ****          }
  31:.\app_1.c     ****          
  32:.\app_1.c     ****          if(IMU_Read_St()==INIT_SUCC)
  43              		.loc 1 32 0
  44 000c FFF7FEFF 		bl	IMU_Read_St
  45              	.LVL2:
  46 0010 0728     		cmp	r0, #7
  47 0012 02D1     		bne	.L3
  33:.\app_1.c     ****          {
  34:.\app_1.c     ****             IMU_Command(IMU_CMD_START);
  48              		.loc 1 34 0
  49 0014 0120     		movs	r0, #1
  50 0016 FFF7FEFF 		bl	IMU_Command
  51              	.LVL3:
  52              	.L3:
  35:.\app_1.c     ****          } 
  36:.\app_1.c     ****       #endif
  37:.\app_1.c     ****     
  38:.\app_1.c     ****     Api_Led_Control(LED0,BLINK_500);
  39:.\app_1.c     ****     
  40:.\app_1.c     ****    /* if(Api_Get_Switch_Status(SWITCH0))
  41:.\app_1.c     ****     {
  42:.\app_1.c     ****        
  43:.\app_1.c     ****     }
  44:.\app_1.c     ****     else
  45:.\app_1.c     ****     {
  46:.\app_1.c     ****         UART_1_WriteTxData(0xBB);
  47:.\app_1.c     ****         Api_Led_Control(LED0,LED_OFF);
  48:.\app_1.c     ****     }*/
  49:.\app_1.c     **** }
  53              		.loc 1 49 0
  54 001a BDE80840 		pop	{r3, lr}
  55              		.cfi_restore 14
  56              		.cfi_restore 3
  57              		.cfi_def_cfa_offset 0
  38:.\app_1.c     ****     
  58              		.loc 1 38 0
  59 001e 0020     		movs	r0, #0
  60 0020 0221     		movs	r1, #2
  61 0022 FFF7FEBF 		b	Api_Led_Control
  62              	.LVL4:
  63              		.cfi_endproc
  64              	.LFE56:
ARM GAS  C:\Users\acer\AppData\Local\Temp\ccKUCCMd.s 			page 3


  65              		.size	app_test_led_uart_switch, .-app_test_led_uart_switch
  66              		.text
  67              	.Letext0:
  68              		.file 2 "c:\\program files\\cypress\\psoc creator\\3.3\\psoc creator\\import\\gnu\\arm\\4.9.3\\arm
  69              		.file 3 "c:\\program files\\cypress\\psoc creator\\3.3\\psoc creator\\import\\gnu\\arm\\4.9.3\\arm
  70              		.file 4 ".\\type_def.h"
  71              		.file 5 "Generated_Source\\PSoC5/core_cm3.h"
  72              		.file 6 ".\\imu_i2c_pub.h"
  73              		.file 7 ".\\dio_pub.h"
  74              		.section	.debug_info,"",%progbits
  75              	.Ldebug_info0:
  76 0000 3C010000 		.4byte	0x13c
  77 0004 0400     		.2byte	0x4
  78 0006 00000000 		.4byte	.Ldebug_abbrev0
  79 000a 04       		.byte	0x4
  80 000b 01       		.uleb128 0x1
  81 000c C7000000 		.4byte	.LASF16
  82 0010 01       		.byte	0x1
  83 0011 7F000000 		.4byte	.LASF17
  84 0015 7E010000 		.4byte	.LASF18
  85 0019 00000000 		.4byte	.Ldebug_ranges0+0
  86 001d 00000000 		.4byte	0
  87 0021 00000000 		.4byte	.Ldebug_line0
  88 0025 02       		.uleb128 0x2
  89 0026 01       		.byte	0x1
  90 0027 06       		.byte	0x6
  91 0028 36000000 		.4byte	.LASF0
  92 002c 02       		.uleb128 0x2
  93 002d 01       		.byte	0x1
  94 002e 08       		.byte	0x8
  95 002f 89000000 		.4byte	.LASF1
  96 0033 02       		.uleb128 0x2
  97 0034 02       		.byte	0x2
  98 0035 05       		.byte	0x5
  99 0036 C0010000 		.4byte	.LASF2
 100 003a 02       		.uleb128 0x2
 101 003b 02       		.byte	0x2
 102 003c 07       		.byte	0x7
 103 003d 07000000 		.4byte	.LASF3
 104 0041 03       		.uleb128 0x3
 105 0042 55010000 		.4byte	.LASF9
 106 0046 02       		.byte	0x2
 107 0047 3F       		.byte	0x3f
 108 0048 4C000000 		.4byte	0x4c
 109 004c 02       		.uleb128 0x2
 110 004d 04       		.byte	0x4
 111 004e 05       		.byte	0x5
 112 004f 9C000000 		.4byte	.LASF4
 113 0053 02       		.uleb128 0x2
 114 0054 04       		.byte	0x4
 115 0055 07       		.byte	0x7
 116 0056 4A000000 		.4byte	.LASF5
 117 005a 02       		.uleb128 0x2
 118 005b 08       		.byte	0x8
 119 005c 05       		.byte	0x5
 120 005d AC000000 		.4byte	.LASF6
 121 0061 02       		.uleb128 0x2
ARM GAS  C:\Users\acer\AppData\Local\Temp\ccKUCCMd.s 			page 4


 122 0062 08       		.byte	0x8
 123 0063 07       		.byte	0x7
 124 0064 5C000000 		.4byte	.LASF7
 125 0068 04       		.uleb128 0x4
 126 0069 04       		.byte	0x4
 127 006a 05       		.byte	0x5
 128 006b 696E7400 		.ascii	"int\000"
 129 006f 02       		.uleb128 0x2
 130 0070 04       		.byte	0x4
 131 0071 07       		.byte	0x7
 132 0072 CA010000 		.4byte	.LASF8
 133 0076 03       		.uleb128 0x3
 134 0077 42000000 		.4byte	.LASF10
 135 007b 03       		.byte	0x3
 136 007c 2C       		.byte	0x2c
 137 007d 41000000 		.4byte	0x41
 138 0081 02       		.uleb128 0x2
 139 0082 04       		.byte	0x4
 140 0083 04       		.byte	0x4
 141 0084 78010000 		.4byte	.LASF11
 142 0088 02       		.uleb128 0x2
 143 0089 08       		.byte	0x8
 144 008a 04       		.byte	0x4
 145 008b A5000000 		.4byte	.LASF12
 146 008f 02       		.uleb128 0x2
 147 0090 01       		.byte	0x1
 148 0091 08       		.byte	0x8
 149 0092 97000000 		.4byte	.LASF13
 150 0096 02       		.uleb128 0x2
 151 0097 04       		.byte	0x4
 152 0098 07       		.byte	0x7
 153 0099 D7010000 		.4byte	.LASF14
 154 009d 03       		.uleb128 0x3
 155 009e 00000000 		.4byte	.LASF15
 156 00a2 04       		.byte	0x4
 157 00a3 0F       		.byte	0xf
 158 00a4 2C000000 		.4byte	0x2c
 159 00a8 05       		.uleb128 0x5
 160 00a9 5F010000 		.4byte	.LASF19
 161 00ad 01       		.byte	0x1
 162 00ae 0F       		.byte	0xf
 163 00af 00000000 		.4byte	.LFB56
 164 00b3 26000000 		.4byte	.LFE56-.LFB56
 165 00b7 01       		.uleb128 0x1
 166 00b8 9C       		.byte	0x9c
 167 00b9 00010000 		.4byte	0x100
 168 00bd 06       		.uleb128 0x6
 169 00be 06000000 		.4byte	.LVL0
 170 00c2 11010000 		.4byte	0x111
 171 00c6 06       		.uleb128 0x6
 172 00c7 0C000000 		.4byte	.LVL1
 173 00cb 1C010000 		.4byte	0x11c
 174 00cf 06       		.uleb128 0x6
 175 00d0 10000000 		.4byte	.LVL2
 176 00d4 11010000 		.4byte	0x111
 177 00d8 07       		.uleb128 0x7
 178 00d9 1A000000 		.4byte	.LVL3
ARM GAS  C:\Users\acer\AppData\Local\Temp\ccKUCCMd.s 			page 5


 179 00dd 1C010000 		.4byte	0x11c
 180 00e1 EB000000 		.4byte	0xeb
 181 00e5 08       		.uleb128 0x8
 182 00e6 01       		.uleb128 0x1
 183 00e7 50       		.byte	0x50
 184 00e8 01       		.uleb128 0x1
 185 00e9 31       		.byte	0x31
 186 00ea 00       		.byte	0
 187 00eb 09       		.uleb128 0x9
 188 00ec 26000000 		.4byte	.LVL4
 189 00f0 2D010000 		.4byte	0x12d
 190 00f4 08       		.uleb128 0x8
 191 00f5 01       		.uleb128 0x1
 192 00f6 51       		.byte	0x51
 193 00f7 01       		.uleb128 0x1
 194 00f8 32       		.byte	0x32
 195 00f9 08       		.uleb128 0x8
 196 00fa 01       		.uleb128 0x1
 197 00fb 50       		.byte	0x50
 198 00fc 01       		.uleb128 0x1
 199 00fd 30       		.byte	0x30
 200 00fe 00       		.byte	0
 201 00ff 00       		.byte	0
 202 0100 0A       		.uleb128 0xa
 203 0101 BA000000 		.4byte	.LASF20
 204 0105 05       		.byte	0x5
 205 0106 1606     		.2byte	0x616
 206 0108 0C010000 		.4byte	0x10c
 207 010c 0B       		.uleb128 0xb
 208 010d 76000000 		.4byte	0x76
 209 0111 0C       		.uleb128 0xc
 210 0112 73000000 		.4byte	.LASF21
 211 0116 06       		.byte	0x6
 212 0117 1B       		.byte	0x1b
 213 0118 9D000000 		.4byte	0x9d
 214 011c 0D       		.uleb128 0xd
 215 011d 2A000000 		.4byte	.LASF22
 216 0121 06       		.byte	0x6
 217 0122 1A       		.byte	0x1a
 218 0123 2D010000 		.4byte	0x12d
 219 0127 0E       		.uleb128 0xe
 220 0128 9D000000 		.4byte	0x9d
 221 012c 00       		.byte	0
 222 012d 0F       		.uleb128 0xf
 223 012e 1A000000 		.4byte	.LASF23
 224 0132 07       		.byte	0x7
 225 0133 22       		.byte	0x22
 226 0134 0E       		.uleb128 0xe
 227 0135 9D000000 		.4byte	0x9d
 228 0139 0E       		.uleb128 0xe
 229 013a 9D000000 		.4byte	0x9d
 230 013e 00       		.byte	0
 231 013f 00       		.byte	0
 232              		.section	.debug_abbrev,"",%progbits
 233              	.Ldebug_abbrev0:
 234 0000 01       		.uleb128 0x1
 235 0001 11       		.uleb128 0x11
ARM GAS  C:\Users\acer\AppData\Local\Temp\ccKUCCMd.s 			page 6


 236 0002 01       		.byte	0x1
 237 0003 25       		.uleb128 0x25
 238 0004 0E       		.uleb128 0xe
 239 0005 13       		.uleb128 0x13
 240 0006 0B       		.uleb128 0xb
 241 0007 03       		.uleb128 0x3
 242 0008 0E       		.uleb128 0xe
 243 0009 1B       		.uleb128 0x1b
 244 000a 0E       		.uleb128 0xe
 245 000b 55       		.uleb128 0x55
 246 000c 17       		.uleb128 0x17
 247 000d 11       		.uleb128 0x11
 248 000e 01       		.uleb128 0x1
 249 000f 10       		.uleb128 0x10
 250 0010 17       		.uleb128 0x17
 251 0011 00       		.byte	0
 252 0012 00       		.byte	0
 253 0013 02       		.uleb128 0x2
 254 0014 24       		.uleb128 0x24
 255 0015 00       		.byte	0
 256 0016 0B       		.uleb128 0xb
 257 0017 0B       		.uleb128 0xb
 258 0018 3E       		.uleb128 0x3e
 259 0019 0B       		.uleb128 0xb
 260 001a 03       		.uleb128 0x3
 261 001b 0E       		.uleb128 0xe
 262 001c 00       		.byte	0
 263 001d 00       		.byte	0
 264 001e 03       		.uleb128 0x3
 265 001f 16       		.uleb128 0x16
 266 0020 00       		.byte	0
 267 0021 03       		.uleb128 0x3
 268 0022 0E       		.uleb128 0xe
 269 0023 3A       		.uleb128 0x3a
 270 0024 0B       		.uleb128 0xb
 271 0025 3B       		.uleb128 0x3b
 272 0026 0B       		.uleb128 0xb
 273 0027 49       		.uleb128 0x49
 274 0028 13       		.uleb128 0x13
 275 0029 00       		.byte	0
 276 002a 00       		.byte	0
 277 002b 04       		.uleb128 0x4
 278 002c 24       		.uleb128 0x24
 279 002d 00       		.byte	0
 280 002e 0B       		.uleb128 0xb
 281 002f 0B       		.uleb128 0xb
 282 0030 3E       		.uleb128 0x3e
 283 0031 0B       		.uleb128 0xb
 284 0032 03       		.uleb128 0x3
 285 0033 08       		.uleb128 0x8
 286 0034 00       		.byte	0
 287 0035 00       		.byte	0
 288 0036 05       		.uleb128 0x5
 289 0037 2E       		.uleb128 0x2e
 290 0038 01       		.byte	0x1
 291 0039 3F       		.uleb128 0x3f
 292 003a 19       		.uleb128 0x19
ARM GAS  C:\Users\acer\AppData\Local\Temp\ccKUCCMd.s 			page 7


 293 003b 03       		.uleb128 0x3
 294 003c 0E       		.uleb128 0xe
 295 003d 3A       		.uleb128 0x3a
 296 003e 0B       		.uleb128 0xb
 297 003f 3B       		.uleb128 0x3b
 298 0040 0B       		.uleb128 0xb
 299 0041 27       		.uleb128 0x27
 300 0042 19       		.uleb128 0x19
 301 0043 11       		.uleb128 0x11
 302 0044 01       		.uleb128 0x1
 303 0045 12       		.uleb128 0x12
 304 0046 06       		.uleb128 0x6
 305 0047 40       		.uleb128 0x40
 306 0048 18       		.uleb128 0x18
 307 0049 9742     		.uleb128 0x2117
 308 004b 19       		.uleb128 0x19
 309 004c 01       		.uleb128 0x1
 310 004d 13       		.uleb128 0x13
 311 004e 00       		.byte	0
 312 004f 00       		.byte	0
 313 0050 06       		.uleb128 0x6
 314 0051 898201   		.uleb128 0x4109
 315 0054 00       		.byte	0
 316 0055 11       		.uleb128 0x11
 317 0056 01       		.uleb128 0x1
 318 0057 31       		.uleb128 0x31
 319 0058 13       		.uleb128 0x13
 320 0059 00       		.byte	0
 321 005a 00       		.byte	0
 322 005b 07       		.uleb128 0x7
 323 005c 898201   		.uleb128 0x4109
 324 005f 01       		.byte	0x1
 325 0060 11       		.uleb128 0x11
 326 0061 01       		.uleb128 0x1
 327 0062 31       		.uleb128 0x31
 328 0063 13       		.uleb128 0x13
 329 0064 01       		.uleb128 0x1
 330 0065 13       		.uleb128 0x13
 331 0066 00       		.byte	0
 332 0067 00       		.byte	0
 333 0068 08       		.uleb128 0x8
 334 0069 8A8201   		.uleb128 0x410a
 335 006c 00       		.byte	0
 336 006d 02       		.uleb128 0x2
 337 006e 18       		.uleb128 0x18
 338 006f 9142     		.uleb128 0x2111
 339 0071 18       		.uleb128 0x18
 340 0072 00       		.byte	0
 341 0073 00       		.byte	0
 342 0074 09       		.uleb128 0x9
 343 0075 898201   		.uleb128 0x4109
 344 0078 01       		.byte	0x1
 345 0079 11       		.uleb128 0x11
 346 007a 01       		.uleb128 0x1
 347 007b 9542     		.uleb128 0x2115
 348 007d 19       		.uleb128 0x19
 349 007e 31       		.uleb128 0x31
ARM GAS  C:\Users\acer\AppData\Local\Temp\ccKUCCMd.s 			page 8


 350 007f 13       		.uleb128 0x13
 351 0080 00       		.byte	0
 352 0081 00       		.byte	0
 353 0082 0A       		.uleb128 0xa
 354 0083 34       		.uleb128 0x34
 355 0084 00       		.byte	0
 356 0085 03       		.uleb128 0x3
 357 0086 0E       		.uleb128 0xe
 358 0087 3A       		.uleb128 0x3a
 359 0088 0B       		.uleb128 0xb
 360 0089 3B       		.uleb128 0x3b
 361 008a 05       		.uleb128 0x5
 362 008b 49       		.uleb128 0x49
 363 008c 13       		.uleb128 0x13
 364 008d 3F       		.uleb128 0x3f
 365 008e 19       		.uleb128 0x19
 366 008f 3C       		.uleb128 0x3c
 367 0090 19       		.uleb128 0x19
 368 0091 00       		.byte	0
 369 0092 00       		.byte	0
 370 0093 0B       		.uleb128 0xb
 371 0094 35       		.uleb128 0x35
 372 0095 00       		.byte	0
 373 0096 49       		.uleb128 0x49
 374 0097 13       		.uleb128 0x13
 375 0098 00       		.byte	0
 376 0099 00       		.byte	0
 377 009a 0C       		.uleb128 0xc
 378 009b 2E       		.uleb128 0x2e
 379 009c 00       		.byte	0
 380 009d 3F       		.uleb128 0x3f
 381 009e 19       		.uleb128 0x19
 382 009f 03       		.uleb128 0x3
 383 00a0 0E       		.uleb128 0xe
 384 00a1 3A       		.uleb128 0x3a
 385 00a2 0B       		.uleb128 0xb
 386 00a3 3B       		.uleb128 0x3b
 387 00a4 0B       		.uleb128 0xb
 388 00a5 27       		.uleb128 0x27
 389 00a6 19       		.uleb128 0x19
 390 00a7 49       		.uleb128 0x49
 391 00a8 13       		.uleb128 0x13
 392 00a9 3C       		.uleb128 0x3c
 393 00aa 19       		.uleb128 0x19
 394 00ab 00       		.byte	0
 395 00ac 00       		.byte	0
 396 00ad 0D       		.uleb128 0xd
 397 00ae 2E       		.uleb128 0x2e
 398 00af 01       		.byte	0x1
 399 00b0 3F       		.uleb128 0x3f
 400 00b1 19       		.uleb128 0x19
 401 00b2 03       		.uleb128 0x3
 402 00b3 0E       		.uleb128 0xe
 403 00b4 3A       		.uleb128 0x3a
 404 00b5 0B       		.uleb128 0xb
 405 00b6 3B       		.uleb128 0x3b
 406 00b7 0B       		.uleb128 0xb
ARM GAS  C:\Users\acer\AppData\Local\Temp\ccKUCCMd.s 			page 9


 407 00b8 27       		.uleb128 0x27
 408 00b9 19       		.uleb128 0x19
 409 00ba 3C       		.uleb128 0x3c
 410 00bb 19       		.uleb128 0x19
 411 00bc 01       		.uleb128 0x1
 412 00bd 13       		.uleb128 0x13
 413 00be 00       		.byte	0
 414 00bf 00       		.byte	0
 415 00c0 0E       		.uleb128 0xe
 416 00c1 05       		.uleb128 0x5
 417 00c2 00       		.byte	0
 418 00c3 49       		.uleb128 0x49
 419 00c4 13       		.uleb128 0x13
 420 00c5 00       		.byte	0
 421 00c6 00       		.byte	0
 422 00c7 0F       		.uleb128 0xf
 423 00c8 2E       		.uleb128 0x2e
 424 00c9 01       		.byte	0x1
 425 00ca 3F       		.uleb128 0x3f
 426 00cb 19       		.uleb128 0x19
 427 00cc 03       		.uleb128 0x3
 428 00cd 0E       		.uleb128 0xe
 429 00ce 3A       		.uleb128 0x3a
 430 00cf 0B       		.uleb128 0xb
 431 00d0 3B       		.uleb128 0x3b
 432 00d1 0B       		.uleb128 0xb
 433 00d2 27       		.uleb128 0x27
 434 00d3 19       		.uleb128 0x19
 435 00d4 3C       		.uleb128 0x3c
 436 00d5 19       		.uleb128 0x19
 437 00d6 00       		.byte	0
 438 00d7 00       		.byte	0
 439 00d8 00       		.byte	0
 440              		.section	.debug_aranges,"",%progbits
 441 0000 1C000000 		.4byte	0x1c
 442 0004 0200     		.2byte	0x2
 443 0006 00000000 		.4byte	.Ldebug_info0
 444 000a 04       		.byte	0x4
 445 000b 00       		.byte	0
 446 000c 0000     		.2byte	0
 447 000e 0000     		.2byte	0
 448 0010 00000000 		.4byte	.LFB56
 449 0014 26000000 		.4byte	.LFE56-.LFB56
 450 0018 00000000 		.4byte	0
 451 001c 00000000 		.4byte	0
 452              		.section	.debug_ranges,"",%progbits
 453              	.Ldebug_ranges0:
 454 0000 00000000 		.4byte	.LFB56
 455 0004 26000000 		.4byte	.LFE56
 456 0008 00000000 		.4byte	0
 457 000c 00000000 		.4byte	0
 458              		.section	.debug_line,"",%progbits
 459              	.Ldebug_line0:
 460 0000 84010000 		.section	.debug_str,"MS",%progbits,1
 460      02006301 
 460      00000201 
 460      FB0E0D00 
ARM GAS  C:\Users\acer\AppData\Local\Temp\ccKUCCMd.s 			page 10


 460      01010101 
 461              	.LASF15:
 462 0000 5F554259 		.ascii	"_UBYTE\000"
 462      544500
 463              	.LASF3:
 464 0007 73686F72 		.ascii	"short unsigned int\000"
 464      7420756E 
 464      7369676E 
 464      65642069 
 464      6E7400
 465              	.LASF23:
 466 001a 4170695F 		.ascii	"Api_Led_Control\000"
 466      4C65645F 
 466      436F6E74 
 466      726F6C00 
 467              	.LASF22:
 468 002a 494D555F 		.ascii	"IMU_Command\000"
 468      436F6D6D 
 468      616E6400 
 469              	.LASF0:
 470 0036 7369676E 		.ascii	"signed char\000"
 470      65642063 
 470      68617200 
 471              	.LASF10:
 472 0042 696E7433 		.ascii	"int32_t\000"
 472      325F7400 
 473              	.LASF5:
 474 004a 6C6F6E67 		.ascii	"long unsigned int\000"
 474      20756E73 
 474      69676E65 
 474      6420696E 
 474      7400
 475              	.LASF7:
 476 005c 6C6F6E67 		.ascii	"long long unsigned int\000"
 476      206C6F6E 
 476      6720756E 
 476      7369676E 
 476      65642069 
 477              	.LASF21:
 478 0073 494D555F 		.ascii	"IMU_Read_St\000"
 478      52656164 
 478      5F537400 
 479              	.LASF17:
 480 007f 2E5C6170 		.ascii	".\\app_1.c\000"
 480      705F312E 
 480      6300
 481              	.LASF1:
 482 0089 756E7369 		.ascii	"unsigned char\000"
 482      676E6564 
 482      20636861 
 482      7200
 483              	.LASF13:
 484 0097 63686172 		.ascii	"char\000"
 484      00
 485              	.LASF4:
 486 009c 6C6F6E67 		.ascii	"long int\000"
 486      20696E74 
ARM GAS  C:\Users\acer\AppData\Local\Temp\ccKUCCMd.s 			page 11


 486      00
 487              	.LASF12:
 488 00a5 646F7562 		.ascii	"double\000"
 488      6C6500
 489              	.LASF6:
 490 00ac 6C6F6E67 		.ascii	"long long int\000"
 490      206C6F6E 
 490      6720696E 
 490      7400
 491              	.LASF20:
 492 00ba 49544D5F 		.ascii	"ITM_RxBuffer\000"
 492      52784275 
 492      66666572 
 492      00
 493              	.LASF16:
 494 00c7 474E5520 		.ascii	"GNU C 4.9.3 20150303 (release) [ARM/embedded-4_9-br"
 494      4320342E 
 494      392E3320 
 494      32303135 
 494      30333033 
 495 00fa 616E6368 		.ascii	"anch revision 221220] -mcpu=cortex-m3 -mthumb -g -O"
 495      20726576 
 495      6973696F 
 495      6E203232 
 495      31323230 
 496 012d 73202D66 		.ascii	"s -ffunction-sections -ffat-lto-objects\000"
 496      66756E63 
 496      74696F6E 
 496      2D736563 
 496      74696F6E 
 497              	.LASF9:
 498 0155 5F5F696E 		.ascii	"__int32_t\000"
 498      7433325F 
 498      7400
 499              	.LASF19:
 500 015f 6170705F 		.ascii	"app_test_led_uart_switch\000"
 500      74657374 
 500      5F6C6564 
 500      5F756172 
 500      745F7377 
 501              	.LASF11:
 502 0178 666C6F61 		.ascii	"float\000"
 502      7400
 503              	.LASF18:
 504 017e 433A5C55 		.ascii	"C:\\Users\\acer\\Desktop\\Saura-master\\2_Psoc\\Pla"
 504      73657273 
 504      5C616365 
 504      725C4465 
 504      736B746F 
 505 01ab 74666F72 		.ascii	"tform\\Design02.cydsn\000"
 505      6D5C4465 
 505      7369676E 
 505      30322E63 
 505      7964736E 
 506              	.LASF2:
 507 01c0 73686F72 		.ascii	"short int\000"
 507      7420696E 
ARM GAS  C:\Users\acer\AppData\Local\Temp\ccKUCCMd.s 			page 12


 507      7400
 508              	.LASF8:
 509 01ca 756E7369 		.ascii	"unsigned int\000"
 509      676E6564 
 509      20696E74 
 509      00
 510              	.LASF14:
 511 01d7 73697A65 		.ascii	"sizetype\000"
 511      74797065 
 511      00
 512              		.ident	"GCC: (GNU Tools for ARM Embedded Processors) 4.9.3 20150303 (release) [ARM/embedded-4_9-br
