ARM GAS  C:\Users\acer\AppData\Local\Temp\ccwO7YLr.s 			page 1


   1              		.syntax unified
   2              		.cpu cortex-m3
   3              		.fpu softvfp
   4              		.eabi_attribute 20, 1
   5              		.eabi_attribute 21, 1
   6              		.eabi_attribute 23, 3
   7              		.eabi_attribute 24, 1
   8              		.eabi_attribute 25, 1
   9              		.eabi_attribute 26, 1
  10              		.eabi_attribute 30, 4
  11              		.eabi_attribute 34, 1
  12              		.eabi_attribute 18, 4
  13              		.thumb
  14              		.file	"bt_module.c"
  15              		.text
  16              	.Ltext0:
  17              		.cfi_sections	.debug_frame
  18              		.section	.text.bt_module_manager,"ax",%progbits
  19              		.align	1
  20              		.global	bt_module_manager
  21              		.thumb
  22              		.thumb_func
  23              		.type	bt_module_manager, %function
  24              	bt_module_manager:
  25              	.LFB56:
  26              		.file 1 ".\\bt_module.c"
   1:.\bt_module.c **** /* ========================================
   2:.\bt_module.c ****  *
   3:.\bt_module.c ****  * Copyright YOUR COMPANY, THE YEAR
   4:.\bt_module.c ****  * All Rights Reserved
   5:.\bt_module.c ****  * UNPUBLISHED, LICENSED SOFTWARE.
   6:.\bt_module.c ****  *
   7:.\bt_module.c ****  * CONFIDENTIAL AND PROPRIETARY INFORMATION
   8:.\bt_module.c ****  * WHICH IS THE PROPERTY OF your company.
   9:.\bt_module.c ****  *
  10:.\bt_module.c ****  * ========================================
  11:.\bt_module.c **** */
  12:.\bt_module.c **** #include <project.h>
  13:.\bt_module.c **** #include "common.h"
  14:.\bt_module.c **** #include "bt_module.h"
  15:.\bt_module.c **** static uint8  stBtModule; // wifi module state machine status
  16:.\bt_module.c **** void bt_module_manager(void)  // called every 1second task due to slow responce
  17:.\bt_module.c **** {
  27              		.loc 1 17 0
  28              		.cfi_startproc
  29              		@ args = 0, pretend = 0, frame = 0
  30              		@ frame_needed = 0, uses_anonymous_args = 0
  31 0000 38B5     		push	{r3, r4, r5, lr}
  32              		.cfi_def_cfa_offset 16
  33              		.cfi_offset 3, -16
  34              		.cfi_offset 4, -12
  35              		.cfi_offset 5, -8
  36              		.cfi_offset 14, -4
  18:.\bt_module.c ****    static uint8 CommandNum; 
  19:.\bt_module.c ****        switch(stBtModule)
  37              		.loc 1 19 0
  38 0002 0A4C     		ldr	r4, .L5
ARM GAS  C:\Users\acer\AppData\Local\Temp\ccwO7YLr.s 			page 2


  39 0004 2378     		ldrb	r3, [r4]	@ zero_extendqisi2
  40 0006 012B     		cmp	r3, #1
  41 0008 0FD1     		bne	.L1
  20:.\bt_module.c ****        {
  21:.\bt_module.c ****            case BT_IDLE : break; 
  22:.\bt_module.c ****            case BT_INI: UART_1_PutString(BtIniCmd[CommandNum]);   // send all required initializati
  42              		.loc 1 22 0
  43 000a 6378     		ldrb	r3, [r4, #1]	@ zero_extendqisi2
  44 000c 084D     		ldr	r5, .L5+4
  45 000e 55F82300 		ldr	r0, [r5, r3, lsl #2]
  46 0012 FFF7FEFF 		bl	UART_1_PutString
  47              	.LVL0:
  23:.\bt_module.c ****                       CommandNum++;
  48              		.loc 1 23 0
  49 0016 6378     		ldrb	r3, [r4, #1]	@ zero_extendqisi2
  50 0018 0133     		adds	r3, r3, #1
  51 001a DBB2     		uxtb	r3, r3
  52 001c 6370     		strb	r3, [r4, #1]
  24:.\bt_module.c ****                       if((*BtIniCmd[CommandNum])==0x00)  //nonly null is end of coomand
  53              		.loc 1 24 0
  54 001e 55F82330 		ldr	r3, [r5, r3, lsl #2]
  55 0022 1B78     		ldrb	r3, [r3]	@ zero_extendqisi2
  56 0024 0BB9     		cbnz	r3, .L1
  25:.\bt_module.c ****                       {
  26:.\bt_module.c ****                             stBtModule=BT_IDLE;
  57              		.loc 1 26 0
  58 0026 2370     		strb	r3, [r4]
  27:.\bt_module.c ****                             CommandNum=0;
  59              		.loc 1 27 0
  60 0028 6370     		strb	r3, [r4, #1]
  61              	.L1:
  62 002a 38BD     		pop	{r3, r4, r5, pc}
  63              	.L6:
  64              		.align	2
  65              	.L5:
  66 002c 00000000 		.word	.LANCHOR0
  67 0030 00000000 		.word	.LANCHOR1
  68              		.cfi_endproc
  69              	.LFE56:
  70              		.size	bt_module_manager, .-bt_module_manager
  71              		.section	.text.bt_module_config,"ax",%progbits
  72              		.align	1
  73              		.global	bt_module_config
  74              		.thumb
  75              		.thumb_func
  76              		.type	bt_module_config, %function
  77              	bt_module_config:
  78              	.LFB57:
  28:.\bt_module.c ****                       }
  29:.\bt_module.c ****                       break;
  30:.\bt_module.c ****             default:break;
  31:.\bt_module.c ****        }
  32:.\bt_module.c **** }
  33:.\bt_module.c **** void bt_module_config(uint8 Command)
  34:.\bt_module.c **** {
  79              		.loc 1 34 0
  80              		.cfi_startproc
ARM GAS  C:\Users\acer\AppData\Local\Temp\ccwO7YLr.s 			page 3


  81              		@ args = 0, pretend = 0, frame = 0
  82              		@ frame_needed = 0, uses_anonymous_args = 0
  83              		@ link register save eliminated.
  84              	.LVL1:
  35:.\bt_module.c ****     switch(Command)
  85              		.loc 1 35 0
  86 0000 0128     		cmp	r0, #1
  36:.\bt_module.c ****     {
  37:.\bt_module.c ****         case BT_INI:
  38:.\bt_module.c ****                      stBtModule=BT_INI; 
  87              		.loc 1 38 0
  88 0002 04BF     		itt	eq
  89 0004 014B     		ldreq	r3, .L10
  90 0006 1870     		strbeq	r0, [r3]
  91 0008 7047     		bx	lr
  92              	.L11:
  93 000a 00BF     		.align	2
  94              	.L10:
  95 000c 00000000 		.word	.LANCHOR0
  96              		.cfi_endproc
  97              	.LFE57:
  98              		.size	bt_module_config, .-bt_module_config
  99              		.global	BtIniCmd
 100              		.section	.rodata.str1.1,"aMS",%progbits,1
 101              	.LC0:
 102 0000 415400   		.ascii	"AT\000"
 103              	.LC1:
 104 0003 41542B4E 		.ascii	"AT+NAMESaura\000"
 104      414D4553 
 104      61757261 
 104      00
 105              	.LC2:
 106 0010 41542B50 		.ascii	"AT+PIN1234\000"
 106      494E3132 
 106      333400
 107              	.LC3:
 108 001b 00       		.ascii	"\000"
 109              		.data
 110              		.align	2
 111              		.set	.LANCHOR1,. + 0
 112              		.type	BtIniCmd, %object
 113              		.size	BtIniCmd, 16
 114              	BtIniCmd:
 115 0000 00000000 		.word	.LC0
 116 0004 03000000 		.word	.LC1
 117 0008 10000000 		.word	.LC2
 118 000c 1B000000 		.word	.LC3
 119              		.bss
 120              		.set	.LANCHOR0,. + 0
 121              		.type	stBtModule, %object
 122              		.size	stBtModule, 1
 123              	stBtModule:
 124 0000 00       		.space	1
 125              		.type	CommandNum.5840, %object
 126              		.size	CommandNum.5840, 1
 127              	CommandNum.5840:
 128 0001 00       		.space	1
ARM GAS  C:\Users\acer\AppData\Local\Temp\ccwO7YLr.s 			page 4


 129              		.text
 130              	.Letext0:
 131              		.file 2 "c:\\program files\\cypress\\psoc creator\\3.3\\psoc creator\\import\\gnu\\arm\\4.9.3\\arm
 132              		.file 3 "c:\\program files\\cypress\\psoc creator\\3.3\\psoc creator\\import\\gnu\\arm\\4.9.3\\arm
 133              		.file 4 "Generated_Source\\PSoC5/cytypes.h"
 134              		.file 5 "Generated_Source\\PSoC5/core_cm3.h"
 135              		.file 6 ".\\bt_module.h"
 136              		.file 7 "Generated_Source\\PSoC5/UART_1.h"
 137              		.section	.debug_info,"",%progbits
 138              	.Ldebug_info0:
 139 0000 6D010000 		.4byte	0x16d
 140 0004 0400     		.2byte	0x4
 141 0006 00000000 		.4byte	.Ldebug_abbrev0
 142 000a 04       		.byte	0x4
 143 000b 01       		.uleb128 0x1
 144 000c 74010000 		.4byte	.LASF23
 145 0010 01       		.byte	0x1
 146 0011 C9000000 		.4byte	.LASF24
 147 0015 F0000000 		.4byte	.LASF25
 148 0019 00000000 		.4byte	.Ldebug_ranges0+0
 149 001d 00000000 		.4byte	0
 150 0021 00000000 		.4byte	.Ldebug_line0
 151 0025 02       		.uleb128 0x2
 152 0026 01       		.byte	0x1
 153 0027 06       		.byte	0x6
 154 0028 8E000000 		.4byte	.LASF0
 155 002c 02       		.uleb128 0x2
 156 002d 01       		.byte	0x1
 157 002e 08       		.byte	0x8
 158 002f B6000000 		.4byte	.LASF1
 159 0033 02       		.uleb128 0x2
 160 0034 02       		.byte	0x2
 161 0035 05       		.byte	0x5
 162 0036 12020000 		.4byte	.LASF2
 163 003a 02       		.uleb128 0x2
 164 003b 02       		.byte	0x2
 165 003c 07       		.byte	0x7
 166 003d 0E000000 		.4byte	.LASF3
 167 0041 03       		.uleb128 0x3
 168 0042 02020000 		.4byte	.LASF9
 169 0046 02       		.byte	0x2
 170 0047 3F       		.byte	0x3f
 171 0048 4C000000 		.4byte	0x4c
 172 004c 02       		.uleb128 0x2
 173 004d 04       		.byte	0x4
 174 004e 05       		.byte	0x5
 175 004f E7000000 		.4byte	.LASF4
 176 0053 02       		.uleb128 0x2
 177 0054 04       		.byte	0x4
 178 0055 07       		.byte	0x7
 179 0056 4E000000 		.4byte	.LASF5
 180 005a 02       		.uleb128 0x2
 181 005b 08       		.byte	0x8
 182 005c 05       		.byte	0x5
 183 005d 00000000 		.4byte	.LASF6
 184 0061 02       		.uleb128 0x2
 185 0062 08       		.byte	0x8
ARM GAS  C:\Users\acer\AppData\Local\Temp\ccwO7YLr.s 			page 5


 186 0063 07       		.byte	0x7
 187 0064 60000000 		.4byte	.LASF7
 188 0068 04       		.uleb128 0x4
 189 0069 04       		.byte	0x4
 190 006a 05       		.byte	0x5
 191 006b 696E7400 		.ascii	"int\000"
 192 006f 02       		.uleb128 0x2
 193 0070 04       		.byte	0x4
 194 0071 07       		.byte	0x7
 195 0072 21000000 		.4byte	.LASF8
 196 0076 03       		.uleb128 0x3
 197 0077 1C020000 		.4byte	.LASF10
 198 007b 03       		.byte	0x3
 199 007c 2C       		.byte	0x2c
 200 007d 41000000 		.4byte	0x41
 201 0081 03       		.uleb128 0x3
 202 0082 48000000 		.4byte	.LASF11
 203 0086 04       		.byte	0x4
 204 0087 A1       		.byte	0xa1
 205 0088 2C000000 		.4byte	0x2c
 206 008c 02       		.uleb128 0x2
 207 008d 04       		.byte	0x4
 208 008e 04       		.byte	0x4
 209 008f 0C020000 		.4byte	.LASF12
 210 0093 02       		.uleb128 0x2
 211 0094 08       		.byte	0x8
 212 0095 04       		.byte	0x4
 213 0096 E0000000 		.4byte	.LASF13
 214 009a 03       		.uleb128 0x3
 215 009b 88000000 		.4byte	.LASF14
 216 009f 04       		.byte	0x4
 217 00a0 B2       		.byte	0xb2
 218 00a1 A5000000 		.4byte	0xa5
 219 00a5 02       		.uleb128 0x2
 220 00a6 01       		.byte	0x1
 221 00a7 08       		.byte	0x8
 222 00a8 C4000000 		.4byte	.LASF15
 223 00ac 02       		.uleb128 0x2
 224 00ad 04       		.byte	0x4
 225 00ae 07       		.byte	0x7
 226 00af 24020000 		.4byte	.LASF16
 227 00b3 05       		.uleb128 0x5
 228 00b4 04       		.byte	0x4
 229 00b5 B9000000 		.4byte	0xb9
 230 00b9 06       		.uleb128 0x6
 231 00ba A5000000 		.4byte	0xa5
 232 00be 07       		.uleb128 0x7
 233 00bf 36000000 		.4byte	.LASF17
 234 00c3 01       		.byte	0x1
 235 00c4 10       		.byte	0x10
 236 00c5 00000000 		.4byte	.LFB56
 237 00c9 34000000 		.4byte	.LFE56-.LFB56
 238 00cd 01       		.uleb128 0x1
 239 00ce 9C       		.byte	0x9c
 240 00cf EE000000 		.4byte	0xee
 241 00d3 08       		.uleb128 0x8
 242 00d4 9A000000 		.4byte	.LASF19
ARM GAS  C:\Users\acer\AppData\Local\Temp\ccwO7YLr.s 			page 6


 243 00d8 01       		.byte	0x1
 244 00d9 12       		.byte	0x12
 245 00da 81000000 		.4byte	0x81
 246 00de 05       		.uleb128 0x5
 247 00df 03       		.byte	0x3
 248 00e0 01000000 		.4byte	CommandNum.5840
 249 00e4 09       		.uleb128 0x9
 250 00e5 16000000 		.4byte	.LVL0
 251 00e9 54010000 		.4byte	0x154
 252 00ed 00       		.byte	0
 253 00ee 07       		.uleb128 0x7
 254 00ef A5000000 		.4byte	.LASF18
 255 00f3 01       		.byte	0x1
 256 00f4 21       		.byte	0x21
 257 00f5 00000000 		.4byte	.LFB57
 258 00f9 10000000 		.4byte	.LFE57-.LFB57
 259 00fd 01       		.uleb128 0x1
 260 00fe 9C       		.byte	0x9c
 261 00ff 11010000 		.4byte	0x111
 262 0103 0A       		.uleb128 0xa
 263 0104 2E000000 		.4byte	.LASF26
 264 0108 01       		.byte	0x1
 265 0109 21       		.byte	0x21
 266 010a 81000000 		.4byte	0x81
 267 010e 01       		.uleb128 0x1
 268 010f 50       		.byte	0x50
 269 0110 00       		.byte	0
 270 0111 08       		.uleb128 0x8
 271 0112 2D020000 		.4byte	.LASF20
 272 0116 01       		.byte	0x1
 273 0117 0F       		.byte	0xf
 274 0118 81000000 		.4byte	0x81
 275 011c 05       		.uleb128 0x5
 276 011d 03       		.byte	0x3
 277 011e 00000000 		.4byte	stBtModule
 278 0122 0B       		.uleb128 0xb
 279 0123 67010000 		.4byte	.LASF21
 280 0127 05       		.byte	0x5
 281 0128 1606     		.2byte	0x616
 282 012a 2E010000 		.4byte	0x12e
 283 012e 0C       		.uleb128 0xc
 284 012f 76000000 		.4byte	0x76
 285 0133 0D       		.uleb128 0xd
 286 0134 B3000000 		.4byte	0xb3
 287 0138 43010000 		.4byte	0x143
 288 013c 0E       		.uleb128 0xe
 289 013d AC000000 		.4byte	0xac
 290 0141 03       		.byte	0x3
 291 0142 00       		.byte	0
 292 0143 0F       		.uleb128 0xf
 293 0144 D7000000 		.4byte	.LASF22
 294 0148 06       		.byte	0x6
 295 0149 15       		.byte	0x15
 296 014a 33010000 		.4byte	0x133
 297 014e 05       		.uleb128 0x5
 298 014f 03       		.byte	0x3
 299 0150 00000000 		.4byte	BtIniCmd
ARM GAS  C:\Users\acer\AppData\Local\Temp\ccwO7YLr.s 			page 7


 300 0154 10       		.uleb128 0x10
 301 0155 77000000 		.4byte	.LASF27
 302 0159 07       		.byte	0x7
 303 015a A0       		.byte	0xa0
 304 015b 65010000 		.4byte	0x165
 305 015f 11       		.uleb128 0x11
 306 0160 65010000 		.4byte	0x165
 307 0164 00       		.byte	0
 308 0165 05       		.uleb128 0x5
 309 0166 04       		.byte	0x4
 310 0167 6B010000 		.4byte	0x16b
 311 016b 06       		.uleb128 0x6
 312 016c 9A000000 		.4byte	0x9a
 313 0170 00       		.byte	0
 314              		.section	.debug_abbrev,"",%progbits
 315              	.Ldebug_abbrev0:
 316 0000 01       		.uleb128 0x1
 317 0001 11       		.uleb128 0x11
 318 0002 01       		.byte	0x1
 319 0003 25       		.uleb128 0x25
 320 0004 0E       		.uleb128 0xe
 321 0005 13       		.uleb128 0x13
 322 0006 0B       		.uleb128 0xb
 323 0007 03       		.uleb128 0x3
 324 0008 0E       		.uleb128 0xe
 325 0009 1B       		.uleb128 0x1b
 326 000a 0E       		.uleb128 0xe
 327 000b 55       		.uleb128 0x55
 328 000c 17       		.uleb128 0x17
 329 000d 11       		.uleb128 0x11
 330 000e 01       		.uleb128 0x1
 331 000f 10       		.uleb128 0x10
 332 0010 17       		.uleb128 0x17
 333 0011 00       		.byte	0
 334 0012 00       		.byte	0
 335 0013 02       		.uleb128 0x2
 336 0014 24       		.uleb128 0x24
 337 0015 00       		.byte	0
 338 0016 0B       		.uleb128 0xb
 339 0017 0B       		.uleb128 0xb
 340 0018 3E       		.uleb128 0x3e
 341 0019 0B       		.uleb128 0xb
 342 001a 03       		.uleb128 0x3
 343 001b 0E       		.uleb128 0xe
 344 001c 00       		.byte	0
 345 001d 00       		.byte	0
 346 001e 03       		.uleb128 0x3
 347 001f 16       		.uleb128 0x16
 348 0020 00       		.byte	0
 349 0021 03       		.uleb128 0x3
 350 0022 0E       		.uleb128 0xe
 351 0023 3A       		.uleb128 0x3a
 352 0024 0B       		.uleb128 0xb
 353 0025 3B       		.uleb128 0x3b
 354 0026 0B       		.uleb128 0xb
 355 0027 49       		.uleb128 0x49
 356 0028 13       		.uleb128 0x13
ARM GAS  C:\Users\acer\AppData\Local\Temp\ccwO7YLr.s 			page 8


 357 0029 00       		.byte	0
 358 002a 00       		.byte	0
 359 002b 04       		.uleb128 0x4
 360 002c 24       		.uleb128 0x24
 361 002d 00       		.byte	0
 362 002e 0B       		.uleb128 0xb
 363 002f 0B       		.uleb128 0xb
 364 0030 3E       		.uleb128 0x3e
 365 0031 0B       		.uleb128 0xb
 366 0032 03       		.uleb128 0x3
 367 0033 08       		.uleb128 0x8
 368 0034 00       		.byte	0
 369 0035 00       		.byte	0
 370 0036 05       		.uleb128 0x5
 371 0037 0F       		.uleb128 0xf
 372 0038 00       		.byte	0
 373 0039 0B       		.uleb128 0xb
 374 003a 0B       		.uleb128 0xb
 375 003b 49       		.uleb128 0x49
 376 003c 13       		.uleb128 0x13
 377 003d 00       		.byte	0
 378 003e 00       		.byte	0
 379 003f 06       		.uleb128 0x6
 380 0040 26       		.uleb128 0x26
 381 0041 00       		.byte	0
 382 0042 49       		.uleb128 0x49
 383 0043 13       		.uleb128 0x13
 384 0044 00       		.byte	0
 385 0045 00       		.byte	0
 386 0046 07       		.uleb128 0x7
 387 0047 2E       		.uleb128 0x2e
 388 0048 01       		.byte	0x1
 389 0049 3F       		.uleb128 0x3f
 390 004a 19       		.uleb128 0x19
 391 004b 03       		.uleb128 0x3
 392 004c 0E       		.uleb128 0xe
 393 004d 3A       		.uleb128 0x3a
 394 004e 0B       		.uleb128 0xb
 395 004f 3B       		.uleb128 0x3b
 396 0050 0B       		.uleb128 0xb
 397 0051 27       		.uleb128 0x27
 398 0052 19       		.uleb128 0x19
 399 0053 11       		.uleb128 0x11
 400 0054 01       		.uleb128 0x1
 401 0055 12       		.uleb128 0x12
 402 0056 06       		.uleb128 0x6
 403 0057 40       		.uleb128 0x40
 404 0058 18       		.uleb128 0x18
 405 0059 9742     		.uleb128 0x2117
 406 005b 19       		.uleb128 0x19
 407 005c 01       		.uleb128 0x1
 408 005d 13       		.uleb128 0x13
 409 005e 00       		.byte	0
 410 005f 00       		.byte	0
 411 0060 08       		.uleb128 0x8
 412 0061 34       		.uleb128 0x34
 413 0062 00       		.byte	0
ARM GAS  C:\Users\acer\AppData\Local\Temp\ccwO7YLr.s 			page 9


 414 0063 03       		.uleb128 0x3
 415 0064 0E       		.uleb128 0xe
 416 0065 3A       		.uleb128 0x3a
 417 0066 0B       		.uleb128 0xb
 418 0067 3B       		.uleb128 0x3b
 419 0068 0B       		.uleb128 0xb
 420 0069 49       		.uleb128 0x49
 421 006a 13       		.uleb128 0x13
 422 006b 02       		.uleb128 0x2
 423 006c 18       		.uleb128 0x18
 424 006d 00       		.byte	0
 425 006e 00       		.byte	0
 426 006f 09       		.uleb128 0x9
 427 0070 898201   		.uleb128 0x4109
 428 0073 00       		.byte	0
 429 0074 11       		.uleb128 0x11
 430 0075 01       		.uleb128 0x1
 431 0076 31       		.uleb128 0x31
 432 0077 13       		.uleb128 0x13
 433 0078 00       		.byte	0
 434 0079 00       		.byte	0
 435 007a 0A       		.uleb128 0xa
 436 007b 05       		.uleb128 0x5
 437 007c 00       		.byte	0
 438 007d 03       		.uleb128 0x3
 439 007e 0E       		.uleb128 0xe
 440 007f 3A       		.uleb128 0x3a
 441 0080 0B       		.uleb128 0xb
 442 0081 3B       		.uleb128 0x3b
 443 0082 0B       		.uleb128 0xb
 444 0083 49       		.uleb128 0x49
 445 0084 13       		.uleb128 0x13
 446 0085 02       		.uleb128 0x2
 447 0086 18       		.uleb128 0x18
 448 0087 00       		.byte	0
 449 0088 00       		.byte	0
 450 0089 0B       		.uleb128 0xb
 451 008a 34       		.uleb128 0x34
 452 008b 00       		.byte	0
 453 008c 03       		.uleb128 0x3
 454 008d 0E       		.uleb128 0xe
 455 008e 3A       		.uleb128 0x3a
 456 008f 0B       		.uleb128 0xb
 457 0090 3B       		.uleb128 0x3b
 458 0091 05       		.uleb128 0x5
 459 0092 49       		.uleb128 0x49
 460 0093 13       		.uleb128 0x13
 461 0094 3F       		.uleb128 0x3f
 462 0095 19       		.uleb128 0x19
 463 0096 3C       		.uleb128 0x3c
 464 0097 19       		.uleb128 0x19
 465 0098 00       		.byte	0
 466 0099 00       		.byte	0
 467 009a 0C       		.uleb128 0xc
 468 009b 35       		.uleb128 0x35
 469 009c 00       		.byte	0
 470 009d 49       		.uleb128 0x49
ARM GAS  C:\Users\acer\AppData\Local\Temp\ccwO7YLr.s 			page 10


 471 009e 13       		.uleb128 0x13
 472 009f 00       		.byte	0
 473 00a0 00       		.byte	0
 474 00a1 0D       		.uleb128 0xd
 475 00a2 01       		.uleb128 0x1
 476 00a3 01       		.byte	0x1
 477 00a4 49       		.uleb128 0x49
 478 00a5 13       		.uleb128 0x13
 479 00a6 01       		.uleb128 0x1
 480 00a7 13       		.uleb128 0x13
 481 00a8 00       		.byte	0
 482 00a9 00       		.byte	0
 483 00aa 0E       		.uleb128 0xe
 484 00ab 21       		.uleb128 0x21
 485 00ac 00       		.byte	0
 486 00ad 49       		.uleb128 0x49
 487 00ae 13       		.uleb128 0x13
 488 00af 2F       		.uleb128 0x2f
 489 00b0 0B       		.uleb128 0xb
 490 00b1 00       		.byte	0
 491 00b2 00       		.byte	0
 492 00b3 0F       		.uleb128 0xf
 493 00b4 34       		.uleb128 0x34
 494 00b5 00       		.byte	0
 495 00b6 03       		.uleb128 0x3
 496 00b7 0E       		.uleb128 0xe
 497 00b8 3A       		.uleb128 0x3a
 498 00b9 0B       		.uleb128 0xb
 499 00ba 3B       		.uleb128 0x3b
 500 00bb 0B       		.uleb128 0xb
 501 00bc 49       		.uleb128 0x49
 502 00bd 13       		.uleb128 0x13
 503 00be 3F       		.uleb128 0x3f
 504 00bf 19       		.uleb128 0x19
 505 00c0 02       		.uleb128 0x2
 506 00c1 18       		.uleb128 0x18
 507 00c2 00       		.byte	0
 508 00c3 00       		.byte	0
 509 00c4 10       		.uleb128 0x10
 510 00c5 2E       		.uleb128 0x2e
 511 00c6 01       		.byte	0x1
 512 00c7 3F       		.uleb128 0x3f
 513 00c8 19       		.uleb128 0x19
 514 00c9 03       		.uleb128 0x3
 515 00ca 0E       		.uleb128 0xe
 516 00cb 3A       		.uleb128 0x3a
 517 00cc 0B       		.uleb128 0xb
 518 00cd 3B       		.uleb128 0x3b
 519 00ce 0B       		.uleb128 0xb
 520 00cf 27       		.uleb128 0x27
 521 00d0 19       		.uleb128 0x19
 522 00d1 3C       		.uleb128 0x3c
 523 00d2 19       		.uleb128 0x19
 524 00d3 01       		.uleb128 0x1
 525 00d4 13       		.uleb128 0x13
 526 00d5 00       		.byte	0
 527 00d6 00       		.byte	0
ARM GAS  C:\Users\acer\AppData\Local\Temp\ccwO7YLr.s 			page 11


 528 00d7 11       		.uleb128 0x11
 529 00d8 05       		.uleb128 0x5
 530 00d9 00       		.byte	0
 531 00da 49       		.uleb128 0x49
 532 00db 13       		.uleb128 0x13
 533 00dc 00       		.byte	0
 534 00dd 00       		.byte	0
 535 00de 00       		.byte	0
 536              		.section	.debug_aranges,"",%progbits
 537 0000 24000000 		.4byte	0x24
 538 0004 0200     		.2byte	0x2
 539 0006 00000000 		.4byte	.Ldebug_info0
 540 000a 04       		.byte	0x4
 541 000b 00       		.byte	0
 542 000c 0000     		.2byte	0
 543 000e 0000     		.2byte	0
 544 0010 00000000 		.4byte	.LFB56
 545 0014 34000000 		.4byte	.LFE56-.LFB56
 546 0018 00000000 		.4byte	.LFB57
 547 001c 10000000 		.4byte	.LFE57-.LFB57
 548 0020 00000000 		.4byte	0
 549 0024 00000000 		.4byte	0
 550              		.section	.debug_ranges,"",%progbits
 551              	.Ldebug_ranges0:
 552 0000 00000000 		.4byte	.LFB56
 553 0004 34000000 		.4byte	.LFE56
 554 0008 00000000 		.4byte	.LFB57
 555 000c 10000000 		.4byte	.LFE57
 556 0010 00000000 		.4byte	0
 557 0014 00000000 		.4byte	0
 558              		.section	.debug_line,"",%progbits
 559              	.Ldebug_line0:
 560 0000 8B010000 		.section	.debug_str,"MS",%progbits,1
 560      02005F01 
 560      00000201 
 560      FB0E0D00 
 560      01010101 
 561              	.LASF6:
 562 0000 6C6F6E67 		.ascii	"long long int\000"
 562      206C6F6E 
 562      6720696E 
 562      7400
 563              	.LASF3:
 564 000e 73686F72 		.ascii	"short unsigned int\000"
 564      7420756E 
 564      7369676E 
 564      65642069 
 564      6E7400
 565              	.LASF8:
 566 0021 756E7369 		.ascii	"unsigned int\000"
 566      676E6564 
 566      20696E74 
 566      00
 567              	.LASF26:
 568 002e 436F6D6D 		.ascii	"Command\000"
 568      616E6400 
 569              	.LASF17:
ARM GAS  C:\Users\acer\AppData\Local\Temp\ccwO7YLr.s 			page 12


 570 0036 62745F6D 		.ascii	"bt_module_manager\000"
 570      6F64756C 
 570      655F6D61 
 570      6E616765 
 570      7200
 571              	.LASF11:
 572 0048 75696E74 		.ascii	"uint8\000"
 572      3800
 573              	.LASF5:
 574 004e 6C6F6E67 		.ascii	"long unsigned int\000"
 574      20756E73 
 574      69676E65 
 574      6420696E 
 574      7400
 575              	.LASF7:
 576 0060 6C6F6E67 		.ascii	"long long unsigned int\000"
 576      206C6F6E 
 576      6720756E 
 576      7369676E 
 576      65642069 
 577              	.LASF27:
 578 0077 55415254 		.ascii	"UART_1_PutString\000"
 578      5F315F50 
 578      75745374 
 578      72696E67 
 578      00
 579              	.LASF14:
 580 0088 63686172 		.ascii	"char8\000"
 580      3800
 581              	.LASF0:
 582 008e 7369676E 		.ascii	"signed char\000"
 582      65642063 
 582      68617200 
 583              	.LASF19:
 584 009a 436F6D6D 		.ascii	"CommandNum\000"
 584      616E644E 
 584      756D00
 585              	.LASF18:
 586 00a5 62745F6D 		.ascii	"bt_module_config\000"
 586      6F64756C 
 586      655F636F 
 586      6E666967 
 586      00
 587              	.LASF1:
 588 00b6 756E7369 		.ascii	"unsigned char\000"
 588      676E6564 
 588      20636861 
 588      7200
 589              	.LASF15:
 590 00c4 63686172 		.ascii	"char\000"
 590      00
 591              	.LASF24:
 592 00c9 2E5C6274 		.ascii	".\\bt_module.c\000"
 592      5F6D6F64 
 592      756C652E 
 592      6300
 593              	.LASF22:
ARM GAS  C:\Users\acer\AppData\Local\Temp\ccwO7YLr.s 			page 13


 594 00d7 4274496E 		.ascii	"BtIniCmd\000"
 594      69436D64 
 594      00
 595              	.LASF13:
 596 00e0 646F7562 		.ascii	"double\000"
 596      6C6500
 597              	.LASF4:
 598 00e7 6C6F6E67 		.ascii	"long int\000"
 598      20696E74 
 598      00
 599              	.LASF25:
 600 00f0 443A5C53 		.ascii	"D:\\START_UP\\COMPANY_STARTUP\\3_platform_based_dev"
 600      54415254 
 600      5F55505C 
 600      434F4D50 
 600      414E595F 
 601 0120 656C6F70 		.ascii	"elopments\\PSOC_PROJECTS\\platform\\platform\\Psoc_"
 601      6D656E74 
 601      735C5053 
 601      4F435F50 
 601      524F4A45 
 602 014f 506C6174 		.ascii	"Platform\\Design02.cydsn\000"
 602      666F726D 
 602      5C446573 
 602      69676E30 
 602      322E6379 
 603              	.LASF21:
 604 0167 49544D5F 		.ascii	"ITM_RxBuffer\000"
 604      52784275 
 604      66666572 
 604      00
 605              	.LASF23:
 606 0174 474E5520 		.ascii	"GNU C 4.9.3 20150303 (release) [ARM/embedded-4_9-br"
 606      4320342E 
 606      392E3320 
 606      32303135 
 606      30333033 
 607 01a7 616E6368 		.ascii	"anch revision 221220] -mcpu=cortex-m3 -mthumb -g -O"
 607      20726576 
 607      6973696F 
 607      6E203232 
 607      31323230 
 608 01da 73202D66 		.ascii	"s -ffunction-sections -ffat-lto-objects\000"
 608      66756E63 
 608      74696F6E 
 608      2D736563 
 608      74696F6E 
 609              	.LASF9:
 610 0202 5F5F696E 		.ascii	"__int32_t\000"
 610      7433325F 
 610      7400
 611              	.LASF12:
 612 020c 666C6F61 		.ascii	"float\000"
 612      7400
 613              	.LASF2:
 614 0212 73686F72 		.ascii	"short int\000"
 614      7420696E 
ARM GAS  C:\Users\acer\AppData\Local\Temp\ccwO7YLr.s 			page 14


 614      7400
 615              	.LASF10:
 616 021c 696E7433 		.ascii	"int32_t\000"
 616      325F7400 
 617              	.LASF16:
 618 0224 73697A65 		.ascii	"sizetype\000"
 618      74797065 
 618      00
 619              	.LASF20:
 620 022d 73744274 		.ascii	"stBtModule\000"
 620      4D6F6475 
 620      6C6500
 621              		.ident	"GCC: (GNU Tools for ARM Embedded Processors) 4.9.3 20150303 (release) [ARM/embedded-4_9-br
