--------------- Build Started: 09/14/2016 03:55:41 Project: Design02, Configuration: ARM GCC 4.9-2015-q1-update Release ---------------
The code generation step is up to date.
arm-none-eabi-gcc.exe -mcpu=cortex-m3 -mthumb -Wno-main -I. -IGenerated_Source\PSoC5 -Wa,-alh=.\CortexM3\ARM_GCC_493\Release/imu_i2c.lst -g -D NDEBUG -Wall -ffunction-sections -Os -ffat-lto-objects -c .\imu_i2c.c -o .\CortexM3\ARM_GCC_493\Release\imu_i2c.o
.\imu_i2c.c:17:1: error: unknown type name 'MPU9250_TypeDef'
 MPU9250_TypeDef MPU9250_Offset={0};
 ^
.\imu_i2c.c:18:1: error: unknown type name 'MPU9250_TypeDef_Off'
 MPU9250_TypeDef_Off MPU9250_Magn_Offset={0};
 ^
.\imu_i2c.c: In function 'I2C_Mgr':
.\imu_i2c.c:27:14: error: 'WAIT_FOR_TX' undeclared (first use in this function)
         case WAIT_FOR_TX: 
              ^
.\imu_i2c.c:27:14: note: each undeclared identifier is reported only once for each function it appears in
.\imu_i2c.c:28:9: warning: implicit declaration of function 'I2C_MasterStatus' [-Wimplicit-function-declaration]
         if(0u != (I2C_MasterStatus() & I2C_MSTAT_WR_CMPLT))
         ^
.\imu_i2c.c:28:40: error: 'I2C_MSTAT_WR_CMPLT' undeclared (first use in this function)
         if(0u != (I2C_MasterStatus() & I2C_MSTAT_WR_CMPLT))
                                        ^
.\imu_i2c.c:30:19: error: 'IDLE' undeclared (first use in this function)
          stI2CMgr=IDLE;
                   ^
.\imu_i2c.c:36:27: error: 'MAX_WR_WAIT' undeclared (first use in this function)
            if(i2c_timeout>MAX_WR_WAIT)
                           ^
.\imu_i2c.c:42:14: error: 'WAIT_FOR_RX' undeclared (first use in this function)
         case WAIT_FOR_RX:
              ^
.\imu_i2c.c:43:40: error: 'I2C_MSTAT_RD_CMPLT' undeclared (first use in this function)
         if(0u != (I2C_MasterStatus() & I2C_MSTAT_RD_CMPLT))
                                        ^
.\imu_i2c.c:51:27: error: 'MAX_RD_WAIT' undeclared (first use in this function)
            if(i2c_timeout>MAX_RD_WAIT)
                           ^
.\imu_i2c.c: At top level:
.\imu_i2c.c:62:34: error: expected declaration specifiers or '...' before '(' token
 void I2C_WRITE(uint8 SaveAdress, (uint8 *) wrData, uint8 Data_length) // sends bytes to slave
                                  ^
.\imu_i2c.c:71:33: error: expected declaration specifiers or '...' before '(' token
 void I2C_READ(uint8 SaveAdress, (uint8 *) rdData, uint8 Data_length) // sends bytes to slave
                                 ^
.\imu_i2c.c:76:86: error: invalid suffix "C_MODE_COMPLETE_XFER" on integer constant
       uint8 I2C_MasterReadBuf(uint8 slaveAddress, uint8 * rdData, uint8 Data_length, 2C_MODE_COMPLETE_XFER);
                                                                                      ^
.\imu_i2c.c: In function 'MPU9250_Init':
.\imu_i2c.c:84:5: warning: implicit declaration of function 'I2C_WriteOneByte' [-Wimplicit-function-declaration]
     I2C_WriteOneByte(GYRO_ADDRESS,PWR_MGMT_1, 0x00);  // slave address , reg address , data
     ^
.\imu_i2c.c:84:22: error: 'GYRO_ADDRESS' undeclared (first use in this function)
     I2C_WriteOneByte(GYRO_ADDRESS,PWR_MGMT_1, 0x00);  // slave address , reg address , data
                      ^
.\imu_i2c.c:84:35: error: 'PWR_MGMT_1' undeclared (first use in this function)
     I2C_WriteOneByte(GYRO_ADDRESS,PWR_MGMT_1, 0x00);  // slave address , reg address , data
                                   ^
.\imu_i2c.c:85:32: error: 'SMPLRT_DIV' undeclared (first use in this function)
  I2C_WriteOneByte(GYRO_ADDRESS,SMPLRT_DIV, 0x07);
                                ^
.\imu_i2c.c:86:32: error: 'CONFIG' undeclared (first use in this function)
  I2C_WriteOneByte(GYRO_ADDRESS,CONFIG, 0x06);
                                ^
.\imu_i2c.c:87:32: error: 'GYRO_CONFIG' undeclared (first use in this function)
  I2C_WriteOneByte(GYRO_ADDRESS,GYRO_CONFIG, 0x10);
                                ^
.\imu_i2c.c:88:32: error: 'ACCEL_CONFIG' undeclared (first use in this function)
  I2C_WriteOneByte(GYRO_ADDRESS,ACCEL_CONFIG, 0x01);
                                ^
.\imu_i2c.c:90:5: warning: implicit declaration of function 'MPU9250_InitGyrOffset' [-Wimplicit-function-declaration]
     MPU9250_InitGyrOffset();
     ^
.\imu_i2c.c: At top level:
.\imu_i2c.c:98:6: warning: conflicting types for 'MPU9250_InitGyrOffset'
 void MPU9250_InitGyrOffset(void)
      ^
.\imu_i2c.c:90:5: note: previous implicit declaration of 'MPU9250_InitGyrOffset' was here
     MPU9250_InitGyrOffset();
     ^
.\imu_i2c.c: In function 'MPU9250_InitGyrOffset':
.\imu_i2c.c:107:3: warning: implicit declaration of function 'MPU9250_READ_GYRO' [-Wimplicit-function-declaration]
   MPU9250_READ_GYRO();
   ^
.\imu_i2c.c:113:3: warning: implicit declaration of function 'Delay_us' [-Wimplicit-function-declaration]
   Delay_us(100);
   ^
.\imu_i2c.c:116:16: error: request for member 'X' in something not a structure or union
  MPU9250_Offset.X = TempGx >> 5;
                ^
.\imu_i2c.c:117:16: error: request for member 'Y' in something not a structure or union
  MPU9250_Offset.Y = TempGy >> 5;
                ^
.\imu_i2c.c:118:16: error: request for member 'Z' in something not a structure or union
  MPU9250_Offset.Z = TempGz >> 5;
                ^
.\imu_i2c.c: At top level:
.\imu_i2c.c:128:1: error: unknown type name 'bool'
 bool MPU9250_Check(void) 
 ^
.\imu_i2c.c: In function 'MPU9250_Check':
.\imu_i2c.c:130:8: error: 'WHO_AM_I_VAL' undeclared (first use in this function)
     if(WHO_AM_I_VAL == I2C_ReadOneByte(DEFAULT_ADDRESS, WHO_AM_I))  
        ^
.\imu_i2c.c:130:5: warning: implicit declaration of function 'I2C_ReadOneByte' [-Wimplicit-function-declaration]
     if(WHO_AM_I_VAL == I2C_ReadOneByte(DEFAULT_ADDRESS, WHO_AM_I))  
     ^
.\imu_i2c.c:130:40: error: 'DEFAULT_ADDRESS' undeclared (first use in this function)
     if(WHO_AM_I_VAL == I2C_ReadOneByte(DEFAULT_ADDRESS, WHO_AM_I))  
                                        ^
.\imu_i2c.c:130:57: error: 'WHO_AM_I' undeclared (first use in this function)
     if(WHO_AM_I_VAL == I2C_ReadOneByte(DEFAULT_ADDRESS, WHO_AM_I))  
                                                         ^
.\imu_i2c.c:132:13: error: 'true' undeclared (first use in this function)
      return true;
             ^
.\imu_i2c.c:136:13: error: 'false' undeclared (first use in this function)
      return false;
             ^
.\imu_i2c.c: At top level:
.\imu_i2c.c:145:6: warning: conflicting types for 'MPU9250_READ_GYRO'
 void MPU9250_READ_GYRO(void)
      ^
.\imu_i2c.c:107:3: note: previous implicit declaration of 'MPU9250_READ_GYRO' was here
   MPU9250_READ_GYRO();
   ^
.\imu_i2c.c: In function 'MPU9250_READ_GYRO':
.\imu_i2c.c:150:10: error: unknown type name 'MPU9250_AvgTypeDef'
   static MPU9250_AvgTypeDef MPU9250_Filter[3];
          ^
.\imu_i2c.c:152:27: error: 'GYRO_ADDRESS' undeclared (first use in this function)
    BUF[0]=I2C_ReadOneByte(GYRO_ADDRESS,GYRO_XOUT_L); 
                           ^
.\imu_i2c.c:152:40: error: 'GYRO_XOUT_L' undeclared (first use in this function)
    BUF[0]=I2C_ReadOneByte(GYRO_ADDRESS,GYRO_XOUT_L); 
                                        ^
.\imu_i2c.c:153:40: error: 'GYRO_XOUT_H' undeclared (first use in this function)
    BUF[1]=I2C_ReadOneByte(GYRO_ADDRESS,GYRO_XOUT_H);
                                        ^
.\imu_i2c.c:156:40: error: 'GYRO_YOUT_L' undeclared (first use in this function)
    BUF[2]=I2C_ReadOneByte(GYRO_ADDRESS,GYRO_YOUT_L);
                                        ^
.\imu_i2c.c:157:40: error: 'GYRO_YOUT_H' undeclared (first use in this function)
    BUF[3]=I2C_ReadOneByte(GYRO_ADDRESS,GYRO_YOUT_H);
                                        ^
.\imu_i2c.c:160:40: error: 'GYRO_ZOUT_L' undeclared (first use in this function)
    BUF[4]=I2C_ReadOneByte(GYRO_ADDRESS,GYRO_ZOUT_L);
                                        ^
.\imu_i2c.c:161:40: error: 'GYRO_ZOUT_H' undeclared (first use in this function)
    BUF[5]=I2C_ReadOneByte(GYRO_ADDRESS,GYRO_ZOUT_H);
                                        ^
.\imu_i2c.c:166:7: warning: implicit declaration of function 'MPU9250_CalAvgValue' [-Wimplicit-function-declaration]
       MPU9250_CalAvgValue(&MPU9250_Filter[i].Index, MPU9250_Filter[i].AvgBuffer, InBuffer[i], OutBuffer + i);
       ^
.\imu_i2c.c:166:45: error: request for member 'Index' in something not a structure or union
       MPU9250_CalAvgValue(&MPU9250_Filter[i].Index, MPU9250_Filter[i].AvgBuffer, InBuffer[i], OutBuffer + i);
                                             ^
.\imu_i2c.c:166:70: error: request for member 'AvgBuffer' in something not a structure or union
       MPU9250_CalAvgValue(&MPU9250_Filter[i].Index, MPU9250_Filter[i].AvgBuffer, InBuffer[i], OutBuffer + i);
                                                                      ^
.\imu_i2c.c:168:47: error: request for member 'X' in something not a structure or union
    gyro[0] = *(OutBuffer + 0) - MPU9250_Offset.X;
                                               ^
.\imu_i2c.c:169:47: error: request for member 'Y' in something not a structure or union
    gyro[1] = *(OutBuffer + 1) - MPU9250_Offset.Y;
                                               ^
.\imu_i2c.c:170:47: error: request for member 'Z' in something not a structure or union
    gyro[2] = *(OutBuffer + 2) - MPU9250_Offset.Z;
                                               ^
.\imu_i2c.c:150:29: warning: variable 'MPU9250_Filter' set but not used [-Wunused-but-set-variable]
   static MPU9250_AvgTypeDef MPU9250_Filter[3];
                             ^
.\imu_i2c.c: In function 'MPU9250_READ_MAG':
.\imu_i2c.c:182:10: error: unknown type name 'MPU9250_AvgTypeDef'
   static MPU9250_AvgTypeDef MPU9250_Filter[3];
          ^
.\imu_i2c.c:184:22: error: 'GYRO_ADDRESS' undeclared (first use in this function)
     I2C_WriteOneByte(GYRO_ADDRESS,0x37,0x02);//turn on Bypass Mode 
                      ^
.\imu_i2c.c:185:5: warning: implicit declaration of function 'Delay_ms' [-Wimplicit-function-declaration]
     Delay_ms(10);
     ^
.\imu_i2c.c:186:22: error: 'MAG_ADDRESS' undeclared (first use in this function)
     I2C_WriteOneByte(MAG_ADDRESS,0x0A,0x01); 
                      ^
.\imu_i2c.c:188:41: error: 'MAG_XOUT_L' undeclared (first use in this function)
     BUF[0]=I2C_ReadOneByte (MAG_ADDRESS,MAG_XOUT_L);
                                         ^
.\imu_i2c.c:189:41: error: 'MAG_XOUT_H' undeclared (first use in this function)
     BUF[1]=I2C_ReadOneByte (MAG_ADDRESS,MAG_XOUT_H);
                                         ^
.\imu_i2c.c:192:40: error: 'MAG_YOUT_L' undeclared (first use in this function)
     BUF[2]=I2C_ReadOneByte(MAG_ADDRESS,MAG_YOUT_L);
                                        ^
.\imu_i2c.c:193:40: error: 'MAG_YOUT_H' undeclared (first use in this function)
     BUF[3]=I2C_ReadOneByte(MAG_ADDRESS,MAG_YOUT_H);
                                        ^
.\imu_i2c.c:196:40: error: 'MAG_ZOUT_L' undeclared (first use in this function)
     BUF[4]=I2C_ReadOneByte(MAG_ADDRESS,MAG_ZOUT_L);
                                        ^
.\imu_i2c.c:197:40: error: 'MAG_ZOUT_H' undeclared (first use in this function)
     BUF[5]=I2C_ReadOneByte(MAG_ADDRESS,MAG_ZOUT_H);
                                        ^
.\imu_i2c.c:203:45: error: request for member 'Index' in something not a structure or union
       MPU9250_CalAvgValue(&MPU9250_Filter[i].Index, MPU9250_Filter[i].AvgBuffer, InBuffer[i], OutBuffer + i);
                                             ^
.\imu_i2c.c:203:70: error: request for member 'AvgBuffer' in something not a structure or union
       MPU9250_CalAvgValue(&MPU9250_Filter[i].Index, MPU9250_Filter[i].AvgBuffer, InBuffer[i], OutBuffer + i);
                                                                      ^
.\imu_i2c.c:205:52: error: request for member 'X_Off_Err' in something not a structure or union
      magn[0] = *(OutBuffer + 0)-MPU9250_Magn_Offset.X_Off_Err;
                                                    ^
.\imu_i2c.c:206:50: error: request for member 'Y_Off_Err' in something not a structure or union
    magn[1] = *(OutBuffer + 1)-MPU9250_Magn_Offset.Y_Off_Err;
                                                  ^
.\imu_i2c.c:207:50: error: request for member 'Z_Off_Err' in something not a structure or union
    magn[2] = *(OutBuffer + 2)-MPU9250_Magn_Offset.Z_Off_Err;
                                                  ^
.\imu_i2c.c:182:29: warning: variable 'MPU9250_Filter' set but not used [-Wunused-but-set-variable]
   static MPU9250_AvgTypeDef MPU9250_Filter[3];
                             ^
.\imu_i2c.c: In function 'MPU9250_READ_ACCEL':
.\imu_i2c.c:219:10: error: unknown type name 'MPU9250_AvgTypeDef'
   static MPU9250_AvgTypeDef MPU9250_Filter[3];
          ^
.\imu_i2c.c:221:27: error: 'ACCEL_ADDRESS' undeclared (first use in this function)
    BUF[0]=I2C_ReadOneByte(ACCEL_ADDRESS,ACCEL_XOUT_L); 
                           ^
.\imu_i2c.c:221:41: error: 'ACCEL_XOUT_L' undeclared (first use in this function)
    BUF[0]=I2C_ReadOneByte(ACCEL_ADDRESS,ACCEL_XOUT_L); 
                                         ^
.\imu_i2c.c:222:41: error: 'ACCEL_XOUT_H' undeclared (first use in this function)
    BUF[1]=I2C_ReadOneByte(ACCEL_ADDRESS,ACCEL_XOUT_H);
                                         ^
.\imu_i2c.c:225:41: error: 'ACCEL_YOUT_L' undeclared (first use in this function)
    BUF[2]=I2C_ReadOneByte(ACCEL_ADDRESS,ACCEL_YOUT_L);
                                         ^
.\imu_i2c.c:226:41: error: 'ACCEL_YOUT_H' undeclared (first use in this function)
    BUF[3]=I2C_ReadOneByte(ACCEL_ADDRESS,ACCEL_YOUT_H);
                                         ^
.\imu_i2c.c:229:41: error: 'ACCEL_ZOUT_L' undeclared (first use in this function)
    BUF[4]=I2C_ReadOneByte(ACCEL_ADDRESS,ACCEL_ZOUT_L);
                                         ^
.\imu_i2c.c:230:41: error: 'ACCEL_ZOUT_H' undeclared (first use in this function)
    BUF[5]=I2C_ReadOneByte(ACCEL_ADDRESS,ACCEL_ZOUT_H);
                                         ^
.\imu_i2c.c:235:45: error: request for member 'Index' in something not a structure or union
       MPU9250_CalAvgValue(&MPU9250_Filter[i].Index, MPU9250_Filter[i].AvgBuffer, InBuffer[i], OutBuffer + i);
                                             ^
.\imu_i2c.c:235:70: error: request for member 'AvgBuffer' in something not a structure or union
       MPU9250_CalAvgValue(&MPU9250_Filter[i].Index, MPU9250_Filter[i].AvgBuffer, InBuffer[i], OutBuffer + i);
                                                                      ^
.\imu_i2c.c:219:29: warning: variable 'MPU9250_Filter' set but not used [-Wunused-but-set-variable]
   static MPU9250_AvgTypeDef MPU9250_Filter[3];
                             ^
.\imu_i2c.c: In function 'invSqrt':
.\imu_i2c.c:258:2: warning: dereferencing type-punned pointer will break strict-aliasing rules [-Wstrict-aliasing]
  long i = *(long*)&y;                //get bits for floating value
  ^
.\imu_i2c.c:260:2: warning: dereferencing type-punned pointer will break strict-aliasing rules [-Wstrict-aliasing]
  y = *(float*)&i;                    //convert bits back to float
  ^
.\imu_i2c.c: In function 'IMU_Init':
.\imu_i2c.c:275:2: warning: implicit declaration of function 'BMP180_Init' [-Wimplicit-function-declaration]
  BMP180_Init();
  ^
.\imu_i2c.c: In function 'IMU_AHRSupdate':
.\imu_i2c.c:332:2: warning: implicit declaration of function 'sqrt' [-Wimplicit-function-declaration]
  bx = sqrt((hx * hx) + (hy * hy));
  ^
.\imu_i2c.c:332:7: warning: incompatible implicit declaration of built-in function 'sqrt'
  bx = sqrt((hx * hx) + (hy * hy));
       ^
.\imu_i2c.c: In function 'IMU_GetYawPitchRoll':
.\imu_i2c.c:408:2: warning: implicit declaration of function 'asin' [-Wimplicit-function-declaration]
  Angles[1] = asin(-2 * q1 * q3 + 2 * q0* q2)* 57.3; // pitch
  ^
.\imu_i2c.c:408:14: warning: incompatible implicit declaration of built-in function 'asin'
  Angles[1] = asin(-2 * q1 * q3 + 2 * q0* q2)* 57.3; // pitch
              ^
.\imu_i2c.c:409:2: warning: implicit declaration of function 'atan2' [-Wimplicit-function-declaration]
  Angles[2] = atan2(2 * q2 * q3 + 2 * q0 * q1, -2 * q1 * q1 - 2 * q2* q2 + 1)* 57.3; // roll
  ^
.\imu_i2c.c:409:14: warning: incompatible implicit declaration of built-in function 'atan2'
  Angles[2] = atan2(2 * q2 * q3 + 2 * q0 * q1, -2 * q1 * q1 - 2 * q2* q2 + 1)* 57.3; // roll
              ^
.\imu_i2c.c: At top level:
.\imu_i2c.c:416:5: warning: data definition has no type or storage class
     I2C_MasterClearStatus(); /* Clear any previous status */
     ^
.\imu_i2c.c:416:5: warning: type defaults to 'int' in declaration of 'I2C_MasterClearStatus' [-Wimplicit-int]
.\imu_i2c.c:417:24: error: expected declaration specifiers or '...' before numeric constant
     I2C_MasterWriteBuf(0x08, (uint8 *) wrData, 10, I2C_MODE_COMPLETE_XFER);
                        ^
.\imu_i2c.c:417:30: error: expected declaration specifiers or '...' before '(' token
     I2C_MasterWriteBuf(0x08, (uint8 *) wrData, 10, I2C_MODE_COMPLETE_XFER);
                              ^
.\imu_i2c.c:417:48: error: expected declaration specifiers or '...' before numeric constant
     I2C_MasterWriteBuf(0x08, (uint8 *) wrData, 10, I2C_MODE_COMPLETE_XFER);
                                                ^
.\imu_i2c.c:417:52: error: unknown type name 'I2C_MODE_COMPLETE_XFER'
     I2C_MasterWriteBuf(0x08, (uint8 *) wrData, 10, I2C_MODE_COMPLETE_XFER);
                                                    ^
.\imu_i2c.c:418:5: error: expected identifier or '(' before 'for'
     for(;;)
     ^
.\imu_i2c.c:418:11: error: expected identifier or '(' before ')' token
     for(;;)
           ^
.\imu_i2c.c: In function 'MPU9250_Check':
.\imu_i2c.c:138:1: warning: control reaches end of non-void function [-Wreturn-type]
 }
 ^
The command 'arm-none-eabi-gcc.exe' failed with exit code '1'.
--------------- Build Failed: 09/14/2016 03:55:49 ---------------
