ARM GAS  C:\Users\acer\AppData\Local\Temp\cc8QmrJk.s 			page 1


   1              		.syntax unified
   2              		.cpu cortex-m3
   3              		.fpu softvfp
   4              		.eabi_attribute 20, 1
   5              		.eabi_attribute 21, 1
   6              		.eabi_attribute 23, 3
   7              		.eabi_attribute 24, 1
   8              		.eabi_attribute 25, 1
   9              		.eabi_attribute 26, 1
  10              		.eabi_attribute 30, 4
  11              		.eabi_attribute 34, 1
  12              		.eabi_attribute 18, 4
  13              		.thumb
  14              		.file	"Control_Reg_1.c"
  15              		.text
  16              	.Ltext0:
  17              		.cfi_sections	.debug_frame
  18              		.section	.text.Control_Reg_1_Write,"ax",%progbits
  19              		.align	1
  20              		.global	Control_Reg_1_Write
  21              		.thumb
  22              		.thumb_func
  23              		.type	Control_Reg_1_Write, %function
  24              	Control_Reg_1_Write:
  25              	.LFB0:
  26              		.file 1 ".\\Generated_Source\\PSoC5\\Control_Reg_1.c"
   1:.\Generated_Source\PSoC5/Control_Reg_1.c **** /*******************************************************************************
   2:.\Generated_Source\PSoC5/Control_Reg_1.c **** * File Name: Control_Reg_1.c  
   3:.\Generated_Source\PSoC5/Control_Reg_1.c **** * Version 1.80
   4:.\Generated_Source\PSoC5/Control_Reg_1.c **** *
   5:.\Generated_Source\PSoC5/Control_Reg_1.c **** * Description:
   6:.\Generated_Source\PSoC5/Control_Reg_1.c **** *  This file contains API to enable firmware control of a Control Register.
   7:.\Generated_Source\PSoC5/Control_Reg_1.c **** *
   8:.\Generated_Source\PSoC5/Control_Reg_1.c **** * Note:
   9:.\Generated_Source\PSoC5/Control_Reg_1.c **** *
  10:.\Generated_Source\PSoC5/Control_Reg_1.c **** ********************************************************************************
  11:.\Generated_Source\PSoC5/Control_Reg_1.c **** * Copyright 2008-2015, Cypress Semiconductor Corporation.  All rights reserved.
  12:.\Generated_Source\PSoC5/Control_Reg_1.c **** * You may use this file only in accordance with the license, terms, conditions, 
  13:.\Generated_Source\PSoC5/Control_Reg_1.c **** * disclaimers, and limitations in the end user license agreement accompanying 
  14:.\Generated_Source\PSoC5/Control_Reg_1.c **** * the software package with which this file was provided.
  15:.\Generated_Source\PSoC5/Control_Reg_1.c **** *******************************************************************************/
  16:.\Generated_Source\PSoC5/Control_Reg_1.c **** 
  17:.\Generated_Source\PSoC5/Control_Reg_1.c **** #include "Control_Reg_1.h"
  18:.\Generated_Source\PSoC5/Control_Reg_1.c **** 
  19:.\Generated_Source\PSoC5/Control_Reg_1.c **** /* Check for removal by optimization */
  20:.\Generated_Source\PSoC5/Control_Reg_1.c **** #if !defined(Control_Reg_1_Sync_ctrl_reg__REMOVED)
  21:.\Generated_Source\PSoC5/Control_Reg_1.c **** 
  22:.\Generated_Source\PSoC5/Control_Reg_1.c ****     
  23:.\Generated_Source\PSoC5/Control_Reg_1.c **** /*******************************************************************************
  24:.\Generated_Source\PSoC5/Control_Reg_1.c **** * Function Name: Control_Reg_1_Write
  25:.\Generated_Source\PSoC5/Control_Reg_1.c **** ********************************************************************************
  26:.\Generated_Source\PSoC5/Control_Reg_1.c **** *
  27:.\Generated_Source\PSoC5/Control_Reg_1.c **** * Summary:
  28:.\Generated_Source\PSoC5/Control_Reg_1.c **** *  Write a byte to the Control Register.
  29:.\Generated_Source\PSoC5/Control_Reg_1.c **** *
  30:.\Generated_Source\PSoC5/Control_Reg_1.c **** * Parameters:
  31:.\Generated_Source\PSoC5/Control_Reg_1.c **** *  control:  The value to be assigned to the Control Register.
ARM GAS  C:\Users\acer\AppData\Local\Temp\cc8QmrJk.s 			page 2


  32:.\Generated_Source\PSoC5/Control_Reg_1.c **** *
  33:.\Generated_Source\PSoC5/Control_Reg_1.c **** * Return:
  34:.\Generated_Source\PSoC5/Control_Reg_1.c **** *  None.
  35:.\Generated_Source\PSoC5/Control_Reg_1.c **** *
  36:.\Generated_Source\PSoC5/Control_Reg_1.c **** *******************************************************************************/
  37:.\Generated_Source\PSoC5/Control_Reg_1.c **** void Control_Reg_1_Write(uint8 control) 
  38:.\Generated_Source\PSoC5/Control_Reg_1.c **** {
  27              		.loc 1 38 0
  28              		.cfi_startproc
  29              		@ args = 0, pretend = 0, frame = 0
  30              		@ frame_needed = 0, uses_anonymous_args = 0
  31              		@ link register save eliminated.
  32              	.LVL0:
  39:.\Generated_Source\PSoC5/Control_Reg_1.c ****     Control_Reg_1_Control = control;
  33              		.loc 1 39 0
  34 0000 014B     		ldr	r3, .L2
  35 0002 1870     		strb	r0, [r3]
  36 0004 7047     		bx	lr
  37              	.L3:
  38 0006 00BF     		.align	2
  39              	.L2:
  40 0008 73640040 		.word	1073767539
  41              		.cfi_endproc
  42              	.LFE0:
  43              		.size	Control_Reg_1_Write, .-Control_Reg_1_Write
  44              		.section	.text.Control_Reg_1_Read,"ax",%progbits
  45              		.align	1
  46              		.global	Control_Reg_1_Read
  47              		.thumb
  48              		.thumb_func
  49              		.type	Control_Reg_1_Read, %function
  50              	Control_Reg_1_Read:
  51              	.LFB1:
  40:.\Generated_Source\PSoC5/Control_Reg_1.c **** }
  41:.\Generated_Source\PSoC5/Control_Reg_1.c **** 
  42:.\Generated_Source\PSoC5/Control_Reg_1.c **** 
  43:.\Generated_Source\PSoC5/Control_Reg_1.c **** /*******************************************************************************
  44:.\Generated_Source\PSoC5/Control_Reg_1.c **** * Function Name: Control_Reg_1_Read
  45:.\Generated_Source\PSoC5/Control_Reg_1.c **** ********************************************************************************
  46:.\Generated_Source\PSoC5/Control_Reg_1.c **** *
  47:.\Generated_Source\PSoC5/Control_Reg_1.c **** * Summary:
  48:.\Generated_Source\PSoC5/Control_Reg_1.c **** *  Reads the current value assigned to the Control Register.
  49:.\Generated_Source\PSoC5/Control_Reg_1.c **** *
  50:.\Generated_Source\PSoC5/Control_Reg_1.c **** * Parameters:
  51:.\Generated_Source\PSoC5/Control_Reg_1.c **** *  None.
  52:.\Generated_Source\PSoC5/Control_Reg_1.c **** *
  53:.\Generated_Source\PSoC5/Control_Reg_1.c **** * Return:
  54:.\Generated_Source\PSoC5/Control_Reg_1.c **** *  Returns the current value in the Control Register.
  55:.\Generated_Source\PSoC5/Control_Reg_1.c **** *
  56:.\Generated_Source\PSoC5/Control_Reg_1.c **** *******************************************************************************/
  57:.\Generated_Source\PSoC5/Control_Reg_1.c **** uint8 Control_Reg_1_Read(void) 
  58:.\Generated_Source\PSoC5/Control_Reg_1.c **** {
  52              		.loc 1 58 0
  53              		.cfi_startproc
  54              		@ args = 0, pretend = 0, frame = 0
  55              		@ frame_needed = 0, uses_anonymous_args = 0
  56              		@ link register save eliminated.
ARM GAS  C:\Users\acer\AppData\Local\Temp\cc8QmrJk.s 			page 3


  59:.\Generated_Source\PSoC5/Control_Reg_1.c ****     return Control_Reg_1_Control;
  57              		.loc 1 59 0
  58 0000 014B     		ldr	r3, .L5
  59 0002 1878     		ldrb	r0, [r3]	@ zero_extendqisi2
  60:.\Generated_Source\PSoC5/Control_Reg_1.c **** }
  60              		.loc 1 60 0
  61 0004 7047     		bx	lr
  62              	.L6:
  63 0006 00BF     		.align	2
  64              	.L5:
  65 0008 73640040 		.word	1073767539
  66              		.cfi_endproc
  67              	.LFE1:
  68              		.size	Control_Reg_1_Read, .-Control_Reg_1_Read
  69              		.text
  70              	.Letext0:
  71              		.file 2 ".\\Generated_Source\\PSoC5\\cytypes.h"
  72              		.section	.debug_info,"",%progbits
  73              	.Ldebug_info0:
  74 0000 D1000000 		.4byte	0xd1
  75 0004 0400     		.2byte	0x4
  76 0006 00000000 		.4byte	.Ldebug_abbrev0
  77 000a 04       		.byte	0x4
  78 000b 01       		.uleb128 0x1
  79 000c 32010000 		.4byte	.LASF14
  80 0010 01       		.byte	0x1
  81 0011 D5010000 		.4byte	.LASF15
  82 0015 9E000000 		.4byte	.LASF16
  83 0019 00000000 		.4byte	.Ldebug_ranges0+0
  84 001d 00000000 		.4byte	0
  85 0021 00000000 		.4byte	.Ldebug_line0
  86 0025 02       		.uleb128 0x2
  87 0026 01       		.byte	0x1
  88 0027 06       		.byte	0x6
  89 0028 C9010000 		.4byte	.LASF0
  90 002c 02       		.uleb128 0x2
  91 002d 01       		.byte	0x1
  92 002e 08       		.byte	0x8
  93 002f 33000000 		.4byte	.LASF1
  94 0033 02       		.uleb128 0x2
  95 0034 02       		.byte	0x2
  96 0035 05       		.byte	0x5
  97 0036 28010000 		.4byte	.LASF2
  98 003a 02       		.uleb128 0x2
  99 003b 02       		.byte	0x2
 100 003c 07       		.byte	0x7
 101 003d 58000000 		.4byte	.LASF3
 102 0041 02       		.uleb128 0x2
 103 0042 04       		.byte	0x4
 104 0043 05       		.byte	0x5
 105 0044 C0010000 		.4byte	.LASF4
 106 0048 02       		.uleb128 0x2
 107 0049 04       		.byte	0x4
 108 004a 07       		.byte	0x7
 109 004b 46000000 		.4byte	.LASF5
 110 004f 02       		.uleb128 0x2
 111 0050 08       		.byte	0x8
ARM GAS  C:\Users\acer\AppData\Local\Temp\cc8QmrJk.s 			page 4


 112 0051 05       		.byte	0x5
 113 0052 15010000 		.4byte	.LASF6
 114 0056 02       		.uleb128 0x2
 115 0057 08       		.byte	0x8
 116 0058 07       		.byte	0x7
 117 0059 87000000 		.4byte	.LASF7
 118 005d 03       		.uleb128 0x3
 119 005e 04       		.byte	0x4
 120 005f 05       		.byte	0x5
 121 0060 696E7400 		.ascii	"int\000"
 122 0064 02       		.uleb128 0x2
 123 0065 04       		.byte	0x4
 124 0066 07       		.byte	0x7
 125 0067 7A000000 		.4byte	.LASF8
 126 006b 04       		.uleb128 0x4
 127 006c 2D000000 		.4byte	.LASF12
 128 0070 02       		.byte	0x2
 129 0071 A1       		.byte	0xa1
 130 0072 2C000000 		.4byte	0x2c
 131 0076 02       		.uleb128 0x2
 132 0077 04       		.byte	0x4
 133 0078 04       		.byte	0x4
 134 0079 27000000 		.4byte	.LASF9
 135 007d 02       		.uleb128 0x2
 136 007e 08       		.byte	0x8
 137 007f 04       		.byte	0x4
 138 0080 73000000 		.4byte	.LASF10
 139 0084 02       		.uleb128 0x2
 140 0085 01       		.byte	0x1
 141 0086 08       		.byte	0x8
 142 0087 23010000 		.4byte	.LASF11
 143 008b 05       		.uleb128 0x5
 144 008c 41000000 		.4byte	.LASF13
 145 0090 02       		.byte	0x2
 146 0091 4B01     		.2byte	0x14b
 147 0093 97000000 		.4byte	0x97
 148 0097 06       		.uleb128 0x6
 149 0098 6B000000 		.4byte	0x6b
 150 009c 07       		.uleb128 0x7
 151 009d 00000000 		.4byte	.LASF17
 152 00a1 01       		.byte	0x1
 153 00a2 25       		.byte	0x25
 154 00a3 00000000 		.4byte	.LFB0
 155 00a7 0C000000 		.4byte	.LFE0-.LFB0
 156 00ab 01       		.uleb128 0x1
 157 00ac 9C       		.byte	0x9c
 158 00ad BF000000 		.4byte	0xbf
 159 00b1 08       		.uleb128 0x8
 160 00b2 6B000000 		.4byte	.LASF18
 161 00b6 01       		.byte	0x1
 162 00b7 25       		.byte	0x25
 163 00b8 6B000000 		.4byte	0x6b
 164 00bc 01       		.uleb128 0x1
 165 00bd 50       		.byte	0x50
 166 00be 00       		.byte	0
 167 00bf 09       		.uleb128 0x9
 168 00c0 14000000 		.4byte	.LASF19
ARM GAS  C:\Users\acer\AppData\Local\Temp\cc8QmrJk.s 			page 5


 169 00c4 01       		.byte	0x1
 170 00c5 39       		.byte	0x39
 171 00c6 6B000000 		.4byte	0x6b
 172 00ca 00000000 		.4byte	.LFB1
 173 00ce 0C000000 		.4byte	.LFE1-.LFB1
 174 00d2 01       		.uleb128 0x1
 175 00d3 9C       		.byte	0x9c
 176 00d4 00       		.byte	0
 177              		.section	.debug_abbrev,"",%progbits
 178              	.Ldebug_abbrev0:
 179 0000 01       		.uleb128 0x1
 180 0001 11       		.uleb128 0x11
 181 0002 01       		.byte	0x1
 182 0003 25       		.uleb128 0x25
 183 0004 0E       		.uleb128 0xe
 184 0005 13       		.uleb128 0x13
 185 0006 0B       		.uleb128 0xb
 186 0007 03       		.uleb128 0x3
 187 0008 0E       		.uleb128 0xe
 188 0009 1B       		.uleb128 0x1b
 189 000a 0E       		.uleb128 0xe
 190 000b 55       		.uleb128 0x55
 191 000c 17       		.uleb128 0x17
 192 000d 11       		.uleb128 0x11
 193 000e 01       		.uleb128 0x1
 194 000f 10       		.uleb128 0x10
 195 0010 17       		.uleb128 0x17
 196 0011 00       		.byte	0
 197 0012 00       		.byte	0
 198 0013 02       		.uleb128 0x2
 199 0014 24       		.uleb128 0x24
 200 0015 00       		.byte	0
 201 0016 0B       		.uleb128 0xb
 202 0017 0B       		.uleb128 0xb
 203 0018 3E       		.uleb128 0x3e
 204 0019 0B       		.uleb128 0xb
 205 001a 03       		.uleb128 0x3
 206 001b 0E       		.uleb128 0xe
 207 001c 00       		.byte	0
 208 001d 00       		.byte	0
 209 001e 03       		.uleb128 0x3
 210 001f 24       		.uleb128 0x24
 211 0020 00       		.byte	0
 212 0021 0B       		.uleb128 0xb
 213 0022 0B       		.uleb128 0xb
 214 0023 3E       		.uleb128 0x3e
 215 0024 0B       		.uleb128 0xb
 216 0025 03       		.uleb128 0x3
 217 0026 08       		.uleb128 0x8
 218 0027 00       		.byte	0
 219 0028 00       		.byte	0
 220 0029 04       		.uleb128 0x4
 221 002a 16       		.uleb128 0x16
 222 002b 00       		.byte	0
 223 002c 03       		.uleb128 0x3
 224 002d 0E       		.uleb128 0xe
 225 002e 3A       		.uleb128 0x3a
ARM GAS  C:\Users\acer\AppData\Local\Temp\cc8QmrJk.s 			page 6


 226 002f 0B       		.uleb128 0xb
 227 0030 3B       		.uleb128 0x3b
 228 0031 0B       		.uleb128 0xb
 229 0032 49       		.uleb128 0x49
 230 0033 13       		.uleb128 0x13
 231 0034 00       		.byte	0
 232 0035 00       		.byte	0
 233 0036 05       		.uleb128 0x5
 234 0037 16       		.uleb128 0x16
 235 0038 00       		.byte	0
 236 0039 03       		.uleb128 0x3
 237 003a 0E       		.uleb128 0xe
 238 003b 3A       		.uleb128 0x3a
 239 003c 0B       		.uleb128 0xb
 240 003d 3B       		.uleb128 0x3b
 241 003e 05       		.uleb128 0x5
 242 003f 49       		.uleb128 0x49
 243 0040 13       		.uleb128 0x13
 244 0041 00       		.byte	0
 245 0042 00       		.byte	0
 246 0043 06       		.uleb128 0x6
 247 0044 35       		.uleb128 0x35
 248 0045 00       		.byte	0
 249 0046 49       		.uleb128 0x49
 250 0047 13       		.uleb128 0x13
 251 0048 00       		.byte	0
 252 0049 00       		.byte	0
 253 004a 07       		.uleb128 0x7
 254 004b 2E       		.uleb128 0x2e
 255 004c 01       		.byte	0x1
 256 004d 3F       		.uleb128 0x3f
 257 004e 19       		.uleb128 0x19
 258 004f 03       		.uleb128 0x3
 259 0050 0E       		.uleb128 0xe
 260 0051 3A       		.uleb128 0x3a
 261 0052 0B       		.uleb128 0xb
 262 0053 3B       		.uleb128 0x3b
 263 0054 0B       		.uleb128 0xb
 264 0055 27       		.uleb128 0x27
 265 0056 19       		.uleb128 0x19
 266 0057 11       		.uleb128 0x11
 267 0058 01       		.uleb128 0x1
 268 0059 12       		.uleb128 0x12
 269 005a 06       		.uleb128 0x6
 270 005b 40       		.uleb128 0x40
 271 005c 18       		.uleb128 0x18
 272 005d 9742     		.uleb128 0x2117
 273 005f 19       		.uleb128 0x19
 274 0060 01       		.uleb128 0x1
 275 0061 13       		.uleb128 0x13
 276 0062 00       		.byte	0
 277 0063 00       		.byte	0
 278 0064 08       		.uleb128 0x8
 279 0065 05       		.uleb128 0x5
 280 0066 00       		.byte	0
 281 0067 03       		.uleb128 0x3
 282 0068 0E       		.uleb128 0xe
ARM GAS  C:\Users\acer\AppData\Local\Temp\cc8QmrJk.s 			page 7


 283 0069 3A       		.uleb128 0x3a
 284 006a 0B       		.uleb128 0xb
 285 006b 3B       		.uleb128 0x3b
 286 006c 0B       		.uleb128 0xb
 287 006d 49       		.uleb128 0x49
 288 006e 13       		.uleb128 0x13
 289 006f 02       		.uleb128 0x2
 290 0070 18       		.uleb128 0x18
 291 0071 00       		.byte	0
 292 0072 00       		.byte	0
 293 0073 09       		.uleb128 0x9
 294 0074 2E       		.uleb128 0x2e
 295 0075 00       		.byte	0
 296 0076 3F       		.uleb128 0x3f
 297 0077 19       		.uleb128 0x19
 298 0078 03       		.uleb128 0x3
 299 0079 0E       		.uleb128 0xe
 300 007a 3A       		.uleb128 0x3a
 301 007b 0B       		.uleb128 0xb
 302 007c 3B       		.uleb128 0x3b
 303 007d 0B       		.uleb128 0xb
 304 007e 27       		.uleb128 0x27
 305 007f 19       		.uleb128 0x19
 306 0080 49       		.uleb128 0x49
 307 0081 13       		.uleb128 0x13
 308 0082 11       		.uleb128 0x11
 309 0083 01       		.uleb128 0x1
 310 0084 12       		.uleb128 0x12
 311 0085 06       		.uleb128 0x6
 312 0086 40       		.uleb128 0x40
 313 0087 18       		.uleb128 0x18
 314 0088 9742     		.uleb128 0x2117
 315 008a 19       		.uleb128 0x19
 316 008b 00       		.byte	0
 317 008c 00       		.byte	0
 318 008d 00       		.byte	0
 319              		.section	.debug_aranges,"",%progbits
 320 0000 24000000 		.4byte	0x24
 321 0004 0200     		.2byte	0x2
 322 0006 00000000 		.4byte	.Ldebug_info0
 323 000a 04       		.byte	0x4
 324 000b 00       		.byte	0
 325 000c 0000     		.2byte	0
 326 000e 0000     		.2byte	0
 327 0010 00000000 		.4byte	.LFB0
 328 0014 0C000000 		.4byte	.LFE0-.LFB0
 329 0018 00000000 		.4byte	.LFB1
 330 001c 0C000000 		.4byte	.LFE1-.LFB1
 331 0020 00000000 		.4byte	0
 332 0024 00000000 		.4byte	0
 333              		.section	.debug_ranges,"",%progbits
 334              	.Ldebug_ranges0:
 335 0000 00000000 		.4byte	.LFB0
 336 0004 0C000000 		.4byte	.LFE0
 337 0008 00000000 		.4byte	.LFB1
 338 000c 0C000000 		.4byte	.LFE1
 339 0010 00000000 		.4byte	0
ARM GAS  C:\Users\acer\AppData\Local\Temp\cc8QmrJk.s 			page 8


 340 0014 00000000 		.4byte	0
 341              		.section	.debug_line,"",%progbits
 342              	.Ldebug_line0:
 343 0000 73000000 		.section	.debug_str,"MS",%progbits,1
 343      02004C00 
 343      00000201 
 343      FB0E0D00 
 343      01010101 
 344              	.LASF17:
 345 0000 436F6E74 		.ascii	"Control_Reg_1_Write\000"
 345      726F6C5F 
 345      5265675F 
 345      315F5772 
 345      69746500 
 346              	.LASF19:
 347 0014 436F6E74 		.ascii	"Control_Reg_1_Read\000"
 347      726F6C5F 
 347      5265675F 
 347      315F5265 
 347      616400
 348              	.LASF9:
 349 0027 666C6F61 		.ascii	"float\000"
 349      7400
 350              	.LASF12:
 351 002d 75696E74 		.ascii	"uint8\000"
 351      3800
 352              	.LASF1:
 353 0033 756E7369 		.ascii	"unsigned char\000"
 353      676E6564 
 353      20636861 
 353      7200
 354              	.LASF13:
 355 0041 72656738 		.ascii	"reg8\000"
 355      00
 356              	.LASF5:
 357 0046 6C6F6E67 		.ascii	"long unsigned int\000"
 357      20756E73 
 357      69676E65 
 357      6420696E 
 357      7400
 358              	.LASF3:
 359 0058 73686F72 		.ascii	"short unsigned int\000"
 359      7420756E 
 359      7369676E 
 359      65642069 
 359      6E7400
 360              	.LASF18:
 361 006b 636F6E74 		.ascii	"control\000"
 361      726F6C00 
 362              	.LASF10:
 363 0073 646F7562 		.ascii	"double\000"
 363      6C6500
 364              	.LASF8:
 365 007a 756E7369 		.ascii	"unsigned int\000"
 365      676E6564 
 365      20696E74 
 365      00
ARM GAS  C:\Users\acer\AppData\Local\Temp\cc8QmrJk.s 			page 9


 366              	.LASF7:
 367 0087 6C6F6E67 		.ascii	"long long unsigned int\000"
 367      206C6F6E 
 367      6720756E 
 367      7369676E 
 367      65642069 
 368              	.LASF16:
 369 009e 443A5C53 		.ascii	"D:\\START_UP\\COMPANY_STARTUP\\3_platform_based_dev"
 369      54415254 
 369      5F55505C 
 369      434F4D50 
 369      414E595F 
 370 00ce 656C6F70 		.ascii	"elopments\\PSOC_PROJECTS\\platform\\platform\\Psoc_"
 370      6D656E74 
 370      735C5053 
 370      4F435F50 
 370      524F4A45 
 371 00fd 506C6174 		.ascii	"Platform\\Design02.cydsn\000"
 371      666F726D 
 371      5C446573 
 371      69676E30 
 371      322E6379 
 372              	.LASF6:
 373 0115 6C6F6E67 		.ascii	"long long int\000"
 373      206C6F6E 
 373      6720696E 
 373      7400
 374              	.LASF11:
 375 0123 63686172 		.ascii	"char\000"
 375      00
 376              	.LASF2:
 377 0128 73686F72 		.ascii	"short int\000"
 377      7420696E 
 377      7400
 378              	.LASF14:
 379 0132 474E5520 		.ascii	"GNU C 4.9.3 20150303 (release) [ARM/embedded-4_9-br"
 379      4320342E 
 379      392E3320 
 379      32303135 
 379      30333033 
 380 0165 616E6368 		.ascii	"anch revision 221220] -mcpu=cortex-m3 -mthumb -g -O"
 380      20726576 
 380      6973696F 
 380      6E203232 
 380      31323230 
 381 0198 73202D66 		.ascii	"s -ffunction-sections -ffat-lto-objects\000"
 381      66756E63 
 381      74696F6E 
 381      2D736563 
 381      74696F6E 
 382              	.LASF4:
 383 01c0 6C6F6E67 		.ascii	"long int\000"
 383      20696E74 
 383      00
 384              	.LASF0:
 385 01c9 7369676E 		.ascii	"signed char\000"
 385      65642063 
ARM GAS  C:\Users\acer\AppData\Local\Temp\cc8QmrJk.s 			page 10


 385      68617200 
 386              	.LASF15:
 387 01d5 2E5C4765 		.ascii	".\\Generated_Source\\PSoC5\\Control_Reg_1.c\000"
 387      6E657261 
 387      7465645F 
 387      536F7572 
 387      63655C50 
 388              		.ident	"GCC: (GNU Tools for ARM Embedded Processors) 4.9.3 20150303 (release) [ARM/embedded-4_9-br
