ARM GAS  C:\Users\acer\AppData\Local\Temp\ccQn6BdU.s 			page 1


   1              		.syntax unified
   2              		.cpu cortex-m3
   3              		.fpu softvfp
   4              		.eabi_attribute 20, 1
   5              		.eabi_attribute 21, 1
   6              		.eabi_attribute 23, 3
   7              		.eabi_attribute 24, 1
   8              		.eabi_attribute 25, 1
   9              		.eabi_attribute 26, 1
  10              		.eabi_attribute 30, 4
  11              		.eabi_attribute 34, 1
  12              		.eabi_attribute 18, 4
  13              		.thumb
  14              		.file	"cymetadata.c"
  15              		.text
  16              	.Ltext0:
  17              		.cfi_sections	.debug_frame
  18              		.global	cy_metadata
  19              		.global	cy_meta_flashprotect
  20              		.global	cy_meta_wonvl
  21              		.global	cy_meta_custnvl
  22              		.global	cy_meta_configecc
  23              		.section	.cyconfigecc,"a",%progbits
  24              		.type	cy_meta_configecc, %object
  25              		.size	cy_meta_configecc, 2068
  26              	cy_meta_configecc:
  27 0000 04       		.byte	4
  28 0001 4F       		.byte	79
  29 0002 00       		.byte	0
  30 0003 40       		.byte	64
  31 0004 07       		.byte	7
  32 0005 52       		.byte	82
  33 0006 00       		.byte	0
  34 0007 40       		.byte	64
  35 0008 02       		.byte	2
  36 0009 64       		.byte	100
  37 000a 00       		.byte	0
  38 000b 40       		.byte	64
  39 000c 02       		.byte	2
  40 000d 65       		.byte	101
  41 000e 00       		.byte	0
  42 000f 40       		.byte	64
  43 0010 03       		.byte	3
  44 0011 03       		.byte	3
  45 0012 01       		.byte	1
  46 0013 40       		.byte	64
  47 0014 67       		.byte	103
  48 0015 04       		.byte	4
  49 0016 01       		.byte	1
  50 0017 40       		.byte	64
  51 0018 3D       		.byte	61
  52 0019 05       		.byte	5
  53 001a 01       		.byte	1
  54 001b 40       		.byte	64
  55 001c 0D       		.byte	13
  56 001d 07       		.byte	7
  57 001e 01       		.byte	1
ARM GAS  C:\Users\acer\AppData\Local\Temp\ccQn6BdU.s 			page 2


  58 001f 40       		.byte	64
  59 0020 0F       		.byte	15
  60 0021 08       		.byte	8
  61 0022 01       		.byte	1
  62 0023 40       		.byte	64
  63 0024 4E       		.byte	78
  64 0025 09       		.byte	9
  65 0026 01       		.byte	1
  66 0027 40       		.byte	64
  67 0028 16       		.byte	22
  68 0029 0A       		.byte	10
  69 002a 01       		.byte	1
  70 002b 40       		.byte	64
  71 002c 32       		.byte	50
  72 002d 0B       		.byte	11
  73 002e 01       		.byte	1
  74 002f 40       		.byte	64
  75 0030 04       		.byte	4
  76 0031 0C       		.byte	12
  77 0032 01       		.byte	1
  78 0033 40       		.byte	64
  79 0034 02       		.byte	2
  80 0035 0D       		.byte	13
  81 0036 01       		.byte	1
  82 0037 40       		.byte	64
  83 0038 05       		.byte	5
  84 0039 15       		.byte	21
  85 003a 01       		.byte	1
  86 003b 40       		.byte	64
  87 003c 0B       		.byte	11
  88 003d 17       		.byte	23
  89 003e 01       		.byte	1
  90 003f 40       		.byte	64
  91 0040 67       		.byte	103
  92 0041 18       		.byte	24
  93 0042 01       		.byte	1
  94 0043 40       		.byte	64
  95 0044 4C       		.byte	76
  96 0045 19       		.byte	25
  97 0046 01       		.byte	1
  98 0047 40       		.byte	64
  99 0048 41       		.byte	65
 100 0049 1A       		.byte	26
 101 004a 01       		.byte	1
 102 004b 40       		.byte	64
 103 004c 4B       		.byte	75
 104 004d 1B       		.byte	27
 105 004e 01       		.byte	1
 106 004f 40       		.byte	64
 107 0050 03       		.byte	3
 108 0051 40       		.byte	64
 109 0052 01       		.byte	1
 110 0053 40       		.byte	64
 111 0054 10       		.byte	16
 112 0055 41       		.byte	65
 113 0056 01       		.byte	1
 114 0057 40       		.byte	64
ARM GAS  C:\Users\acer\AppData\Local\Temp\ccQn6BdU.s 			page 3


 115 0058 1A       		.byte	26
 116 0059 42       		.byte	66
 117 005a 01       		.byte	1
 118 005b 40       		.byte	64
 119 005c 09       		.byte	9
 120 005d 43       		.byte	67
 121 005e 01       		.byte	1
 122 005f 40       		.byte	64
 123 0060 02       		.byte	2
 124 0061 44       		.byte	68
 125 0062 01       		.byte	1
 126 0063 40       		.byte	64
 127 0064 01       		.byte	1
 128 0065 45       		.byte	69
 129 0066 01       		.byte	1
 130 0067 40       		.byte	64
 131 0068 04       		.byte	4
 132 0069 46       		.byte	70
 133 006a 01       		.byte	1
 134 006b 40       		.byte	64
 135 006c 02       		.byte	2
 136 006d 47       		.byte	71
 137 006e 01       		.byte	1
 138 006f 40       		.byte	64
 139 0070 06       		.byte	6
 140 0071 48       		.byte	72
 141 0072 01       		.byte	1
 142 0073 40       		.byte	64
 143 0074 11       		.byte	17
 144 0075 49       		.byte	73
 145 0076 01       		.byte	1
 146 0077 40       		.byte	64
 147 0078 0A       		.byte	10
 148 0079 4C       		.byte	76
 149 007a 01       		.byte	1
 150 007b 40       		.byte	64
 151 007c 0D       		.byte	13
 152 007d 4D       		.byte	77
 153 007e 01       		.byte	1
 154 007f 40       		.byte	64
 155 0080 05       		.byte	5
 156 0081 50       		.byte	80
 157 0082 01       		.byte	1
 158 0083 40       		.byte	64
 159 0084 03       		.byte	3
 160 0085 51       		.byte	81
 161 0086 01       		.byte	1
 162 0087 40       		.byte	64
 163 0088 01       		.byte	1
 164 0089 40       		.byte	64
 165 008a 0A       		.byte	10
 166 008b 4B       		.byte	75
 167 008c 0D       		.byte	13
 168 008d 30       		.byte	48
 169 008e 16       		.byte	22
 170 008f 1B       		.byte	27
 171 0090 00       		.byte	0
ARM GAS  C:\Users\acer\AppData\Local\Temp\ccQn6BdU.s 			page 4


 172 0091 C6       		.byte	-58
 173 0092 01       		.byte	1
 174 0093 55       		.byte	85
 175 0094 14       		.byte	20
 176 0095 04       		.byte	4
 177 0096 60       		.byte	96
 178 0097 82       		.byte	-126
 179 0098 64       		.byte	100
 180 0099 43       		.byte	67
 181 009a 79       		.byte	121
 182 009b 40       		.byte	64
 183 009c 7C       		.byte	124
 184 009d 04       		.byte	4
 185 009e 88       		.byte	-120
 186 009f 0F       		.byte	15
 187 00a0 8A       		.byte	-118
 188 00a1 38       		.byte	56
 189 00a2 8A       		.byte	-118
 190 00a3 72       		.byte	114
 191 00a4 8B       		.byte	-117
 192 00a5 0F       		.byte	15
 193 00a6 84       		.byte	-124
 194 00a7 40       		.byte	64
 195 00a8 88       		.byte	-120
 196 00a9 20       		.byte	32
 197 00aa E6       		.byte	-26
 198 00ab 22       		.byte	34
 199 00ac 01       		.byte	1
 200 00ad 10       		.byte	16
 201 00ae 03       		.byte	3
 202 00af 0C       		.byte	12
 203 00b0 06       		.byte	6
 204 00b1 12       		.byte	18
 205 00b2 07       		.byte	7
 206 00b3 10       		.byte	16
 207 00b4 09       		.byte	9
 208 00b5 09       		.byte	9
 209 00b6 0B       		.byte	11
 210 00b7 10       		.byte	16
 211 00b8 0E       		.byte	14
 212 00b9 01       		.byte	1
 213 00ba 10       		.byte	16
 214 00bb 88       		.byte	-120
 215 00bc 12       		.byte	18
 216 00bd 03       		.byte	3
 217 00be 13       		.byte	19
 218 00bf 03       		.byte	3
 219 00c0 14       		.byte	20
 220 00c1 E0       		.byte	-32
 221 00c2 15       		.byte	21
 222 00c3 1C       		.byte	28
 223 00c4 17       		.byte	23
 224 00c5 02       		.byte	2
 225 00c6 1A       		.byte	26
 226 00c7 EC       		.byte	-20
 227 00c8 1C       		.byte	28
 228 00c9 04       		.byte	4
ARM GAS  C:\Users\acer\AppData\Local\Temp\ccQn6BdU.s 			page 5


 229 00ca 1E       		.byte	30
 230 00cb 43       		.byte	67
 231 00cc 20       		.byte	32
 232 00cd 21       		.byte	33
 233 00ce 21       		.byte	33
 234 00cf 14       		.byte	20
 235 00d0 22       		.byte	34
 236 00d1 02       		.byte	2
 237 00d2 2D       		.byte	45
 238 00d3 0C       		.byte	12
 239 00d4 2F       		.byte	47
 240 00d5 11       		.byte	17
 241 00d6 30       		.byte	48
 242 00d7 10       		.byte	16
 243 00d8 31       		.byte	49
 244 00d9 1F       		.byte	31
 245 00da 34       		.byte	52
 246 00db 0F       		.byte	15
 247 00dc 36       		.byte	54
 248 00dd E0       		.byte	-32
 249 00de 3E       		.byte	62
 250 00df 40       		.byte	64
 251 00e0 40       		.byte	64
 252 00e1 60       		.byte	96
 253 00e2 41       		.byte	65
 254 00e3 02       		.byte	2
 255 00e4 49       		.byte	73
 256 00e5 FF       		.byte	-1
 257 00e6 4A       		.byte	74
 258 00e7 FF       		.byte	-1
 259 00e8 4B       		.byte	75
 260 00e9 FF       		.byte	-1
 261 00ea 4D       		.byte	77
 262 00eb A0       		.byte	-96
 263 00ec 4F       		.byte	79
 264 00ed 04       		.byte	4
 265 00ee 50       		.byte	80
 266 00ef 18       		.byte	24
 267 00f0 52       		.byte	82
 268 00f1 80       		.byte	-128
 269 00f2 58       		.byte	88
 270 00f3 04       		.byte	4
 271 00f4 59       		.byte	89
 272 00f5 04       		.byte	4
 273 00f6 5A       		.byte	90
 274 00f7 04       		.byte	4
 275 00f8 5B       		.byte	91
 276 00f9 04       		.byte	4
 277 00fa 5C       		.byte	92
 278 00fb 10       		.byte	16
 279 00fc 5D       		.byte	93
 280 00fd 22       		.byte	34
 281 00fe 5F       		.byte	95
 282 00ff 01       		.byte	1
 283 0100 60       		.byte	96
 284 0101 40       		.byte	64
 285 0102 62       		.byte	98
ARM GAS  C:\Users\acer\AppData\Local\Temp\ccQn6BdU.s 			page 6


 286 0103 C0       		.byte	-64
 287 0104 64       		.byte	100
 288 0105 40       		.byte	64
 289 0106 65       		.byte	101
 290 0107 40       		.byte	64
 291 0108 66       		.byte	102
 292 0109 C0       		.byte	-64
 293 010a 68       		.byte	104
 294 010b C0       		.byte	-64
 295 010c 6A       		.byte	106
 296 010d C0       		.byte	-64
 297 010e 6C       		.byte	108
 298 010f C0       		.byte	-64
 299 0110 6E       		.byte	110
 300 0111 C0       		.byte	-64
 301 0112 80       		.byte	-128
 302 0113 18       		.byte	24
 303 0114 81       		.byte	-127
 304 0115 01       		.byte	1
 305 0116 83       		.byte	-125
 306 0117 02       		.byte	2
 307 0118 85       		.byte	-123
 308 0119 04       		.byte	4
 309 011a 8A       		.byte	-118
 310 011b 06       		.byte	6
 311 011c 8C       		.byte	-116
 312 011d 18       		.byte	24
 313 011e 91       		.byte	-111
 314 011f 01       		.byte	1
 315 0120 92       		.byte	-110
 316 0121 04       		.byte	4
 317 0122 93       		.byte	-109
 318 0123 06       		.byte	6
 319 0124 99       		.byte	-103
 320 0125 04       		.byte	4
 321 0126 9B       		.byte	-101
 322 0127 01       		.byte	1
 323 0128 9E       		.byte	-98
 324 0129 02       		.byte	2
 325 012a A2       		.byte	-94
 326 012b 01       		.byte	1
 327 012c A6       		.byte	-90
 328 012d 10       		.byte	16
 329 012e A7       		.byte	-89
 330 012f 07       		.byte	7
 331 0130 A8       		.byte	-88
 332 0131 08       		.byte	8
 333 0132 B0       		.byte	-80
 334 0133 02       		.byte	2
 335 0134 B2       		.byte	-78
 336 0135 18       		.byte	24
 337 0136 B3       		.byte	-77
 338 0137 07       		.byte	7
 339 0138 B4       		.byte	-76
 340 0139 01       		.byte	1
 341 013a B6       		.byte	-74
 342 013b 04       		.byte	4
ARM GAS  C:\Users\acer\AppData\Local\Temp\ccQn6BdU.s 			page 7


 343 013c B8       		.byte	-72
 344 013d 08       		.byte	8
 345 013e BB       		.byte	-69
 346 013f 08       		.byte	8
 347 0140 BE       		.byte	-66
 348 0141 04       		.byte	4
 349 0142 C0       		.byte	-64
 350 0143 60       		.byte	96
 351 0144 C1       		.byte	-63
 352 0145 02       		.byte	2
 353 0146 C5       		.byte	-59
 354 0147 10       		.byte	16
 355 0148 C6       		.byte	-58
 356 0149 25       		.byte	37
 357 014a C8       		.byte	-56
 358 014b 0E       		.byte	14
 359 014c C9       		.byte	-55
 360 014d FF       		.byte	-1
 361 014e CA       		.byte	-54
 362 014f FF       		.byte	-1
 363 0150 CB       		.byte	-53
 364 0151 FF       		.byte	-1
 365 0152 CD       		.byte	-51
 366 0153 AF       		.byte	-81
 367 0154 CE       		.byte	-50
 368 0155 0F       		.byte	15
 369 0156 CF       		.byte	-49
 370 0157 04       		.byte	4
 371 0158 D0       		.byte	-48
 372 0159 18       		.byte	24
 373 015a D8       		.byte	-40
 374 015b 04       		.byte	4
 375 015c D9       		.byte	-39
 376 015d 04       		.byte	4
 377 015e DA       		.byte	-38
 378 015f 04       		.byte	4
 379 0160 DB       		.byte	-37
 380 0161 04       		.byte	4
 381 0162 DC       		.byte	-36
 382 0163 12       		.byte	18
 383 0164 DD       		.byte	-35
 384 0165 02       		.byte	2
 385 0166 DF       		.byte	-33
 386 0167 01       		.byte	1
 387 0168 E0       		.byte	-32
 388 0169 40       		.byte	64
 389 016a E2       		.byte	-30
 390 016b C0       		.byte	-64
 391 016c E4       		.byte	-28
 392 016d 40       		.byte	64
 393 016e E5       		.byte	-27
 394 016f 40       		.byte	64
 395 0170 E6       		.byte	-26
 396 0171 C0       		.byte	-64
 397 0172 E8       		.byte	-24
 398 0173 C0       		.byte	-64
 399 0174 EA       		.byte	-22
ARM GAS  C:\Users\acer\AppData\Local\Temp\ccQn6BdU.s 			page 8


 400 0175 C0       		.byte	-64
 401 0176 EC       		.byte	-20
 402 0177 C0       		.byte	-64
 403 0178 EE       		.byte	-18
 404 0179 C0       		.byte	-64
 405 017a 00       		.byte	0
 406 017b 40       		.byte	64
 407 017c 03       		.byte	3
 408 017d 20       		.byte	32
 409 017e 05       		.byte	5
 410 017f 12       		.byte	18
 411 0180 06       		.byte	6
 412 0181 42       		.byte	66
 413 0182 08       		.byte	8
 414 0183 82       		.byte	-126
 415 0184 0A       		.byte	10
 416 0185 24       		.byte	36
 417 0186 0F       		.byte	15
 418 0187 82       		.byte	-126
 419 0188 11       		.byte	17
 420 0189 02       		.byte	2
 421 018a 15       		.byte	21
 422 018b 04       		.byte	4
 423 018c 16       		.byte	22
 424 018d 90       		.byte	-112
 425 018e 17       		.byte	23
 426 018f 20       		.byte	32
 427 0190 18       		.byte	24
 428 0191 40       		.byte	64
 429 0192 1A       		.byte	26
 430 0193 06       		.byte	6
 431 0194 1D       		.byte	29
 432 0195 10       		.byte	16
 433 0196 1E       		.byte	30
 434 0197 08       		.byte	8
 435 0198 1F       		.byte	31
 436 0199 49       		.byte	73
 437 019a 21       		.byte	33
 438 019b 02       		.byte	2
 439 019c 26       		.byte	38
 440 019d 08       		.byte	8
 441 019e 27       		.byte	39
 442 019f 20       		.byte	32
 443 01a0 29       		.byte	41
 444 01a1 01       		.byte	1
 445 01a2 2A       		.byte	42
 446 01a3 40       		.byte	64
 447 01a4 2D       		.byte	45
 448 01a5 04       		.byte	4
 449 01a6 31       		.byte	49
 450 01a7 02       		.byte	2
 451 01a8 32       		.byte	50
 452 01a9 08       		.byte	8
 453 01aa 35       		.byte	53
 454 01ab 02       		.byte	2
 455 01ac 37       		.byte	55
 456 01ad 20       		.byte	32
ARM GAS  C:\Users\acer\AppData\Local\Temp\ccQn6BdU.s 			page 9


 457 01ae 3A       		.byte	58
 458 01af 12       		.byte	18
 459 01b0 3B       		.byte	59
 460 01b1 04       		.byte	4
 461 01b2 3E       		.byte	62
 462 01b3 02       		.byte	2
 463 01b4 3F       		.byte	63
 464 01b5 04       		.byte	4
 465 01b6 41       		.byte	65
 466 01b7 20       		.byte	32
 467 01b8 45       		.byte	69
 468 01b9 20       		.byte	32
 469 01ba 4A       		.byte	74
 470 01bb 04       		.byte	4
 471 01bc 4B       		.byte	75
 472 01bd 10       		.byte	16
 473 01be 4F       		.byte	79
 474 01bf 12       		.byte	18
 475 01c0 55       		.byte	85
 476 01c1 20       		.byte	32
 477 01c2 57       		.byte	87
 478 01c3 40       		.byte	64
 479 01c4 6C       		.byte	108
 480 01c5 8A       		.byte	-118
 481 01c6 6D       		.byte	109
 482 01c7 08       		.byte	8
 483 01c8 72       		.byte	114
 484 01c9 80       		.byte	-128
 485 01ca 74       		.byte	116
 486 01cb 60       		.byte	96
 487 01cc 86       		.byte	-122
 488 01cd 01       		.byte	1
 489 01ce 87       		.byte	-121
 490 01cf 04       		.byte	4
 491 01d0 8B       		.byte	-117
 492 01d1 60       		.byte	96
 493 01d2 8C       		.byte	-116
 494 01d3 08       		.byte	8
 495 01d4 8D       		.byte	-115
 496 01d5 04       		.byte	4
 497 01d6 97       		.byte	-105
 498 01d7 02       		.byte	2
 499 01d8 A4       		.byte	-92
 500 01d9 60       		.byte	96
 501 01da AB       		.byte	-85
 502 01db 01       		.byte	1
 503 01dc C0       		.byte	-64
 504 01dd D5       		.byte	-43
 505 01de C2       		.byte	-62
 506 01df 9F       		.byte	-97
 507 01e0 C4       		.byte	-60
 508 01e1 78       		.byte	120
 509 01e2 CA       		.byte	-54
 510 01e3 49       		.byte	73
 511 01e4 CC       		.byte	-52
 512 01e5 A3       		.byte	-93
 513 01e6 CE       		.byte	-50
ARM GAS  C:\Users\acer\AppData\Local\Temp\ccQn6BdU.s 			page 10


 514 01e7 C7       		.byte	-57
 515 01e8 D0       		.byte	-48
 516 01e9 24       		.byte	36
 517 01ea D2       		.byte	-46
 518 01eb 24       		.byte	36
 519 01ec E2       		.byte	-30
 520 01ed 02       		.byte	2
 521 01ee E4       		.byte	-28
 522 01ef 02       		.byte	2
 523 01f0 E6       		.byte	-26
 524 01f1 D0       		.byte	-48
 525 01f2 EA       		.byte	-22
 526 01f3 10       		.byte	16
 527 01f4 80       		.byte	-128
 528 01f5 80       		.byte	-128
 529 01f6 9C       		.byte	-100
 530 01f7 82       		.byte	-126
 531 01f8 9D       		.byte	-99
 532 01f9 03       		.byte	3
 533 01fa 9E       		.byte	-98
 534 01fb 12       		.byte	18
 535 01fc A7       		.byte	-89
 536 01fd 20       		.byte	32
 537 01fe A8       		.byte	-88
 538 01ff 02       		.byte	2
 539 0200 A9       		.byte	-87
 540 0201 03       		.byte	3
 541 0202 AA       		.byte	-86
 542 0203 10       		.byte	16
 543 0204 B0       		.byte	-80
 544 0205 80       		.byte	-128
 545 0206 B3       		.byte	-77
 546 0207 08       		.byte	8
 547 0208 E6       		.byte	-26
 548 0209 01       		.byte	1
 549 020a E8       		.byte	-24
 550 020b 01       		.byte	1
 551 020c EE       		.byte	-18
 552 020d 85       		.byte	-123
 553 020e 8D       		.byte	-115
 554 020f 01       		.byte	1
 555 0210 8F       		.byte	-113
 556 0211 06       		.byte	6
 557 0212 91       		.byte	-111
 558 0213 04       		.byte	4
 559 0214 93       		.byte	-109
 560 0215 03       		.byte	3
 561 0216 99       		.byte	-103
 562 0217 05       		.byte	5
 563 0218 9B       		.byte	-101
 564 0219 02       		.byte	2
 565 021a 9D       		.byte	-99
 566 021b 03       		.byte	3
 567 021c 9F       		.byte	-97
 568 021d 04       		.byte	4
 569 021e B1       		.byte	-79
 570 021f 07       		.byte	7
ARM GAS  C:\Users\acer\AppData\Local\Temp\ccQn6BdU.s 			page 11


 571 0220 B7       		.byte	-73
 572 0221 07       		.byte	7
 573 0222 BB       		.byte	-69
 574 0223 82       		.byte	-126
 575 0224 D4       		.byte	-44
 576 0225 40       		.byte	64
 577 0226 D9       		.byte	-39
 578 0227 04       		.byte	4
 579 0228 DB       		.byte	-37
 580 0229 04       		.byte	4
 581 022a DF       		.byte	-33
 582 022b 01       		.byte	1
 583 022c 04       		.byte	4
 584 022d 28       		.byte	40
 585 022e 05       		.byte	5
 586 022f 80       		.byte	-128
 587 0230 07       		.byte	7
 588 0231 40       		.byte	64
 589 0232 0D       		.byte	13
 590 0233 80       		.byte	-128
 591 0234 0E       		.byte	14
 592 0235 60       		.byte	96
 593 0236 0F       		.byte	15
 594 0237 08       		.byte	8
 595 0238 15       		.byte	21
 596 0239 01       		.byte	1
 597 023a 17       		.byte	23
 598 023b 14       		.byte	20
 599 023c 1E       		.byte	30
 600 023d 08       		.byte	8
 601 023e 21       		.byte	33
 602 023f 02       		.byte	2
 603 0240 23       		.byte	35
 604 0241 01       		.byte	1
 605 0242 24       		.byte	36
 606 0243 18       		.byte	24
 607 0244 25       		.byte	37
 608 0245 30       		.byte	48
 609 0246 26       		.byte	38
 610 0247 02       		.byte	2
 611 0248 27       		.byte	39
 612 0249 40       		.byte	64
 613 024a 2E       		.byte	46
 614 024b 20       		.byte	32
 615 024c 2F       		.byte	47
 616 024d 42       		.byte	66
 617 024e 31       		.byte	49
 618 024f 22       		.byte	34
 619 0250 33       		.byte	51
 620 0251 40       		.byte	64
 621 0252 35       		.byte	53
 622 0253 80       		.byte	-128
 623 0254 36       		.byte	54
 624 0255 12       		.byte	18
 625 0256 37       		.byte	55
 626 0257 04       		.byte	4
 627 0258 3B       		.byte	59
ARM GAS  C:\Users\acer\AppData\Local\Temp\ccQn6BdU.s 			page 12


 628 0259 80       		.byte	-128
 629 025a 3D       		.byte	61
 630 025b 21       		.byte	33
 631 025c 3E       		.byte	62
 632 025d 44       		.byte	68
 633 025e 45       		.byte	69
 634 025f 90       		.byte	-112
 635 0260 46       		.byte	70
 636 0261 80       		.byte	-128
 637 0262 47       		.byte	71
 638 0263 08       		.byte	8
 639 0264 48       		.byte	72
 640 0265 08       		.byte	8
 641 0266 49       		.byte	73
 642 0267 10       		.byte	16
 643 0268 4D       		.byte	77
 644 0269 02       		.byte	2
 645 026a 4E       		.byte	78
 646 026b 02       		.byte	2
 647 026c 4F       		.byte	79
 648 026d 08       		.byte	8
 649 026e 54       		.byte	84
 650 026f 08       		.byte	8
 651 0270 56       		.byte	86
 652 0271 20       		.byte	32
 653 0272 57       		.byte	87
 654 0273 12       		.byte	18
 655 0274 60       		.byte	96
 656 0275 10       		.byte	16
 657 0276 61       		.byte	97
 658 0277 10       		.byte	16
 659 0278 62       		.byte	98
 660 0279 40       		.byte	64
 661 027a 67       		.byte	103
 662 027b 01       		.byte	1
 663 027c 6C       		.byte	108
 664 027d 01       		.byte	1
 665 027e 6D       		.byte	109
 666 027f 01       		.byte	1
 667 0280 6E       		.byte	110
 668 0281 44       		.byte	68
 669 0282 6F       		.byte	111
 670 0283 1C       		.byte	28
 671 0284 75       		.byte	117
 672 0285 80       		.byte	-128
 673 0286 83       		.byte	-125
 674 0287 40       		.byte	64
 675 0288 86       		.byte	-122
 676 0289 40       		.byte	64
 677 028a 87       		.byte	-121
 678 028b 02       		.byte	2
 679 028c 93       		.byte	-109
 680 028d 80       		.byte	-128
 681 028e 94       		.byte	-108
 682 028f 40       		.byte	64
 683 0290 95       		.byte	-107
 684 0291 01       		.byte	1
ARM GAS  C:\Users\acer\AppData\Local\Temp\ccQn6BdU.s 			page 13


 685 0292 96       		.byte	-106
 686 0293 6A       		.byte	106
 687 0294 97       		.byte	-105
 688 0295 02       		.byte	2
 689 0296 99       		.byte	-103
 690 0297 01       		.byte	1
 691 0298 9A       		.byte	-102
 692 0299 10       		.byte	16
 693 029a 9B       		.byte	-101
 694 029b 08       		.byte	8
 695 029c 9C       		.byte	-100
 696 029d 08       		.byte	8
 697 029e 9D       		.byte	-99
 698 029f 80       		.byte	-128
 699 02a0 9F       		.byte	-97
 700 02a1 54       		.byte	84
 701 02a2 A1       		.byte	-95
 702 02a3 85       		.byte	-123
 703 02a4 A2       		.byte	-94
 704 02a5 10       		.byte	16
 705 02a6 A5       		.byte	-91
 706 02a7 30       		.byte	48
 707 02a8 A7       		.byte	-89
 708 02a9 39       		.byte	57
 709 02aa A8       		.byte	-88
 710 02ab 20       		.byte	32
 711 02ac A9       		.byte	-87
 712 02ad 90       		.byte	-112
 713 02ae B2       		.byte	-78
 714 02af 09       		.byte	9
 715 02b0 B3       		.byte	-77
 716 02b1 08       		.byte	8
 717 02b2 B4       		.byte	-76
 718 02b3 01       		.byte	1
 719 02b4 C0       		.byte	-64
 720 02b5 F0       		.byte	-16
 721 02b6 C2       		.byte	-62
 722 02b7 F0       		.byte	-16
 723 02b8 C4       		.byte	-60
 724 02b9 70       		.byte	112
 725 02ba CA       		.byte	-54
 726 02bb B0       		.byte	-80
 727 02bc CC       		.byte	-52
 728 02bd FD       		.byte	-3
 729 02be CE       		.byte	-50
 730 02bf F8       		.byte	-8
 731 02c0 D0       		.byte	-48
 732 02c1 F0       		.byte	-16
 733 02c2 D2       		.byte	-46
 734 02c3 10       		.byte	16
 735 02c4 D8       		.byte	-40
 736 02c5 1E       		.byte	30
 737 02c6 E8       		.byte	-24
 738 02c7 20       		.byte	32
 739 02c8 04       		.byte	4
 740 02c9 0A       		.byte	10
 741 02ca 0A       		.byte	10
ARM GAS  C:\Users\acer\AppData\Local\Temp\ccQn6BdU.s 			page 14


 742 02cb 04       		.byte	4
 743 02cc 0C       		.byte	12
 744 02cd 0A       		.byte	10
 745 02ce 14       		.byte	20
 746 02cf 08       		.byte	8
 747 02d0 16       		.byte	22
 748 02d1 02       		.byte	2
 749 02d2 18       		.byte	24
 750 02d3 08       		.byte	8
 751 02d4 1A       		.byte	26
 752 02d5 02       		.byte	2
 753 02d6 1E       		.byte	30
 754 02d7 04       		.byte	4
 755 02d8 24       		.byte	36
 756 02d9 01       		.byte	1
 757 02da 30       		.byte	48
 758 02db 08       		.byte	8
 759 02dc 32       		.byte	50
 760 02dd 02       		.byte	2
 761 02de 34       		.byte	52
 762 02df 04       		.byte	4
 763 02e0 36       		.byte	54
 764 02e1 01       		.byte	1
 765 02e2 38       		.byte	56
 766 02e3 08       		.byte	8
 767 02e4 3E       		.byte	62
 768 02e5 51       		.byte	81
 769 02e6 54       		.byte	84
 770 02e7 18       		.byte	24
 771 02e8 56       		.byte	86
 772 02e9 04       		.byte	4
 773 02ea 58       		.byte	88
 774 02eb 04       		.byte	4
 775 02ec 5B       		.byte	91
 776 02ed 04       		.byte	4
 777 02ee 5C       		.byte	92
 778 02ef 01       		.byte	1
 779 02f0 5D       		.byte	93
 780 02f1 10       		.byte	16
 781 02f2 5F       		.byte	95
 782 02f3 01       		.byte	1
 783 02f4 00       		.byte	0
 784 02f5 50       		.byte	80
 785 02f6 03       		.byte	3
 786 02f7 20       		.byte	32
 787 02f8 05       		.byte	5
 788 02f9 94       		.byte	-108
 789 02fa 0A       		.byte	10
 790 02fb 28       		.byte	40
 791 02fc 0B       		.byte	11
 792 02fd 02       		.byte	2
 793 02fe 0D       		.byte	13
 794 02ff A0       		.byte	-96
 795 0300 0E       		.byte	14
 796 0301 50       		.byte	80
 797 0302 0F       		.byte	15
 798 0303 20       		.byte	32
ARM GAS  C:\Users\acer\AppData\Local\Temp\ccQn6BdU.s 			page 15


 799 0304 10       		.byte	16
 800 0305 20       		.byte	32
 801 0306 15       		.byte	21
 802 0307 01       		.byte	1
 803 0308 17       		.byte	23
 804 0309 54       		.byte	84
 805 030a 18       		.byte	24
 806 030b 16       		.byte	22
 807 030c 19       		.byte	25
 808 030d 01       		.byte	1
 809 030e 1D       		.byte	29
 810 030f 94       		.byte	-108
 811 0310 1E       		.byte	30
 812 0311 20       		.byte	32
 813 0312 1F       		.byte	31
 814 0313 40       		.byte	64
 815 0314 26       		.byte	38
 816 0315 88       		.byte	-120
 817 0316 27       		.byte	39
 818 0317 88       		.byte	-120
 819 0318 2D       		.byte	45
 820 0319 80       		.byte	-128
 821 031a 2F       		.byte	47
 822 031b 48       		.byte	72
 823 031c 36       		.byte	54
 824 031d 08       		.byte	8
 825 031e 37       		.byte	55
 826 031f 50       		.byte	80
 827 0320 3D       		.byte	61
 828 0321 21       		.byte	33
 829 0322 3E       		.byte	62
 830 0323 40       		.byte	64
 831 0324 46       		.byte	70
 832 0325 08       		.byte	8
 833 0326 55       		.byte	85
 834 0327 07       		.byte	7
 835 0328 5A       		.byte	90
 836 0329 02       		.byte	2
 837 032a 5C       		.byte	92
 838 032b 08       		.byte	8
 839 032c 5E       		.byte	94
 840 032d 11       		.byte	17
 841 032e 5F       		.byte	95
 842 032f 80       		.byte	-128
 843 0330 60       		.byte	96
 844 0331 04       		.byte	4
 845 0332 63       		.byte	99
 846 0333 42       		.byte	66
 847 0334 64       		.byte	100
 848 0335 01       		.byte	1
 849 0336 78       		.byte	120
 850 0337 01       		.byte	1
 851 0338 7A       		.byte	122
 852 0339 80       		.byte	-128
 853 033a 85       		.byte	-123
 854 033b 02       		.byte	2
 855 033c 8A       		.byte	-118
ARM GAS  C:\Users\acer\AppData\Local\Temp\ccQn6BdU.s 			page 16


 856 033d 10       		.byte	16
 857 033e 97       		.byte	-105
 858 033f 40       		.byte	64
 859 0340 B7       		.byte	-73
 860 0341 08       		.byte	8
 861 0342 C0       		.byte	-64
 862 0343 E7       		.byte	-25
 863 0344 C2       		.byte	-62
 864 0345 F7       		.byte	-9
 865 0346 C4       		.byte	-60
 866 0347 F4       		.byte	-12
 867 0348 CA       		.byte	-54
 868 0349 B0       		.byte	-80
 869 034a CC       		.byte	-52
 870 034b 70       		.byte	112
 871 034c CE       		.byte	-50
 872 034d B0       		.byte	-80
 873 034e D0       		.byte	-48
 874 034f 20       		.byte	32
 875 0350 D6       		.byte	-42
 876 0351 F1       		.byte	-15
 877 0352 D8       		.byte	-40
 878 0353 1D       		.byte	29
 879 0354 E4       		.byte	-28
 880 0355 22       		.byte	34
 881 0356 EA       		.byte	-22
 882 0357 10       		.byte	16
 883 0358 38       		.byte	56
 884 0359 08       		.byte	8
 885 035a 3E       		.byte	62
 886 035b 04       		.byte	4
 887 035c 58       		.byte	88
 888 035d 04       		.byte	4
 889 035e 5F       		.byte	95
 890 035f 01       		.byte	1
 891 0360 1F       		.byte	31
 892 0361 08       		.byte	8
 893 0362 87       		.byte	-121
 894 0363 40       		.byte	64
 895 0364 8A       		.byte	-118
 896 0365 10       		.byte	16
 897 0366 9E       		.byte	-98
 898 0367 10       		.byte	16
 899 0368 E0       		.byte	-32
 900 0369 18       		.byte	24
 901 036a E2       		.byte	-30
 902 036b 80       		.byte	-128
 903 036c EA       		.byte	-22
 904 036d 81       		.byte	-127
 905 036e 81       		.byte	-127
 906 036f 01       		.byte	1
 907 0370 85       		.byte	-123
 908 0371 02       		.byte	2
 909 0372 8E       		.byte	-114
 910 0373 02       		.byte	2
 911 0374 9D       		.byte	-99
 912 0375 03       		.byte	3
ARM GAS  C:\Users\acer\AppData\Local\Temp\ccQn6BdU.s 			page 17


 913 0376 9E       		.byte	-98
 914 0377 12       		.byte	18
 915 0378 A8       		.byte	-88
 916 0379 02       		.byte	2
 917 037a AB       		.byte	-85
 918 037b 20       		.byte	32
 919 037c E2       		.byte	-30
 920 037d 04       		.byte	4
 921 037e E6       		.byte	-26
 922 037f 0C       		.byte	12
 923 0380 E8       		.byte	-24
 924 0381 02       		.byte	2
 925 0382 EE       		.byte	-18
 926 0383 05       		.byte	5
 927 0384 00       		.byte	0
 928 0385 01       		.byte	1
 929 0386 04       		.byte	4
 930 0387 A2       		.byte	-94
 931 0388 06       		.byte	6
 932 0389 08       		.byte	8
 933 038a 08       		.byte	8
 934 038b 04       		.byte	4
 935 038c 0C       		.byte	12
 936 038d 01       		.byte	1
 937 038e 12       		.byte	18
 938 038f 40       		.byte	64
 939 0390 14       		.byte	20
 940 0391 01       		.byte	1
 941 0392 15       		.byte	21
 942 0393 01       		.byte	1
 943 0394 18       		.byte	24
 944 0395 10       		.byte	16
 945 0396 1C       		.byte	28
 946 0397 07       		.byte	7
 947 0398 1E       		.byte	30
 948 0399 D8       		.byte	-40
 949 039a 20       		.byte	32
 950 039b 01       		.byte	1
 951 039c 21       		.byte	33
 952 039d 01       		.byte	1
 953 039e 28       		.byte	40
 954 039f 01       		.byte	1
 955 03a0 2C       		.byte	44
 956 03a1 08       		.byte	8
 957 03a2 2E       		.byte	46
 958 03a3 61       		.byte	97
 959 03a4 30       		.byte	48
 960 03a5 E0       		.byte	-32
 961 03a6 33       		.byte	51
 962 03a7 01       		.byte	1
 963 03a8 36       		.byte	54
 964 03a9 3F       		.byte	63
 965 03aa 38       		.byte	56
 966 03ab 80       		.byte	-128
 967 03ac 39       		.byte	57
 968 03ad 08       		.byte	8
 969 03ae 3E       		.byte	62
ARM GAS  C:\Users\acer\AppData\Local\Temp\ccQn6BdU.s 			page 18


 970 03af 40       		.byte	64
 971 03b0 40       		.byte	64
 972 03b1 23       		.byte	35
 973 03b2 41       		.byte	65
 974 03b3 01       		.byte	1
 975 03b4 46       		.byte	70
 976 03b5 C0       		.byte	-64
 977 03b6 47       		.byte	71
 978 03b7 BE       		.byte	-66
 979 03b8 48       		.byte	72
 980 03b9 38       		.byte	56
 981 03ba 49       		.byte	73
 982 03bb FF       		.byte	-1
 983 03bc 4A       		.byte	74
 984 03bd FF       		.byte	-1
 985 03be 4B       		.byte	75
 986 03bf FF       		.byte	-1
 987 03c0 4E       		.byte	78
 988 03c1 F0       		.byte	-16
 989 03c2 4F       		.byte	79
 990 03c3 44       		.byte	68
 991 03c4 50       		.byte	80
 992 03c5 0C       		.byte	12
 993 03c6 58       		.byte	88
 994 03c7 04       		.byte	4
 995 03c8 59       		.byte	89
 996 03c9 04       		.byte	4
 997 03ca 5A       		.byte	90
 998 03cb 04       		.byte	4
 999 03cc 5D       		.byte	93
 1000 03cd 01       		.byte	1
 1001 03ce 5F       		.byte	95
 1002 03cf 01       		.byte	1
 1003 03d0 66       		.byte	102
 1004 03d1 C0       		.byte	-64
 1005 03d2 6A       		.byte	106
 1006 03d3 40       		.byte	64
 1007 03d4 6B       		.byte	107
 1008 03d5 02       		.byte	2
 1009 03d6 80       		.byte	-128
 1010 03d7 80       		.byte	-128
 1011 03d8 81       		.byte	-127
 1012 03d9 01       		.byte	1
 1013 03da 83       		.byte	-125
 1014 03db 16       		.byte	22
 1015 03dc 84       		.byte	-124
 1016 03dd 16       		.byte	22
 1017 03de 85       		.byte	-123
 1018 03df C7       		.byte	-57
 1019 03e0 89       		.byte	-119
 1020 03e1 84       		.byte	-124
 1021 03e2 8B       		.byte	-117
 1022 03e3 61       		.byte	97
 1023 03e4 8D       		.byte	-115
 1024 03e5 42       		.byte	66
 1025 03e6 8E       		.byte	-114
 1026 03e7 67       		.byte	103
ARM GAS  C:\Users\acer\AppData\Local\Temp\ccQn6BdU.s 			page 19


 1027 03e8 8F       		.byte	-113
 1028 03e9 A9       		.byte	-87
 1029 03ea 92       		.byte	-110
 1030 03eb 08       		.byte	8
 1031 03ec 94       		.byte	-108
 1032 03ed 80       		.byte	-128
 1033 03ee 95       		.byte	-107
 1034 03ef C7       		.byte	-57
 1035 03f0 98       		.byte	-104
 1036 03f1 30       		.byte	48
 1037 03f2 9A       		.byte	-102
 1038 03f3 45       		.byte	69
 1039 03f4 9C       		.byte	-100
 1040 03f5 30       		.byte	48
 1041 03f6 9E       		.byte	-98
 1042 03f7 43       		.byte	67
 1043 03f8 A0       		.byte	-96
 1044 03f9 02       		.byte	2
 1045 03fa A4       		.byte	-92
 1046 03fb 80       		.byte	-128
 1047 03fc A8       		.byte	-88
 1048 03fd 30       		.byte	48
 1049 03fe AA       		.byte	-86
 1050 03ff 40       		.byte	64
 1051 0400 AE       		.byte	-82
 1052 0401 08       		.byte	8
 1053 0402 B0       		.byte	-80
 1054 0403 08       		.byte	8
 1055 0404 B1       		.byte	-79
 1056 0405 07       		.byte	7
 1057 0406 B2       		.byte	-78
 1058 0407 80       		.byte	-128
 1059 0408 B3       		.byte	-77
 1060 0409 C0       		.byte	-64
 1061 040a B4       		.byte	-76
 1062 040b 74       		.byte	116
 1063 040c B5       		.byte	-75
 1064 040d 30       		.byte	48
 1065 040e B6       		.byte	-74
 1066 040f 07       		.byte	7
 1067 0410 B7       		.byte	-73
 1068 0411 08       		.byte	8
 1069 0412 BA       		.byte	-70
 1070 0413 A0       		.byte	-96
 1071 0414 BE       		.byte	-66
 1072 0415 01       		.byte	1
 1073 0416 BF       		.byte	-65
 1074 0417 10       		.byte	16
 1075 0418 C0       		.byte	-64
 1076 0419 23       		.byte	35
 1077 041a C1       		.byte	-63
 1078 041b 04       		.byte	4
 1079 041c C2       		.byte	-62
 1080 041d 05       		.byte	5
 1081 041e C4       		.byte	-60
 1082 041f 06       		.byte	6
 1083 0420 C5       		.byte	-59
ARM GAS  C:\Users\acer\AppData\Local\Temp\ccQn6BdU.s 			page 20


 1084 0421 E0       		.byte	-32
 1085 0422 C7       		.byte	-57
 1086 0423 C0       		.byte	-64
 1087 0424 C8       		.byte	-56
 1088 0425 22       		.byte	34
 1089 0426 C9       		.byte	-55
 1090 0427 FF       		.byte	-1
 1091 0428 CA       		.byte	-54
 1092 0429 FF       		.byte	-1
 1093 042a CB       		.byte	-53
 1094 042b FF       		.byte	-1
 1095 042c CC       		.byte	-52
 1096 042d 62       		.byte	98
 1097 042e CD       		.byte	-51
 1098 042f A0       		.byte	-96
 1099 0430 CE       		.byte	-50
 1100 0431 F0       		.byte	-16
 1101 0432 CF       		.byte	-49
 1102 0433 41       		.byte	65
 1103 0434 D0       		.byte	-48
 1104 0435 0C       		.byte	12
 1105 0436 D8       		.byte	-40
 1106 0437 04       		.byte	4
 1107 0438 D9       		.byte	-39
 1108 0439 04       		.byte	4
 1109 043a DA       		.byte	-38
 1110 043b 04       		.byte	4
 1111 043c DC       		.byte	-36
 1112 043d 11       		.byte	17
 1113 043e DD       		.byte	-35
 1114 043f 01       		.byte	1
 1115 0440 DF       		.byte	-33
 1116 0441 01       		.byte	1
 1117 0442 E6       		.byte	-26
 1118 0443 40       		.byte	64
 1119 0444 E7       		.byte	-25
 1120 0445 02       		.byte	2
 1121 0446 E9       		.byte	-23
 1122 0447 10       		.byte	16
 1123 0448 EA       		.byte	-22
 1124 0449 30       		.byte	48
 1125 044a EB       		.byte	-21
 1126 044b 10       		.byte	16
 1127 044c ED       		.byte	-19
 1128 044d 10       		.byte	16
 1129 044e EE       		.byte	-18
 1130 044f 10       		.byte	16
 1131 0450 EF       		.byte	-17
 1132 0451 12       		.byte	18
 1133 0452 00       		.byte	0
 1134 0453 02       		.byte	2
 1135 0454 02       		.byte	2
 1136 0455 10       		.byte	16
 1137 0456 03       		.byte	3
 1138 0457 01       		.byte	1
 1139 0458 04       		.byte	4
 1140 0459 2A       		.byte	42
ARM GAS  C:\Users\acer\AppData\Local\Temp\ccQn6BdU.s 			page 21


 1141 045a 05       		.byte	5
 1142 045b 80       		.byte	-128
 1143 045c 08       		.byte	8
 1144 045d 04       		.byte	4
 1145 045e 09       		.byte	9
 1146 045f 40       		.byte	64
 1147 0460 0A       		.byte	10
 1148 0461 84       		.byte	-124
 1149 0462 0B       		.byte	11
 1150 0463 40       		.byte	64
 1151 0464 0D       		.byte	13
 1152 0465 80       		.byte	-128
 1153 0466 0E       		.byte	14
 1154 0467 60       		.byte	96
 1155 0468 0F       		.byte	15
 1156 0469 08       		.byte	8
 1157 046a 10       		.byte	16
 1158 046b 02       		.byte	2
 1159 046c 11       		.byte	17
 1160 046d 26       		.byte	38
 1161 046e 15       		.byte	21
 1162 046f 01       		.byte	1
 1163 0470 17       		.byte	23
 1164 0471 50       		.byte	80
 1165 0472 19       		.byte	25
 1166 0473 50       		.byte	80
 1167 0474 1A       		.byte	26
 1168 0475 14       		.byte	20
 1169 0476 1B       		.byte	27
 1170 0477 01       		.byte	1
 1171 0478 1E       		.byte	30
 1172 0479 40       		.byte	64
 1173 047a 1F       		.byte	31
 1174 047b 40       		.byte	64
 1175 047c 20       		.byte	32
 1176 047d 08       		.byte	8
 1177 047e 21       		.byte	33
 1178 047f 01       		.byte	1
 1179 0480 22       		.byte	34
 1180 0481 02       		.byte	2
 1181 0482 23       		.byte	35
 1182 0483 11       		.byte	17
 1183 0484 24       		.byte	36
 1184 0485 20       		.byte	32
 1185 0486 2E       		.byte	46
 1186 0487 10       		.byte	16
 1187 0488 2F       		.byte	47
 1188 0489 44       		.byte	68
 1189 048a 30       		.byte	48
 1190 048b 04       		.byte	4
 1191 048c 33       		.byte	51
 1192 048d 04       		.byte	4
 1193 048e 36       		.byte	54
 1194 048f 04       		.byte	4
 1195 0490 39       		.byte	57
 1196 0491 46       		.byte	70
 1197 0492 3B       		.byte	59
ARM GAS  C:\Users\acer\AppData\Local\Temp\ccQn6BdU.s 			page 22


 1198 0493 10       		.byte	16
 1199 0494 40       		.byte	64
 1200 0495 40       		.byte	64
 1201 0496 42       		.byte	66
 1202 0497 10       		.byte	16
 1203 0498 43       		.byte	67
 1204 0499 20       		.byte	32
 1205 049a 44       		.byte	68
 1206 049b 08       		.byte	8
 1207 049c 45       		.byte	69
 1208 049d 48       		.byte	72
 1209 049e 46       		.byte	70
 1210 049f 02       		.byte	2
 1211 04a0 48       		.byte	72
 1212 04a1 04       		.byte	4
 1213 04a2 4B       		.byte	75
 1214 04a3 42       		.byte	66
 1215 04a4 50       		.byte	80
 1216 04a5 02       		.byte	2
 1217 04a6 55       		.byte	85
 1218 04a7 10       		.byte	16
 1219 04a8 56       		.byte	86
 1220 04a9 29       		.byte	41
 1221 04aa 82       		.byte	-126
 1222 04ab 01       		.byte	1
 1223 04ac 85       		.byte	-123
 1224 04ad 40       		.byte	64
 1225 04ae 86       		.byte	-122
 1226 04af 02       		.byte	2
 1227 04b0 8C       		.byte	-116
 1228 04b1 08       		.byte	8
 1229 04b2 8D       		.byte	-115
 1230 04b3 10       		.byte	16
 1231 04b4 90       		.byte	-112
 1232 04b5 0A       		.byte	10
 1233 04b6 91       		.byte	-111
 1234 04b7 01       		.byte	1
 1235 04b8 94       		.byte	-108
 1236 04b9 60       		.byte	96
 1237 04ba 96       		.byte	-106
 1238 04bb 2A       		.byte	42
 1239 04bc 97       		.byte	-105
 1240 04bd 02       		.byte	2
 1241 04be 99       		.byte	-103
 1242 04bf 81       		.byte	-127
 1243 04c0 9A       		.byte	-102
 1244 04c1 10       		.byte	16
 1245 04c2 9B       		.byte	-101
 1246 04c3 50       		.byte	80
 1247 04c4 A1       		.byte	-95
 1248 04c5 85       		.byte	-123
 1249 04c6 A2       		.byte	-94
 1250 04c7 14       		.byte	20
 1251 04c8 A3       		.byte	-93
 1252 04c9 04       		.byte	4
 1253 04ca A7       		.byte	-89
 1254 04cb 21       		.byte	33
ARM GAS  C:\Users\acer\AppData\Local\Temp\ccQn6BdU.s 			page 23


 1255 04cc A8       		.byte	-88
 1256 04cd 04       		.byte	4
 1257 04ce AB       		.byte	-85
 1258 04cf 04       		.byte	4
 1259 04d0 AE       		.byte	-82
 1260 04d1 80       		.byte	-128
 1261 04d2 B0       		.byte	-80
 1262 04d3 08       		.byte	8
 1263 04d4 B1       		.byte	-79
 1264 04d5 02       		.byte	2
 1265 04d6 C0       		.byte	-64
 1266 04d7 FD       		.byte	-3
 1267 04d8 C2       		.byte	-62
 1268 04d9 FF       		.byte	-1
 1269 04da C4       		.byte	-60
 1270 04db DF       		.byte	-33
 1271 04dc CA       		.byte	-54
 1272 04dd 80       		.byte	-128
 1273 04de CC       		.byte	-52
 1274 04df 42       		.byte	66
 1275 04e0 CE       		.byte	-50
 1276 04e1 0F       		.byte	15
 1277 04e2 D0       		.byte	-48
 1278 04e3 77       		.byte	119
 1279 04e4 D2       		.byte	-46
 1280 04e5 0C       		.byte	12
 1281 04e6 E2       		.byte	-30
 1282 04e7 40       		.byte	64
 1283 04e8 E6       		.byte	-26
 1284 04e9 04       		.byte	4
 1285 04ea 03       		.byte	3
 1286 04eb 04       		.byte	4
 1287 04ec 04       		.byte	4
 1288 04ed 13       		.byte	19
 1289 04ee 05       		.byte	5
 1290 04ef 08       		.byte	8
 1291 04f0 06       		.byte	6
 1292 04f1 0C       		.byte	12
 1293 04f2 08       		.byte	8
 1294 04f3 0F       		.byte	15
 1295 04f4 09       		.byte	9
 1296 04f5 80       		.byte	-128
 1297 04f6 0A       		.byte	10
 1298 04f7 10       		.byte	16
 1299 04f8 0C       		.byte	12
 1300 04f9 1F       		.byte	31
 1301 04fa 0D       		.byte	13
 1302 04fb 44       		.byte	68
 1303 04fc 10       		.byte	16
 1304 04fd 03       		.byte	3
 1305 04fe 11       		.byte	17
 1306 04ff C0       		.byte	-64
 1307 0500 14       		.byte	20
 1308 0501 0C       		.byte	12
 1309 0502 15       		.byte	21
 1310 0503 18       		.byte	24
 1311 0504 19       		.byte	25
ARM GAS  C:\Users\acer\AppData\Local\Temp\ccQn6BdU.s 			page 24


 1312 0505 1C       		.byte	28
 1313 0506 1A       		.byte	26
 1314 0507 13       		.byte	19
 1315 0508 1B       		.byte	27
 1316 0509 E1       		.byte	-31
 1317 050a 1C       		.byte	28
 1318 050b 0C       		.byte	12
 1319 050c 1D       		.byte	29
 1320 050d 10       		.byte	16
 1321 050e 1E       		.byte	30
 1322 050f 13       		.byte	19
 1323 0510 20       		.byte	32
 1324 0511 08       		.byte	8
 1325 0512 21       		.byte	33
 1326 0513 FF       		.byte	-1
 1327 0514 24       		.byte	36
 1328 0515 04       		.byte	4
 1329 0516 27       		.byte	39
 1330 0517 E3       		.byte	-29
 1331 0518 28       		.byte	40
 1332 0519 02       		.byte	2
 1333 051a 29       		.byte	41
 1334 051b E7       		.byte	-25
 1335 051c 2B       		.byte	43
 1336 051d 18       		.byte	24
 1337 051e 2C       		.byte	44
 1338 051f 01       		.byte	1
 1339 0520 2D       		.byte	45
 1340 0521 3C       		.byte	60
 1341 0522 2F       		.byte	47
 1342 0523 C2       		.byte	-62
 1343 0524 31       		.byte	49
 1344 0525 C0       		.byte	-64
 1345 0526 32       		.byte	50
 1346 0527 1C       		.byte	28
 1347 0528 33       		.byte	51
 1348 0529 1F       		.byte	31
 1349 052a 34       		.byte	52
 1350 052b 0F       		.byte	15
 1351 052c 37       		.byte	55
 1352 052d 38       		.byte	56
 1353 052e 3A       		.byte	58
 1354 052f 2A       		.byte	42
 1355 0530 3B       		.byte	59
 1356 0531 08       		.byte	8
 1357 0532 56       		.byte	86
 1358 0533 02       		.byte	2
 1359 0534 57       		.byte	87
 1360 0535 13       		.byte	19
 1361 0536 58       		.byte	88
 1362 0537 04       		.byte	4
 1363 0538 59       		.byte	89
 1364 0539 04       		.byte	4
 1365 053a 5B       		.byte	91
 1366 053b 04       		.byte	4
 1367 053c 5C       		.byte	92
 1368 053d 11       		.byte	17
ARM GAS  C:\Users\acer\AppData\Local\Temp\ccQn6BdU.s 			page 25


 1369 053e 5D       		.byte	93
 1370 053f 10       		.byte	16
 1371 0540 5F       		.byte	95
 1372 0541 01       		.byte	1
 1373 0542 85       		.byte	-123
 1374 0543 01       		.byte	1
 1375 0544 86       		.byte	-122
 1376 0545 01       		.byte	1
 1377 0546 88       		.byte	-120
 1378 0547 01       		.byte	1
 1379 0548 8C       		.byte	-116
 1380 0549 01       		.byte	1
 1381 054a A2       		.byte	-94
 1382 054b 01       		.byte	1
 1383 054c A5       		.byte	-91
 1384 054d 02       		.byte	2
 1385 054e A6       		.byte	-90
 1386 054f 01       		.byte	1
 1387 0550 B0       		.byte	-80
 1388 0551 01       		.byte	1
 1389 0552 B3       		.byte	-77
 1390 0553 01       		.byte	1
 1391 0554 B5       		.byte	-75
 1392 0555 02       		.byte	2
 1393 0556 B7       		.byte	-73
 1394 0557 01       		.byte	1
 1395 0558 BE       		.byte	-66
 1396 0559 01       		.byte	1
 1397 055a BF       		.byte	-65
 1398 055b 14       		.byte	20
 1399 055c D4       		.byte	-44
 1400 055d 01       		.byte	1
 1401 055e D6       		.byte	-42
 1402 055f 04       		.byte	4
 1403 0560 D8       		.byte	-40
 1404 0561 04       		.byte	4
 1405 0562 D9       		.byte	-39
 1406 0563 04       		.byte	4
 1407 0564 DB       		.byte	-37
 1408 0565 04       		.byte	4
 1409 0566 DC       		.byte	-36
 1410 0567 10       		.byte	16
 1411 0568 DD       		.byte	-35
 1412 0569 10       		.byte	16
 1413 056a DF       		.byte	-33
 1414 056b 01       		.byte	1
 1415 056c 00       		.byte	0
 1416 056d 40       		.byte	64
 1417 056e 03       		.byte	3
 1418 056f 28       		.byte	40
 1419 0570 05       		.byte	5
 1420 0571 50       		.byte	80
 1421 0572 06       		.byte	6
 1422 0573 10       		.byte	16
 1423 0574 08       		.byte	8
 1424 0575 51       		.byte	81
 1425 0576 0A       		.byte	10
ARM GAS  C:\Users\acer\AppData\Local\Temp\ccQn6BdU.s 			page 26


 1426 0577 10       		.byte	16
 1427 0578 0B       		.byte	11
 1428 0579 08       		.byte	8
 1429 057a 10       		.byte	16
 1430 057b 80       		.byte	-128
 1431 057c 11       		.byte	17
 1432 057d 40       		.byte	64
 1433 057e 13       		.byte	19
 1434 057f 14       		.byte	20
 1435 0580 14       		.byte	20
 1436 0581 20       		.byte	32
 1437 0582 16       		.byte	22
 1438 0583 20       		.byte	32
 1439 0584 17       		.byte	23
 1440 0585 01       		.byte	1
 1441 0586 18       		.byte	24
 1442 0587 40       		.byte	64
 1443 0588 19       		.byte	25
 1444 0589 22       		.byte	34
 1445 058a 1A       		.byte	26
 1446 058b 20       		.byte	32
 1447 058c 1B       		.byte	27
 1448 058d 28       		.byte	40
 1449 058e 1E       		.byte	30
 1450 058f 80       		.byte	-128
 1451 0590 22       		.byte	34
 1452 0591 45       		.byte	69
 1453 0592 25       		.byte	37
 1454 0593 08       		.byte	8
 1455 0594 27       		.byte	39
 1456 0595 09       		.byte	9
 1457 0596 28       		.byte	40
 1458 0597 10       		.byte	16
 1459 0598 29       		.byte	41
 1460 0599 22       		.byte	34
 1461 059a 2B       		.byte	43
 1462 059b 01       		.byte	1
 1463 059c 2E       		.byte	46
 1464 059d 08       		.byte	8
 1465 059e 30       		.byte	48
 1466 059f 81       		.byte	-127
 1467 05a0 31       		.byte	49
 1468 05a1 04       		.byte	4
 1469 05a2 32       		.byte	50
 1470 05a3 12       		.byte	18
 1471 05a4 39       		.byte	57
 1472 05a5 40       		.byte	64
 1473 05a6 3B       		.byte	59
 1474 05a7 15       		.byte	21
 1475 05a8 3D       		.byte	61
 1476 05a9 08       		.byte	8
 1477 05aa 59       		.byte	89
 1478 05ab 01       		.byte	1
 1479 05ac 5C       		.byte	92
 1480 05ad 20       		.byte	32
 1481 05ae 5E       		.byte	94
 1482 05af 80       		.byte	-128
ARM GAS  C:\Users\acer\AppData\Local\Temp\ccQn6BdU.s 			page 27


 1483 05b0 5F       		.byte	95
 1484 05b1 0A       		.byte	10
 1485 05b2 66       		.byte	102
 1486 05b3 02       		.byte	2
 1487 05b4 68       		.byte	104
 1488 05b5 01       		.byte	1
 1489 05b6 69       		.byte	105
 1490 05b7 04       		.byte	4
 1491 05b8 6B       		.byte	107
 1492 05b9 04       		.byte	4
 1493 05ba 70       		.byte	112
 1494 05bb 80       		.byte	-128
 1495 05bc 71       		.byte	113
 1496 05bd 04       		.byte	4
 1497 05be 72       		.byte	114
 1498 05bf 10       		.byte	16
 1499 05c0 73       		.byte	115
 1500 05c1 04       		.byte	4
 1501 05c2 84       		.byte	-124
 1502 05c3 40       		.byte	64
 1503 05c4 86       		.byte	-122
 1504 05c5 04       		.byte	4
 1505 05c6 87       		.byte	-121
 1506 05c7 01       		.byte	1
 1507 05c8 8A       		.byte	-118
 1508 05c9 0A       		.byte	10
 1509 05ca 8B       		.byte	-117
 1510 05cb 03       		.byte	3
 1511 05cc 8D       		.byte	-115
 1512 05cd 40       		.byte	64
 1513 05ce 93       		.byte	-109
 1514 05cf 19       		.byte	25
 1515 05d0 94       		.byte	-108
 1516 05d1 40       		.byte	64
 1517 05d2 95       		.byte	-107
 1518 05d3 44       		.byte	68
 1519 05d4 96       		.byte	-106
 1520 05d5 AA       		.byte	-86
 1521 05d6 99       		.byte	-103
 1522 05d7 51       		.byte	81
 1523 05d8 9A       		.byte	-102
 1524 05d9 38       		.byte	56
 1525 05da 9F       		.byte	-97
 1526 05db 05       		.byte	5
 1527 05dc A1       		.byte	-95
 1528 05dd 04       		.byte	4
 1529 05de A2       		.byte	-94
 1530 05df 02       		.byte	2
 1531 05e0 A4       		.byte	-92
 1532 05e1 01       		.byte	1
 1533 05e2 A5       		.byte	-91
 1534 05e3 08       		.byte	8
 1535 05e4 A7       		.byte	-89
 1536 05e5 20       		.byte	32
 1537 05e6 AA       		.byte	-86
 1538 05e7 40       		.byte	64
 1539 05e8 C0       		.byte	-64
ARM GAS  C:\Users\acer\AppData\Local\Temp\ccQn6BdU.s 			page 28


 1540 05e9 E7       		.byte	-25
 1541 05ea C2       		.byte	-62
 1542 05eb 0F       		.byte	15
 1543 05ec C4       		.byte	-60
 1544 05ed 3F       		.byte	63
 1545 05ee CA       		.byte	-54
 1546 05ef 4F       		.byte	79
 1547 05f0 CC       		.byte	-52
 1548 05f1 0F       		.byte	15
 1549 05f2 CE       		.byte	-50
 1550 05f3 4F       		.byte	79
 1551 05f4 D6       		.byte	-42
 1552 05f5 F1       		.byte	-15
 1553 05f6 D8       		.byte	-40
 1554 05f7 80       		.byte	-128
 1555 05f8 E0       		.byte	-32
 1556 05f9 18       		.byte	24
 1557 05fa E2       		.byte	-30
 1558 05fb 80       		.byte	-128
 1559 05fc E6       		.byte	-26
 1560 05fd 20       		.byte	32
 1561 05fe E8       		.byte	-24
 1562 05ff 04       		.byte	4
 1563 0600 EA       		.byte	-22
 1564 0601 81       		.byte	-127
 1565 0602 30       		.byte	48
 1566 0603 10       		.byte	16
 1567 0604 34       		.byte	52
 1568 0605 20       		.byte	32
 1569 0606 CC       		.byte	-52
 1570 0607 30       		.byte	48
 1571 0608 52       		.byte	82
 1572 0609 10       		.byte	16
 1573 060a 53       		.byte	83
 1574 060b 02       		.byte	2
 1575 060c 54       		.byte	84
 1576 060d 40       		.byte	64
 1577 060e 56       		.byte	86
 1578 060f 02       		.byte	2
 1579 0610 60       		.byte	96
 1580 0611 01       		.byte	1
 1581 0612 62       		.byte	98
 1582 0613 08       		.byte	8
 1583 0614 65       		.byte	101
 1584 0615 81       		.byte	-127
 1585 0616 84       		.byte	-124
 1586 0617 10       		.byte	16
 1587 0618 86       		.byte	-122
 1588 0619 10       		.byte	16
 1589 061a 88       		.byte	-120
 1590 061b 40       		.byte	64
 1591 061c 9C       		.byte	-100
 1592 061d 30       		.byte	48
 1593 061e D4       		.byte	-44
 1594 061f E0       		.byte	-32
 1595 0620 D6       		.byte	-42
 1596 0621 E0       		.byte	-32
ARM GAS  C:\Users\acer\AppData\Local\Temp\ccQn6BdU.s 			page 29


 1597 0622 D8       		.byte	-40
 1598 0623 C0       		.byte	-64
 1599 0624 E2       		.byte	-30
 1600 0625 40       		.byte	64
 1601 0626 E6       		.byte	-26
 1602 0627 40       		.byte	64
 1603 0628 07       		.byte	7
 1604 0629 20       		.byte	32
 1605 062a 1B       		.byte	27
 1606 062b 04       		.byte	4
 1607 062c 1C       		.byte	28
 1608 062d 80       		.byte	-128
 1609 062e 3E       		.byte	62
 1610 062f 10       		.byte	16
 1611 0630 3F       		.byte	63
 1612 0631 08       		.byte	8
 1613 0632 43       		.byte	67
 1614 0633 80       		.byte	-128
 1615 0634 54       		.byte	84
 1616 0635 40       		.byte	64
 1617 0636 57       		.byte	87
 1618 0637 80       		.byte	-128
 1619 0638 59       		.byte	89
 1620 0639 04       		.byte	4
 1621 063a 8B       		.byte	-117
 1622 063b 02       		.byte	2
 1623 063c 8C       		.byte	-116
 1624 063d 01       		.byte	1
 1625 063e 8D       		.byte	-115
 1626 063f 01       		.byte	1
 1627 0640 94       		.byte	-108
 1628 0641 01       		.byte	1
 1629 0642 99       		.byte	-103
 1630 0643 04       		.byte	4
 1631 0644 9C       		.byte	-100
 1632 0645 20       		.byte	32
 1633 0646 9D       		.byte	-99
 1634 0647 81       		.byte	-127
 1635 0648 A6       		.byte	-90
 1636 0649 08       		.byte	8
 1637 064a A7       		.byte	-89
 1638 064b 02       		.byte	2
 1639 064c AA       		.byte	-86
 1640 064d 02       		.byte	2
 1641 064e B5       		.byte	-75
 1642 064f 04       		.byte	4
 1643 0650 C0       		.byte	-64
 1644 0651 20       		.byte	32
 1645 0652 C6       		.byte	-58
 1646 0653 30       		.byte	48
 1647 0654 CE       		.byte	-50
 1648 0655 A0       		.byte	-96
 1649 0656 D0       		.byte	-48
 1650 0657 10       		.byte	16
 1651 0658 D6       		.byte	-42
 1652 0659 40       		.byte	64
 1653 065a EE       		.byte	-18
ARM GAS  C:\Users\acer\AppData\Local\Temp\ccQn6BdU.s 			page 30


 1654 065b 20       		.byte	32
 1655 065c 65       		.byte	101
 1656 065d 04       		.byte	4
 1657 065e 96       		.byte	-106
 1658 065f 10       		.byte	16
 1659 0660 99       		.byte	-103
 1660 0661 04       		.byte	4
 1661 0662 9B       		.byte	-101
 1662 0663 20       		.byte	32
 1663 0664 9C       		.byte	-100
 1664 0665 20       		.byte	32
 1665 0666 AA       		.byte	-86
 1666 0667 08       		.byte	8
 1667 0668 B1       		.byte	-79
 1668 0669 80       		.byte	-128
 1669 066a D8       		.byte	-40
 1670 066b 80       		.byte	-128
 1671 066c EA       		.byte	-22
 1672 066d 20       		.byte	32
 1673 066e 7C       		.byte	124
 1674 066f 40       		.byte	64
 1675 0670 DE       		.byte	-34
 1676 0671 04       		.byte	4
 1677 0672 94       		.byte	-108
 1678 0673 40       		.byte	64
 1679 0674 52       		.byte	82
 1680 0675 20       		.byte	32
 1681 0676 86       		.byte	-122
 1682 0677 20       		.byte	32
 1683 0678 94       		.byte	-108
 1684 0679 40       		.byte	64
 1685 067a D4       		.byte	-44
 1686 067b 04       		.byte	4
 1687 067c B4       		.byte	-76
 1688 067d 40       		.byte	64
 1689 067e E8       		.byte	-24
 1690 067f 02       		.byte	2
 1691 0680 80       		.byte	-128
 1692 0681 01       		.byte	1
 1693 0682 96       		.byte	-106
 1694 0683 10       		.byte	16
 1695 0684 9C       		.byte	-100
 1696 0685 20       		.byte	32
 1697 0686 AF       		.byte	-81
 1698 0687 20       		.byte	32
 1699 0688 E6       		.byte	-26
 1700 0689 20       		.byte	32
 1701 068a E8       		.byte	-24
 1702 068b 40       		.byte	64
 1703 068c 13       		.byte	19
 1704 068d 02       		.byte	2
 1705 068e 16       		.byte	22
 1706 068f 40       		.byte	64
 1707 0690 70       		.byte	112
 1708 0691 01       		.byte	1
 1709 0692 75       		.byte	117
 1710 0693 08       		.byte	8
ARM GAS  C:\Users\acer\AppData\Local\Temp\ccQn6BdU.s 			page 31


 1711 0694 86       		.byte	-122
 1712 0695 40       		.byte	64
 1713 0696 88       		.byte	-120
 1714 0697 20       		.byte	32
 1715 0698 8F       		.byte	-113
 1716 0699 02       		.byte	2
 1717 069a 90       		.byte	-112
 1718 069b 02       		.byte	2
 1719 069c 99       		.byte	-103
 1720 069d 08       		.byte	8
 1721 069e 9C       		.byte	-100
 1722 069f 20       		.byte	32
 1723 06a0 AA       		.byte	-86
 1724 06a1 10       		.byte	16
 1725 06a2 B1       		.byte	-79
 1726 06a3 08       		.byte	8
 1727 06a4 C4       		.byte	-60
 1728 06a5 30       		.byte	48
 1729 06a6 DC       		.byte	-36
 1730 06a7 80       		.byte	-128
 1731 06a8 DE       		.byte	-34
 1732 06a9 20       		.byte	32
 1733 06aa E0       		.byte	-32
 1734 06ab 10       		.byte	16
 1735 06ac EA       		.byte	-22
 1736 06ad 80       		.byte	-128
 1737 06ae 12       		.byte	18
 1738 06af 80       		.byte	-128
 1739 06b0 13       		.byte	19
 1740 06b1 20       		.byte	32
 1741 06b2 14       		.byte	20
 1742 06b3 40       		.byte	64
 1743 06b4 72       		.byte	114
 1744 06b5 20       		.byte	32
 1745 06b6 7B       		.byte	123
 1746 06b7 08       		.byte	8
 1747 06b8 7F       		.byte	127
 1748 06b9 40       		.byte	64
 1749 06ba 82       		.byte	-126
 1750 06bb 80       		.byte	-128
 1751 06bc C4       		.byte	-60
 1752 06bd 0E       		.byte	14
 1753 06be DC       		.byte	-36
 1754 06bf 01       		.byte	1
 1755 06c0 DE       		.byte	-34
 1756 06c1 03       		.byte	3
 1757 06c2 12       		.byte	18
 1758 06c3 80       		.byte	-128
 1759 06c4 87       		.byte	-121
 1760 06c5 40       		.byte	64
 1761 06c6 8E       		.byte	-114
 1762 06c7 80       		.byte	-128
 1763 06c8 8F       		.byte	-113
 1764 06c9 08       		.byte	8
 1765 06ca 97       		.byte	-105
 1766 06cb 80       		.byte	-128
 1767 06cc A7       		.byte	-89
ARM GAS  C:\Users\acer\AppData\Local\Temp\ccQn6BdU.s 			page 32


 1768 06cd 08       		.byte	8
 1769 06ce AA       		.byte	-86
 1770 06cf 20       		.byte	32
 1771 06d0 AB       		.byte	-85
 1772 06d1 20       		.byte	32
 1773 06d2 B0       		.byte	-80
 1774 06d3 40       		.byte	64
 1775 06d4 C4       		.byte	-60
 1776 06d5 08       		.byte	8
 1777 06d6 E0       		.byte	-32
 1778 06d7 08       		.byte	8
 1779 06d8 E2       		.byte	-30
 1780 06d9 02       		.byte	2
 1781 06da EA       		.byte	-22
 1782 06db 01       		.byte	1
 1783 06dc 00       		.byte	0
 1784 06dd 07       		.byte	7
 1785 06de 0A       		.byte	10
 1786 06df 07       		.byte	7
 1787 06e0 0C       		.byte	12
 1788 06e1 03       		.byte	3
 1789 06e2 10       		.byte	16
 1790 06e3 03       		.byte	3
 1791 06e4 1C       		.byte	28
 1792 06e5 03       		.byte	3
 1793 06e6 00       		.byte	0
 1794 06e7 0F       		.byte	15
 1795 06e8 03       		.byte	3
 1796 06e9 C0       		.byte	-64
 1797 06ea 04       		.byte	4
 1798 06eb 3C       		.byte	60
 1799 06ec 00       		.byte	0
 1800 06ed B4       		.byte	-76
 1801 06ee FF       		.byte	-1
 1802 06ef 00       		.byte	0
 1803 06f0 7F       		.byte	127
 1804 06f1 94       		.byte	-108
 1805 06f2 80       		.byte	-128
 1806 06f3 20       		.byte	32
 1807 06f4 00       		.byte	0
 1808 06f5 08       		.byte	8
 1809 06f6 60       		.byte	96
 1810 06f7 75       		.byte	117
 1811 06f8 C0       		.byte	-64
 1812 06f9 34       		.byte	52
 1813 06fa 01       		.byte	1
 1814 06fb 80       		.byte	-128
 1815 06fc 90       		.byte	-112
 1816 06fd 4B       		.byte	75
 1817 06fe 40       		.byte	64
 1818 06ff 30       		.byte	48
 1819 0700 80       		.byte	-128
 1820 0701 80       		.byte	-128
 1821 0702 00       		.byte	0
 1822 0703 34       		.byte	52
 1823 0704 00       		.byte	0
 1824 0705 14       		.byte	20
ARM GAS  C:\Users\acer\AppData\Local\Temp\ccQn6BdU.s 			page 33


 1825 0706 9F       		.byte	-97
 1826 0707 00       		.byte	0
 1827 0708 1F       		.byte	31
 1828 0709 B4       		.byte	-76
 1829 070a 20       		.byte	32
 1830 070b 00       		.byte	0
 1831 070c C0       		.byte	-64
 1832 070d 3F       		.byte	63
 1833 070e 02       		.byte	2
 1834 070f 40       		.byte	64
 1835 0710 C0       		.byte	-64
 1836 0711 00       		.byte	0
 1837 0712 08       		.byte	8
 1838 0713 00       		.byte	0
 1839 0714 C0       		.byte	-64
 1840 0715 20       		.byte	32
 1841 0716 04       		.byte	4
 1842 0717 02       		.byte	2
 1843 0718 00       		.byte	0
 1844 0719 00       		.byte	0
 1845 071a 00       		.byte	0
 1846 071b 80       		.byte	-128
 1847 071c 00       		.byte	0
 1848 071d 78       		.byte	120
 1849 071e 00       		.byte	0
 1850 071f 80       		.byte	-128
 1851 0720 FF       		.byte	-1
 1852 0721 07       		.byte	7
 1853 0722 00       		.byte	0
 1854 0723 00       		.byte	0
 1855 0724 00       		.byte	0
 1856 0725 02       		.byte	2
 1857 0726 00       		.byte	0
 1858 0727 30       		.byte	48
 1859 0728 00       		.byte	0
 1860 0729 00       		.byte	0
 1861 072a 10       		.byte	16
 1862 072b 04       		.byte	4
 1863 072c 52       		.byte	82
 1864 072d 01       		.byte	1
 1865 072e 30       		.byte	48
 1866 072f 00       		.byte	0
 1867 0730 04       		.byte	4
 1868 0731 EB       		.byte	-21
 1869 0732 C0       		.byte	-64
 1870 0733 DF       		.byte	-33
 1871 0734 3B       		.byte	59
 1872 0735 FF       		.byte	-1
 1873 0736 FF       		.byte	-1
 1874 0737 FF       		.byte	-1
 1875 0738 22       		.byte	34
 1876 0739 00       		.byte	0
 1877 073a F0       		.byte	-16
 1878 073b 08       		.byte	8
 1879 073c 04       		.byte	4
 1880 073d 00       		.byte	0
 1881 073e 00       		.byte	0
ARM GAS  C:\Users\acer\AppData\Local\Temp\ccQn6BdU.s 			page 34


 1882 073f 00       		.byte	0
 1883 0740 00       		.byte	0
 1884 0741 00       		.byte	0
 1885 0742 02       		.byte	2
 1886 0743 20       		.byte	32
 1887 0744 04       		.byte	4
 1888 0745 04       		.byte	4
 1889 0746 04       		.byte	4
 1890 0747 04       		.byte	4
 1891 0748 00       		.byte	0
 1892 0749 00       		.byte	0
 1893 074a 00       		.byte	0
 1894 074b 01       		.byte	1
 1895 074c 00       		.byte	0
 1896 074d 00       		.byte	0
 1897 074e C0       		.byte	-64
 1898 074f 00       		.byte	0
 1899 0750 40       		.byte	64
 1900 0751 01       		.byte	1
 1901 0752 10       		.byte	16
 1902 0753 11       		.byte	17
 1903 0754 C0       		.byte	-64
 1904 0755 01       		.byte	1
 1905 0756 00       		.byte	0
 1906 0757 11       		.byte	17
 1907 0758 40       		.byte	64
 1908 0759 01       		.byte	1
 1909 075a 40       		.byte	64
 1910 075b 01       		.byte	1
 1911 075c 00       		.byte	0
 1912 075d 00       		.byte	0
 1913 075e 00       		.byte	0
 1914 075f 00       		.byte	0
 1915 0760 00       		.byte	0
 1916 0761 00       		.byte	0
 1917 0762 00       		.byte	0
 1918 0763 00       		.byte	0
 1919 0764 00       		.byte	0
 1920 0765 00       		.byte	0
 1921 0766 00       		.byte	0
 1922 0767 00       		.byte	0
 1923 0768 00       		.byte	0
 1924 0769 00       		.byte	0
 1925 076a 00       		.byte	0
 1926 076b 00       		.byte	0
 1927 076c 00       		.byte	0
 1928 076d 2D       		.byte	45
 1929 076e 00       		.byte	0
 1930 076f 00       		.byte	0
 1931 0770 24       		.byte	36
 1932 0771 00       		.byte	0
 1933 0772 10       		.byte	16
 1934 0773 00       		.byte	0
 1935 0774 C0       		.byte	-64
 1936 0775 12       		.byte	18
 1937 0776 00       		.byte	0
 1938 0777 48       		.byte	72
ARM GAS  C:\Users\acer\AppData\Local\Temp\ccQn6BdU.s 			page 35


 1939 0778 1C       		.byte	28
 1940 0779 0D       		.byte	13
 1941 077a 00       		.byte	0
 1942 077b 20       		.byte	32
 1943 077c 0C       		.byte	12
 1944 077d 00       		.byte	0
 1945 077e 10       		.byte	16
 1946 077f 00       		.byte	0
 1947 0780 08       		.byte	8
 1948 0781 02       		.byte	2
 1949 0782 00       		.byte	0
 1950 0783 0D       		.byte	13
 1951 0784 70       		.byte	112
 1952 0785 2D       		.byte	45
 1953 0786 0F       		.byte	15
 1954 0787 00       		.byte	0
 1955 0788 11       		.byte	17
 1956 0789 52       		.byte	82
 1957 078a 62       		.byte	98
 1958 078b 04       		.byte	4
 1959 078c 1C       		.byte	28
 1960 078d 11       		.byte	17
 1961 078e 00       		.byte	0
 1962 078f 42       		.byte	66
 1963 0790 10       		.byte	16
 1964 0791 00       		.byte	0
 1965 0792 0C       		.byte	12
 1966 0793 00       		.byte	0
 1967 0794 14       		.byte	20
 1968 0795 2D       		.byte	45
 1969 0796 08       		.byte	8
 1970 0797 00       		.byte	0
 1971 0798 21       		.byte	33
 1972 0799 2D       		.byte	45
 1973 079a 9E       		.byte	-98
 1974 079b 00       		.byte	0
 1975 079c 00       		.byte	0
 1976 079d 40       		.byte	64
 1977 079e 30       		.byte	48
 1978 079f 0F       		.byte	15
 1979 07a0 C1       		.byte	-63
 1980 07a1 20       		.byte	32
 1981 07a2 0F       		.byte	15
 1982 07a3 10       		.byte	16
 1983 07a4 20       		.byte	32
 1984 07a5 00       		.byte	0
 1985 07a6 08       		.byte	8
 1986 07a7 08       		.byte	8
 1987 07a8 00       		.byte	0
 1988 07a9 00       		.byte	0
 1989 07aa 00       		.byte	0
 1990 07ab 51       		.byte	81
 1991 07ac 02       		.byte	2
 1992 07ad 00       		.byte	0
 1993 07ae 00       		.byte	0
 1994 07af 00       		.byte	0
 1995 07b0 00       		.byte	0
ARM GAS  C:\Users\acer\AppData\Local\Temp\ccQn6BdU.s 			page 36


 1996 07b1 00       		.byte	0
 1997 07b2 00       		.byte	0
 1998 07b3 51       		.byte	81
 1999 07b4 30       		.byte	48
 2000 07b5 FF       		.byte	-1
 2001 07b6 07       		.byte	7
 2002 07b7 FF       		.byte	-1
 2003 07b8 40       		.byte	64
 2004 07b9 20       		.byte	32
 2005 07ba F0       		.byte	-16
 2006 07bb 05       		.byte	5
 2007 07bc 08       		.byte	8
 2008 07bd 00       		.byte	0
 2009 07be 00       		.byte	0
 2010 07bf 00       		.byte	0
 2011 07c0 09       		.byte	9
 2012 07c1 00       		.byte	0
 2013 07c2 00       		.byte	0
 2014 07c3 00       		.byte	0
 2015 07c4 04       		.byte	4
 2016 07c5 04       		.byte	4
 2017 07c6 04       		.byte	4
 2018 07c7 04       		.byte	4
 2019 07c8 00       		.byte	0
 2020 07c9 01       		.byte	1
 2021 07ca 00       		.byte	0
 2022 07cb 01       		.byte	1
 2023 07cc 40       		.byte	64
 2024 07cd A8       		.byte	-88
 2025 07ce 40       		.byte	64
 2026 07cf 20       		.byte	32
 2027 07d0 00       		.byte	0
 2028 07d1 00       		.byte	0
 2029 07d2 00       		.byte	0
 2030 07d3 00       		.byte	0
 2031 07d4 00       		.byte	0
 2032 07d5 00       		.byte	0
 2033 07d6 00       		.byte	0
 2034 07d7 00       		.byte	0
 2035 07d8 00       		.byte	0
 2036 07d9 00       		.byte	0
 2037 07da 00       		.byte	0
 2038 07db 00       		.byte	0
 2039 07dc 00       		.byte	0
 2040 07dd 00       		.byte	0
 2041 07de 00       		.byte	0
 2042 07df 00       		.byte	0
 2043 07e0 00       		.byte	0
 2044 07e1 00       		.byte	0
 2045 07e2 00       		.byte	0
 2046 07e3 00       		.byte	0
 2047 07e4 00       		.byte	0
 2048 07e5 00       		.byte	0
 2049 07e6 00       		.byte	0
 2050 07e7 00       		.byte	0
 2051 07e8 00       		.byte	0
 2052 07e9 00       		.byte	0
ARM GAS  C:\Users\acer\AppData\Local\Temp\ccQn6BdU.s 			page 37


 2053 07ea 00       		.byte	0
 2054 07eb 00       		.byte	0
 2055 07ec 00       		.byte	0
 2056 07ed FF       		.byte	-1
 2057 07ee FF       		.byte	-1
 2058 07ef 00       		.byte	0
 2059 07f0 FF       		.byte	-1
 2060 07f1 00       		.byte	0
 2061 07f2 00       		.byte	0
 2062 07f3 00       		.byte	0
 2063 07f4 83       		.byte	-125
 2064 07f5 00       		.byte	0
 2065 07f6 48       		.byte	72
 2066 07f7 83       		.byte	-125
 2067 07f8 80       		.byte	-128
 2068 07f9 00       		.byte	0
 2069 07fa 83       		.byte	-125
 2070 07fb 00       		.byte	0
 2071 07fc 00       		.byte	0
 2072 07fd 00       		.byte	0
 2073 07fe 00       		.byte	0
 2074 07ff 00       		.byte	0
 2075 0800 00       		.byte	0
 2076 0801 00       		.byte	0
 2077 0802 C4       		.byte	-60
 2078 0803 10       		.byte	16
 2079 0804 10       		.byte	16
 2080 0805 00       		.byte	0
 2081 0806 50       		.byte	80
 2082 0807 00       		.byte	0
 2083 0808 00       		.byte	0
 2084 0809 00       		.byte	0
 2085 080a 00       		.byte	0
 2086 080b 00       		.byte	0
 2087 080c 04       		.byte	4
 2088 080d 02       		.byte	2
 2089 080e 02       		.byte	2
 2090 080f 00       		.byte	0
 2091 0810 00       		.byte	0
 2092 0811 00       		.byte	0
 2093 0812 00       		.byte	0
 2094 0813 00       		.byte	0
 2095              		.section	.cywolatch,"a",%progbits
 2096              		.type	cy_meta_wonvl, %object
 2097              		.size	cy_meta_wonvl, 4
 2098              	cy_meta_wonvl:
 2099 0000 BC       		.byte	-68
 2100 0001 90       		.byte	-112
 2101 0002 AC       		.byte	-84
 2102 0003 AF       		.byte	-81
 2103              		.section	.cycustnvl,"a",%progbits
 2104              		.type	cy_meta_custnvl, %object
 2105              		.size	cy_meta_custnvl, 4
 2106              	cy_meta_custnvl:
 2107 0000 00       		.byte	0
 2108 0001 00       		.byte	0
 2109 0002 40       		.byte	64
ARM GAS  C:\Users\acer\AppData\Local\Temp\ccQn6BdU.s 			page 38


 2110 0003 05       		.byte	5
 2111              		.section	.cymeta,"a",%progbits
 2112              		.type	cy_metadata, %object
 2113              		.size	cy_metadata, 12
 2114              	cy_metadata:
 2115 0000 00       		.byte	0
 2116 0001 01       		.byte	1
 2117 0002 2E       		.byte	46
 2118 0003 16       		.byte	22
 2119 0004 10       		.byte	16
 2120 0005 69       		.byte	105
 2121 0006 00       		.byte	0
 2122 0007 01       		.byte	1
 2123 0008 00       		.byte	0
 2124 0009 00       		.byte	0
 2125 000a 00       		.byte	0
 2126 000b 00       		.byte	0
 2127              		.section	.cyflashprotect,"a",%progbits
 2128              		.type	cy_meta_flashprotect, %object
 2129              		.size	cy_meta_flashprotect, 256
 2130              	cy_meta_flashprotect:
 2131 0000 00000000 		.space	256
 2131      00000000 
 2131      00000000 
 2131      00000000 
 2131      00000000 
 2132              		.text
 2133              	.Letext0:
 2134              		.file 1 ".\\Generated_Source\\PSoC5\\cymetadata.c"
 2135              		.file 2 ".\\Generated_Source\\PSoC5\\cytypes.h"
 2136              		.section	.debug_info,"",%progbits
 2137              	.Ldebug_info0:
 2138 0000 3A010000 		.4byte	0x13a
 2139 0004 0400     		.2byte	0x4
 2140 0006 00000000 		.4byte	.Ldebug_abbrev0
 2141 000a 04       		.byte	0x4
 2142 000b 01       		.uleb128 0x1
 2143 000c 49010000 		.4byte	.LASF18
 2144 0010 01       		.byte	0x1
 2145 0011 00000000 		.4byte	.LASF19
 2146 0015 71000000 		.4byte	.LASF20
 2147 0019 00000000 		.4byte	.Ldebug_line0
 2148 001d 02       		.uleb128 0x2
 2149 001e 01       		.byte	0x1
 2150 001f 06       		.byte	0x6
 2151 0020 E0010000 		.4byte	.LASF0
 2152 0024 02       		.uleb128 0x2
 2153 0025 01       		.byte	0x1
 2154 0026 08       		.byte	0x8
 2155 0027 3E000000 		.4byte	.LASF1
 2156 002b 02       		.uleb128 0x2
 2157 002c 02       		.byte	0x2
 2158 002d 05       		.byte	0x5
 2159 002e 3F010000 		.4byte	.LASF2
 2160 0032 02       		.uleb128 0x2
 2161 0033 02       		.byte	0x2
 2162 0034 07       		.byte	0x7
ARM GAS  C:\Users\acer\AppData\Local\Temp\ccQn6BdU.s 			page 39


 2163 0035 5E000000 		.4byte	.LASF3
 2164 0039 02       		.uleb128 0x2
 2165 003a 04       		.byte	0x4
 2166 003b 05       		.byte	0x5
 2167 003c D7010000 		.4byte	.LASF4
 2168 0040 02       		.uleb128 0x2
 2169 0041 04       		.byte	0x4
 2170 0042 07       		.byte	0x7
 2171 0043 4C000000 		.4byte	.LASF5
 2172 0047 02       		.uleb128 0x2
 2173 0048 08       		.byte	0x8
 2174 0049 05       		.byte	0x5
 2175 004a 2C010000 		.4byte	.LASF6
 2176 004e 02       		.uleb128 0x2
 2177 004f 08       		.byte	0x8
 2178 0050 07       		.byte	0x7
 2179 0051 E9000000 		.4byte	.LASF7
 2180 0055 03       		.uleb128 0x3
 2181 0056 04       		.byte	0x4
 2182 0057 05       		.byte	0x5
 2183 0058 696E7400 		.ascii	"int\000"
 2184 005c 02       		.uleb128 0x2
 2185 005d 04       		.byte	0x4
 2186 005e 07       		.byte	0x7
 2187 005f DC000000 		.4byte	.LASF8
 2188 0063 04       		.uleb128 0x4
 2189 0064 38000000 		.4byte	.LASF21
 2190 0068 02       		.byte	0x2
 2191 0069 A1       		.byte	0xa1
 2192 006a 24000000 		.4byte	0x24
 2193 006e 02       		.uleb128 0x2
 2194 006f 04       		.byte	0x4
 2195 0070 04       		.byte	0x4
 2196 0071 32000000 		.4byte	.LASF9
 2197 0075 02       		.uleb128 0x2
 2198 0076 08       		.byte	0x8
 2199 0077 04       		.byte	0x4
 2200 0078 B3000000 		.4byte	.LASF10
 2201 007c 02       		.uleb128 0x2
 2202 007d 01       		.byte	0x1
 2203 007e 08       		.byte	0x8
 2204 007f 3A010000 		.4byte	.LASF11
 2205 0083 05       		.uleb128 0x5
 2206 0084 63000000 		.4byte	0x63
 2207 0088 94000000 		.4byte	0x94
 2208 008c 06       		.uleb128 0x6
 2209 008d 94000000 		.4byte	0x94
 2210 0091 1308     		.2byte	0x813
 2211 0093 00       		.byte	0
 2212 0094 02       		.uleb128 0x2
 2213 0095 04       		.byte	0x4
 2214 0096 07       		.byte	0x7
 2215 0097 23010000 		.4byte	.LASF12
 2216 009b 07       		.uleb128 0x7
 2217 009c CA000000 		.4byte	.LASF13
 2218 00a0 01       		.byte	0x1
 2219 00a1 1C       		.byte	0x1c
ARM GAS  C:\Users\acer\AppData\Local\Temp\ccQn6BdU.s 			page 40


 2220 00a2 AC000000 		.4byte	0xac
 2221 00a6 05       		.uleb128 0x5
 2222 00a7 03       		.byte	0x3
 2223 00a8 00000000 		.4byte	cy_meta_configecc
 2224 00ac 08       		.uleb128 0x8
 2225 00ad 83000000 		.4byte	0x83
 2226 00b1 05       		.uleb128 0x5
 2227 00b2 63000000 		.4byte	0x63
 2228 00b6 C1000000 		.4byte	0xc1
 2229 00ba 09       		.uleb128 0x9
 2230 00bb 94000000 		.4byte	0x94
 2231 00bf 03       		.byte	0x3
 2232 00c0 00       		.byte	0
 2233 00c1 0A       		.uleb128 0xa
 2234 00c2 BA000000 		.4byte	.LASF14
 2235 00c6 01       		.byte	0x1
 2236 00c7 2901     		.2byte	0x129
 2237 00c9 D3000000 		.4byte	0xd3
 2238 00cd 05       		.uleb128 0x5
 2239 00ce 03       		.byte	0x3
 2240 00cf 00000000 		.4byte	cy_meta_custnvl
 2241 00d3 08       		.uleb128 0x8
 2242 00d4 B1000000 		.4byte	0xb1
 2243 00d8 0A       		.uleb128 0xa
 2244 00d9 15010000 		.4byte	.LASF15
 2245 00dd 01       		.byte	0x1
 2246 00de 3401     		.2byte	0x134
 2247 00e0 EA000000 		.4byte	0xea
 2248 00e4 05       		.uleb128 0x5
 2249 00e5 03       		.byte	0x3
 2250 00e6 00000000 		.4byte	cy_meta_wonvl
 2251 00ea 08       		.uleb128 0x8
 2252 00eb B1000000 		.4byte	0xb1
 2253 00ef 05       		.uleb128 0x5
 2254 00f0 63000000 		.4byte	0x63
 2255 00f4 FF000000 		.4byte	0xff
 2256 00f8 09       		.uleb128 0x9
 2257 00f9 94000000 		.4byte	0x94
 2258 00fd FF       		.byte	0xff
 2259 00fe 00       		.byte	0
 2260 00ff 0A       		.uleb128 0xa
 2261 0100 00010000 		.4byte	.LASF16
 2262 0104 01       		.byte	0x1
 2263 0105 3F01     		.2byte	0x13f
 2264 0107 11010000 		.4byte	0x111
 2265 010b 05       		.uleb128 0x5
 2266 010c 03       		.byte	0x3
 2267 010d 00000000 		.4byte	cy_meta_flashprotect
 2268 0111 08       		.uleb128 0x8
 2269 0112 EF000000 		.4byte	0xef
 2270 0116 05       		.uleb128 0x5
 2271 0117 63000000 		.4byte	0x63
 2272 011b 26010000 		.4byte	0x126
 2273 011f 09       		.uleb128 0x9
 2274 0120 94000000 		.4byte	0x94
 2275 0124 0B       		.byte	0xb
 2276 0125 00       		.byte	0
ARM GAS  C:\Users\acer\AppData\Local\Temp\ccQn6BdU.s 			page 41


 2277 0126 0A       		.uleb128 0xa
 2278 0127 26000000 		.4byte	.LASF17
 2279 012b 01       		.byte	0x1
 2280 012c 6901     		.2byte	0x169
 2281 012e 38010000 		.4byte	0x138
 2282 0132 05       		.uleb128 0x5
 2283 0133 03       		.byte	0x3
 2284 0134 00000000 		.4byte	cy_metadata
 2285 0138 08       		.uleb128 0x8
 2286 0139 16010000 		.4byte	0x116
 2287 013d 00       		.byte	0
 2288              		.section	.debug_abbrev,"",%progbits
 2289              	.Ldebug_abbrev0:
 2290 0000 01       		.uleb128 0x1
 2291 0001 11       		.uleb128 0x11
 2292 0002 01       		.byte	0x1
 2293 0003 25       		.uleb128 0x25
 2294 0004 0E       		.uleb128 0xe
 2295 0005 13       		.uleb128 0x13
 2296 0006 0B       		.uleb128 0xb
 2297 0007 03       		.uleb128 0x3
 2298 0008 0E       		.uleb128 0xe
 2299 0009 1B       		.uleb128 0x1b
 2300 000a 0E       		.uleb128 0xe
 2301 000b 10       		.uleb128 0x10
 2302 000c 17       		.uleb128 0x17
 2303 000d 00       		.byte	0
 2304 000e 00       		.byte	0
 2305 000f 02       		.uleb128 0x2
 2306 0010 24       		.uleb128 0x24
 2307 0011 00       		.byte	0
 2308 0012 0B       		.uleb128 0xb
 2309 0013 0B       		.uleb128 0xb
 2310 0014 3E       		.uleb128 0x3e
 2311 0015 0B       		.uleb128 0xb
 2312 0016 03       		.uleb128 0x3
 2313 0017 0E       		.uleb128 0xe
 2314 0018 00       		.byte	0
 2315 0019 00       		.byte	0
 2316 001a 03       		.uleb128 0x3
 2317 001b 24       		.uleb128 0x24
 2318 001c 00       		.byte	0
 2319 001d 0B       		.uleb128 0xb
 2320 001e 0B       		.uleb128 0xb
 2321 001f 3E       		.uleb128 0x3e
 2322 0020 0B       		.uleb128 0xb
 2323 0021 03       		.uleb128 0x3
 2324 0022 08       		.uleb128 0x8
 2325 0023 00       		.byte	0
 2326 0024 00       		.byte	0
 2327 0025 04       		.uleb128 0x4
 2328 0026 16       		.uleb128 0x16
 2329 0027 00       		.byte	0
 2330 0028 03       		.uleb128 0x3
 2331 0029 0E       		.uleb128 0xe
 2332 002a 3A       		.uleb128 0x3a
 2333 002b 0B       		.uleb128 0xb
ARM GAS  C:\Users\acer\AppData\Local\Temp\ccQn6BdU.s 			page 42


 2334 002c 3B       		.uleb128 0x3b
 2335 002d 0B       		.uleb128 0xb
 2336 002e 49       		.uleb128 0x49
 2337 002f 13       		.uleb128 0x13
 2338 0030 00       		.byte	0
 2339 0031 00       		.byte	0
 2340 0032 05       		.uleb128 0x5
 2341 0033 01       		.uleb128 0x1
 2342 0034 01       		.byte	0x1
 2343 0035 49       		.uleb128 0x49
 2344 0036 13       		.uleb128 0x13
 2345 0037 01       		.uleb128 0x1
 2346 0038 13       		.uleb128 0x13
 2347 0039 00       		.byte	0
 2348 003a 00       		.byte	0
 2349 003b 06       		.uleb128 0x6
 2350 003c 21       		.uleb128 0x21
 2351 003d 00       		.byte	0
 2352 003e 49       		.uleb128 0x49
 2353 003f 13       		.uleb128 0x13
 2354 0040 2F       		.uleb128 0x2f
 2355 0041 05       		.uleb128 0x5
 2356 0042 00       		.byte	0
 2357 0043 00       		.byte	0
 2358 0044 07       		.uleb128 0x7
 2359 0045 34       		.uleb128 0x34
 2360 0046 00       		.byte	0
 2361 0047 03       		.uleb128 0x3
 2362 0048 0E       		.uleb128 0xe
 2363 0049 3A       		.uleb128 0x3a
 2364 004a 0B       		.uleb128 0xb
 2365 004b 3B       		.uleb128 0x3b
 2366 004c 0B       		.uleb128 0xb
 2367 004d 49       		.uleb128 0x49
 2368 004e 13       		.uleb128 0x13
 2369 004f 3F       		.uleb128 0x3f
 2370 0050 19       		.uleb128 0x19
 2371 0051 02       		.uleb128 0x2
 2372 0052 18       		.uleb128 0x18
 2373 0053 00       		.byte	0
 2374 0054 00       		.byte	0
 2375 0055 08       		.uleb128 0x8
 2376 0056 26       		.uleb128 0x26
 2377 0057 00       		.byte	0
 2378 0058 49       		.uleb128 0x49
 2379 0059 13       		.uleb128 0x13
 2380 005a 00       		.byte	0
 2381 005b 00       		.byte	0
 2382 005c 09       		.uleb128 0x9
 2383 005d 21       		.uleb128 0x21
 2384 005e 00       		.byte	0
 2385 005f 49       		.uleb128 0x49
 2386 0060 13       		.uleb128 0x13
 2387 0061 2F       		.uleb128 0x2f
 2388 0062 0B       		.uleb128 0xb
 2389 0063 00       		.byte	0
 2390 0064 00       		.byte	0
ARM GAS  C:\Users\acer\AppData\Local\Temp\ccQn6BdU.s 			page 43


 2391 0065 0A       		.uleb128 0xa
 2392 0066 34       		.uleb128 0x34
 2393 0067 00       		.byte	0
 2394 0068 03       		.uleb128 0x3
 2395 0069 0E       		.uleb128 0xe
 2396 006a 3A       		.uleb128 0x3a
 2397 006b 0B       		.uleb128 0xb
 2398 006c 3B       		.uleb128 0x3b
 2399 006d 05       		.uleb128 0x5
 2400 006e 49       		.uleb128 0x49
 2401 006f 13       		.uleb128 0x13
 2402 0070 3F       		.uleb128 0x3f
 2403 0071 19       		.uleb128 0x19
 2404 0072 02       		.uleb128 0x2
 2405 0073 18       		.uleb128 0x18
 2406 0074 00       		.byte	0
 2407 0075 00       		.byte	0
 2408 0076 00       		.byte	0
 2409              		.section	.debug_aranges,"",%progbits
 2410 0000 14000000 		.4byte	0x14
 2411 0004 0200     		.2byte	0x2
 2412 0006 00000000 		.4byte	.Ldebug_info0
 2413 000a 04       		.byte	0x4
 2414 000b 00       		.byte	0
 2415 000c 0000     		.2byte	0
 2416 000e 0000     		.2byte	0
 2417 0010 00000000 		.4byte	0
 2418 0014 00000000 		.4byte	0
 2419              		.section	.debug_line,"",%progbits
 2420              	.Ldebug_line0:
 2421 0000 4F000000 		.section	.debug_str,"MS",%progbits,1
 2421      02004900 
 2421      00000201 
 2421      FB0E0D00 
 2421      01010101 
 2422              	.LASF19:
 2423 0000 2E5C4765 		.ascii	".\\Generated_Source\\PSoC5\\cymetadata.c\000"
 2423      6E657261 
 2423      7465645F 
 2423      536F7572 
 2423      63655C50 
 2424              	.LASF17:
 2425 0026 63795F6D 		.ascii	"cy_metadata\000"
 2425      65746164 
 2425      61746100 
 2426              	.LASF9:
 2427 0032 666C6F61 		.ascii	"float\000"
 2427      7400
 2428              	.LASF21:
 2429 0038 75696E74 		.ascii	"uint8\000"
 2429      3800
 2430              	.LASF1:
 2431 003e 756E7369 		.ascii	"unsigned char\000"
 2431      676E6564 
 2431      20636861 
 2431      7200
 2432              	.LASF5:
ARM GAS  C:\Users\acer\AppData\Local\Temp\ccQn6BdU.s 			page 44


 2433 004c 6C6F6E67 		.ascii	"long unsigned int\000"
 2433      20756E73 
 2433      69676E65 
 2433      6420696E 
 2433      7400
 2434              	.LASF3:
 2435 005e 73686F72 		.ascii	"short unsigned int\000"
 2435      7420756E 
 2435      7369676E 
 2435      65642069 
 2435      6E7400
 2436              	.LASF20:
 2437 0071 433A5C55 		.ascii	"C:\\Users\\acer\\Desktop\\Saura-master\\2_Psoc\\Pla"
 2437      73657273 
 2437      5C616365 
 2437      725C4465 
 2437      736B746F 
 2438 009e 74666F72 		.ascii	"tform\\Design02.cydsn\000"
 2438      6D5C4465 
 2438      7369676E 
 2438      30322E63 
 2438      7964736E 
 2439              	.LASF10:
 2440 00b3 646F7562 		.ascii	"double\000"
 2440      6C6500
 2441              	.LASF14:
 2442 00ba 63795F6D 		.ascii	"cy_meta_custnvl\000"
 2442      6574615F 
 2442      63757374 
 2442      6E766C00 
 2443              	.LASF13:
 2444 00ca 63795F6D 		.ascii	"cy_meta_configecc\000"
 2444      6574615F 
 2444      636F6E66 
 2444      69676563 
 2444      6300
 2445              	.LASF8:
 2446 00dc 756E7369 		.ascii	"unsigned int\000"
 2446      676E6564 
 2446      20696E74 
 2446      00
 2447              	.LASF7:
 2448 00e9 6C6F6E67 		.ascii	"long long unsigned int\000"
 2448      206C6F6E 
 2448      6720756E 
 2448      7369676E 
 2448      65642069 
 2449              	.LASF16:
 2450 0100 63795F6D 		.ascii	"cy_meta_flashprotect\000"
 2450      6574615F 
 2450      666C6173 
 2450      6870726F 
 2450      74656374 
 2451              	.LASF15:
 2452 0115 63795F6D 		.ascii	"cy_meta_wonvl\000"
 2452      6574615F 
 2452      776F6E76 
ARM GAS  C:\Users\acer\AppData\Local\Temp\ccQn6BdU.s 			page 45


 2452      6C00
 2453              	.LASF12:
 2454 0123 73697A65 		.ascii	"sizetype\000"
 2454      74797065 
 2454      00
 2455              	.LASF6:
 2456 012c 6C6F6E67 		.ascii	"long long int\000"
 2456      206C6F6E 
 2456      6720696E 
 2456      7400
 2457              	.LASF11:
 2458 013a 63686172 		.ascii	"char\000"
 2458      00
 2459              	.LASF2:
 2460 013f 73686F72 		.ascii	"short int\000"
 2460      7420696E 
 2460      7400
 2461              	.LASF18:
 2462 0149 474E5520 		.ascii	"GNU C 4.9.3 20150303 (release) [ARM/embedded-4_9-br"
 2462      4320342E 
 2462      392E3320 
 2462      32303135 
 2462      30333033 
 2463 017c 616E6368 		.ascii	"anch revision 221220] -mcpu=cortex-m3 -mthumb -g -O"
 2463      20726576 
 2463      6973696F 
 2463      6E203232 
 2463      31323230 
 2464 01af 73202D66 		.ascii	"s -ffunction-sections -ffat-lto-objects\000"
 2464      66756E63 
 2464      74696F6E 
 2464      2D736563 
 2464      74696F6E 
 2465              	.LASF4:
 2466 01d7 6C6F6E67 		.ascii	"long int\000"
 2466      20696E74 
 2466      00
 2467              	.LASF0:
 2468 01e0 7369676E 		.ascii	"signed char\000"
 2468      65642063 
 2468      68617200 
 2469              		.ident	"GCC: (GNU Tools for ARM Embedded Processors) 4.9.3 20150303 (release) [ARM/embedded-4_9-br
