ARM GAS  C:\Users\acer\AppData\Local\Temp\cchJuIG2.s 			page 1


   1              		.syntax unified
   2              		.cpu cortex-m3
   3              		.fpu softvfp
   4              		.eabi_attribute 20, 1
   5              		.eabi_attribute 21, 1
   6              		.eabi_attribute 23, 3
   7              		.eabi_attribute 24, 1
   8              		.eabi_attribute 25, 1
   9              		.eabi_attribute 26, 1
  10              		.eabi_attribute 30, 4
  11              		.eabi_attribute 34, 1
  12              		.eabi_attribute 18, 4
  13              		.thumb
  14              		.file	"dio.c"
  15              		.text
  16              	.Ltext0:
  17              		.cfi_sections	.debug_frame
  18              		.section	.text.Api_Led_Control,"ax",%progbits
  19              		.align	1
  20              		.global	Api_Led_Control
  21              		.thumb
  22              		.thumb_func
  23              		.type	Api_Led_Control, %function
  24              	Api_Led_Control:
  25              	.LFB56:
  26              		.file 1 ".\\dio.c"
   1:.\dio.c       **** /* ========================================
   2:.\dio.c       ****  *
   3:.\dio.c       ****  * Copyright YOUR COMPANY, THE YEAR
   4:.\dio.c       ****  * All Rights Reserved
   5:.\dio.c       ****  * UNPUBLISHED, LICENSED SOFTWARE.
   6:.\dio.c       ****  *
   7:.\dio.c       ****  * CONFIDENTIAL AND PROPRIETARY INFORMATION
   8:.\dio.c       ****  * WHICH IS THE PROPERTY OF your company.
   9:.\dio.c       ****  *
  10:.\dio.c       ****  * ========================================
  11:.\dio.c       **** */
  12:.\dio.c       **** #include <project.h>
  13:.\dio.c       **** #include "common.h"
  14:.\dio.c       **** #include "dio.h"
  15:.\dio.c       **** // initialise values of dio 
  16:.\dio.c       **** Dio_Con DioCon={
  17:.\dio.c       ****     {LED_OFF},   // {,,,,}  if number of led or swith increases 
  18:.\dio.c       ****     {LED_OFF},
  19:.\dio.c       ****     {System_LED_Write},
  20:.\dio.c       ****     {System_LED_Read},
  21:.\dio.c       ****     {SWITCH_LOW},
  22:.\dio.c       ****     {SWITCH_LOW},
  23:.\dio.c       ****     {0},
  24:.\dio.c       ****     {System_Switch_Read}
  25:.\dio.c       **** };
  26:.\dio.c       **** 
  27:.\dio.c       **** void Api_Led_Control(_UBYTE led_no,_UBYTE led_status) //led_no = 0 to 7 , led_status= 0:OFF 1 =100m
  28:.\dio.c       **** {
  27              		.loc 1 28 0
  28              		.cfi_startproc
  29              		@ args = 0, pretend = 0, frame = 0
ARM GAS  C:\Users\acer\AppData\Local\Temp\cchJuIG2.s 			page 2


  30              		@ frame_needed = 0, uses_anonymous_args = 0
  31              		@ link register save eliminated.
  32              	.LVL0:
  29:.\dio.c       ****     if(led_no<MAX_LED)
  33              		.loc 1 29 0
  34 0000 08B9     		cbnz	r0, .L1
  30:.\dio.c       ****     {
  31:.\dio.c       ****        // DioCon.Led_u8_st_Led_Status_Comp[led_no]=led_status; // fo checking value
  32:.\dio.c       ****         DioCon.Led_u8_st_Led_Status[led_no]=led_status;// to be decremented
  35              		.loc 1 32 0
  36 0002 014B     		ldr	r3, .L4
  37 0004 5970     		strb	r1, [r3, #1]
  38              	.L1:
  39 0006 7047     		bx	lr
  40              	.L5:
  41              		.align	2
  42              	.L4:
  43 0008 00000000 		.word	.LANCHOR0
  44              		.cfi_endproc
  45              	.LFE56:
  46              		.size	Api_Led_Control, .-Api_Led_Control
  47              		.section	.text.Led_Manager,"ax",%progbits
  48              		.align	1
  49              		.global	Led_Manager
  50              		.thumb
  51              		.thumb_func
  52              		.type	Led_Manager, %function
  53              	Led_Manager:
  54              	.LFB57:
  33:.\dio.c       ****     }
  34:.\dio.c       **** }
  35:.\dio.c       **** 
  36:.\dio.c       **** // led manager manages led status of system
  37:.\dio.c       **** void Led_Manager(void) // call this every 200ms
  38:.\dio.c       **** {
  55              		.loc 1 38 0
  56              		.cfi_startproc
  57              		@ args = 0, pretend = 0, frame = 0
  58              		@ frame_needed = 0, uses_anonymous_args = 0
  59              	.LVL1:
  60 0000 10B5     		push	{r4, lr}
  61              		.cfi_def_cfa_offset 8
  62              		.cfi_offset 4, -8
  63              		.cfi_offset 14, -4
  39:.\dio.c       ****     _UBYTE u8_temp_led,led_no;
  40:.\dio.c       ****     for(led_no=0;led_no<MAX_LED;led_no++) // go throug all led status
  41:.\dio.c       ****     {
  42:.\dio.c       ****         if(DioCon.Led_u8_st_Led_Status[led_no]==LED_OFF)
  64              		.loc 1 42 0
  65 0002 0D4C     		ldr	r4, .L13
  66 0004 6078     		ldrb	r0, [r4, #1]	@ zero_extendqisi2
  67 0006 08B9     		cbnz	r0, .L7
  43:.\dio.c       ****         {
  44:.\dio.c       ****             // turn off led
  45:.\dio.c       ****             (*DioCon.led_write[led_no])(0);
  68              		.loc 1 45 0
  69 0008 6368     		ldr	r3, [r4, #4]
ARM GAS  C:\Users\acer\AppData\Local\Temp\cchJuIG2.s 			page 3


  70 000a 03E0     		b	.L11
  71              	.L7:
  46:.\dio.c       ****             
  47:.\dio.c       ****         }
  48:.\dio.c       ****         else if(DioCon.Led_u8_st_Led_Status[led_no]==LED_ON)
  72              		.loc 1 48 0
  73 000c FF28     		cmp	r0, #255
  74 000e 04D1     		bne	.L8
  49:.\dio.c       ****         {
  50:.\dio.c       ****             // turn On LED
  51:.\dio.c       ****            (*DioCon.led_write[led_no])(1);
  75              		.loc 1 51 0
  76 0010 6368     		ldr	r3, [r4, #4]
  77 0012 0120     		movs	r0, #1
  78              	.L11:
  52:.\dio.c       ****         }
  53:.\dio.c       ****         else // blink
  54:.\dio.c       ****         {
  55:.\dio.c       ****             if(DioCon.Led_u8_st_Led_Status_Comp[led_no]<=LED_BLINK)
  56:.\dio.c       ****             {
  57:.\dio.c       ****                 // toggel LED
  58:.\dio.c       ****                 u8_temp_led=(DioCon.led_read[led_no])();
  59:.\dio.c       ****                 (*DioCon.led_write[led_no])(!u8_temp_led);// port , pin , value
  60:.\dio.c       ****                 DioCon.Led_u8_st_Led_Status_Comp[led_no]=DioCon.Led_u8_st_Led_Status[led_no]; // re
  61:.\dio.c       ****             }
  62:.\dio.c       ****             else
  63:.\dio.c       ****             {
  64:.\dio.c       ****                 DioCon.Led_u8_st_Led_Status_Comp[led_no]--; // decrement count
  65:.\dio.c       ****             }
  66:.\dio.c       ****         }
  67:.\dio.c       **** 
  68:.\dio.c       ****     }
  69:.\dio.c       **** }
  79              		.loc 1 69 0
  80 0014 BDE81040 		pop	{r4, lr}
  81              		.cfi_remember_state
  82              		.cfi_restore 14
  83              		.cfi_restore 4
  84              		.cfi_def_cfa_offset 0
  51:.\dio.c       ****         }
  85              		.loc 1 51 0
  86 0018 1847     		bx	r3	@ indirect register sibling call
  87              	.LVL2:
  88              	.L8:
  89              		.cfi_restore_state
  55:.\dio.c       ****             {
  90              		.loc 1 55 0
  91 001a 2378     		ldrb	r3, [r4]	@ zero_extendqisi2
  92 001c 012B     		cmp	r3, #1
  93 001e 08D8     		bhi	.L9
  58:.\dio.c       ****                 (*DioCon.led_write[led_no])(!u8_temp_led);// port , pin , value
  94              		.loc 1 58 0
  95 0020 A368     		ldr	r3, [r4, #8]
  96 0022 9847     		blx	r3
  97              	.LVL3:
  59:.\dio.c       ****                 DioCon.Led_u8_st_Led_Status_Comp[led_no]=DioCon.Led_u8_st_Led_Status[led_no]; // re
  98              		.loc 1 59 0
ARM GAS  C:\Users\acer\AppData\Local\Temp\cchJuIG2.s 			page 4


  99 0024 B0FA80F0 		clz	r0, r0
 100              	.LVL4:
 101 0028 6368     		ldr	r3, [r4, #4]
 102 002a 4009     		lsrs	r0, r0, #5
 103 002c 9847     		blx	r3
 104              	.LVL5:
  60:.\dio.c       ****             }
 105              		.loc 1 60 0
 106 002e 6378     		ldrb	r3, [r4, #1]	@ zero_extendqisi2
 107 0030 00E0     		b	.L12
 108              	.L9:
  64:.\dio.c       ****             }
 109              		.loc 1 64 0
 110 0032 013B     		subs	r3, r3, #1
 111              	.L12:
 112 0034 2370     		strb	r3, [r4]
 113              	.LVL6:
 114 0036 10BD     		pop	{r4, pc}
 115              	.L14:
 116              		.align	2
 117              	.L13:
 118 0038 00000000 		.word	.LANCHOR0
 119              		.cfi_endproc
 120              	.LFE57:
 121              		.size	Led_Manager, .-Led_Manager
 122              		.section	.text.Switch_Manager,"ax",%progbits
 123              		.align	1
 124              		.global	Switch_Manager
 125              		.thumb
 126              		.thumb_func
 127              		.type	Switch_Manager, %function
 128              	Switch_Manager:
 129              	.LFB58:
  70:.\dio.c       **** //Switch_Manager manages switch debounig delays and update debouce switch status
  71:.\dio.c       **** void Switch_Manager(void)  // call this every 100ms
  72:.\dio.c       **** {
 130              		.loc 1 72 0
 131              		.cfi_startproc
 132              		@ args = 0, pretend = 0, frame = 0
 133              		@ frame_needed = 0, uses_anonymous_args = 0
 134              	.LVL7:
 135 0000 10B5     		push	{r4, lr}
 136              		.cfi_def_cfa_offset 8
 137              		.cfi_offset 4, -8
 138              		.cfi_offset 14, -4
  73:.\dio.c       ****     _UBYTE u8_st_temp_switch_ststus, switch_no;
  74:.\dio.c       ****     for(switch_no=0;switch_no<MAX_SWITCH;switch_no++) // go throug all led status
  75:.\dio.c       ****     {
  76:.\dio.c       ****        // read switch value
  77:.\dio.c       ****         u8_st_temp_switch_ststus=(*DioCon.switch_read[switch_no])();
 139              		.loc 1 77 0
 140 0002 094C     		ldr	r4, .L20
 141 0004 2369     		ldr	r3, [r4, #16]
 142 0006 9847     		blx	r3
 143              	.LVL8:
  78:.\dio.c       ****        // compare switch value with old value
  79:.\dio.c       ****         if(u8_st_temp_switch_ststus==DioCon.Switch_u8_st_Current_Status[switch_no])
ARM GAS  C:\Users\acer\AppData\Local\Temp\cchJuIG2.s 			page 5


 144              		.loc 1 79 0
 145 0008 237B     		ldrb	r3, [r4, #12]	@ zero_extendqisi2
 146 000a 8342     		cmp	r3, r0
 147 000c 2346     		mov	r3, r4
 148 000e 06D1     		bne	.L16
  80:.\dio.c       ****         {
  81:.\dio.c       ****             // if equal incerment debounce count
  82:.\dio.c       ****             if(DioCon.Switch_u8_st_Deb_Count[switch_no] == MAX_SWITCH_DEB_COUNT)  // if debunce cou
 149              		.loc 1 82 0
 150 0010 A27B     		ldrb	r2, [r4, #14]	@ zero_extendqisi2
 151 0012 032A     		cmp	r2, #3
 152 0014 01D1     		bne	.L17
  83:.\dio.c       ****             {
  84:.\dio.c       ****                 DioCon.Switch_u8_st_Stable_Status[switch_no]=DioCon.Switch_u8_st_Current_Status[swi
 153              		.loc 1 84 0
 154 0016 6073     		strb	r0, [r4, #13]
 155 0018 01E0     		b	.L16
 156              	.L17:
  85:.\dio.c       ****                 DioCon.Switch_u8_st_Deb_Count[switch_no]=0;// reset debounce count
  86:.\dio.c       ****             }
  87:.\dio.c       ****             else
  88:.\dio.c       ****             {
  89:.\dio.c       ****                 DioCon.Switch_u8_st_Deb_Count[switch_no]++;
 157              		.loc 1 89 0
 158 001a 0132     		adds	r2, r2, #1
 159 001c 00E0     		b	.L19
 160              	.L16:
  90:.\dio.c       ****             }
  91:.\dio.c       **** 
  92:.\dio.c       ****         }
  93:.\dio.c       ****         else
  94:.\dio.c       ****         {
  95:.\dio.c       ****             DioCon.Switch_u8_st_Deb_Count[switch_no]=0;  //if not equal reset debounce count
 161              		.loc 1 95 0
 162 001e 0022     		movs	r2, #0
 163              	.L19:
 164 0020 9A73     		strb	r2, [r3, #14]
  96:.\dio.c       ****         }
  97:.\dio.c       ****         // update old value
  98:.\dio.c       ****         DioCon.Switch_u8_st_Current_Status[switch_no]=u8_st_temp_switch_ststus;
 165              		.loc 1 98 0
 166 0022 1873     		strb	r0, [r3, #12]
 167              	.LVL9:
 168 0024 10BD     		pop	{r4, pc}
 169              	.L21:
 170 0026 00BF     		.align	2
 171              	.L20:
 172 0028 00000000 		.word	.LANCHOR0
 173              		.cfi_endproc
 174              	.LFE58:
 175              		.size	Switch_Manager, .-Switch_Manager
 176              		.section	.text.Api_Get_Switch_Status,"ax",%progbits
 177              		.align	1
 178              		.global	Api_Get_Switch_Status
 179              		.thumb
 180              		.thumb_func
 181              		.type	Api_Get_Switch_Status, %function
ARM GAS  C:\Users\acer\AppData\Local\Temp\cchJuIG2.s 			page 6


 182              	Api_Get_Switch_Status:
 183              	.LFB59:
  99:.\dio.c       ****     }
 100:.\dio.c       **** }
 101:.\dio.c       **** _UBYTE Api_Get_Switch_Status(_UBYTE switch_no)
 102:.\dio.c       **** {
 184              		.loc 1 102 0
 185              		.cfi_startproc
 186              		@ args = 0, pretend = 0, frame = 0
 187              		@ frame_needed = 0, uses_anonymous_args = 0
 188              		@ link register save eliminated.
 189              	.LVL10:
 103:.\dio.c       ****     // return stable switch status
 104:.\dio.c       ****     if(switch_no<MAX_SWITCH)
 190              		.loc 1 104 0
 191 0000 10B9     		cbnz	r0, .L24
 105:.\dio.c       ****     {
 106:.\dio.c       ****         return(DioCon.Switch_u8_st_Stable_Status[switch_no]);
 192              		.loc 1 106 0
 193 0002 024B     		ldr	r3, .L25
 194 0004 587B     		ldrb	r0, [r3, #13]	@ zero_extendqisi2
 195              	.LVL11:
 196 0006 7047     		bx	lr
 197              	.LVL12:
 198              	.L24:
 107:.\dio.c       ****     }
 108:.\dio.c       ****     else
 109:.\dio.c       ****     {
 110:.\dio.c       ****         return(0);
 199              		.loc 1 110 0
 200 0008 0020     		movs	r0, #0
 201              	.LVL13:
 111:.\dio.c       ****     }
 112:.\dio.c       **** }
 202              		.loc 1 112 0
 203 000a 7047     		bx	lr
 204              	.L26:
 205              		.align	2
 206              	.L25:
 207 000c 00000000 		.word	.LANCHOR0
 208              		.cfi_endproc
 209              	.LFE59:
 210              		.size	Api_Get_Switch_Status, .-Api_Get_Switch_Status
 211              		.global	DioCon
 212              		.data
 213              		.align	2
 214              		.set	.LANCHOR0,. + 0
 215              		.type	DioCon, %object
 216              		.size	DioCon, 20
 217              	DioCon:
 218 0000 00       		.byte	0
 219 0001 00       		.byte	0
 220 0002 0000     		.space	2
 221 0004 00000000 		.word	System_LED_Write
 222 0008 00000000 		.word	System_LED_Read
 223 000c 00       		.byte	0
 224 000d 00       		.byte	0
ARM GAS  C:\Users\acer\AppData\Local\Temp\cchJuIG2.s 			page 7


 225 000e 00       		.byte	0
 226 000f 00       		.space	1
 227 0010 00000000 		.word	System_Switch_Read
 228              		.text
 229              	.Letext0:
 230              		.file 2 "c:\\program files\\cypress\\psoc creator\\3.3\\psoc creator\\import\\gnu\\arm\\4.9.3\\arm
 231              		.file 3 "c:\\program files\\cypress\\psoc creator\\3.3\\psoc creator\\import\\gnu\\arm\\4.9.3\\arm
 232              		.file 4 ".\\type_def.h"
 233              		.file 5 ".\\dio.h"
 234              		.file 6 "Generated_Source\\PSoC5/core_cm3.h"
 235              		.section	.debug_info,"",%progbits
 236              	.Ldebug_info0:
 237 0000 6B020000 		.4byte	0x26b
 238 0004 0400     		.2byte	0x4
 239 0006 00000000 		.4byte	.Ldebug_abbrev0
 240 000a 04       		.byte	0x4
 241 000b 01       		.uleb128 0x1
 242 000c 33020000 		.4byte	.LASF36
 243 0010 01       		.byte	0x1
 244 0011 9F010000 		.4byte	.LASF37
 245 0015 28010000 		.4byte	.LASF38
 246 0019 00000000 		.4byte	.Ldebug_ranges0+0
 247 001d 00000000 		.4byte	0
 248 0021 00000000 		.4byte	.Ldebug_line0
 249 0025 02       		.uleb128 0x2
 250 0026 01       		.byte	0x1
 251 0027 06       		.byte	0x6
 252 0028 DA020000 		.4byte	.LASF0
 253 002c 02       		.uleb128 0x2
 254 002d 01       		.byte	0x1
 255 002e 08       		.byte	0x8
 256 002f 88000000 		.4byte	.LASF1
 257 0033 02       		.uleb128 0x2
 258 0034 02       		.byte	0x2
 259 0035 05       		.byte	0x5
 260 0036 29020000 		.4byte	.LASF2
 261 003a 02       		.uleb128 0x2
 262 003b 02       		.byte	0x2
 263 003c 07       		.byte	0x7
 264 003d 66000000 		.4byte	.LASF3
 265 0041 03       		.uleb128 0x3
 266 0042 51000000 		.4byte	.LASF9
 267 0046 02       		.byte	0x2
 268 0047 3F       		.byte	0x3f
 269 0048 4C000000 		.4byte	0x4c
 270 004c 02       		.uleb128 0x2
 271 004d 04       		.byte	0x4
 272 004e 05       		.byte	0x5
 273 004f D1020000 		.4byte	.LASF4
 274 0053 02       		.uleb128 0x2
 275 0054 04       		.byte	0x4
 276 0055 07       		.byte	0x7
 277 0056 B9000000 		.4byte	.LASF5
 278 005a 02       		.uleb128 0x2
 279 005b 08       		.byte	0x8
 280 005c 05       		.byte	0x5
 281 005d F7010000 		.4byte	.LASF6
ARM GAS  C:\Users\acer\AppData\Local\Temp\cchJuIG2.s 			page 8


 282 0061 02       		.uleb128 0x2
 283 0062 08       		.byte	0x8
 284 0063 07       		.byte	0x7
 285 0064 11010000 		.4byte	.LASF7
 286 0068 04       		.uleb128 0x4
 287 0069 04       		.byte	0x4
 288 006a 05       		.byte	0x5
 289 006b 696E7400 		.ascii	"int\000"
 290 006f 02       		.uleb128 0x2
 291 0070 04       		.byte	0x4
 292 0071 07       		.byte	0x7
 293 0072 FD000000 		.4byte	.LASF8
 294 0076 03       		.uleb128 0x3
 295 0077 DA010000 		.4byte	.LASF10
 296 007b 03       		.byte	0x3
 297 007c 2C       		.byte	0x2c
 298 007d 41000000 		.4byte	0x41
 299 0081 02       		.uleb128 0x2
 300 0082 04       		.byte	0x4
 301 0083 04       		.byte	0x4
 302 0084 79000000 		.4byte	.LASF11
 303 0088 02       		.uleb128 0x2
 304 0089 08       		.byte	0x8
 305 008a 04       		.byte	0x4
 306 008b EF000000 		.4byte	.LASF12
 307 008f 02       		.uleb128 0x2
 308 0090 01       		.byte	0x1
 309 0091 08       		.byte	0x8
 310 0092 05020000 		.4byte	.LASF13
 311 0096 02       		.uleb128 0x2
 312 0097 04       		.byte	0x4
 313 0098 07       		.byte	0x7
 314 0099 E2010000 		.4byte	.LASF14
 315 009d 03       		.uleb128 0x3
 316 009e 0A010000 		.4byte	.LASF15
 317 00a2 04       		.byte	0x4
 318 00a3 0F       		.byte	0xf
 319 00a4 2C000000 		.4byte	0x2c
 320 00a8 03       		.uleb128 0x3
 321 00a9 2B000000 		.4byte	.LASF16
 322 00ad 05       		.byte	0x5
 323 00ae 15       		.byte	0x15
 324 00af B3000000 		.4byte	0xb3
 325 00b3 05       		.uleb128 0x5
 326 00b4 04       		.byte	0x4
 327 00b5 B9000000 		.4byte	0xb9
 328 00b9 06       		.uleb128 0x6
 329 00ba C4000000 		.4byte	0xc4
 330 00be 07       		.uleb128 0x7
 331 00bf 9D000000 		.4byte	0x9d
 332 00c3 00       		.byte	0
 333 00c4 03       		.uleb128 0x3
 334 00c5 7F000000 		.4byte	.LASF17
 335 00c9 05       		.byte	0x5
 336 00ca 16       		.byte	0x16
 337 00cb CF000000 		.4byte	0xcf
 338 00cf 05       		.uleb128 0x5
ARM GAS  C:\Users\acer\AppData\Local\Temp\cchJuIG2.s 			page 9


 339 00d0 04       		.byte	0x4
 340 00d1 D5000000 		.4byte	0xd5
 341 00d5 08       		.uleb128 0x8
 342 00d6 9D000000 		.4byte	0x9d
 343 00da 09       		.uleb128 0x9
 344 00db 14       		.byte	0x14
 345 00dc 05       		.byte	0x5
 346 00dd 18       		.byte	0x18
 347 00de 43010000 		.4byte	0x143
 348 00e2 0A       		.uleb128 0xa
 349 00e3 C0010000 		.4byte	.LASF18
 350 00e7 05       		.byte	0x5
 351 00e8 1A       		.byte	0x1a
 352 00e9 43010000 		.4byte	0x143
 353 00ed 00       		.byte	0
 354 00ee 0A       		.uleb128 0xa
 355 00ef 14020000 		.4byte	.LASF19
 356 00f3 05       		.byte	0x5
 357 00f4 1B       		.byte	0x1b
 358 00f5 43010000 		.4byte	0x143
 359 00f9 01       		.byte	0x1
 360 00fa 0A       		.uleb128 0xa
 361 00fb E6020000 		.4byte	.LASF20
 362 00ff 05       		.byte	0x5
 363 0100 1C       		.byte	0x1c
 364 0101 63010000 		.4byte	0x163
 365 0105 04       		.byte	0x4
 366 0106 0A       		.uleb128 0xa
 367 0107 00000000 		.4byte	.LASF21
 368 010b 05       		.byte	0x5
 369 010c 1D       		.byte	0x1d
 370 010d 78010000 		.4byte	0x178
 371 0111 08       		.byte	0x8
 372 0112 0A       		.uleb128 0xa
 373 0113 35000000 		.4byte	.LASF22
 374 0117 05       		.byte	0x5
 375 0118 1F       		.byte	0x1f
 376 0119 43010000 		.4byte	0x143
 377 011d 0C       		.byte	0xc
 378 011e 0A       		.uleb128 0xa
 379 011f F7020000 		.4byte	.LASF23
 380 0123 05       		.byte	0x5
 381 0124 20       		.byte	0x20
 382 0125 43010000 		.4byte	0x143
 383 0129 0D       		.byte	0xd
 384 012a 0A       		.uleb128 0xa
 385 012b CB000000 		.4byte	.LASF24
 386 012f 05       		.byte	0x5
 387 0130 21       		.byte	0x21
 388 0131 43010000 		.4byte	0x143
 389 0135 0E       		.byte	0xe
 390 0136 0A       		.uleb128 0xa
 391 0137 1F000000 		.4byte	.LASF25
 392 013b 05       		.byte	0x5
 393 013c 22       		.byte	0x22
 394 013d 7D010000 		.4byte	0x17d
 395 0141 10       		.byte	0x10
ARM GAS  C:\Users\acer\AppData\Local\Temp\cchJuIG2.s 			page 10


 396 0142 00       		.byte	0
 397 0143 0B       		.uleb128 0xb
 398 0144 9D000000 		.4byte	0x9d
 399 0148 53010000 		.4byte	0x153
 400 014c 0C       		.uleb128 0xc
 401 014d 96000000 		.4byte	0x96
 402 0151 00       		.byte	0
 403 0152 00       		.byte	0
 404 0153 0B       		.uleb128 0xb
 405 0154 A8000000 		.4byte	0xa8
 406 0158 63010000 		.4byte	0x163
 407 015c 0C       		.uleb128 0xc
 408 015d 96000000 		.4byte	0x96
 409 0161 00       		.byte	0
 410 0162 00       		.byte	0
 411 0163 0D       		.uleb128 0xd
 412 0164 53010000 		.4byte	0x153
 413 0168 0B       		.uleb128 0xb
 414 0169 C4000000 		.4byte	0xc4
 415 016d 78010000 		.4byte	0x178
 416 0171 0C       		.uleb128 0xc
 417 0172 96000000 		.4byte	0x96
 418 0176 00       		.byte	0
 419 0177 00       		.byte	0
 420 0178 0D       		.uleb128 0xd
 421 0179 68010000 		.4byte	0x168
 422 017d 0D       		.uleb128 0xd
 423 017e 68010000 		.4byte	0x168
 424 0182 03       		.uleb128 0x3
 425 0183 A2000000 		.4byte	.LASF26
 426 0187 05       		.byte	0x5
 427 0188 23       		.byte	0x23
 428 0189 DA000000 		.4byte	0xda
 429 018d 0E       		.uleb128 0xe
 430 018e C1020000 		.4byte	.LASF30
 431 0192 01       		.byte	0x1
 432 0193 1B       		.byte	0x1b
 433 0194 00000000 		.4byte	.LFB56
 434 0198 0C000000 		.4byte	.LFE56-.LFB56
 435 019c 01       		.uleb128 0x1
 436 019d 9C       		.byte	0x9c
 437 019e BD010000 		.4byte	0x1bd
 438 01a2 0F       		.uleb128 0xf
 439 01a3 F0020000 		.4byte	.LASF27
 440 01a7 01       		.byte	0x1
 441 01a8 1B       		.byte	0x1b
 442 01a9 9D000000 		.4byte	0x9d
 443 01ad 01       		.uleb128 0x1
 444 01ae 50       		.byte	0x50
 445 01af 0F       		.uleb128 0xf
 446 01b0 5B000000 		.4byte	.LASF28
 447 01b4 01       		.byte	0x1
 448 01b5 1B       		.byte	0x1b
 449 01b6 9D000000 		.4byte	0x9d
 450 01ba 01       		.uleb128 0x1
 451 01bb 51       		.byte	0x51
 452 01bc 00       		.byte	0
ARM GAS  C:\Users\acer\AppData\Local\Temp\cchJuIG2.s 			page 11


 453 01bd 10       		.uleb128 0x10
 454 01be 96000000 		.4byte	.LASF39
 455 01c2 01       		.byte	0x1
 456 01c3 25       		.byte	0x25
 457 01c4 00000000 		.4byte	.LFB57
 458 01c8 3C000000 		.4byte	.LFE57-.LFB57
 459 01cc 01       		.uleb128 0x1
 460 01cd 9C       		.byte	0x9c
 461 01ce F1010000 		.4byte	0x1f1
 462 01d2 11       		.uleb128 0x11
 463 01d3 EB010000 		.4byte	.LASF29
 464 01d7 01       		.byte	0x1
 465 01d8 27       		.byte	0x27
 466 01d9 9D000000 		.4byte	0x9d
 467 01dd 00000000 		.4byte	.LLST0
 468 01e1 11       		.uleb128 0x11
 469 01e2 F0020000 		.4byte	.LASF27
 470 01e6 01       		.byte	0x1
 471 01e7 27       		.byte	0x27
 472 01e8 9D000000 		.4byte	0x9d
 473 01ec 13000000 		.4byte	.LLST1
 474 01f0 00       		.byte	0
 475 01f1 12       		.uleb128 0x12
 476 01f2 AA000000 		.4byte	.LASF31
 477 01f6 01       		.byte	0x1
 478 01f7 47       		.byte	0x47
 479 01f8 00000000 		.4byte	.LFB58
 480 01fc 2C000000 		.4byte	.LFE58-.LFB58
 481 0200 01       		.uleb128 0x1
 482 0201 9C       		.byte	0x9c
 483 0202 23020000 		.4byte	0x223
 484 0206 13       		.uleb128 0x13
 485 0207 A7010000 		.4byte	.LASF32
 486 020b 01       		.byte	0x1
 487 020c 49       		.byte	0x49
 488 020d 9D000000 		.4byte	0x9d
 489 0211 01       		.uleb128 0x1
 490 0212 50       		.byte	0x50
 491 0213 11       		.uleb128 0x11
 492 0214 0A020000 		.4byte	.LASF33
 493 0218 01       		.byte	0x1
 494 0219 49       		.byte	0x49
 495 021a 9D000000 		.4byte	0x9d
 496 021e 33000000 		.4byte	.LLST2
 497 0222 00       		.byte	0
 498 0223 14       		.uleb128 0x14
 499 0224 09000000 		.4byte	.LASF40
 500 0228 01       		.byte	0x1
 501 0229 65       		.byte	0x65
 502 022a 9D000000 		.4byte	0x9d
 503 022e 00000000 		.4byte	.LFB59
 504 0232 10000000 		.4byte	.LFE59-.LFB59
 505 0236 01       		.uleb128 0x1
 506 0237 9C       		.byte	0x9c
 507 0238 4C020000 		.4byte	0x24c
 508 023c 15       		.uleb128 0x15
 509 023d 0A020000 		.4byte	.LASF33
ARM GAS  C:\Users\acer\AppData\Local\Temp\cchJuIG2.s 			page 12


 510 0241 01       		.byte	0x1
 511 0242 65       		.byte	0x65
 512 0243 9D000000 		.4byte	0x9d
 513 0247 53000000 		.4byte	.LLST3
 514 024b 00       		.byte	0
 515 024c 16       		.uleb128 0x16
 516 024d E2000000 		.4byte	.LASF34
 517 0251 06       		.byte	0x6
 518 0252 1606     		.2byte	0x616
 519 0254 58020000 		.4byte	0x258
 520 0258 17       		.uleb128 0x17
 521 0259 76000000 		.4byte	0x76
 522 025d 18       		.uleb128 0x18
 523 025e F6000000 		.4byte	.LASF35
 524 0262 01       		.byte	0x1
 525 0263 10       		.byte	0x10
 526 0264 82010000 		.4byte	0x182
 527 0268 05       		.uleb128 0x5
 528 0269 03       		.byte	0x3
 529 026a 00000000 		.4byte	DioCon
 530 026e 00       		.byte	0
 531              		.section	.debug_abbrev,"",%progbits
 532              	.Ldebug_abbrev0:
 533 0000 01       		.uleb128 0x1
 534 0001 11       		.uleb128 0x11
 535 0002 01       		.byte	0x1
 536 0003 25       		.uleb128 0x25
 537 0004 0E       		.uleb128 0xe
 538 0005 13       		.uleb128 0x13
 539 0006 0B       		.uleb128 0xb
 540 0007 03       		.uleb128 0x3
 541 0008 0E       		.uleb128 0xe
 542 0009 1B       		.uleb128 0x1b
 543 000a 0E       		.uleb128 0xe
 544 000b 55       		.uleb128 0x55
 545 000c 17       		.uleb128 0x17
 546 000d 11       		.uleb128 0x11
 547 000e 01       		.uleb128 0x1
 548 000f 10       		.uleb128 0x10
 549 0010 17       		.uleb128 0x17
 550 0011 00       		.byte	0
 551 0012 00       		.byte	0
 552 0013 02       		.uleb128 0x2
 553 0014 24       		.uleb128 0x24
 554 0015 00       		.byte	0
 555 0016 0B       		.uleb128 0xb
 556 0017 0B       		.uleb128 0xb
 557 0018 3E       		.uleb128 0x3e
 558 0019 0B       		.uleb128 0xb
 559 001a 03       		.uleb128 0x3
 560 001b 0E       		.uleb128 0xe
 561 001c 00       		.byte	0
 562 001d 00       		.byte	0
 563 001e 03       		.uleb128 0x3
 564 001f 16       		.uleb128 0x16
 565 0020 00       		.byte	0
 566 0021 03       		.uleb128 0x3
ARM GAS  C:\Users\acer\AppData\Local\Temp\cchJuIG2.s 			page 13


 567 0022 0E       		.uleb128 0xe
 568 0023 3A       		.uleb128 0x3a
 569 0024 0B       		.uleb128 0xb
 570 0025 3B       		.uleb128 0x3b
 571 0026 0B       		.uleb128 0xb
 572 0027 49       		.uleb128 0x49
 573 0028 13       		.uleb128 0x13
 574 0029 00       		.byte	0
 575 002a 00       		.byte	0
 576 002b 04       		.uleb128 0x4
 577 002c 24       		.uleb128 0x24
 578 002d 00       		.byte	0
 579 002e 0B       		.uleb128 0xb
 580 002f 0B       		.uleb128 0xb
 581 0030 3E       		.uleb128 0x3e
 582 0031 0B       		.uleb128 0xb
 583 0032 03       		.uleb128 0x3
 584 0033 08       		.uleb128 0x8
 585 0034 00       		.byte	0
 586 0035 00       		.byte	0
 587 0036 05       		.uleb128 0x5
 588 0037 0F       		.uleb128 0xf
 589 0038 00       		.byte	0
 590 0039 0B       		.uleb128 0xb
 591 003a 0B       		.uleb128 0xb
 592 003b 49       		.uleb128 0x49
 593 003c 13       		.uleb128 0x13
 594 003d 00       		.byte	0
 595 003e 00       		.byte	0
 596 003f 06       		.uleb128 0x6
 597 0040 15       		.uleb128 0x15
 598 0041 01       		.byte	0x1
 599 0042 27       		.uleb128 0x27
 600 0043 19       		.uleb128 0x19
 601 0044 01       		.uleb128 0x1
 602 0045 13       		.uleb128 0x13
 603 0046 00       		.byte	0
 604 0047 00       		.byte	0
 605 0048 07       		.uleb128 0x7
 606 0049 05       		.uleb128 0x5
 607 004a 00       		.byte	0
 608 004b 49       		.uleb128 0x49
 609 004c 13       		.uleb128 0x13
 610 004d 00       		.byte	0
 611 004e 00       		.byte	0
 612 004f 08       		.uleb128 0x8
 613 0050 15       		.uleb128 0x15
 614 0051 00       		.byte	0
 615 0052 27       		.uleb128 0x27
 616 0053 19       		.uleb128 0x19
 617 0054 49       		.uleb128 0x49
 618 0055 13       		.uleb128 0x13
 619 0056 00       		.byte	0
 620 0057 00       		.byte	0
 621 0058 09       		.uleb128 0x9
 622 0059 13       		.uleb128 0x13
 623 005a 01       		.byte	0x1
ARM GAS  C:\Users\acer\AppData\Local\Temp\cchJuIG2.s 			page 14


 624 005b 0B       		.uleb128 0xb
 625 005c 0B       		.uleb128 0xb
 626 005d 3A       		.uleb128 0x3a
 627 005e 0B       		.uleb128 0xb
 628 005f 3B       		.uleb128 0x3b
 629 0060 0B       		.uleb128 0xb
 630 0061 01       		.uleb128 0x1
 631 0062 13       		.uleb128 0x13
 632 0063 00       		.byte	0
 633 0064 00       		.byte	0
 634 0065 0A       		.uleb128 0xa
 635 0066 0D       		.uleb128 0xd
 636 0067 00       		.byte	0
 637 0068 03       		.uleb128 0x3
 638 0069 0E       		.uleb128 0xe
 639 006a 3A       		.uleb128 0x3a
 640 006b 0B       		.uleb128 0xb
 641 006c 3B       		.uleb128 0x3b
 642 006d 0B       		.uleb128 0xb
 643 006e 49       		.uleb128 0x49
 644 006f 13       		.uleb128 0x13
 645 0070 38       		.uleb128 0x38
 646 0071 0B       		.uleb128 0xb
 647 0072 00       		.byte	0
 648 0073 00       		.byte	0
 649 0074 0B       		.uleb128 0xb
 650 0075 01       		.uleb128 0x1
 651 0076 01       		.byte	0x1
 652 0077 49       		.uleb128 0x49
 653 0078 13       		.uleb128 0x13
 654 0079 01       		.uleb128 0x1
 655 007a 13       		.uleb128 0x13
 656 007b 00       		.byte	0
 657 007c 00       		.byte	0
 658 007d 0C       		.uleb128 0xc
 659 007e 21       		.uleb128 0x21
 660 007f 00       		.byte	0
 661 0080 49       		.uleb128 0x49
 662 0081 13       		.uleb128 0x13
 663 0082 2F       		.uleb128 0x2f
 664 0083 0B       		.uleb128 0xb
 665 0084 00       		.byte	0
 666 0085 00       		.byte	0
 667 0086 0D       		.uleb128 0xd
 668 0087 26       		.uleb128 0x26
 669 0088 00       		.byte	0
 670 0089 49       		.uleb128 0x49
 671 008a 13       		.uleb128 0x13
 672 008b 00       		.byte	0
 673 008c 00       		.byte	0
 674 008d 0E       		.uleb128 0xe
 675 008e 2E       		.uleb128 0x2e
 676 008f 01       		.byte	0x1
 677 0090 3F       		.uleb128 0x3f
 678 0091 19       		.uleb128 0x19
 679 0092 03       		.uleb128 0x3
 680 0093 0E       		.uleb128 0xe
ARM GAS  C:\Users\acer\AppData\Local\Temp\cchJuIG2.s 			page 15


 681 0094 3A       		.uleb128 0x3a
 682 0095 0B       		.uleb128 0xb
 683 0096 3B       		.uleb128 0x3b
 684 0097 0B       		.uleb128 0xb
 685 0098 27       		.uleb128 0x27
 686 0099 19       		.uleb128 0x19
 687 009a 11       		.uleb128 0x11
 688 009b 01       		.uleb128 0x1
 689 009c 12       		.uleb128 0x12
 690 009d 06       		.uleb128 0x6
 691 009e 40       		.uleb128 0x40
 692 009f 18       		.uleb128 0x18
 693 00a0 9742     		.uleb128 0x2117
 694 00a2 19       		.uleb128 0x19
 695 00a3 01       		.uleb128 0x1
 696 00a4 13       		.uleb128 0x13
 697 00a5 00       		.byte	0
 698 00a6 00       		.byte	0
 699 00a7 0F       		.uleb128 0xf
 700 00a8 05       		.uleb128 0x5
 701 00a9 00       		.byte	0
 702 00aa 03       		.uleb128 0x3
 703 00ab 0E       		.uleb128 0xe
 704 00ac 3A       		.uleb128 0x3a
 705 00ad 0B       		.uleb128 0xb
 706 00ae 3B       		.uleb128 0x3b
 707 00af 0B       		.uleb128 0xb
 708 00b0 49       		.uleb128 0x49
 709 00b1 13       		.uleb128 0x13
 710 00b2 02       		.uleb128 0x2
 711 00b3 18       		.uleb128 0x18
 712 00b4 00       		.byte	0
 713 00b5 00       		.byte	0
 714 00b6 10       		.uleb128 0x10
 715 00b7 2E       		.uleb128 0x2e
 716 00b8 01       		.byte	0x1
 717 00b9 3F       		.uleb128 0x3f
 718 00ba 19       		.uleb128 0x19
 719 00bb 03       		.uleb128 0x3
 720 00bc 0E       		.uleb128 0xe
 721 00bd 3A       		.uleb128 0x3a
 722 00be 0B       		.uleb128 0xb
 723 00bf 3B       		.uleb128 0x3b
 724 00c0 0B       		.uleb128 0xb
 725 00c1 27       		.uleb128 0x27
 726 00c2 19       		.uleb128 0x19
 727 00c3 11       		.uleb128 0x11
 728 00c4 01       		.uleb128 0x1
 729 00c5 12       		.uleb128 0x12
 730 00c6 06       		.uleb128 0x6
 731 00c7 40       		.uleb128 0x40
 732 00c8 18       		.uleb128 0x18
 733 00c9 01       		.uleb128 0x1
 734 00ca 13       		.uleb128 0x13
 735 00cb 00       		.byte	0
 736 00cc 00       		.byte	0
 737 00cd 11       		.uleb128 0x11
ARM GAS  C:\Users\acer\AppData\Local\Temp\cchJuIG2.s 			page 16


 738 00ce 34       		.uleb128 0x34
 739 00cf 00       		.byte	0
 740 00d0 03       		.uleb128 0x3
 741 00d1 0E       		.uleb128 0xe
 742 00d2 3A       		.uleb128 0x3a
 743 00d3 0B       		.uleb128 0xb
 744 00d4 3B       		.uleb128 0x3b
 745 00d5 0B       		.uleb128 0xb
 746 00d6 49       		.uleb128 0x49
 747 00d7 13       		.uleb128 0x13
 748 00d8 02       		.uleb128 0x2
 749 00d9 17       		.uleb128 0x17
 750 00da 00       		.byte	0
 751 00db 00       		.byte	0
 752 00dc 12       		.uleb128 0x12
 753 00dd 2E       		.uleb128 0x2e
 754 00de 01       		.byte	0x1
 755 00df 3F       		.uleb128 0x3f
 756 00e0 19       		.uleb128 0x19
 757 00e1 03       		.uleb128 0x3
 758 00e2 0E       		.uleb128 0xe
 759 00e3 3A       		.uleb128 0x3a
 760 00e4 0B       		.uleb128 0xb
 761 00e5 3B       		.uleb128 0x3b
 762 00e6 0B       		.uleb128 0xb
 763 00e7 27       		.uleb128 0x27
 764 00e8 19       		.uleb128 0x19
 765 00e9 11       		.uleb128 0x11
 766 00ea 01       		.uleb128 0x1
 767 00eb 12       		.uleb128 0x12
 768 00ec 06       		.uleb128 0x6
 769 00ed 40       		.uleb128 0x40
 770 00ee 18       		.uleb128 0x18
 771 00ef 9642     		.uleb128 0x2116
 772 00f1 19       		.uleb128 0x19
 773 00f2 01       		.uleb128 0x1
 774 00f3 13       		.uleb128 0x13
 775 00f4 00       		.byte	0
 776 00f5 00       		.byte	0
 777 00f6 13       		.uleb128 0x13
 778 00f7 34       		.uleb128 0x34
 779 00f8 00       		.byte	0
 780 00f9 03       		.uleb128 0x3
 781 00fa 0E       		.uleb128 0xe
 782 00fb 3A       		.uleb128 0x3a
 783 00fc 0B       		.uleb128 0xb
 784 00fd 3B       		.uleb128 0x3b
 785 00fe 0B       		.uleb128 0xb
 786 00ff 49       		.uleb128 0x49
 787 0100 13       		.uleb128 0x13
 788 0101 02       		.uleb128 0x2
 789 0102 18       		.uleb128 0x18
 790 0103 00       		.byte	0
 791 0104 00       		.byte	0
 792 0105 14       		.uleb128 0x14
 793 0106 2E       		.uleb128 0x2e
 794 0107 01       		.byte	0x1
ARM GAS  C:\Users\acer\AppData\Local\Temp\cchJuIG2.s 			page 17


 795 0108 3F       		.uleb128 0x3f
 796 0109 19       		.uleb128 0x19
 797 010a 03       		.uleb128 0x3
 798 010b 0E       		.uleb128 0xe
 799 010c 3A       		.uleb128 0x3a
 800 010d 0B       		.uleb128 0xb
 801 010e 3B       		.uleb128 0x3b
 802 010f 0B       		.uleb128 0xb
 803 0110 27       		.uleb128 0x27
 804 0111 19       		.uleb128 0x19
 805 0112 49       		.uleb128 0x49
 806 0113 13       		.uleb128 0x13
 807 0114 11       		.uleb128 0x11
 808 0115 01       		.uleb128 0x1
 809 0116 12       		.uleb128 0x12
 810 0117 06       		.uleb128 0x6
 811 0118 40       		.uleb128 0x40
 812 0119 18       		.uleb128 0x18
 813 011a 9742     		.uleb128 0x2117
 814 011c 19       		.uleb128 0x19
 815 011d 01       		.uleb128 0x1
 816 011e 13       		.uleb128 0x13
 817 011f 00       		.byte	0
 818 0120 00       		.byte	0
 819 0121 15       		.uleb128 0x15
 820 0122 05       		.uleb128 0x5
 821 0123 00       		.byte	0
 822 0124 03       		.uleb128 0x3
 823 0125 0E       		.uleb128 0xe
 824 0126 3A       		.uleb128 0x3a
 825 0127 0B       		.uleb128 0xb
 826 0128 3B       		.uleb128 0x3b
 827 0129 0B       		.uleb128 0xb
 828 012a 49       		.uleb128 0x49
 829 012b 13       		.uleb128 0x13
 830 012c 02       		.uleb128 0x2
 831 012d 17       		.uleb128 0x17
 832 012e 00       		.byte	0
 833 012f 00       		.byte	0
 834 0130 16       		.uleb128 0x16
 835 0131 34       		.uleb128 0x34
 836 0132 00       		.byte	0
 837 0133 03       		.uleb128 0x3
 838 0134 0E       		.uleb128 0xe
 839 0135 3A       		.uleb128 0x3a
 840 0136 0B       		.uleb128 0xb
 841 0137 3B       		.uleb128 0x3b
 842 0138 05       		.uleb128 0x5
 843 0139 49       		.uleb128 0x49
 844 013a 13       		.uleb128 0x13
 845 013b 3F       		.uleb128 0x3f
 846 013c 19       		.uleb128 0x19
 847 013d 3C       		.uleb128 0x3c
 848 013e 19       		.uleb128 0x19
 849 013f 00       		.byte	0
 850 0140 00       		.byte	0
 851 0141 17       		.uleb128 0x17
ARM GAS  C:\Users\acer\AppData\Local\Temp\cchJuIG2.s 			page 18


 852 0142 35       		.uleb128 0x35
 853 0143 00       		.byte	0
 854 0144 49       		.uleb128 0x49
 855 0145 13       		.uleb128 0x13
 856 0146 00       		.byte	0
 857 0147 00       		.byte	0
 858 0148 18       		.uleb128 0x18
 859 0149 34       		.uleb128 0x34
 860 014a 00       		.byte	0
 861 014b 03       		.uleb128 0x3
 862 014c 0E       		.uleb128 0xe
 863 014d 3A       		.uleb128 0x3a
 864 014e 0B       		.uleb128 0xb
 865 014f 3B       		.uleb128 0x3b
 866 0150 0B       		.uleb128 0xb
 867 0151 49       		.uleb128 0x49
 868 0152 13       		.uleb128 0x13
 869 0153 3F       		.uleb128 0x3f
 870 0154 19       		.uleb128 0x19
 871 0155 02       		.uleb128 0x2
 872 0156 18       		.uleb128 0x18
 873 0157 00       		.byte	0
 874 0158 00       		.byte	0
 875 0159 00       		.byte	0
 876              		.section	.debug_loc,"",%progbits
 877              	.Ldebug_loc0:
 878              	.LLST0:
 879 0000 24000000 		.4byte	.LVL3
 880 0004 28000000 		.4byte	.LVL4
 881 0008 0100     		.2byte	0x1
 882 000a 50       		.byte	0x50
 883 000b 00000000 		.4byte	0
 884 000f 00000000 		.4byte	0
 885              	.LLST1:
 886 0013 00000000 		.4byte	.LVL1
 887 0017 36000000 		.4byte	.LVL6
 888 001b 0200     		.2byte	0x2
 889 001d 30       		.byte	0x30
 890 001e 9F       		.byte	0x9f
 891 001f 36000000 		.4byte	.LVL6
 892 0023 3C000000 		.4byte	.LFE57
 893 0027 0200     		.2byte	0x2
 894 0029 31       		.byte	0x31
 895 002a 9F       		.byte	0x9f
 896 002b 00000000 		.4byte	0
 897 002f 00000000 		.4byte	0
 898              	.LLST2:
 899 0033 00000000 		.4byte	.LVL7
 900 0037 24000000 		.4byte	.LVL9
 901 003b 0200     		.2byte	0x2
 902 003d 30       		.byte	0x30
 903 003e 9F       		.byte	0x9f
 904 003f 24000000 		.4byte	.LVL9
 905 0043 2C000000 		.4byte	.LFE58
 906 0047 0200     		.2byte	0x2
 907 0049 31       		.byte	0x31
 908 004a 9F       		.byte	0x9f
ARM GAS  C:\Users\acer\AppData\Local\Temp\cchJuIG2.s 			page 19


 909 004b 00000000 		.4byte	0
 910 004f 00000000 		.4byte	0
 911              	.LLST3:
 912 0053 00000000 		.4byte	.LVL10
 913 0057 06000000 		.4byte	.LVL11
 914 005b 0100     		.2byte	0x1
 915 005d 50       		.byte	0x50
 916 005e 06000000 		.4byte	.LVL11
 917 0062 08000000 		.4byte	.LVL12
 918 0066 0400     		.2byte	0x4
 919 0068 F3       		.byte	0xf3
 920 0069 01       		.uleb128 0x1
 921 006a 50       		.byte	0x50
 922 006b 9F       		.byte	0x9f
 923 006c 08000000 		.4byte	.LVL12
 924 0070 0A000000 		.4byte	.LVL13
 925 0074 0100     		.2byte	0x1
 926 0076 50       		.byte	0x50
 927 0077 0A000000 		.4byte	.LVL13
 928 007b 10000000 		.4byte	.LFE59
 929 007f 0400     		.2byte	0x4
 930 0081 F3       		.byte	0xf3
 931 0082 01       		.uleb128 0x1
 932 0083 50       		.byte	0x50
 933 0084 9F       		.byte	0x9f
 934 0085 00000000 		.4byte	0
 935 0089 00000000 		.4byte	0
 936              		.section	.debug_aranges,"",%progbits
 937 0000 34000000 		.4byte	0x34
 938 0004 0200     		.2byte	0x2
 939 0006 00000000 		.4byte	.Ldebug_info0
 940 000a 04       		.byte	0x4
 941 000b 00       		.byte	0
 942 000c 0000     		.2byte	0
 943 000e 0000     		.2byte	0
 944 0010 00000000 		.4byte	.LFB56
 945 0014 0C000000 		.4byte	.LFE56-.LFB56
 946 0018 00000000 		.4byte	.LFB57
 947 001c 3C000000 		.4byte	.LFE57-.LFB57
 948 0020 00000000 		.4byte	.LFB58
 949 0024 2C000000 		.4byte	.LFE58-.LFB58
 950 0028 00000000 		.4byte	.LFB59
 951 002c 10000000 		.4byte	.LFE59-.LFB59
 952 0030 00000000 		.4byte	0
 953 0034 00000000 		.4byte	0
 954              		.section	.debug_ranges,"",%progbits
 955              	.Ldebug_ranges0:
 956 0000 00000000 		.4byte	.LFB56
 957 0004 0C000000 		.4byte	.LFE56
 958 0008 00000000 		.4byte	.LFB57
 959 000c 3C000000 		.4byte	.LFE57
 960 0010 00000000 		.4byte	.LFB58
 961 0014 2C000000 		.4byte	.LFE58
 962 0018 00000000 		.4byte	.LFB59
 963 001c 10000000 		.4byte	.LFE59
 964 0020 00000000 		.4byte	0
 965 0024 00000000 		.4byte	0
ARM GAS  C:\Users\acer\AppData\Local\Temp\cchJuIG2.s 			page 20


 966              		.section	.debug_line,"",%progbits
 967              	.Ldebug_line0:
 968 0000 AA010000 		.section	.debug_str,"MS",%progbits,1
 968      02004A01 
 968      00000201 
 968      FB0E0D00 
 968      01010101 
 969              	.LASF21:
 970 0000 6C65645F 		.ascii	"led_read\000"
 970      72656164 
 970      00
 971              	.LASF40:
 972 0009 4170695F 		.ascii	"Api_Get_Switch_Status\000"
 972      4765745F 
 972      53776974 
 972      63685F53 
 972      74617475 
 973              	.LASF25:
 974 001f 73776974 		.ascii	"switch_read\000"
 974      63685F72 
 974      65616400 
 975              	.LASF16:
 976 002b 64696F5F 		.ascii	"dio_write\000"
 976      77726974 
 976      6500
 977              	.LASF22:
 978 0035 53776974 		.ascii	"Switch_u8_st_Current_Status\000"
 978      63685F75 
 978      385F7374 
 978      5F437572 
 978      72656E74 
 979              	.LASF9:
 980 0051 5F5F696E 		.ascii	"__int32_t\000"
 980      7433325F 
 980      7400
 981              	.LASF28:
 982 005b 6C65645F 		.ascii	"led_status\000"
 982      73746174 
 982      757300
 983              	.LASF3:
 984 0066 73686F72 		.ascii	"short unsigned int\000"
 984      7420756E 
 984      7369676E 
 984      65642069 
 984      6E7400
 985              	.LASF11:
 986 0079 666C6F61 		.ascii	"float\000"
 986      7400
 987              	.LASF17:
 988 007f 64696F5F 		.ascii	"dio_read\000"
 988      72656164 
 988      00
 989              	.LASF1:
 990 0088 756E7369 		.ascii	"unsigned char\000"
 990      676E6564 
 990      20636861 
 990      7200
ARM GAS  C:\Users\acer\AppData\Local\Temp\cchJuIG2.s 			page 21


 991              	.LASF39:
 992 0096 4C65645F 		.ascii	"Led_Manager\000"
 992      4D616E61 
 992      67657200 
 993              	.LASF26:
 994 00a2 44696F5F 		.ascii	"Dio_Con\000"
 994      436F6E00 
 995              	.LASF31:
 996 00aa 53776974 		.ascii	"Switch_Manager\000"
 996      63685F4D 
 996      616E6167 
 996      657200
 997              	.LASF5:
 998 00b9 6C6F6E67 		.ascii	"long unsigned int\000"
 998      20756E73 
 998      69676E65 
 998      6420696E 
 998      7400
 999              	.LASF24:
 1000 00cb 53776974 		.ascii	"Switch_u8_st_Deb_Count\000"
 1000      63685F75 
 1000      385F7374 
 1000      5F446562 
 1000      5F436F75 
 1001              	.LASF34:
 1002 00e2 49544D5F 		.ascii	"ITM_RxBuffer\000"
 1002      52784275 
 1002      66666572 
 1002      00
 1003              	.LASF12:
 1004 00ef 646F7562 		.ascii	"double\000"
 1004      6C6500
 1005              	.LASF35:
 1006 00f6 44696F43 		.ascii	"DioCon\000"
 1006      6F6E00
 1007              	.LASF8:
 1008 00fd 756E7369 		.ascii	"unsigned int\000"
 1008      676E6564 
 1008      20696E74 
 1008      00
 1009              	.LASF15:
 1010 010a 5F554259 		.ascii	"_UBYTE\000"
 1010      544500
 1011              	.LASF7:
 1012 0111 6C6F6E67 		.ascii	"long long unsigned int\000"
 1012      206C6F6E 
 1012      6720756E 
 1012      7369676E 
 1012      65642069 
 1013              	.LASF38:
 1014 0128 443A5C53 		.ascii	"D:\\START_UP\\COMPANY_STARTUP\\3_platform_based_dev"
 1014      54415254 
 1014      5F55505C 
 1014      434F4D50 
 1014      414E595F 
 1015 0158 656C6F70 		.ascii	"elopments\\PSOC_PROJECTS\\platform\\platform\\Psoc_"
 1015      6D656E74 
ARM GAS  C:\Users\acer\AppData\Local\Temp\cchJuIG2.s 			page 22


 1015      735C5053 
 1015      4F435F50 
 1015      524F4A45 
 1016 0187 506C6174 		.ascii	"Platform\\Design02.cydsn\000"
 1016      666F726D 
 1016      5C446573 
 1016      69676E30 
 1016      322E6379 
 1017              	.LASF37:
 1018 019f 2E5C6469 		.ascii	".\\dio.c\000"
 1018      6F2E6300 
 1019              	.LASF32:
 1020 01a7 75385F73 		.ascii	"u8_st_temp_switch_ststus\000"
 1020      745F7465 
 1020      6D705F73 
 1020      77697463 
 1020      685F7374 
 1021              	.LASF18:
 1022 01c0 4C65645F 		.ascii	"Led_u8_st_Led_Status_Comp\000"
 1022      75385F73 
 1022      745F4C65 
 1022      645F5374 
 1022      61747573 
 1023              	.LASF10:
 1024 01da 696E7433 		.ascii	"int32_t\000"
 1024      325F7400 
 1025              	.LASF14:
 1026 01e2 73697A65 		.ascii	"sizetype\000"
 1026      74797065 
 1026      00
 1027              	.LASF29:
 1028 01eb 75385F74 		.ascii	"u8_temp_led\000"
 1028      656D705F 
 1028      6C656400 
 1029              	.LASF6:
 1030 01f7 6C6F6E67 		.ascii	"long long int\000"
 1030      206C6F6E 
 1030      6720696E 
 1030      7400
 1031              	.LASF13:
 1032 0205 63686172 		.ascii	"char\000"
 1032      00
 1033              	.LASF33:
 1034 020a 73776974 		.ascii	"switch_no\000"
 1034      63685F6E 
 1034      6F00
 1035              	.LASF19:
 1036 0214 4C65645F 		.ascii	"Led_u8_st_Led_Status\000"
 1036      75385F73 
 1036      745F4C65 
 1036      645F5374 
 1036      61747573 
 1037              	.LASF2:
 1038 0229 73686F72 		.ascii	"short int\000"
 1038      7420696E 
 1038      7400
 1039              	.LASF36:
ARM GAS  C:\Users\acer\AppData\Local\Temp\cchJuIG2.s 			page 23


 1040 0233 474E5520 		.ascii	"GNU C 4.9.3 20150303 (release) [ARM/embedded-4_9-br"
 1040      4320342E 
 1040      392E3320 
 1040      32303135 
 1040      30333033 
 1041 0266 616E6368 		.ascii	"anch revision 221220] -mcpu=cortex-m3 -mthumb -g -O"
 1041      20726576 
 1041      6973696F 
 1041      6E203232 
 1041      31323230 
 1042 0299 73202D66 		.ascii	"s -ffunction-sections -ffat-lto-objects\000"
 1042      66756E63 
 1042      74696F6E 
 1042      2D736563 
 1042      74696F6E 
 1043              	.LASF30:
 1044 02c1 4170695F 		.ascii	"Api_Led_Control\000"
 1044      4C65645F 
 1044      436F6E74 
 1044      726F6C00 
 1045              	.LASF4:
 1046 02d1 6C6F6E67 		.ascii	"long int\000"
 1046      20696E74 
 1046      00
 1047              	.LASF0:
 1048 02da 7369676E 		.ascii	"signed char\000"
 1048      65642063 
 1048      68617200 
 1049              	.LASF20:
 1050 02e6 6C65645F 		.ascii	"led_write\000"
 1050      77726974 
 1050      6500
 1051              	.LASF27:
 1052 02f0 6C65645F 		.ascii	"led_no\000"
 1052      6E6F00
 1053              	.LASF23:
 1054 02f7 53776974 		.ascii	"Switch_u8_st_Stable_Status\000"
 1054      63685F75 
 1054      385F7374 
 1054      5F537461 
 1054      626C655F 
 1055              		.ident	"GCC: (GNU Tools for ARM Embedded Processors) 4.9.3 20150303 (release) [ARM/embedded-4_9-br
