ARM GAS  C:\Users\acer\AppData\Local\Temp\ccjP9iut.s 			page 1


   1              		.syntax unified
   2              		.cpu cortex-m3
   3              		.fpu softvfp
   4              		.eabi_attribute 20, 1
   5              		.eabi_attribute 21, 1
   6              		.eabi_attribute 23, 3
   7              		.eabi_attribute 24, 1
   8              		.eabi_attribute 25, 1
   9              		.eabi_attribute 26, 1
  10              		.eabi_attribute 30, 4
  11              		.eabi_attribute 34, 1
  12              		.eabi_attribute 18, 4
  13              		.thumb
  14              		.file	"emFile_1_SPI0_PM.c"
  15              		.text
  16              	.Ltext0:
  17              		.cfi_sections	.debug_frame
  18              		.section	.text.emFile_1_SPI0_SaveConfig,"ax",%progbits
  19              		.align	1
  20              		.global	emFile_1_SPI0_SaveConfig
  21              		.thumb
  22              		.thumb_func
  23              		.type	emFile_1_SPI0_SaveConfig, %function
  24              	emFile_1_SPI0_SaveConfig:
  25              	.LFB0:
  26              		.file 1 ".\\Generated_Source\\PSoC5\\emFile_1_SPI0_PM.c"
   1:.\Generated_Source\PSoC5/emFile_1_SPI0_PM.c **** /*******************************************************************************
   2:.\Generated_Source\PSoC5/emFile_1_SPI0_PM.c **** * File Name: emFile_1_SPI0_PM.c
   3:.\Generated_Source\PSoC5/emFile_1_SPI0_PM.c **** * Version 2.40
   4:.\Generated_Source\PSoC5/emFile_1_SPI0_PM.c **** *
   5:.\Generated_Source\PSoC5/emFile_1_SPI0_PM.c **** * Description:
   6:.\Generated_Source\PSoC5/emFile_1_SPI0_PM.c **** *  This file contains the setup, control and status commands to support
   7:.\Generated_Source\PSoC5/emFile_1_SPI0_PM.c **** *  component operations in low power mode.
   8:.\Generated_Source\PSoC5/emFile_1_SPI0_PM.c **** *
   9:.\Generated_Source\PSoC5/emFile_1_SPI0_PM.c **** * Note:
  10:.\Generated_Source\PSoC5/emFile_1_SPI0_PM.c **** *
  11:.\Generated_Source\PSoC5/emFile_1_SPI0_PM.c **** ********************************************************************************
  12:.\Generated_Source\PSoC5/emFile_1_SPI0_PM.c **** * Copyright 2008-2012, Cypress Semiconductor Corporation.  All rights reserved.
  13:.\Generated_Source\PSoC5/emFile_1_SPI0_PM.c **** * You may use this file only in accordance with the license, terms, conditions,
  14:.\Generated_Source\PSoC5/emFile_1_SPI0_PM.c **** * disclaimers, and limitations in the end user license agreement accompanying
  15:.\Generated_Source\PSoC5/emFile_1_SPI0_PM.c **** * the software package with which this file was provided.
  16:.\Generated_Source\PSoC5/emFile_1_SPI0_PM.c **** *******************************************************************************/
  17:.\Generated_Source\PSoC5/emFile_1_SPI0_PM.c **** 
  18:.\Generated_Source\PSoC5/emFile_1_SPI0_PM.c **** #include "emFile_1_SPI0_PVT.h"
  19:.\Generated_Source\PSoC5/emFile_1_SPI0_PM.c **** 
  20:.\Generated_Source\PSoC5/emFile_1_SPI0_PM.c **** static emFile_1_SPI0_BACKUP_STRUCT emFile_1_SPI0_backup =
  21:.\Generated_Source\PSoC5/emFile_1_SPI0_PM.c **** {
  22:.\Generated_Source\PSoC5/emFile_1_SPI0_PM.c ****     emFile_1_SPI0_DISABLED,
  23:.\Generated_Source\PSoC5/emFile_1_SPI0_PM.c ****     emFile_1_SPI0_BITCTR_INIT,
  24:.\Generated_Source\PSoC5/emFile_1_SPI0_PM.c ****     #if(CY_UDB_V0)
  25:.\Generated_Source\PSoC5/emFile_1_SPI0_PM.c ****         emFile_1_SPI0_TX_INIT_INTERRUPTS_MASK,
  26:.\Generated_Source\PSoC5/emFile_1_SPI0_PM.c ****         emFile_1_SPI0_RX_INIT_INTERRUPTS_MASK
  27:.\Generated_Source\PSoC5/emFile_1_SPI0_PM.c ****     #endif /* CY_UDB_V0 */
  28:.\Generated_Source\PSoC5/emFile_1_SPI0_PM.c **** };
  29:.\Generated_Source\PSoC5/emFile_1_SPI0_PM.c **** 
  30:.\Generated_Source\PSoC5/emFile_1_SPI0_PM.c **** 
  31:.\Generated_Source\PSoC5/emFile_1_SPI0_PM.c **** /*******************************************************************************
ARM GAS  C:\Users\acer\AppData\Local\Temp\ccjP9iut.s 			page 2


  32:.\Generated_Source\PSoC5/emFile_1_SPI0_PM.c **** * Function Name: emFile_1_SPI0_SaveConfig
  33:.\Generated_Source\PSoC5/emFile_1_SPI0_PM.c **** ********************************************************************************
  34:.\Generated_Source\PSoC5/emFile_1_SPI0_PM.c **** *
  35:.\Generated_Source\PSoC5/emFile_1_SPI0_PM.c **** * Summary:
  36:.\Generated_Source\PSoC5/emFile_1_SPI0_PM.c **** *  Saves SPIM configuration.
  37:.\Generated_Source\PSoC5/emFile_1_SPI0_PM.c **** *
  38:.\Generated_Source\PSoC5/emFile_1_SPI0_PM.c **** * Parameters:
  39:.\Generated_Source\PSoC5/emFile_1_SPI0_PM.c **** *  None.
  40:.\Generated_Source\PSoC5/emFile_1_SPI0_PM.c **** *
  41:.\Generated_Source\PSoC5/emFile_1_SPI0_PM.c **** * Return:
  42:.\Generated_Source\PSoC5/emFile_1_SPI0_PM.c **** *  None.
  43:.\Generated_Source\PSoC5/emFile_1_SPI0_PM.c **** *
  44:.\Generated_Source\PSoC5/emFile_1_SPI0_PM.c **** * Global Variables:
  45:.\Generated_Source\PSoC5/emFile_1_SPI0_PM.c **** *  emFile_1_SPI0_backup - modified when non-retention registers are saved.
  46:.\Generated_Source\PSoC5/emFile_1_SPI0_PM.c **** *
  47:.\Generated_Source\PSoC5/emFile_1_SPI0_PM.c **** * Reentrant:
  48:.\Generated_Source\PSoC5/emFile_1_SPI0_PM.c **** *  No.
  49:.\Generated_Source\PSoC5/emFile_1_SPI0_PM.c **** *
  50:.\Generated_Source\PSoC5/emFile_1_SPI0_PM.c **** *******************************************************************************/
  51:.\Generated_Source\PSoC5/emFile_1_SPI0_PM.c **** void emFile_1_SPI0_SaveConfig(void) 
  52:.\Generated_Source\PSoC5/emFile_1_SPI0_PM.c **** {
  27              		.loc 1 52 0
  28              		.cfi_startproc
  29              		@ args = 0, pretend = 0, frame = 0
  30              		@ frame_needed = 0, uses_anonymous_args = 0
  31              		@ link register save eliminated.
  32 0000 7047     		bx	lr
  33              		.cfi_endproc
  34              	.LFE0:
  35              		.size	emFile_1_SPI0_SaveConfig, .-emFile_1_SPI0_SaveConfig
  36              		.section	.text.emFile_1_SPI0_RestoreConfig,"ax",%progbits
  37              		.align	1
  38              		.global	emFile_1_SPI0_RestoreConfig
  39              		.thumb
  40              		.thumb_func
  41              		.type	emFile_1_SPI0_RestoreConfig, %function
  42              	emFile_1_SPI0_RestoreConfig:
  43              	.LFB1:
  53:.\Generated_Source\PSoC5/emFile_1_SPI0_PM.c ****     /* Store Status Mask registers */
  54:.\Generated_Source\PSoC5/emFile_1_SPI0_PM.c ****     #if(CY_UDB_V0)
  55:.\Generated_Source\PSoC5/emFile_1_SPI0_PM.c ****        emFile_1_SPI0_backup.cntrPeriod      = emFile_1_SPI0_COUNTER_PERIOD_REG;
  56:.\Generated_Source\PSoC5/emFile_1_SPI0_PM.c ****        emFile_1_SPI0_backup.saveSrTxIntMask = emFile_1_SPI0_TX_STATUS_MASK_REG;
  57:.\Generated_Source\PSoC5/emFile_1_SPI0_PM.c ****        emFile_1_SPI0_backup.saveSrRxIntMask = emFile_1_SPI0_RX_STATUS_MASK_REG;
  58:.\Generated_Source\PSoC5/emFile_1_SPI0_PM.c ****     #endif /* (CY_UDB_V0) */
  59:.\Generated_Source\PSoC5/emFile_1_SPI0_PM.c **** }
  60:.\Generated_Source\PSoC5/emFile_1_SPI0_PM.c **** 
  61:.\Generated_Source\PSoC5/emFile_1_SPI0_PM.c **** 
  62:.\Generated_Source\PSoC5/emFile_1_SPI0_PM.c **** /*******************************************************************************
  63:.\Generated_Source\PSoC5/emFile_1_SPI0_PM.c **** * Function Name: emFile_1_SPI0_RestoreConfig
  64:.\Generated_Source\PSoC5/emFile_1_SPI0_PM.c **** ********************************************************************************
  65:.\Generated_Source\PSoC5/emFile_1_SPI0_PM.c **** *
  66:.\Generated_Source\PSoC5/emFile_1_SPI0_PM.c **** * Summary:
  67:.\Generated_Source\PSoC5/emFile_1_SPI0_PM.c **** *  Restores SPIM configuration.
  68:.\Generated_Source\PSoC5/emFile_1_SPI0_PM.c **** *
  69:.\Generated_Source\PSoC5/emFile_1_SPI0_PM.c **** * Parameters:
  70:.\Generated_Source\PSoC5/emFile_1_SPI0_PM.c **** *  None.
  71:.\Generated_Source\PSoC5/emFile_1_SPI0_PM.c **** *
ARM GAS  C:\Users\acer\AppData\Local\Temp\ccjP9iut.s 			page 3


  72:.\Generated_Source\PSoC5/emFile_1_SPI0_PM.c **** * Return:
  73:.\Generated_Source\PSoC5/emFile_1_SPI0_PM.c **** *  None.
  74:.\Generated_Source\PSoC5/emFile_1_SPI0_PM.c **** *
  75:.\Generated_Source\PSoC5/emFile_1_SPI0_PM.c **** * Global Variables:
  76:.\Generated_Source\PSoC5/emFile_1_SPI0_PM.c **** *  emFile_1_SPI0_backup - used when non-retention registers are restored.
  77:.\Generated_Source\PSoC5/emFile_1_SPI0_PM.c **** *
  78:.\Generated_Source\PSoC5/emFile_1_SPI0_PM.c **** * Side Effects:
  79:.\Generated_Source\PSoC5/emFile_1_SPI0_PM.c **** *  If this API is called without first calling SaveConfig then in the following
  80:.\Generated_Source\PSoC5/emFile_1_SPI0_PM.c **** *  registers will be default values from Customizer:
  81:.\Generated_Source\PSoC5/emFile_1_SPI0_PM.c **** *  emFile_1_SPI0_STATUS_MASK_REG and emFile_1_SPI0_COUNTER_PERIOD_REG.
  82:.\Generated_Source\PSoC5/emFile_1_SPI0_PM.c **** *
  83:.\Generated_Source\PSoC5/emFile_1_SPI0_PM.c **** *******************************************************************************/
  84:.\Generated_Source\PSoC5/emFile_1_SPI0_PM.c **** void emFile_1_SPI0_RestoreConfig(void) 
  85:.\Generated_Source\PSoC5/emFile_1_SPI0_PM.c **** {
  44              		.loc 1 85 0
  45              		.cfi_startproc
  46              		@ args = 0, pretend = 0, frame = 0
  47              		@ frame_needed = 0, uses_anonymous_args = 0
  48              		@ link register save eliminated.
  49 0000 7047     		bx	lr
  50              		.cfi_endproc
  51              	.LFE1:
  52              		.size	emFile_1_SPI0_RestoreConfig, .-emFile_1_SPI0_RestoreConfig
  53              		.section	.text.emFile_1_SPI0_Sleep,"ax",%progbits
  54              		.align	1
  55              		.global	emFile_1_SPI0_Sleep
  56              		.thumb
  57              		.thumb_func
  58              		.type	emFile_1_SPI0_Sleep, %function
  59              	emFile_1_SPI0_Sleep:
  60              	.LFB2:
  86:.\Generated_Source\PSoC5/emFile_1_SPI0_PM.c ****     /* Restore the data, saved by SaveConfig() function */
  87:.\Generated_Source\PSoC5/emFile_1_SPI0_PM.c ****     #if(CY_UDB_V0)
  88:.\Generated_Source\PSoC5/emFile_1_SPI0_PM.c ****         emFile_1_SPI0_COUNTER_PERIOD_REG = emFile_1_SPI0_backup.cntrPeriod;
  89:.\Generated_Source\PSoC5/emFile_1_SPI0_PM.c ****         emFile_1_SPI0_TX_STATUS_MASK_REG = ((uint8) emFile_1_SPI0_backup.saveSrTxIntMask);
  90:.\Generated_Source\PSoC5/emFile_1_SPI0_PM.c ****         emFile_1_SPI0_RX_STATUS_MASK_REG = ((uint8) emFile_1_SPI0_backup.saveSrRxIntMask);
  91:.\Generated_Source\PSoC5/emFile_1_SPI0_PM.c ****     #endif /* (CY_UDB_V0) */
  92:.\Generated_Source\PSoC5/emFile_1_SPI0_PM.c **** }
  93:.\Generated_Source\PSoC5/emFile_1_SPI0_PM.c **** 
  94:.\Generated_Source\PSoC5/emFile_1_SPI0_PM.c **** 
  95:.\Generated_Source\PSoC5/emFile_1_SPI0_PM.c **** /*******************************************************************************
  96:.\Generated_Source\PSoC5/emFile_1_SPI0_PM.c **** * Function Name: emFile_1_SPI0_Sleep
  97:.\Generated_Source\PSoC5/emFile_1_SPI0_PM.c **** ********************************************************************************
  98:.\Generated_Source\PSoC5/emFile_1_SPI0_PM.c **** *
  99:.\Generated_Source\PSoC5/emFile_1_SPI0_PM.c **** * Summary:
 100:.\Generated_Source\PSoC5/emFile_1_SPI0_PM.c **** *  Prepare SPIM Component goes to sleep.
 101:.\Generated_Source\PSoC5/emFile_1_SPI0_PM.c **** *
 102:.\Generated_Source\PSoC5/emFile_1_SPI0_PM.c **** * Parameters:
 103:.\Generated_Source\PSoC5/emFile_1_SPI0_PM.c **** *  None.
 104:.\Generated_Source\PSoC5/emFile_1_SPI0_PM.c **** *
 105:.\Generated_Source\PSoC5/emFile_1_SPI0_PM.c **** * Return:
 106:.\Generated_Source\PSoC5/emFile_1_SPI0_PM.c **** *  None.
 107:.\Generated_Source\PSoC5/emFile_1_SPI0_PM.c **** *
 108:.\Generated_Source\PSoC5/emFile_1_SPI0_PM.c **** * Global Variables:
 109:.\Generated_Source\PSoC5/emFile_1_SPI0_PM.c **** *  emFile_1_SPI0_backup - modified when non-retention registers are saved.
 110:.\Generated_Source\PSoC5/emFile_1_SPI0_PM.c **** *
 111:.\Generated_Source\PSoC5/emFile_1_SPI0_PM.c **** * Reentrant:
ARM GAS  C:\Users\acer\AppData\Local\Temp\ccjP9iut.s 			page 4


 112:.\Generated_Source\PSoC5/emFile_1_SPI0_PM.c **** *  No.
 113:.\Generated_Source\PSoC5/emFile_1_SPI0_PM.c **** *
 114:.\Generated_Source\PSoC5/emFile_1_SPI0_PM.c **** *******************************************************************************/
 115:.\Generated_Source\PSoC5/emFile_1_SPI0_PM.c **** void emFile_1_SPI0_Sleep(void) 
 116:.\Generated_Source\PSoC5/emFile_1_SPI0_PM.c **** {
  61              		.loc 1 116 0
  62              		.cfi_startproc
  63              		@ args = 0, pretend = 0, frame = 0
  64              		@ frame_needed = 0, uses_anonymous_args = 0
  65              		@ link register save eliminated.
 117:.\Generated_Source\PSoC5/emFile_1_SPI0_PM.c ****     /* Save components enable state */
 118:.\Generated_Source\PSoC5/emFile_1_SPI0_PM.c ****     emFile_1_SPI0_backup.enableState = ((uint8) emFile_1_SPI0_IS_ENABLED);
  66              		.loc 1 118 0
  67 0000 034B     		ldr	r3, .L4
  68 0002 044A     		ldr	r2, .L4+4
  69 0004 1B78     		ldrb	r3, [r3]	@ zero_extendqisi2
  70 0006 C3F30013 		ubfx	r3, r3, #4, #1
  71 000a 1370     		strb	r3, [r2]
 119:.\Generated_Source\PSoC5/emFile_1_SPI0_PM.c **** 
 120:.\Generated_Source\PSoC5/emFile_1_SPI0_PM.c ****     emFile_1_SPI0_Stop();
  72              		.loc 1 120 0
  73 000c FFF7FEBF 		b	emFile_1_SPI0_Stop
  74              	.LVL0:
  75              	.L5:
  76              		.align	2
  77              	.L4:
  78 0010 9B640040 		.word	1073767579
  79 0014 00000000 		.word	.LANCHOR0
  80              		.cfi_endproc
  81              	.LFE2:
  82              		.size	emFile_1_SPI0_Sleep, .-emFile_1_SPI0_Sleep
  83              		.section	.text.emFile_1_SPI0_Wakeup,"ax",%progbits
  84              		.align	1
  85              		.global	emFile_1_SPI0_Wakeup
  86              		.thumb
  87              		.thumb_func
  88              		.type	emFile_1_SPI0_Wakeup, %function
  89              	emFile_1_SPI0_Wakeup:
  90              	.LFB3:
 121:.\Generated_Source\PSoC5/emFile_1_SPI0_PM.c ****     emFile_1_SPI0_SaveConfig();
 122:.\Generated_Source\PSoC5/emFile_1_SPI0_PM.c **** }
 123:.\Generated_Source\PSoC5/emFile_1_SPI0_PM.c **** 
 124:.\Generated_Source\PSoC5/emFile_1_SPI0_PM.c **** 
 125:.\Generated_Source\PSoC5/emFile_1_SPI0_PM.c **** /*******************************************************************************
 126:.\Generated_Source\PSoC5/emFile_1_SPI0_PM.c **** * Function Name: emFile_1_SPI0_Wakeup
 127:.\Generated_Source\PSoC5/emFile_1_SPI0_PM.c **** ********************************************************************************
 128:.\Generated_Source\PSoC5/emFile_1_SPI0_PM.c **** *
 129:.\Generated_Source\PSoC5/emFile_1_SPI0_PM.c **** * Summary:
 130:.\Generated_Source\PSoC5/emFile_1_SPI0_PM.c **** *  Prepare SPIM Component to wake up.
 131:.\Generated_Source\PSoC5/emFile_1_SPI0_PM.c **** *
 132:.\Generated_Source\PSoC5/emFile_1_SPI0_PM.c **** * Parameters:
 133:.\Generated_Source\PSoC5/emFile_1_SPI0_PM.c **** *  None.
 134:.\Generated_Source\PSoC5/emFile_1_SPI0_PM.c **** *
 135:.\Generated_Source\PSoC5/emFile_1_SPI0_PM.c **** * Return:
 136:.\Generated_Source\PSoC5/emFile_1_SPI0_PM.c **** *  None.
 137:.\Generated_Source\PSoC5/emFile_1_SPI0_PM.c **** *
 138:.\Generated_Source\PSoC5/emFile_1_SPI0_PM.c **** * Global Variables:
ARM GAS  C:\Users\acer\AppData\Local\Temp\ccjP9iut.s 			page 5


 139:.\Generated_Source\PSoC5/emFile_1_SPI0_PM.c **** *  emFile_1_SPI0_backup - used when non-retention registers are restored.
 140:.\Generated_Source\PSoC5/emFile_1_SPI0_PM.c **** *  emFile_1_SPI0_txBufferWrite - modified every function call - resets to
 141:.\Generated_Source\PSoC5/emFile_1_SPI0_PM.c **** *  zero.
 142:.\Generated_Source\PSoC5/emFile_1_SPI0_PM.c **** *  emFile_1_SPI0_txBufferRead - modified every function call - resets to
 143:.\Generated_Source\PSoC5/emFile_1_SPI0_PM.c **** *  zero.
 144:.\Generated_Source\PSoC5/emFile_1_SPI0_PM.c **** *  emFile_1_SPI0_rxBufferWrite - modified every function call - resets to
 145:.\Generated_Source\PSoC5/emFile_1_SPI0_PM.c **** *  zero.
 146:.\Generated_Source\PSoC5/emFile_1_SPI0_PM.c **** *  emFile_1_SPI0_rxBufferRead - modified every function call - resets to
 147:.\Generated_Source\PSoC5/emFile_1_SPI0_PM.c **** *  zero.
 148:.\Generated_Source\PSoC5/emFile_1_SPI0_PM.c **** *
 149:.\Generated_Source\PSoC5/emFile_1_SPI0_PM.c **** * Reentrant:
 150:.\Generated_Source\PSoC5/emFile_1_SPI0_PM.c **** *  No.
 151:.\Generated_Source\PSoC5/emFile_1_SPI0_PM.c **** *
 152:.\Generated_Source\PSoC5/emFile_1_SPI0_PM.c **** *******************************************************************************/
 153:.\Generated_Source\PSoC5/emFile_1_SPI0_PM.c **** void emFile_1_SPI0_Wakeup(void) 
 154:.\Generated_Source\PSoC5/emFile_1_SPI0_PM.c **** {
  91              		.loc 1 154 0
  92              		.cfi_startproc
  93              		@ args = 0, pretend = 0, frame = 0
  94              		@ frame_needed = 0, uses_anonymous_args = 0
  95 0000 08B5     		push	{r3, lr}
  96              		.cfi_def_cfa_offset 8
  97              		.cfi_offset 3, -8
  98              		.cfi_offset 14, -4
 155:.\Generated_Source\PSoC5/emFile_1_SPI0_PM.c ****     emFile_1_SPI0_RestoreConfig();
 156:.\Generated_Source\PSoC5/emFile_1_SPI0_PM.c **** 
 157:.\Generated_Source\PSoC5/emFile_1_SPI0_PM.c ****     #if(emFile_1_SPI0_RX_SOFTWARE_BUF_ENABLED)
 158:.\Generated_Source\PSoC5/emFile_1_SPI0_PM.c ****         emFile_1_SPI0_rxBufferFull  = 0u;
 159:.\Generated_Source\PSoC5/emFile_1_SPI0_PM.c ****         emFile_1_SPI0_rxBufferRead  = 0u;
 160:.\Generated_Source\PSoC5/emFile_1_SPI0_PM.c ****         emFile_1_SPI0_rxBufferWrite = 0u;
 161:.\Generated_Source\PSoC5/emFile_1_SPI0_PM.c ****     #endif /* (emFile_1_SPI0_RX_SOFTWARE_BUF_ENABLED) */
 162:.\Generated_Source\PSoC5/emFile_1_SPI0_PM.c **** 
 163:.\Generated_Source\PSoC5/emFile_1_SPI0_PM.c ****     #if(emFile_1_SPI0_TX_SOFTWARE_BUF_ENABLED)
 164:.\Generated_Source\PSoC5/emFile_1_SPI0_PM.c ****         emFile_1_SPI0_txBufferFull  = 0u;
 165:.\Generated_Source\PSoC5/emFile_1_SPI0_PM.c ****         emFile_1_SPI0_txBufferRead  = 0u;
 166:.\Generated_Source\PSoC5/emFile_1_SPI0_PM.c ****         emFile_1_SPI0_txBufferWrite = 0u;
 167:.\Generated_Source\PSoC5/emFile_1_SPI0_PM.c ****     #endif /* (emFile_1_SPI0_TX_SOFTWARE_BUF_ENABLED) */
 168:.\Generated_Source\PSoC5/emFile_1_SPI0_PM.c **** 
 169:.\Generated_Source\PSoC5/emFile_1_SPI0_PM.c ****     /* Clear any data from the RX and TX FIFO */
 170:.\Generated_Source\PSoC5/emFile_1_SPI0_PM.c ****     emFile_1_SPI0_ClearFIFO();
  99              		.loc 1 170 0
 100 0002 FFF7FEFF 		bl	emFile_1_SPI0_ClearFIFO
 101              	.LVL1:
 171:.\Generated_Source\PSoC5/emFile_1_SPI0_PM.c **** 
 172:.\Generated_Source\PSoC5/emFile_1_SPI0_PM.c ****     /* Restore components block enable state */
 173:.\Generated_Source\PSoC5/emFile_1_SPI0_PM.c ****     if(0u != emFile_1_SPI0_backup.enableState)
 102              		.loc 1 173 0
 103 0006 044B     		ldr	r3, .L9
 104 0008 1B78     		ldrb	r3, [r3]	@ zero_extendqisi2
 105 000a 1BB1     		cbz	r3, .L6
 174:.\Generated_Source\PSoC5/emFile_1_SPI0_PM.c ****     {
 175:.\Generated_Source\PSoC5/emFile_1_SPI0_PM.c ****         emFile_1_SPI0_Enable();
 176:.\Generated_Source\PSoC5/emFile_1_SPI0_PM.c ****     }
 177:.\Generated_Source\PSoC5/emFile_1_SPI0_PM.c **** }
 106              		.loc 1 177 0
 107 000c BDE80840 		pop	{r3, lr}
 108              		.cfi_remember_state
ARM GAS  C:\Users\acer\AppData\Local\Temp\ccjP9iut.s 			page 6


 109              		.cfi_restore 14
 110              		.cfi_restore 3
 111              		.cfi_def_cfa_offset 0
 175:.\Generated_Source\PSoC5/emFile_1_SPI0_PM.c ****     }
 112              		.loc 1 175 0
 113 0010 FFF7FEBF 		b	emFile_1_SPI0_Enable
 114              	.LVL2:
 115              	.L6:
 116              		.cfi_restore_state
 117 0014 08BD     		pop	{r3, pc}
 118              	.L10:
 119 0016 00BF     		.align	2
 120              	.L9:
 121 0018 00000000 		.word	.LANCHOR0
 122              		.cfi_endproc
 123              	.LFE3:
 124              		.size	emFile_1_SPI0_Wakeup, .-emFile_1_SPI0_Wakeup
 125              		.data
 126              		.set	.LANCHOR0,. + 0
 127              		.type	emFile_1_SPI0_backup, %object
 128              		.size	emFile_1_SPI0_backup, 2
 129              	emFile_1_SPI0_backup:
 130 0000 00       		.byte	0
 131 0001 0F       		.byte	15
 132              		.text
 133              	.Letext0:
 134              		.file 2 ".\\Generated_Source\\PSoC5\\cytypes.h"
 135              		.file 3 ".\\Generated_Source\\PSoC5\\emFile_1_SPI0.h"
 136              		.section	.debug_info,"",%progbits
 137              	.Ldebug_info0:
 138 0000 67010000 		.4byte	0x167
 139 0004 0400     		.2byte	0x4
 140 0006 00000000 		.4byte	.Ldebug_abbrev0
 141 000a 04       		.byte	0x4
 142 000b 01       		.uleb128 0x1
 143 000c 16010000 		.4byte	.LASF25
 144 0010 01       		.byte	0x1
 145 0011 CF000000 		.4byte	.LASF26
 146 0015 F1010000 		.4byte	.LASF27
 147 0019 00000000 		.4byte	.Ldebug_ranges0+0
 148 001d 00000000 		.4byte	0
 149 0021 00000000 		.4byte	.Ldebug_line0
 150 0025 02       		.uleb128 0x2
 151 0026 01       		.byte	0x1
 152 0027 06       		.byte	0x6
 153 0028 CA010000 		.4byte	.LASF0
 154 002c 02       		.uleb128 0x2
 155 002d 01       		.byte	0x1
 156 002e 08       		.byte	0x8
 157 002f BC000000 		.4byte	.LASF1
 158 0033 02       		.uleb128 0x2
 159 0034 02       		.byte	0x2
 160 0035 05       		.byte	0x5
 161 0036 4B020000 		.4byte	.LASF2
 162 003a 02       		.uleb128 0x2
 163 003b 02       		.byte	0x2
 164 003c 07       		.byte	0x7
ARM GAS  C:\Users\acer\AppData\Local\Temp\ccjP9iut.s 			page 7


 165 003d B7010000 		.4byte	.LASF3
 166 0041 02       		.uleb128 0x2
 167 0042 04       		.byte	0x4
 168 0043 05       		.byte	0x5
 169 0044 FB000000 		.4byte	.LASF4
 170 0048 02       		.uleb128 0x2
 171 0049 04       		.byte	0x4
 172 004a 07       		.byte	0x7
 173 004b 6A000000 		.4byte	.LASF5
 174 004f 02       		.uleb128 0x2
 175 0050 08       		.byte	0x8
 176 0051 05       		.byte	0x5
 177 0052 00000000 		.4byte	.LASF6
 178 0056 02       		.uleb128 0x2
 179 0057 08       		.byte	0x8
 180 0058 07       		.byte	0x7
 181 0059 7C000000 		.4byte	.LASF7
 182 005d 03       		.uleb128 0x3
 183 005e 04       		.byte	0x4
 184 005f 05       		.byte	0x5
 185 0060 696E7400 		.ascii	"int\000"
 186 0064 02       		.uleb128 0x2
 187 0065 04       		.byte	0x4
 188 0066 07       		.byte	0x7
 189 0067 5A020000 		.4byte	.LASF8
 190 006b 04       		.uleb128 0x4
 191 006c 64000000 		.4byte	.LASF12
 192 0070 02       		.byte	0x2
 193 0071 A1       		.byte	0xa1
 194 0072 2C000000 		.4byte	0x2c
 195 0076 02       		.uleb128 0x2
 196 0077 04       		.byte	0x4
 197 0078 04       		.byte	0x4
 198 0079 EB010000 		.4byte	.LASF9
 199 007d 02       		.uleb128 0x2
 200 007e 08       		.byte	0x8
 201 007f 04       		.byte	0x4
 202 0080 0F010000 		.4byte	.LASF10
 203 0084 02       		.uleb128 0x2
 204 0085 01       		.byte	0x1
 205 0086 08       		.byte	0x8
 206 0087 CA000000 		.4byte	.LASF11
 207 008b 05       		.uleb128 0x5
 208 008c 55020000 		.4byte	.LASF13
 209 0090 02       		.byte	0x2
 210 0091 4B01     		.2byte	0x14b
 211 0093 97000000 		.4byte	0x97
 212 0097 06       		.uleb128 0x6
 213 0098 6B000000 		.4byte	0x6b
 214 009c 02       		.uleb128 0x2
 215 009d 04       		.byte	0x4
 216 009e 07       		.byte	0x7
 217 009f 83020000 		.4byte	.LASF14
 218 00a3 07       		.uleb128 0x7
 219 00a4 02       		.byte	0x2
 220 00a5 03       		.byte	0x3
 221 00a6 46       		.byte	0x46
ARM GAS  C:\Users\acer\AppData\Local\Temp\ccjP9iut.s 			page 8


 222 00a7 C4000000 		.4byte	0xc4
 223 00ab 08       		.uleb128 0x8
 224 00ac 0E000000 		.4byte	.LASF15
 225 00b0 03       		.byte	0x3
 226 00b1 48       		.byte	0x48
 227 00b2 6B000000 		.4byte	0x6b
 228 00b6 00       		.byte	0
 229 00b7 08       		.uleb128 0x8
 230 00b8 04010000 		.4byte	.LASF16
 231 00bc 03       		.byte	0x3
 232 00bd 49       		.byte	0x49
 233 00be 6B000000 		.4byte	0x6b
 234 00c2 01       		.byte	0x1
 235 00c3 00       		.byte	0
 236 00c4 04       		.uleb128 0x4
 237 00c5 1A000000 		.4byte	.LASF17
 238 00c9 03       		.byte	0x3
 239 00ca 4F       		.byte	0x4f
 240 00cb A3000000 		.4byte	0xa3
 241 00cf 09       		.uleb128 0x9
 242 00d0 4B000000 		.4byte	.LASF18
 243 00d4 01       		.byte	0x1
 244 00d5 33       		.byte	0x33
 245 00d6 01       		.byte	0x1
 246 00d7 09       		.uleb128 0x9
 247 00d8 67020000 		.4byte	.LASF19
 248 00dc 01       		.byte	0x1
 249 00dd 54       		.byte	0x54
 250 00de 01       		.byte	0x1
 251 00df 0A       		.uleb128 0xa
 252 00e0 CF000000 		.4byte	0xcf
 253 00e4 00000000 		.4byte	.LFB0
 254 00e8 02000000 		.4byte	.LFE0-.LFB0
 255 00ec 01       		.uleb128 0x1
 256 00ed 9C       		.byte	0x9c
 257 00ee 0A       		.uleb128 0xa
 258 00ef D7000000 		.4byte	0xd7
 259 00f3 00000000 		.4byte	.LFB1
 260 00f7 02000000 		.4byte	.LFE1-.LFB1
 261 00fb 01       		.uleb128 0x1
 262 00fc 9C       		.byte	0x9c
 263 00fd 0B       		.uleb128 0xb
 264 00fe 93000000 		.4byte	.LASF20
 265 0102 01       		.byte	0x1
 266 0103 73       		.byte	0x73
 267 0104 00000000 		.4byte	.LFB2
 268 0108 18000000 		.4byte	.LFE2-.LFB2
 269 010c 01       		.uleb128 0x1
 270 010d 9C       		.byte	0x9c
 271 010e 1C010000 		.4byte	0x11c
 272 0112 0C       		.uleb128 0xc
 273 0113 10000000 		.4byte	.LVL0
 274 0117 55010000 		.4byte	0x155
 275 011b 00       		.byte	0
 276 011c 0B       		.uleb128 0xb
 277 011d D6010000 		.4byte	.LASF21
 278 0121 01       		.byte	0x1
ARM GAS  C:\Users\acer\AppData\Local\Temp\ccjP9iut.s 			page 9


 279 0122 99       		.byte	0x99
 280 0123 00000000 		.4byte	.LFB3
 281 0127 1C000000 		.4byte	.LFE3-.LFB3
 282 012b 01       		.uleb128 0x1
 283 012c 9C       		.byte	0x9c
 284 012d 44010000 		.4byte	0x144
 285 0131 0D       		.uleb128 0xd
 286 0132 06000000 		.4byte	.LVL1
 287 0136 5C010000 		.4byte	0x15c
 288 013a 0C       		.uleb128 0xc
 289 013b 14000000 		.4byte	.LVL2
 290 013f 63010000 		.4byte	0x163
 291 0143 00       		.byte	0
 292 0144 0E       		.uleb128 0xe
 293 0145 A7000000 		.4byte	.LASF28
 294 0149 01       		.byte	0x1
 295 014a 14       		.byte	0x14
 296 014b C4000000 		.4byte	0xc4
 297 014f 05       		.uleb128 0x5
 298 0150 03       		.byte	0x3
 299 0151 00000000 		.4byte	emFile_1_SPI0_backup
 300 0155 0F       		.uleb128 0xf
 301 0156 A4010000 		.4byte	.LASF22
 302 015a 03       		.byte	0x3
 303 015b 59       		.byte	0x59
 304 015c 0F       		.uleb128 0xf
 305 015d 33020000 		.4byte	.LASF23
 306 0161 03       		.byte	0x3
 307 0162 71       		.byte	0x71
 308 0163 0F       		.uleb128 0xf
 309 0164 36000000 		.4byte	.LASF24
 310 0168 03       		.byte	0x3
 311 0169 57       		.byte	0x57
 312 016a 00       		.byte	0
 313              		.section	.debug_abbrev,"",%progbits
 314              	.Ldebug_abbrev0:
 315 0000 01       		.uleb128 0x1
 316 0001 11       		.uleb128 0x11
 317 0002 01       		.byte	0x1
 318 0003 25       		.uleb128 0x25
 319 0004 0E       		.uleb128 0xe
 320 0005 13       		.uleb128 0x13
 321 0006 0B       		.uleb128 0xb
 322 0007 03       		.uleb128 0x3
 323 0008 0E       		.uleb128 0xe
 324 0009 1B       		.uleb128 0x1b
 325 000a 0E       		.uleb128 0xe
 326 000b 55       		.uleb128 0x55
 327 000c 17       		.uleb128 0x17
 328 000d 11       		.uleb128 0x11
 329 000e 01       		.uleb128 0x1
 330 000f 10       		.uleb128 0x10
 331 0010 17       		.uleb128 0x17
 332 0011 00       		.byte	0
 333 0012 00       		.byte	0
 334 0013 02       		.uleb128 0x2
 335 0014 24       		.uleb128 0x24
ARM GAS  C:\Users\acer\AppData\Local\Temp\ccjP9iut.s 			page 10


 336 0015 00       		.byte	0
 337 0016 0B       		.uleb128 0xb
 338 0017 0B       		.uleb128 0xb
 339 0018 3E       		.uleb128 0x3e
 340 0019 0B       		.uleb128 0xb
 341 001a 03       		.uleb128 0x3
 342 001b 0E       		.uleb128 0xe
 343 001c 00       		.byte	0
 344 001d 00       		.byte	0
 345 001e 03       		.uleb128 0x3
 346 001f 24       		.uleb128 0x24
 347 0020 00       		.byte	0
 348 0021 0B       		.uleb128 0xb
 349 0022 0B       		.uleb128 0xb
 350 0023 3E       		.uleb128 0x3e
 351 0024 0B       		.uleb128 0xb
 352 0025 03       		.uleb128 0x3
 353 0026 08       		.uleb128 0x8
 354 0027 00       		.byte	0
 355 0028 00       		.byte	0
 356 0029 04       		.uleb128 0x4
 357 002a 16       		.uleb128 0x16
 358 002b 00       		.byte	0
 359 002c 03       		.uleb128 0x3
 360 002d 0E       		.uleb128 0xe
 361 002e 3A       		.uleb128 0x3a
 362 002f 0B       		.uleb128 0xb
 363 0030 3B       		.uleb128 0x3b
 364 0031 0B       		.uleb128 0xb
 365 0032 49       		.uleb128 0x49
 366 0033 13       		.uleb128 0x13
 367 0034 00       		.byte	0
 368 0035 00       		.byte	0
 369 0036 05       		.uleb128 0x5
 370 0037 16       		.uleb128 0x16
 371 0038 00       		.byte	0
 372 0039 03       		.uleb128 0x3
 373 003a 0E       		.uleb128 0xe
 374 003b 3A       		.uleb128 0x3a
 375 003c 0B       		.uleb128 0xb
 376 003d 3B       		.uleb128 0x3b
 377 003e 05       		.uleb128 0x5
 378 003f 49       		.uleb128 0x49
 379 0040 13       		.uleb128 0x13
 380 0041 00       		.byte	0
 381 0042 00       		.byte	0
 382 0043 06       		.uleb128 0x6
 383 0044 35       		.uleb128 0x35
 384 0045 00       		.byte	0
 385 0046 49       		.uleb128 0x49
 386 0047 13       		.uleb128 0x13
 387 0048 00       		.byte	0
 388 0049 00       		.byte	0
 389 004a 07       		.uleb128 0x7
 390 004b 13       		.uleb128 0x13
 391 004c 01       		.byte	0x1
 392 004d 0B       		.uleb128 0xb
ARM GAS  C:\Users\acer\AppData\Local\Temp\ccjP9iut.s 			page 11


 393 004e 0B       		.uleb128 0xb
 394 004f 3A       		.uleb128 0x3a
 395 0050 0B       		.uleb128 0xb
 396 0051 3B       		.uleb128 0x3b
 397 0052 0B       		.uleb128 0xb
 398 0053 01       		.uleb128 0x1
 399 0054 13       		.uleb128 0x13
 400 0055 00       		.byte	0
 401 0056 00       		.byte	0
 402 0057 08       		.uleb128 0x8
 403 0058 0D       		.uleb128 0xd
 404 0059 00       		.byte	0
 405 005a 03       		.uleb128 0x3
 406 005b 0E       		.uleb128 0xe
 407 005c 3A       		.uleb128 0x3a
 408 005d 0B       		.uleb128 0xb
 409 005e 3B       		.uleb128 0x3b
 410 005f 0B       		.uleb128 0xb
 411 0060 49       		.uleb128 0x49
 412 0061 13       		.uleb128 0x13
 413 0062 38       		.uleb128 0x38
 414 0063 0B       		.uleb128 0xb
 415 0064 00       		.byte	0
 416 0065 00       		.byte	0
 417 0066 09       		.uleb128 0x9
 418 0067 2E       		.uleb128 0x2e
 419 0068 00       		.byte	0
 420 0069 3F       		.uleb128 0x3f
 421 006a 19       		.uleb128 0x19
 422 006b 03       		.uleb128 0x3
 423 006c 0E       		.uleb128 0xe
 424 006d 3A       		.uleb128 0x3a
 425 006e 0B       		.uleb128 0xb
 426 006f 3B       		.uleb128 0x3b
 427 0070 0B       		.uleb128 0xb
 428 0071 27       		.uleb128 0x27
 429 0072 19       		.uleb128 0x19
 430 0073 20       		.uleb128 0x20
 431 0074 0B       		.uleb128 0xb
 432 0075 00       		.byte	0
 433 0076 00       		.byte	0
 434 0077 0A       		.uleb128 0xa
 435 0078 2E       		.uleb128 0x2e
 436 0079 00       		.byte	0
 437 007a 31       		.uleb128 0x31
 438 007b 13       		.uleb128 0x13
 439 007c 11       		.uleb128 0x11
 440 007d 01       		.uleb128 0x1
 441 007e 12       		.uleb128 0x12
 442 007f 06       		.uleb128 0x6
 443 0080 40       		.uleb128 0x40
 444 0081 18       		.uleb128 0x18
 445 0082 9742     		.uleb128 0x2117
 446 0084 19       		.uleb128 0x19
 447 0085 00       		.byte	0
 448 0086 00       		.byte	0
 449 0087 0B       		.uleb128 0xb
ARM GAS  C:\Users\acer\AppData\Local\Temp\ccjP9iut.s 			page 12


 450 0088 2E       		.uleb128 0x2e
 451 0089 01       		.byte	0x1
 452 008a 3F       		.uleb128 0x3f
 453 008b 19       		.uleb128 0x19
 454 008c 03       		.uleb128 0x3
 455 008d 0E       		.uleb128 0xe
 456 008e 3A       		.uleb128 0x3a
 457 008f 0B       		.uleb128 0xb
 458 0090 3B       		.uleb128 0x3b
 459 0091 0B       		.uleb128 0xb
 460 0092 27       		.uleb128 0x27
 461 0093 19       		.uleb128 0x19
 462 0094 11       		.uleb128 0x11
 463 0095 01       		.uleb128 0x1
 464 0096 12       		.uleb128 0x12
 465 0097 06       		.uleb128 0x6
 466 0098 40       		.uleb128 0x40
 467 0099 18       		.uleb128 0x18
 468 009a 9742     		.uleb128 0x2117
 469 009c 19       		.uleb128 0x19
 470 009d 01       		.uleb128 0x1
 471 009e 13       		.uleb128 0x13
 472 009f 00       		.byte	0
 473 00a0 00       		.byte	0
 474 00a1 0C       		.uleb128 0xc
 475 00a2 898201   		.uleb128 0x4109
 476 00a5 00       		.byte	0
 477 00a6 11       		.uleb128 0x11
 478 00a7 01       		.uleb128 0x1
 479 00a8 9542     		.uleb128 0x2115
 480 00aa 19       		.uleb128 0x19
 481 00ab 31       		.uleb128 0x31
 482 00ac 13       		.uleb128 0x13
 483 00ad 00       		.byte	0
 484 00ae 00       		.byte	0
 485 00af 0D       		.uleb128 0xd
 486 00b0 898201   		.uleb128 0x4109
 487 00b3 00       		.byte	0
 488 00b4 11       		.uleb128 0x11
 489 00b5 01       		.uleb128 0x1
 490 00b6 31       		.uleb128 0x31
 491 00b7 13       		.uleb128 0x13
 492 00b8 00       		.byte	0
 493 00b9 00       		.byte	0
 494 00ba 0E       		.uleb128 0xe
 495 00bb 34       		.uleb128 0x34
 496 00bc 00       		.byte	0
 497 00bd 03       		.uleb128 0x3
 498 00be 0E       		.uleb128 0xe
 499 00bf 3A       		.uleb128 0x3a
 500 00c0 0B       		.uleb128 0xb
 501 00c1 3B       		.uleb128 0x3b
 502 00c2 0B       		.uleb128 0xb
 503 00c3 49       		.uleb128 0x49
 504 00c4 13       		.uleb128 0x13
 505 00c5 02       		.uleb128 0x2
 506 00c6 18       		.uleb128 0x18
ARM GAS  C:\Users\acer\AppData\Local\Temp\ccjP9iut.s 			page 13


 507 00c7 00       		.byte	0
 508 00c8 00       		.byte	0
 509 00c9 0F       		.uleb128 0xf
 510 00ca 2E       		.uleb128 0x2e
 511 00cb 00       		.byte	0
 512 00cc 3F       		.uleb128 0x3f
 513 00cd 19       		.uleb128 0x19
 514 00ce 03       		.uleb128 0x3
 515 00cf 0E       		.uleb128 0xe
 516 00d0 3A       		.uleb128 0x3a
 517 00d1 0B       		.uleb128 0xb
 518 00d2 3B       		.uleb128 0x3b
 519 00d3 0B       		.uleb128 0xb
 520 00d4 27       		.uleb128 0x27
 521 00d5 19       		.uleb128 0x19
 522 00d6 3C       		.uleb128 0x3c
 523 00d7 19       		.uleb128 0x19
 524 00d8 00       		.byte	0
 525 00d9 00       		.byte	0
 526 00da 00       		.byte	0
 527              		.section	.debug_aranges,"",%progbits
 528 0000 34000000 		.4byte	0x34
 529 0004 0200     		.2byte	0x2
 530 0006 00000000 		.4byte	.Ldebug_info0
 531 000a 04       		.byte	0x4
 532 000b 00       		.byte	0
 533 000c 0000     		.2byte	0
 534 000e 0000     		.2byte	0
 535 0010 00000000 		.4byte	.LFB0
 536 0014 02000000 		.4byte	.LFE0-.LFB0
 537 0018 00000000 		.4byte	.LFB1
 538 001c 02000000 		.4byte	.LFE1-.LFB1
 539 0020 00000000 		.4byte	.LFB2
 540 0024 18000000 		.4byte	.LFE2-.LFB2
 541 0028 00000000 		.4byte	.LFB3
 542 002c 1C000000 		.4byte	.LFE3-.LFB3
 543 0030 00000000 		.4byte	0
 544 0034 00000000 		.4byte	0
 545              		.section	.debug_ranges,"",%progbits
 546              	.Ldebug_ranges0:
 547 0000 00000000 		.4byte	.LFB0
 548 0004 02000000 		.4byte	.LFE0
 549 0008 00000000 		.4byte	.LFB1
 550 000c 02000000 		.4byte	.LFE1
 551 0010 00000000 		.4byte	.LFB2
 552 0014 18000000 		.4byte	.LFE2
 553 0018 00000000 		.4byte	.LFB3
 554 001c 1C000000 		.4byte	.LFE3
 555 0020 00000000 		.4byte	0
 556 0024 00000000 		.4byte	0
 557              		.section	.debug_line,"",%progbits
 558              	.Ldebug_line0:
 559 0000 AF000000 		.section	.debug_str,"MS",%progbits,1
 559      02006200 
 559      00000201 
 559      FB0E0D00 
 559      01010101 
ARM GAS  C:\Users\acer\AppData\Local\Temp\ccjP9iut.s 			page 14


 560              	.LASF6:
 561 0000 6C6F6E67 		.ascii	"long long int\000"
 561      206C6F6E 
 561      6720696E 
 561      7400
 562              	.LASF15:
 563 000e 656E6162 		.ascii	"enableState\000"
 563      6C655374 
 563      61746500 
 564              	.LASF17:
 565 001a 656D4669 		.ascii	"emFile_1_SPI0_BACKUP_STRUCT\000"
 565      6C655F31 
 565      5F535049 
 565      305F4241 
 565      434B5550 
 566              	.LASF24:
 567 0036 656D4669 		.ascii	"emFile_1_SPI0_Enable\000"
 567      6C655F31 
 567      5F535049 
 567      305F456E 
 567      61626C65 
 568              	.LASF18:
 569 004b 656D4669 		.ascii	"emFile_1_SPI0_SaveConfig\000"
 569      6C655F31 
 569      5F535049 
 569      305F5361 
 569      7665436F 
 570              	.LASF12:
 571 0064 75696E74 		.ascii	"uint8\000"
 571      3800
 572              	.LASF5:
 573 006a 6C6F6E67 		.ascii	"long unsigned int\000"
 573      20756E73 
 573      69676E65 
 573      6420696E 
 573      7400
 574              	.LASF7:
 575 007c 6C6F6E67 		.ascii	"long long unsigned int\000"
 575      206C6F6E 
 575      6720756E 
 575      7369676E 
 575      65642069 
 576              	.LASF20:
 577 0093 656D4669 		.ascii	"emFile_1_SPI0_Sleep\000"
 577      6C655F31 
 577      5F535049 
 577      305F536C 
 577      65657000 
 578              	.LASF28:
 579 00a7 656D4669 		.ascii	"emFile_1_SPI0_backup\000"
 579      6C655F31 
 579      5F535049 
 579      305F6261 
 579      636B7570 
 580              	.LASF1:
 581 00bc 756E7369 		.ascii	"unsigned char\000"
 581      676E6564 
ARM GAS  C:\Users\acer\AppData\Local\Temp\ccjP9iut.s 			page 15


 581      20636861 
 581      7200
 582              	.LASF11:
 583 00ca 63686172 		.ascii	"char\000"
 583      00
 584              	.LASF26:
 585 00cf 2E5C4765 		.ascii	".\\Generated_Source\\PSoC5\\emFile_1_SPI0_PM.c\000"
 585      6E657261 
 585      7465645F 
 585      536F7572 
 585      63655C50 
 586              	.LASF4:
 587 00fb 6C6F6E67 		.ascii	"long int\000"
 587      20696E74 
 587      00
 588              	.LASF16:
 589 0104 636E7472 		.ascii	"cntrPeriod\000"
 589      50657269 
 589      6F6400
 590              	.LASF10:
 591 010f 646F7562 		.ascii	"double\000"
 591      6C6500
 592              	.LASF25:
 593 0116 474E5520 		.ascii	"GNU C 4.9.3 20150303 (release) [ARM/embedded-4_9-br"
 593      4320342E 
 593      392E3320 
 593      32303135 
 593      30333033 
 594 0149 616E6368 		.ascii	"anch revision 221220] -mcpu=cortex-m3 -mthumb -g -O"
 594      20726576 
 594      6973696F 
 594      6E203232 
 594      31323230 
 595 017c 73202D66 		.ascii	"s -ffunction-sections -ffat-lto-objects\000"
 595      66756E63 
 595      74696F6E 
 595      2D736563 
 595      74696F6E 
 596              	.LASF22:
 597 01a4 656D4669 		.ascii	"emFile_1_SPI0_Stop\000"
 597      6C655F31 
 597      5F535049 
 597      305F5374 
 597      6F7000
 598              	.LASF3:
 599 01b7 73686F72 		.ascii	"short unsigned int\000"
 599      7420756E 
 599      7369676E 
 599      65642069 
 599      6E7400
 600              	.LASF0:
 601 01ca 7369676E 		.ascii	"signed char\000"
 601      65642063 
 601      68617200 
 602              	.LASF21:
 603 01d6 656D4669 		.ascii	"emFile_1_SPI0_Wakeup\000"
 603      6C655F31 
ARM GAS  C:\Users\acer\AppData\Local\Temp\ccjP9iut.s 			page 16


 603      5F535049 
 603      305F5761 
 603      6B657570 
 604              	.LASF9:
 605 01eb 666C6F61 		.ascii	"float\000"
 605      7400
 606              	.LASF27:
 607 01f1 433A5C55 		.ascii	"C:\\Users\\acer\\Desktop\\Saura-master\\2_Psoc\\Pla"
 607      73657273 
 607      5C616365 
 607      725C4465 
 607      736B746F 
 608 021e 74666F72 		.ascii	"tform\\Design02.cydsn\000"
 608      6D5C4465 
 608      7369676E 
 608      30322E63 
 608      7964736E 
 609              	.LASF23:
 610 0233 656D4669 		.ascii	"emFile_1_SPI0_ClearFIFO\000"
 610      6C655F31 
 610      5F535049 
 610      305F436C 
 610      65617246 
 611              	.LASF2:
 612 024b 73686F72 		.ascii	"short int\000"
 612      7420696E 
 612      7400
 613              	.LASF13:
 614 0255 72656738 		.ascii	"reg8\000"
 614      00
 615              	.LASF8:
 616 025a 756E7369 		.ascii	"unsigned int\000"
 616      676E6564 
 616      20696E74 
 616      00
 617              	.LASF19:
 618 0267 656D4669 		.ascii	"emFile_1_SPI0_RestoreConfig\000"
 618      6C655F31 
 618      5F535049 
 618      305F5265 
 618      73746F72 
 619              	.LASF14:
 620 0283 73697A65 		.ascii	"sizetype\000"
 620      74797065 
 620      00
 621              		.ident	"GCC: (GNU Tools for ARM Embedded Processors) 4.9.3 20150303 (release) [ARM/embedded-4_9-br
