ARM GAS  C:\Users\acer\AppData\Local\Temp\ccSTPe7y.s 			page 1


   1              		.syntax unified
   2              		.cpu cortex-m3
   3              		.fpu softvfp
   4              		.eabi_attribute 20, 1
   5              		.eabi_attribute 21, 1
   6              		.eabi_attribute 23, 3
   7              		.eabi_attribute 24, 1
   8              		.eabi_attribute 25, 1
   9              		.eabi_attribute 26, 1
  10              		.eabi_attribute 30, 4
  11              		.eabi_attribute 34, 1
  12              		.eabi_attribute 18, 4
  13              		.thumb
  14              		.file	"emFile_1_ConfigMMC_SPI.c"
  15              		.text
  16              	.Ltext0:
  17              		.cfi_sections	.debug_frame
  18              		.section	.text.FS_X_AddDevices,"ax",%progbits
  19              		.align	1
  20              		.global	FS_X_AddDevices
  21              		.thumb
  22              		.thumb_func
  23              		.type	FS_X_AddDevices, %function
  24              	FS_X_AddDevices:
  25              	.LFB0:
  26              		.file 1 ".\\Generated_Source\\PSoC5\\emFile_1_ConfigMMC_SPI.c"
   1:.\Generated_Source\PSoC5/emFile_1_ConfigMMC_SPI.c **** /*******************************************************************************
   2:.\Generated_Source\PSoC5/emFile_1_ConfigMMC_SPI.c **** * File Name: emFile_1_MMC_HW_SPI.c
   3:.\Generated_Source\PSoC5/emFile_1_ConfigMMC_SPI.c **** * Version 1.20
   4:.\Generated_Source\PSoC5/emFile_1_ConfigMMC_SPI.c **** *
   5:.\Generated_Source\PSoC5/emFile_1_ConfigMMC_SPI.c **** * Description:
   6:.\Generated_Source\PSoC5/emFile_1_ConfigMMC_SPI.c **** *  Contains a set of File System APIs that implement SPI mode driver operation.
   7:.\Generated_Source\PSoC5/emFile_1_ConfigMMC_SPI.c **** *
   8:.\Generated_Source\PSoC5/emFile_1_ConfigMMC_SPI.c **** * Note:
   9:.\Generated_Source\PSoC5/emFile_1_ConfigMMC_SPI.c **** *
  10:.\Generated_Source\PSoC5/emFile_1_ConfigMMC_SPI.c **** ********************************************************************************
  11:.\Generated_Source\PSoC5/emFile_1_ConfigMMC_SPI.c **** * Copyright 2011-2012, Cypress Semiconductor Corporation.  All rights reserved.
  12:.\Generated_Source\PSoC5/emFile_1_ConfigMMC_SPI.c **** * You may use this file only in accordance with the license, terms, conditions,
  13:.\Generated_Source\PSoC5/emFile_1_ConfigMMC_SPI.c **** * disclaimers, and limitations in the end user license agreement accompanying
  14:.\Generated_Source\PSoC5/emFile_1_ConfigMMC_SPI.c **** * the software package with which this file was provided.
  15:.\Generated_Source\PSoC5/emFile_1_ConfigMMC_SPI.c **** *******************************************************************************/
  16:.\Generated_Source\PSoC5/emFile_1_ConfigMMC_SPI.c **** 
  17:.\Generated_Source\PSoC5/emFile_1_ConfigMMC_SPI.c **** 
  18:.\Generated_Source\PSoC5/emFile_1_ConfigMMC_SPI.c **** /*********************************************************************
  19:.\Generated_Source\PSoC5/emFile_1_ConfigMMC_SPI.c **** *                SEGGER MICROCONTROLLER GmbH & Co. KG                *
  20:.\Generated_Source\PSoC5/emFile_1_ConfigMMC_SPI.c **** *        Solutions for real time microcontroller applications        *
  21:.\Generated_Source\PSoC5/emFile_1_ConfigMMC_SPI.c **** **********************************************************************
  22:.\Generated_Source\PSoC5/emFile_1_ConfigMMC_SPI.c **** *                                                                    *
  23:.\Generated_Source\PSoC5/emFile_1_ConfigMMC_SPI.c **** *        (c) 2003-2010     SEGGER Microcontroller GmbH & Co KG       *
  24:.\Generated_Source\PSoC5/emFile_1_ConfigMMC_SPI.c **** *                                                                    *
  25:.\Generated_Source\PSoC5/emFile_1_ConfigMMC_SPI.c **** *        Internet: www.segger.com    Support:  support@segger.com    *
  26:.\Generated_Source\PSoC5/emFile_1_ConfigMMC_SPI.c **** *                                                                    *
  27:.\Generated_Source\PSoC5/emFile_1_ConfigMMC_SPI.c **** **********************************************************************
  28:.\Generated_Source\PSoC5/emFile_1_ConfigMMC_SPI.c **** 
  29:.\Generated_Source\PSoC5/emFile_1_ConfigMMC_SPI.c **** **** emFile file system for embedded applications ****
  30:.\Generated_Source\PSoC5/emFile_1_ConfigMMC_SPI.c **** emFile is protected by international copyright laws. Knowledge of the
  31:.\Generated_Source\PSoC5/emFile_1_ConfigMMC_SPI.c **** source code may not be used to write a similar product. This file may
ARM GAS  C:\Users\acer\AppData\Local\Temp\ccSTPe7y.s 			page 2


  32:.\Generated_Source\PSoC5/emFile_1_ConfigMMC_SPI.c **** only be used in accordance with a license and should not be re-
  33:.\Generated_Source\PSoC5/emFile_1_ConfigMMC_SPI.c **** distributed in any way. We appreciate your understanding and fairness.
  34:.\Generated_Source\PSoC5/emFile_1_ConfigMMC_SPI.c **** ----------------------------------------------------------------------
  35:.\Generated_Source\PSoC5/emFile_1_ConfigMMC_SPI.c **** ----------------------------------------------------------------------
  36:.\Generated_Source\PSoC5/emFile_1_ConfigMMC_SPI.c **** File        : ConfigMMC_SPI.c
  37:.\Generated_Source\PSoC5/emFile_1_ConfigMMC_SPI.c **** Purpose     : Configuration file for FS with MMC SPI mode driver
  38:.\Generated_Source\PSoC5/emFile_1_ConfigMMC_SPI.c **** ---------------------------END-OF-HEADER------------------------------
  39:.\Generated_Source\PSoC5/emFile_1_ConfigMMC_SPI.c **** */
  40:.\Generated_Source\PSoC5/emFile_1_ConfigMMC_SPI.c **** 
  41:.\Generated_Source\PSoC5/emFile_1_ConfigMMC_SPI.c **** #include "FS.h"
  42:.\Generated_Source\PSoC5/emFile_1_ConfigMMC_SPI.c **** #include "emFile_1.h"
  43:.\Generated_Source\PSoC5/emFile_1_ConfigMMC_SPI.c **** 
  44:.\Generated_Source\PSoC5/emFile_1_ConfigMMC_SPI.c **** /*********************************************************************
  45:.\Generated_Source\PSoC5/emFile_1_ConfigMMC_SPI.c **** *
  46:.\Generated_Source\PSoC5/emFile_1_ConfigMMC_SPI.c **** *       Defines, configurable
  47:.\Generated_Source\PSoC5/emFile_1_ConfigMMC_SPI.c **** *
  48:.\Generated_Source\PSoC5/emFile_1_ConfigMMC_SPI.c **** *       This section is the only section which requires changes
  49:.\Generated_Source\PSoC5/emFile_1_ConfigMMC_SPI.c **** *       using the MMC/SD card mode disk driver as a single device.
  50:.\Generated_Source\PSoC5/emFile_1_ConfigMMC_SPI.c **** *
  51:.\Generated_Source\PSoC5/emFile_1_ConfigMMC_SPI.c **** **********************************************************************
  52:.\Generated_Source\PSoC5/emFile_1_ConfigMMC_SPI.c **** */
  53:.\Generated_Source\PSoC5/emFile_1_ConfigMMC_SPI.c **** #define ALLOC_SIZE                 (0x1000)      /* Size defined in bytes */
  54:.\Generated_Source\PSoC5/emFile_1_ConfigMMC_SPI.c **** 
  55:.\Generated_Source\PSoC5/emFile_1_ConfigMMC_SPI.c **** /*********************************************************************
  56:.\Generated_Source\PSoC5/emFile_1_ConfigMMC_SPI.c **** *
  57:.\Generated_Source\PSoC5/emFile_1_ConfigMMC_SPI.c **** *       Static data
  58:.\Generated_Source\PSoC5/emFile_1_ConfigMMC_SPI.c **** *
  59:.\Generated_Source\PSoC5/emFile_1_ConfigMMC_SPI.c **** **********************************************************************
  60:.\Generated_Source\PSoC5/emFile_1_ConfigMMC_SPI.c **** */
  61:.\Generated_Source\PSoC5/emFile_1_ConfigMMC_SPI.c **** static U32   _aMemBlock[ALLOC_SIZE / 4u];      /* Memory pool used for semi-dynamic allocation. */
  62:.\Generated_Source\PSoC5/emFile_1_ConfigMMC_SPI.c **** 
  63:.\Generated_Source\PSoC5/emFile_1_ConfigMMC_SPI.c **** /*********************************************************************
  64:.\Generated_Source\PSoC5/emFile_1_ConfigMMC_SPI.c **** *
  65:.\Generated_Source\PSoC5/emFile_1_ConfigMMC_SPI.c **** *       Public code
  66:.\Generated_Source\PSoC5/emFile_1_ConfigMMC_SPI.c **** *
  67:.\Generated_Source\PSoC5/emFile_1_ConfigMMC_SPI.c **** *       This section does not require modifications in most systems.
  68:.\Generated_Source\PSoC5/emFile_1_ConfigMMC_SPI.c **** *
  69:.\Generated_Source\PSoC5/emFile_1_ConfigMMC_SPI.c **** **********************************************************************
  70:.\Generated_Source\PSoC5/emFile_1_ConfigMMC_SPI.c **** */
  71:.\Generated_Source\PSoC5/emFile_1_ConfigMMC_SPI.c **** 
  72:.\Generated_Source\PSoC5/emFile_1_ConfigMMC_SPI.c **** /*********************************************************************
  73:.\Generated_Source\PSoC5/emFile_1_ConfigMMC_SPI.c **** *
  74:.\Generated_Source\PSoC5/emFile_1_ConfigMMC_SPI.c **** *       FS_X_AddDevices
  75:.\Generated_Source\PSoC5/emFile_1_ConfigMMC_SPI.c **** *
  76:.\Generated_Source\PSoC5/emFile_1_ConfigMMC_SPI.c **** *  Function description
  77:.\Generated_Source\PSoC5/emFile_1_ConfigMMC_SPI.c **** *    This function is called by the FS during FS_Init().
  78:.\Generated_Source\PSoC5/emFile_1_ConfigMMC_SPI.c **** *    It is supposed to add all devices, using primarily FS_AddDevice().
  79:.\Generated_Source\PSoC5/emFile_1_ConfigMMC_SPI.c **** *
  80:.\Generated_Source\PSoC5/emFile_1_ConfigMMC_SPI.c **** *  Note
  81:.\Generated_Source\PSoC5/emFile_1_ConfigMMC_SPI.c **** *    (1) Other API functions
  82:.\Generated_Source\PSoC5/emFile_1_ConfigMMC_SPI.c **** *        Other API functions may NOT be called, since this function is called
  83:.\Generated_Source\PSoC5/emFile_1_ConfigMMC_SPI.c **** *        during initialization. The devices are not yet ready at this point.
  84:.\Generated_Source\PSoC5/emFile_1_ConfigMMC_SPI.c **** */
  85:.\Generated_Source\PSoC5/emFile_1_ConfigMMC_SPI.c **** void FS_X_AddDevices(void)
  86:.\Generated_Source\PSoC5/emFile_1_ConfigMMC_SPI.c **** {
  27              		.loc 1 86 0
  28              		.cfi_startproc
ARM GAS  C:\Users\acer\AppData\Local\Temp\ccSTPe7y.s 			page 3


  29              		@ args = 0, pretend = 0, frame = 0
  30              		@ frame_needed = 0, uses_anonymous_args = 0
  31 0000 08B5     		push	{r3, lr}
  32              		.cfi_def_cfa_offset 8
  33              		.cfi_offset 3, -8
  34              		.cfi_offset 14, -4
  87:.\Generated_Source\PSoC5/emFile_1_ConfigMMC_SPI.c ****     #if(CY_PSOC5)
  88:.\Generated_Source\PSoC5/emFile_1_ConfigMMC_SPI.c ****         FS_AssignMemory(&_aMemBlock[0u], sizeof(_aMemBlock));
  35              		.loc 1 88 0
  36 0002 0548     		ldr	r0, .L2
  37 0004 4FF48051 		mov	r1, #4096
  38 0008 FFF7FEFF 		bl	FS_AssignMemory
  39              	.LVL0:
  89:.\Generated_Source\PSoC5/emFile_1_ConfigMMC_SPI.c ****     #else
  90:.\Generated_Source\PSoC5/emFile_1_ConfigMMC_SPI.c ****         FS_AssignMemory(&_aMemBlock[1u], sizeof(_aMemBlock));
  91:.\Generated_Source\PSoC5/emFile_1_ConfigMMC_SPI.c ****     #endif/* (CY_PSOC5) */
  92:.\Generated_Source\PSoC5/emFile_1_ConfigMMC_SPI.c **** 
  93:.\Generated_Source\PSoC5/emFile_1_ConfigMMC_SPI.c ****     #if (emFile_1_NUMBER_SD_CARDS == 4u)
  94:.\Generated_Source\PSoC5/emFile_1_ConfigMMC_SPI.c ****         FS_AddDevice(&FS_MMC_SPI_Driver);
  95:.\Generated_Source\PSoC5/emFile_1_ConfigMMC_SPI.c ****         FS_AddDevice(&FS_MMC_SPI_Driver);
  96:.\Generated_Source\PSoC5/emFile_1_ConfigMMC_SPI.c ****         FS_AddDevice(&FS_MMC_SPI_Driver);
  97:.\Generated_Source\PSoC5/emFile_1_ConfigMMC_SPI.c ****         FS_AddDevice(&FS_MMC_SPI_Driver);
  98:.\Generated_Source\PSoC5/emFile_1_ConfigMMC_SPI.c ****     #elif (emFile_1_NUMBER_SD_CARDS == 3u)
  99:.\Generated_Source\PSoC5/emFile_1_ConfigMMC_SPI.c ****         FS_AddDevice(&FS_MMC_SPI_Driver);
 100:.\Generated_Source\PSoC5/emFile_1_ConfigMMC_SPI.c ****         FS_AddDevice(&FS_MMC_SPI_Driver);
 101:.\Generated_Source\PSoC5/emFile_1_ConfigMMC_SPI.c ****         FS_AddDevice(&FS_MMC_SPI_Driver);
 102:.\Generated_Source\PSoC5/emFile_1_ConfigMMC_SPI.c ****     #elif (emFile_1_NUMBER_SD_CARDS == 2u)
 103:.\Generated_Source\PSoC5/emFile_1_ConfigMMC_SPI.c ****         FS_AddDevice(&FS_MMC_SPI_Driver);
 104:.\Generated_Source\PSoC5/emFile_1_ConfigMMC_SPI.c ****         FS_AddDevice(&FS_MMC_SPI_Driver);
 105:.\Generated_Source\PSoC5/emFile_1_ConfigMMC_SPI.c ****     #else
 106:.\Generated_Source\PSoC5/emFile_1_ConfigMMC_SPI.c ****         FS_AddDevice(&FS_MMC_SPI_Driver);
 107:.\Generated_Source\PSoC5/emFile_1_ConfigMMC_SPI.c ****     #endif /* (emFile_1_NUMBER_SD_CARDS == 4u) */
 108:.\Generated_Source\PSoC5/emFile_1_ConfigMMC_SPI.c **** }
  40              		.loc 1 108 0
  41 000c BDE80840 		pop	{r3, lr}
  42              		.cfi_restore 14
  43              		.cfi_restore 3
  44              		.cfi_def_cfa_offset 0
 106:.\Generated_Source\PSoC5/emFile_1_ConfigMMC_SPI.c ****     #endif /* (emFile_1_NUMBER_SD_CARDS == 4u) */
  45              		.loc 1 106 0
  46 0010 0248     		ldr	r0, .L2+4
  47 0012 FFF7FEBF 		b	FS_AddDevice
  48              	.LVL1:
  49              	.L3:
  50 0016 00BF     		.align	2
  51              	.L2:
  52 0018 00000000 		.word	.LANCHOR0
  53 001c 00000000 		.word	FS_MMC_SPI_Driver
  54              		.cfi_endproc
  55              	.LFE0:
  56              		.size	FS_X_AddDevices, .-FS_X_AddDevices
  57              		.section	.text.FS_X_GetTimeDate,"ax",%progbits
  58              		.align	1
  59              		.global	FS_X_GetTimeDate
  60              		.thumb
  61              		.thumb_func
  62              		.type	FS_X_GetTimeDate, %function
ARM GAS  C:\Users\acer\AppData\Local\Temp\ccSTPe7y.s 			page 4


  63              	FS_X_GetTimeDate:
  64              	.LFB1:
 109:.\Generated_Source\PSoC5/emFile_1_ConfigMMC_SPI.c **** 
 110:.\Generated_Source\PSoC5/emFile_1_ConfigMMC_SPI.c **** /*********************************************************************
 111:.\Generated_Source\PSoC5/emFile_1_ConfigMMC_SPI.c **** *
 112:.\Generated_Source\PSoC5/emFile_1_ConfigMMC_SPI.c **** *       FS_X_GetTimeDate
 113:.\Generated_Source\PSoC5/emFile_1_ConfigMMC_SPI.c **** *
 114:.\Generated_Source\PSoC5/emFile_1_ConfigMMC_SPI.c **** *  Description:
 115:.\Generated_Source\PSoC5/emFile_1_ConfigMMC_SPI.c **** *    Current time and date in a format suitable for the file system.
 116:.\Generated_Source\PSoC5/emFile_1_ConfigMMC_SPI.c **** *
 117:.\Generated_Source\PSoC5/emFile_1_ConfigMMC_SPI.c **** *    Bit 0-4:   2-second count (0-29)
 118:.\Generated_Source\PSoC5/emFile_1_ConfigMMC_SPI.c **** *    Bit 5-10:  Minutes (0-59)
 119:.\Generated_Source\PSoC5/emFile_1_ConfigMMC_SPI.c **** *    Bit 11-15: Hours (0-23)
 120:.\Generated_Source\PSoC5/emFile_1_ConfigMMC_SPI.c **** *    Bit 16-20: Day of month (1-31)
 121:.\Generated_Source\PSoC5/emFile_1_ConfigMMC_SPI.c **** *    Bit 21-24: Month of year (1-12)
 122:.\Generated_Source\PSoC5/emFile_1_ConfigMMC_SPI.c **** *    Bit 25-31: Count of years from 1980 (0-127)
 123:.\Generated_Source\PSoC5/emFile_1_ConfigMMC_SPI.c **** *
 124:.\Generated_Source\PSoC5/emFile_1_ConfigMMC_SPI.c **** */
 125:.\Generated_Source\PSoC5/emFile_1_ConfigMMC_SPI.c **** U32 FS_X_GetTimeDate(void)
 126:.\Generated_Source\PSoC5/emFile_1_ConfigMMC_SPI.c **** {
  65              		.loc 1 126 0
  66              		.cfi_startproc
  67              		@ args = 0, pretend = 0, frame = 0
  68              		@ frame_needed = 0, uses_anonymous_args = 0
  69              		@ link register save eliminated.
  70              	.LVL2:
 127:.\Generated_Source\PSoC5/emFile_1_ConfigMMC_SPI.c ****   U32 r;
 128:.\Generated_Source\PSoC5/emFile_1_ConfigMMC_SPI.c ****   U16 Sec, Min, Hour;
 129:.\Generated_Source\PSoC5/emFile_1_ConfigMMC_SPI.c ****   U16 Day, Month, Year;
 130:.\Generated_Source\PSoC5/emFile_1_ConfigMMC_SPI.c **** 
 131:.\Generated_Source\PSoC5/emFile_1_ConfigMMC_SPI.c ****   Sec   = 0;        /* 0 based.  Valid range: 0..59 */
 132:.\Generated_Source\PSoC5/emFile_1_ConfigMMC_SPI.c ****   Min   = 0;        /* 0 based.  Valid range: 0..59 */
 133:.\Generated_Source\PSoC5/emFile_1_ConfigMMC_SPI.c ****   Hour  = 0;        /* 0 based.  Valid range: 0..23 */
 134:.\Generated_Source\PSoC5/emFile_1_ConfigMMC_SPI.c ****   Day   = 1;        /* 1 based.    Means that 1 is 1. Valid range is 1..31 (depending on month) */
 135:.\Generated_Source\PSoC5/emFile_1_ConfigMMC_SPI.c ****   Month = 1;        /* 1 based.    Means that January is 1. Valid range is 1..12. */
 136:.\Generated_Source\PSoC5/emFile_1_ConfigMMC_SPI.c ****   Year  = 0;        /* 1980 based. Means that 2007 would be 27. */
 137:.\Generated_Source\PSoC5/emFile_1_ConfigMMC_SPI.c ****   r   = Sec / 2 + (Min << 5) + (Hour  << 11);
 138:.\Generated_Source\PSoC5/emFile_1_ConfigMMC_SPI.c ****   r  |= (U32)(Day + (Month << 5) + (Year  << 9)) << 16;
 139:.\Generated_Source\PSoC5/emFile_1_ConfigMMC_SPI.c ****   return r;
 140:.\Generated_Source\PSoC5/emFile_1_ConfigMMC_SPI.c **** }
  71              		.loc 1 140 0
  72 0000 4FF40410 		mov	r0, #2162688
  73 0004 7047     		bx	lr
  74              		.cfi_endproc
  75              	.LFE1:
  76              		.size	FS_X_GetTimeDate, .-FS_X_GetTimeDate
  77              		.bss
  78              		.align	2
  79              		.set	.LANCHOR0,. + 0
  80              		.type	_aMemBlock, %object
  81              		.size	_aMemBlock, 4096
  82              	_aMemBlock:
  83 0000 00000000 		.space	4096
  83      00000000 
  83      00000000 
  83      00000000 
  83      00000000 
ARM GAS  C:\Users\acer\AppData\Local\Temp\ccSTPe7y.s 			page 5


  84              		.text
  85              	.Letext0:
  86              		.file 2 ".\\Inc\\sd/FS_Types.h"
  87              		.file 3 ".\\Inc\\sd/FS.h"
  88              		.section	.debug_info,"",%progbits
  89              	.Ldebug_info0:
  90 0000 ED020000 		.4byte	0x2ed
  91 0004 0400     		.2byte	0x4
  92 0006 00000000 		.4byte	.Ldebug_abbrev0
  93 000a 04       		.byte	0x4
  94 000b 01       		.uleb128 0x1
  95 000c 8D010000 		.4byte	.LASF27
  96 0010 01       		.byte	0x1
  97 0011 17000000 		.4byte	.LASF28
  98 0015 C7000000 		.4byte	.LASF29
  99 0019 00000000 		.4byte	.Ldebug_ranges0+0
 100 001d 00000000 		.4byte	0
 101 0021 00000000 		.4byte	.Ldebug_line0
 102 0025 02       		.uleb128 0x2
 103 0026 38020000 		.4byte	.LASF0
 104 002a 02       		.byte	0x2
 105 002b 80       		.byte	0x80
 106 002c 30000000 		.4byte	0x30
 107 0030 03       		.uleb128 0x3
 108 0031 38020000 		.4byte	.LASF0
 109 0035 02       		.uleb128 0x2
 110 0036 08000000 		.4byte	.LASF1
 111 003a 02       		.byte	0x2
 112 003b 81       		.byte	0x81
 113 003c 40000000 		.4byte	0x40
 114 0040 04       		.uleb128 0x4
 115 0041 08000000 		.4byte	.LASF1
 116 0045 20       		.byte	0x20
 117 0046 03       		.byte	0x3
 118 0047 2B02     		.2byte	0x22b
 119 0049 B6000000 		.4byte	0xb6
 120 004d 05       		.uleb128 0x5
 121 004e 20020000 		.4byte	.LASF2
 122 0052 03       		.byte	0x3
 123 0053 2C02     		.2byte	0x22c
 124 0055 10010000 		.4byte	0x110
 125 0059 00       		.byte	0
 126 005a 05       		.uleb128 0x5
 127 005b 15010000 		.4byte	.LASF3
 128 005f 03       		.byte	0x3
 129 0060 2D02     		.2byte	0x22d
 130 0062 1B010000 		.4byte	0x11b
 131 0066 04       		.byte	0x4
 132 0067 05       		.uleb128 0x5
 133 0068 7C010000 		.4byte	.LASF4
 134 006c 03       		.byte	0x3
 135 006d 2E02     		.2byte	0x22e
 136 006f 3F010000 		.4byte	0x13f
 137 0073 08       		.byte	0x8
 138 0074 05       		.uleb128 0x5
 139 0075 00000000 		.4byte	.LASF5
 140 0079 03       		.byte	0x3
ARM GAS  C:\Users\acer\AppData\Local\Temp\ccSTPe7y.s 			page 6


 141 007a 2F02     		.2byte	0x22f
 142 007c 6F010000 		.4byte	0x16f
 143 0080 0C       		.byte	0xc
 144 0081 05       		.uleb128 0x5
 145 0082 5F020000 		.4byte	.LASF6
 146 0086 03       		.byte	0x3
 147 0087 3002     		.2byte	0x230
 148 0089 9A010000 		.4byte	0x19a
 149 008d 10       		.byte	0x10
 150 008e 05       		.uleb128 0x5
 151 008f BA000000 		.4byte	.LASF7
 152 0093 03       		.byte	0x3
 153 0094 3102     		.2byte	0x231
 154 0096 AF010000 		.4byte	0x1af
 155 009a 14       		.byte	0x14
 156 009b 05       		.uleb128 0x5
 157 009c 54000000 		.4byte	.LASF8
 158 00a0 03       		.byte	0x3
 159 00a1 3202     		.2byte	0x232
 160 00a3 AF010000 		.4byte	0x1af
 161 00a7 18       		.byte	0x18
 162 00a8 05       		.uleb128 0x5
 163 00a9 73000000 		.4byte	.LASF9
 164 00ad 03       		.byte	0x3
 165 00ae 3302     		.2byte	0x233
 166 00b0 1B010000 		.4byte	0x11b
 167 00b4 1C       		.byte	0x1c
 168 00b5 00       		.byte	0
 169 00b6 06       		.uleb128 0x6
 170 00b7 02       		.byte	0x2
 171 00b8 07       		.byte	0x7
 172 00b9 A1000000 		.4byte	.LASF10
 173 00bd 06       		.uleb128 0x6
 174 00be 04       		.byte	0x4
 175 00bf 07       		.byte	0x7
 176 00c0 8F000000 		.4byte	.LASF11
 177 00c4 06       		.uleb128 0x6
 178 00c5 04       		.byte	0x4
 179 00c6 07       		.byte	0x7
 180 00c7 21010000 		.4byte	.LASF12
 181 00cb 07       		.uleb128 0x7
 182 00cc 04       		.byte	0x4
 183 00cd 05       		.byte	0x5
 184 00ce 696E7400 		.ascii	"int\000"
 185 00d2 06       		.uleb128 0x6
 186 00d3 01       		.byte	0x1
 187 00d4 08       		.byte	0x8
 188 00d5 81000000 		.4byte	.LASF13
 189 00d9 08       		.uleb128 0x8
 190 00da 04       		.byte	0x4
 191 00db 06       		.uleb128 0x6
 192 00dc 04       		.byte	0x4
 193 00dd 07       		.byte	0x7
 194 00de 45010000 		.4byte	.LASF14
 195 00e2 06       		.uleb128 0x6
 196 00e3 01       		.byte	0x1
 197 00e4 08       		.byte	0x8
ARM GAS  C:\Users\acer\AppData\Local\Temp\ccSTPe7y.s 			page 7


 198 00e5 33020000 		.4byte	.LASF15
 199 00e9 09       		.uleb128 0x9
 200 00ea 04       		.byte	0x4
 201 00eb 25000000 		.4byte	0x25
 202 00ef 06       		.uleb128 0x6
 203 00f0 02       		.byte	0x2
 204 00f1 05       		.byte	0x5
 205 00f2 83010000 		.4byte	.LASF16
 206 00f6 0A       		.uleb128 0xa
 207 00f7 05010000 		.4byte	0x105
 208 00fb 05010000 		.4byte	0x105
 209 00ff 0B       		.uleb128 0xb
 210 0100 D2000000 		.4byte	0xd2
 211 0104 00       		.byte	0
 212 0105 09       		.uleb128 0x9
 213 0106 04       		.byte	0x4
 214 0107 0B010000 		.4byte	0x10b
 215 010b 0C       		.uleb128 0xc
 216 010c E2000000 		.4byte	0xe2
 217 0110 09       		.uleb128 0x9
 218 0111 04       		.byte	0x4
 219 0112 F6000000 		.4byte	0xf6
 220 0116 0D       		.uleb128 0xd
 221 0117 CB000000 		.4byte	0xcb
 222 011b 09       		.uleb128 0x9
 223 011c 04       		.byte	0x4
 224 011d 16010000 		.4byte	0x116
 225 0121 0A       		.uleb128 0xa
 226 0122 CB000000 		.4byte	0xcb
 227 0126 3F010000 		.4byte	0x13f
 228 012a 0B       		.uleb128 0xb
 229 012b D2000000 		.4byte	0xd2
 230 012f 0B       		.uleb128 0xb
 231 0130 BD000000 		.4byte	0xbd
 232 0134 0B       		.uleb128 0xb
 233 0135 D9000000 		.4byte	0xd9
 234 0139 0B       		.uleb128 0xb
 235 013a BD000000 		.4byte	0xbd
 236 013e 00       		.byte	0
 237 013f 09       		.uleb128 0x9
 238 0140 04       		.byte	0x4
 239 0141 21010000 		.4byte	0x121
 240 0145 0A       		.uleb128 0xa
 241 0146 CB000000 		.4byte	0xcb
 242 014a 68010000 		.4byte	0x168
 243 014e 0B       		.uleb128 0xb
 244 014f D2000000 		.4byte	0xd2
 245 0153 0B       		.uleb128 0xb
 246 0154 BD000000 		.4byte	0xbd
 247 0158 0B       		.uleb128 0xb
 248 0159 68010000 		.4byte	0x168
 249 015d 0B       		.uleb128 0xb
 250 015e BD000000 		.4byte	0xbd
 251 0162 0B       		.uleb128 0xb
 252 0163 D2000000 		.4byte	0xd2
 253 0167 00       		.byte	0
 254 0168 09       		.uleb128 0x9
ARM GAS  C:\Users\acer\AppData\Local\Temp\ccSTPe7y.s 			page 8


 255 0169 04       		.byte	0x4
 256 016a 6E010000 		.4byte	0x16e
 257 016e 0E       		.uleb128 0xe
 258 016f 09       		.uleb128 0x9
 259 0170 04       		.byte	0x4
 260 0171 45010000 		.4byte	0x145
 261 0175 0A       		.uleb128 0xa
 262 0176 CB000000 		.4byte	0xcb
 263 017a 93010000 		.4byte	0x193
 264 017e 0B       		.uleb128 0xb
 265 017f D2000000 		.4byte	0xd2
 266 0183 0B       		.uleb128 0xb
 267 0184 93010000 		.4byte	0x193
 268 0188 0B       		.uleb128 0xb
 269 0189 93010000 		.4byte	0x193
 270 018d 0B       		.uleb128 0xb
 271 018e D9000000 		.4byte	0xd9
 272 0192 00       		.byte	0
 273 0193 06       		.uleb128 0x6
 274 0194 04       		.byte	0x4
 275 0195 05       		.byte	0x5
 276 0196 2A020000 		.4byte	.LASF17
 277 019a 09       		.uleb128 0x9
 278 019b 04       		.byte	0x4
 279 019c 75010000 		.4byte	0x175
 280 01a0 0A       		.uleb128 0xa
 281 01a1 CB000000 		.4byte	0xcb
 282 01a5 AF010000 		.4byte	0x1af
 283 01a9 0B       		.uleb128 0xb
 284 01aa D2000000 		.4byte	0xd2
 285 01ae 00       		.byte	0
 286 01af 09       		.uleb128 0x9
 287 01b0 04       		.byte	0x4
 288 01b1 A0010000 		.4byte	0x1a0
 289 01b5 09       		.uleb128 0x9
 290 01b6 04       		.byte	0x4
 291 01b7 BD000000 		.4byte	0xbd
 292 01bb 06       		.uleb128 0x6
 293 01bc 01       		.byte	0x1
 294 01bd 06       		.byte	0x6
 295 01be 53020000 		.4byte	.LASF18
 296 01c2 06       		.uleb128 0x6
 297 01c3 08       		.byte	0x8
 298 01c4 05       		.byte	0x5
 299 01c5 4E010000 		.4byte	.LASF19
 300 01c9 06       		.uleb128 0x6
 301 01ca 08       		.byte	0x8
 302 01cb 07       		.byte	0x7
 303 01cc 2E010000 		.4byte	.LASF20
 304 01d0 06       		.uleb128 0x6
 305 01d1 04       		.byte	0x4
 306 01d2 04       		.byte	0x4
 307 01d3 6D000000 		.4byte	.LASF21
 308 01d7 06       		.uleb128 0x6
 309 01d8 08       		.byte	0x8
 310 01d9 04       		.byte	0x4
 311 01da 0E010000 		.4byte	.LASF22
ARM GAS  C:\Users\acer\AppData\Local\Temp\ccSTPe7y.s 			page 9


 312 01de 0F       		.uleb128 0xf
 313 01df 6C010000 		.4byte	.LASF30
 314 01e3 01       		.byte	0x1
 315 01e4 55       		.byte	0x55
 316 01e5 00000000 		.4byte	.LFB0
 317 01e9 20000000 		.4byte	.LFE0-.LFB0
 318 01ed 01       		.uleb128 0x1
 319 01ee 9C       		.byte	0x9c
 320 01ef 1B020000 		.4byte	0x21b
 321 01f3 10       		.uleb128 0x10
 322 01f4 0C000000 		.4byte	.LVL0
 323 01f8 BD020000 		.4byte	0x2bd
 324 01fc 11020000 		.4byte	0x211
 325 0200 11       		.uleb128 0x11
 326 0201 01       		.uleb128 0x1
 327 0202 51       		.byte	0x51
 328 0203 03       		.uleb128 0x3
 329 0204 0A       		.byte	0xa
 330 0205 0010     		.2byte	0x1000
 331 0207 11       		.uleb128 0x11
 332 0208 01       		.uleb128 0x1
 333 0209 50       		.byte	0x50
 334 020a 05       		.uleb128 0x5
 335 020b 03       		.byte	0x3
 336 020c 00000000 		.4byte	.LANCHOR0
 337 0210 00       		.byte	0
 338 0211 12       		.uleb128 0x12
 339 0212 16000000 		.4byte	.LVL1
 340 0216 D4020000 		.4byte	0x2d4
 341 021a 00       		.byte	0
 342 021b 13       		.uleb128 0x13
 343 021c 42020000 		.4byte	.LASF31
 344 0220 01       		.byte	0x1
 345 0221 7D       		.byte	0x7d
 346 0222 BD000000 		.4byte	0xbd
 347 0226 00000000 		.4byte	.LFB1
 348 022a 06000000 		.4byte	.LFE1-.LFB1
 349 022e 01       		.uleb128 0x1
 350 022f 9C       		.byte	0x9c
 351 0230 8A020000 		.4byte	0x28a
 352 0234 14       		.uleb128 0x14
 353 0235 7200     		.ascii	"r\000"
 354 0237 01       		.byte	0x1
 355 0238 7F       		.byte	0x7f
 356 0239 BD000000 		.4byte	0xbd
 357 023d 00002100 		.4byte	0x210000
 358 0241 15       		.uleb128 0x15
 359 0242 53656300 		.ascii	"Sec\000"
 360 0246 01       		.byte	0x1
 361 0247 80       		.byte	0x80
 362 0248 B6000000 		.4byte	0xb6
 363 024c 00       		.byte	0
 364 024d 15       		.uleb128 0x15
 365 024e 4D696E00 		.ascii	"Min\000"
 366 0252 01       		.byte	0x1
 367 0253 80       		.byte	0x80
 368 0254 B6000000 		.4byte	0xb6
ARM GAS  C:\Users\acer\AppData\Local\Temp\ccSTPe7y.s 			page 10


 369 0258 00       		.byte	0
 370 0259 16       		.uleb128 0x16
 371 025a 1B020000 		.4byte	.LASF23
 372 025e 01       		.byte	0x1
 373 025f 80       		.byte	0x80
 374 0260 B6000000 		.4byte	0xb6
 375 0264 00       		.byte	0
 376 0265 15       		.uleb128 0x15
 377 0266 44617900 		.ascii	"Day\000"
 378 026a 01       		.byte	0x1
 379 026b 81       		.byte	0x81
 380 026c B6000000 		.4byte	0xb6
 381 0270 01       		.byte	0x1
 382 0271 16       		.uleb128 0x16
 383 0272 B4000000 		.4byte	.LASF24
 384 0276 01       		.byte	0x1
 385 0277 81       		.byte	0x81
 386 0278 B6000000 		.4byte	0xb6
 387 027c 01       		.byte	0x1
 388 027d 16       		.uleb128 0x16
 389 027e 09010000 		.4byte	.LASF25
 390 0282 01       		.byte	0x1
 391 0283 81       		.byte	0x81
 392 0284 B6000000 		.4byte	0xb6
 393 0288 00       		.byte	0
 394 0289 00       		.byte	0
 395 028a 17       		.uleb128 0x17
 396 028b BD000000 		.4byte	0xbd
 397 028f 9B020000 		.4byte	0x29b
 398 0293 18       		.uleb128 0x18
 399 0294 DB000000 		.4byte	0xdb
 400 0298 FF03     		.2byte	0x3ff
 401 029a 00       		.byte	0
 402 029b 19       		.uleb128 0x19
 403 029c 49000000 		.4byte	.LASF26
 404 02a0 01       		.byte	0x1
 405 02a1 3D       		.byte	0x3d
 406 02a2 8A020000 		.4byte	0x28a
 407 02a6 05       		.uleb128 0x5
 408 02a7 03       		.byte	0x3
 409 02a8 00000000 		.4byte	_aMemBlock
 410 02ac 1A       		.uleb128 0x1a
 411 02ad 67020000 		.4byte	.LASF32
 412 02b1 03       		.byte	0x3
 413 02b2 3902     		.2byte	0x239
 414 02b4 B8020000 		.4byte	0x2b8
 415 02b8 0C       		.uleb128 0xc
 416 02b9 35000000 		.4byte	0x35
 417 02bd 1B       		.uleb128 0x1b
 418 02be 5C010000 		.4byte	.LASF33
 419 02c2 03       		.byte	0x3
 420 02c3 4A03     		.2byte	0x34a
 421 02c5 D4020000 		.4byte	0x2d4
 422 02c9 0B       		.uleb128 0xb
 423 02ca B5010000 		.4byte	0x1b5
 424 02ce 0B       		.uleb128 0xb
 425 02cf BD000000 		.4byte	0xbd
ARM GAS  C:\Users\acer\AppData\Local\Temp\ccSTPe7y.s 			page 11


 426 02d3 00       		.byte	0
 427 02d4 1C       		.uleb128 0x1c
 428 02d5 60000000 		.4byte	.LASF34
 429 02d9 03       		.byte	0x3
 430 02da 7601     		.2byte	0x176
 431 02dc E9000000 		.4byte	0xe9
 432 02e0 EA020000 		.4byte	0x2ea
 433 02e4 0B       		.uleb128 0xb
 434 02e5 EA020000 		.4byte	0x2ea
 435 02e9 00       		.byte	0
 436 02ea 09       		.uleb128 0x9
 437 02eb 04       		.byte	0x4
 438 02ec B8020000 		.4byte	0x2b8
 439 02f0 00       		.byte	0
 440              		.section	.debug_abbrev,"",%progbits
 441              	.Ldebug_abbrev0:
 442 0000 01       		.uleb128 0x1
 443 0001 11       		.uleb128 0x11
 444 0002 01       		.byte	0x1
 445 0003 25       		.uleb128 0x25
 446 0004 0E       		.uleb128 0xe
 447 0005 13       		.uleb128 0x13
 448 0006 0B       		.uleb128 0xb
 449 0007 03       		.uleb128 0x3
 450 0008 0E       		.uleb128 0xe
 451 0009 1B       		.uleb128 0x1b
 452 000a 0E       		.uleb128 0xe
 453 000b 55       		.uleb128 0x55
 454 000c 17       		.uleb128 0x17
 455 000d 11       		.uleb128 0x11
 456 000e 01       		.uleb128 0x1
 457 000f 10       		.uleb128 0x10
 458 0010 17       		.uleb128 0x17
 459 0011 00       		.byte	0
 460 0012 00       		.byte	0
 461 0013 02       		.uleb128 0x2
 462 0014 16       		.uleb128 0x16
 463 0015 00       		.byte	0
 464 0016 03       		.uleb128 0x3
 465 0017 0E       		.uleb128 0xe
 466 0018 3A       		.uleb128 0x3a
 467 0019 0B       		.uleb128 0xb
 468 001a 3B       		.uleb128 0x3b
 469 001b 0B       		.uleb128 0xb
 470 001c 49       		.uleb128 0x49
 471 001d 13       		.uleb128 0x13
 472 001e 00       		.byte	0
 473 001f 00       		.byte	0
 474 0020 03       		.uleb128 0x3
 475 0021 13       		.uleb128 0x13
 476 0022 00       		.byte	0
 477 0023 03       		.uleb128 0x3
 478 0024 0E       		.uleb128 0xe
 479 0025 3C       		.uleb128 0x3c
 480 0026 19       		.uleb128 0x19
 481 0027 00       		.byte	0
 482 0028 00       		.byte	0
ARM GAS  C:\Users\acer\AppData\Local\Temp\ccSTPe7y.s 			page 12


 483 0029 04       		.uleb128 0x4
 484 002a 13       		.uleb128 0x13
 485 002b 01       		.byte	0x1
 486 002c 03       		.uleb128 0x3
 487 002d 0E       		.uleb128 0xe
 488 002e 0B       		.uleb128 0xb
 489 002f 0B       		.uleb128 0xb
 490 0030 3A       		.uleb128 0x3a
 491 0031 0B       		.uleb128 0xb
 492 0032 3B       		.uleb128 0x3b
 493 0033 05       		.uleb128 0x5
 494 0034 01       		.uleb128 0x1
 495 0035 13       		.uleb128 0x13
 496 0036 00       		.byte	0
 497 0037 00       		.byte	0
 498 0038 05       		.uleb128 0x5
 499 0039 0D       		.uleb128 0xd
 500 003a 00       		.byte	0
 501 003b 03       		.uleb128 0x3
 502 003c 0E       		.uleb128 0xe
 503 003d 3A       		.uleb128 0x3a
 504 003e 0B       		.uleb128 0xb
 505 003f 3B       		.uleb128 0x3b
 506 0040 05       		.uleb128 0x5
 507 0041 49       		.uleb128 0x49
 508 0042 13       		.uleb128 0x13
 509 0043 38       		.uleb128 0x38
 510 0044 0B       		.uleb128 0xb
 511 0045 00       		.byte	0
 512 0046 00       		.byte	0
 513 0047 06       		.uleb128 0x6
 514 0048 24       		.uleb128 0x24
 515 0049 00       		.byte	0
 516 004a 0B       		.uleb128 0xb
 517 004b 0B       		.uleb128 0xb
 518 004c 3E       		.uleb128 0x3e
 519 004d 0B       		.uleb128 0xb
 520 004e 03       		.uleb128 0x3
 521 004f 0E       		.uleb128 0xe
 522 0050 00       		.byte	0
 523 0051 00       		.byte	0
 524 0052 07       		.uleb128 0x7
 525 0053 24       		.uleb128 0x24
 526 0054 00       		.byte	0
 527 0055 0B       		.uleb128 0xb
 528 0056 0B       		.uleb128 0xb
 529 0057 3E       		.uleb128 0x3e
 530 0058 0B       		.uleb128 0xb
 531 0059 03       		.uleb128 0x3
 532 005a 08       		.uleb128 0x8
 533 005b 00       		.byte	0
 534 005c 00       		.byte	0
 535 005d 08       		.uleb128 0x8
 536 005e 0F       		.uleb128 0xf
 537 005f 00       		.byte	0
 538 0060 0B       		.uleb128 0xb
 539 0061 0B       		.uleb128 0xb
ARM GAS  C:\Users\acer\AppData\Local\Temp\ccSTPe7y.s 			page 13


 540 0062 00       		.byte	0
 541 0063 00       		.byte	0
 542 0064 09       		.uleb128 0x9
 543 0065 0F       		.uleb128 0xf
 544 0066 00       		.byte	0
 545 0067 0B       		.uleb128 0xb
 546 0068 0B       		.uleb128 0xb
 547 0069 49       		.uleb128 0x49
 548 006a 13       		.uleb128 0x13
 549 006b 00       		.byte	0
 550 006c 00       		.byte	0
 551 006d 0A       		.uleb128 0xa
 552 006e 15       		.uleb128 0x15
 553 006f 01       		.byte	0x1
 554 0070 27       		.uleb128 0x27
 555 0071 19       		.uleb128 0x19
 556 0072 49       		.uleb128 0x49
 557 0073 13       		.uleb128 0x13
 558 0074 01       		.uleb128 0x1
 559 0075 13       		.uleb128 0x13
 560 0076 00       		.byte	0
 561 0077 00       		.byte	0
 562 0078 0B       		.uleb128 0xb
 563 0079 05       		.uleb128 0x5
 564 007a 00       		.byte	0
 565 007b 49       		.uleb128 0x49
 566 007c 13       		.uleb128 0x13
 567 007d 00       		.byte	0
 568 007e 00       		.byte	0
 569 007f 0C       		.uleb128 0xc
 570 0080 26       		.uleb128 0x26
 571 0081 00       		.byte	0
 572 0082 49       		.uleb128 0x49
 573 0083 13       		.uleb128 0x13
 574 0084 00       		.byte	0
 575 0085 00       		.byte	0
 576 0086 0D       		.uleb128 0xd
 577 0087 15       		.uleb128 0x15
 578 0088 00       		.byte	0
 579 0089 27       		.uleb128 0x27
 580 008a 19       		.uleb128 0x19
 581 008b 49       		.uleb128 0x49
 582 008c 13       		.uleb128 0x13
 583 008d 00       		.byte	0
 584 008e 00       		.byte	0
 585 008f 0E       		.uleb128 0xe
 586 0090 26       		.uleb128 0x26
 587 0091 00       		.byte	0
 588 0092 00       		.byte	0
 589 0093 00       		.byte	0
 590 0094 0F       		.uleb128 0xf
 591 0095 2E       		.uleb128 0x2e
 592 0096 01       		.byte	0x1
 593 0097 3F       		.uleb128 0x3f
 594 0098 19       		.uleb128 0x19
 595 0099 03       		.uleb128 0x3
 596 009a 0E       		.uleb128 0xe
ARM GAS  C:\Users\acer\AppData\Local\Temp\ccSTPe7y.s 			page 14


 597 009b 3A       		.uleb128 0x3a
 598 009c 0B       		.uleb128 0xb
 599 009d 3B       		.uleb128 0x3b
 600 009e 0B       		.uleb128 0xb
 601 009f 27       		.uleb128 0x27
 602 00a0 19       		.uleb128 0x19
 603 00a1 11       		.uleb128 0x11
 604 00a2 01       		.uleb128 0x1
 605 00a3 12       		.uleb128 0x12
 606 00a4 06       		.uleb128 0x6
 607 00a5 40       		.uleb128 0x40
 608 00a6 18       		.uleb128 0x18
 609 00a7 9742     		.uleb128 0x2117
 610 00a9 19       		.uleb128 0x19
 611 00aa 01       		.uleb128 0x1
 612 00ab 13       		.uleb128 0x13
 613 00ac 00       		.byte	0
 614 00ad 00       		.byte	0
 615 00ae 10       		.uleb128 0x10
 616 00af 898201   		.uleb128 0x4109
 617 00b2 01       		.byte	0x1
 618 00b3 11       		.uleb128 0x11
 619 00b4 01       		.uleb128 0x1
 620 00b5 31       		.uleb128 0x31
 621 00b6 13       		.uleb128 0x13
 622 00b7 01       		.uleb128 0x1
 623 00b8 13       		.uleb128 0x13
 624 00b9 00       		.byte	0
 625 00ba 00       		.byte	0
 626 00bb 11       		.uleb128 0x11
 627 00bc 8A8201   		.uleb128 0x410a
 628 00bf 00       		.byte	0
 629 00c0 02       		.uleb128 0x2
 630 00c1 18       		.uleb128 0x18
 631 00c2 9142     		.uleb128 0x2111
 632 00c4 18       		.uleb128 0x18
 633 00c5 00       		.byte	0
 634 00c6 00       		.byte	0
 635 00c7 12       		.uleb128 0x12
 636 00c8 898201   		.uleb128 0x4109
 637 00cb 00       		.byte	0
 638 00cc 11       		.uleb128 0x11
 639 00cd 01       		.uleb128 0x1
 640 00ce 9542     		.uleb128 0x2115
 641 00d0 19       		.uleb128 0x19
 642 00d1 31       		.uleb128 0x31
 643 00d2 13       		.uleb128 0x13
 644 00d3 00       		.byte	0
 645 00d4 00       		.byte	0
 646 00d5 13       		.uleb128 0x13
 647 00d6 2E       		.uleb128 0x2e
 648 00d7 01       		.byte	0x1
 649 00d8 3F       		.uleb128 0x3f
 650 00d9 19       		.uleb128 0x19
 651 00da 03       		.uleb128 0x3
 652 00db 0E       		.uleb128 0xe
 653 00dc 3A       		.uleb128 0x3a
ARM GAS  C:\Users\acer\AppData\Local\Temp\ccSTPe7y.s 			page 15


 654 00dd 0B       		.uleb128 0xb
 655 00de 3B       		.uleb128 0x3b
 656 00df 0B       		.uleb128 0xb
 657 00e0 27       		.uleb128 0x27
 658 00e1 19       		.uleb128 0x19
 659 00e2 49       		.uleb128 0x49
 660 00e3 13       		.uleb128 0x13
 661 00e4 11       		.uleb128 0x11
 662 00e5 01       		.uleb128 0x1
 663 00e6 12       		.uleb128 0x12
 664 00e7 06       		.uleb128 0x6
 665 00e8 40       		.uleb128 0x40
 666 00e9 18       		.uleb128 0x18
 667 00ea 9742     		.uleb128 0x2117
 668 00ec 19       		.uleb128 0x19
 669 00ed 01       		.uleb128 0x1
 670 00ee 13       		.uleb128 0x13
 671 00ef 00       		.byte	0
 672 00f0 00       		.byte	0
 673 00f1 14       		.uleb128 0x14
 674 00f2 34       		.uleb128 0x34
 675 00f3 00       		.byte	0
 676 00f4 03       		.uleb128 0x3
 677 00f5 08       		.uleb128 0x8
 678 00f6 3A       		.uleb128 0x3a
 679 00f7 0B       		.uleb128 0xb
 680 00f8 3B       		.uleb128 0x3b
 681 00f9 0B       		.uleb128 0xb
 682 00fa 49       		.uleb128 0x49
 683 00fb 13       		.uleb128 0x13
 684 00fc 1C       		.uleb128 0x1c
 685 00fd 06       		.uleb128 0x6
 686 00fe 00       		.byte	0
 687 00ff 00       		.byte	0
 688 0100 15       		.uleb128 0x15
 689 0101 34       		.uleb128 0x34
 690 0102 00       		.byte	0
 691 0103 03       		.uleb128 0x3
 692 0104 08       		.uleb128 0x8
 693 0105 3A       		.uleb128 0x3a
 694 0106 0B       		.uleb128 0xb
 695 0107 3B       		.uleb128 0x3b
 696 0108 0B       		.uleb128 0xb
 697 0109 49       		.uleb128 0x49
 698 010a 13       		.uleb128 0x13
 699 010b 1C       		.uleb128 0x1c
 700 010c 0B       		.uleb128 0xb
 701 010d 00       		.byte	0
 702 010e 00       		.byte	0
 703 010f 16       		.uleb128 0x16
 704 0110 34       		.uleb128 0x34
 705 0111 00       		.byte	0
 706 0112 03       		.uleb128 0x3
 707 0113 0E       		.uleb128 0xe
 708 0114 3A       		.uleb128 0x3a
 709 0115 0B       		.uleb128 0xb
 710 0116 3B       		.uleb128 0x3b
ARM GAS  C:\Users\acer\AppData\Local\Temp\ccSTPe7y.s 			page 16


 711 0117 0B       		.uleb128 0xb
 712 0118 49       		.uleb128 0x49
 713 0119 13       		.uleb128 0x13
 714 011a 1C       		.uleb128 0x1c
 715 011b 0B       		.uleb128 0xb
 716 011c 00       		.byte	0
 717 011d 00       		.byte	0
 718 011e 17       		.uleb128 0x17
 719 011f 01       		.uleb128 0x1
 720 0120 01       		.byte	0x1
 721 0121 49       		.uleb128 0x49
 722 0122 13       		.uleb128 0x13
 723 0123 01       		.uleb128 0x1
 724 0124 13       		.uleb128 0x13
 725 0125 00       		.byte	0
 726 0126 00       		.byte	0
 727 0127 18       		.uleb128 0x18
 728 0128 21       		.uleb128 0x21
 729 0129 00       		.byte	0
 730 012a 49       		.uleb128 0x49
 731 012b 13       		.uleb128 0x13
 732 012c 2F       		.uleb128 0x2f
 733 012d 05       		.uleb128 0x5
 734 012e 00       		.byte	0
 735 012f 00       		.byte	0
 736 0130 19       		.uleb128 0x19
 737 0131 34       		.uleb128 0x34
 738 0132 00       		.byte	0
 739 0133 03       		.uleb128 0x3
 740 0134 0E       		.uleb128 0xe
 741 0135 3A       		.uleb128 0x3a
 742 0136 0B       		.uleb128 0xb
 743 0137 3B       		.uleb128 0x3b
 744 0138 0B       		.uleb128 0xb
 745 0139 49       		.uleb128 0x49
 746 013a 13       		.uleb128 0x13
 747 013b 02       		.uleb128 0x2
 748 013c 18       		.uleb128 0x18
 749 013d 00       		.byte	0
 750 013e 00       		.byte	0
 751 013f 1A       		.uleb128 0x1a
 752 0140 34       		.uleb128 0x34
 753 0141 00       		.byte	0
 754 0142 03       		.uleb128 0x3
 755 0143 0E       		.uleb128 0xe
 756 0144 3A       		.uleb128 0x3a
 757 0145 0B       		.uleb128 0xb
 758 0146 3B       		.uleb128 0x3b
 759 0147 05       		.uleb128 0x5
 760 0148 49       		.uleb128 0x49
 761 0149 13       		.uleb128 0x13
 762 014a 3F       		.uleb128 0x3f
 763 014b 19       		.uleb128 0x19
 764 014c 3C       		.uleb128 0x3c
 765 014d 19       		.uleb128 0x19
 766 014e 00       		.byte	0
 767 014f 00       		.byte	0
ARM GAS  C:\Users\acer\AppData\Local\Temp\ccSTPe7y.s 			page 17


 768 0150 1B       		.uleb128 0x1b
 769 0151 2E       		.uleb128 0x2e
 770 0152 01       		.byte	0x1
 771 0153 3F       		.uleb128 0x3f
 772 0154 19       		.uleb128 0x19
 773 0155 03       		.uleb128 0x3
 774 0156 0E       		.uleb128 0xe
 775 0157 3A       		.uleb128 0x3a
 776 0158 0B       		.uleb128 0xb
 777 0159 3B       		.uleb128 0x3b
 778 015a 05       		.uleb128 0x5
 779 015b 27       		.uleb128 0x27
 780 015c 19       		.uleb128 0x19
 781 015d 3C       		.uleb128 0x3c
 782 015e 19       		.uleb128 0x19
 783 015f 01       		.uleb128 0x1
 784 0160 13       		.uleb128 0x13
 785 0161 00       		.byte	0
 786 0162 00       		.byte	0
 787 0163 1C       		.uleb128 0x1c
 788 0164 2E       		.uleb128 0x2e
 789 0165 01       		.byte	0x1
 790 0166 3F       		.uleb128 0x3f
 791 0167 19       		.uleb128 0x19
 792 0168 03       		.uleb128 0x3
 793 0169 0E       		.uleb128 0xe
 794 016a 3A       		.uleb128 0x3a
 795 016b 0B       		.uleb128 0xb
 796 016c 3B       		.uleb128 0x3b
 797 016d 05       		.uleb128 0x5
 798 016e 27       		.uleb128 0x27
 799 016f 19       		.uleb128 0x19
 800 0170 49       		.uleb128 0x49
 801 0171 13       		.uleb128 0x13
 802 0172 3C       		.uleb128 0x3c
 803 0173 19       		.uleb128 0x19
 804 0174 01       		.uleb128 0x1
 805 0175 13       		.uleb128 0x13
 806 0176 00       		.byte	0
 807 0177 00       		.byte	0
 808 0178 00       		.byte	0
 809              		.section	.debug_aranges,"",%progbits
 810 0000 24000000 		.4byte	0x24
 811 0004 0200     		.2byte	0x2
 812 0006 00000000 		.4byte	.Ldebug_info0
 813 000a 04       		.byte	0x4
 814 000b 00       		.byte	0
 815 000c 0000     		.2byte	0
 816 000e 0000     		.2byte	0
 817 0010 00000000 		.4byte	.LFB0
 818 0014 20000000 		.4byte	.LFE0-.LFB0
 819 0018 00000000 		.4byte	.LFB1
 820 001c 06000000 		.4byte	.LFE1-.LFB1
 821 0020 00000000 		.4byte	0
 822 0024 00000000 		.4byte	0
 823              		.section	.debug_ranges,"",%progbits
 824              	.Ldebug_ranges0:
ARM GAS  C:\Users\acer\AppData\Local\Temp\ccSTPe7y.s 			page 18


 825 0000 00000000 		.4byte	.LFB0
 826 0004 20000000 		.4byte	.LFE0
 827 0008 00000000 		.4byte	.LFB1
 828 000c 06000000 		.4byte	.LFE1
 829 0010 00000000 		.4byte	0
 830 0014 00000000 		.4byte	0
 831              		.section	.debug_line,"",%progbits
 832              	.Ldebug_line0:
 833 0000 95000000 		.section	.debug_str,"MS",%progbits,1
 833      02006700 
 833      00000201 
 833      FB0E0D00 
 833      01010101 
 834              	.LASF5:
 835 0000 70665772 		.ascii	"pfWrite\000"
 835      69746500 
 836              	.LASF1:
 837 0008 46535F44 		.ascii	"FS_DEVICE_TYPE\000"
 837      45564943 
 837      455F5459 
 837      504500
 838              	.LASF28:
 839 0017 2E5C4765 		.ascii	".\\Generated_Source\\PSoC5\\emFile_1_ConfigMMC_SPI."
 839      6E657261 
 839      7465645F 
 839      536F7572 
 839      63655C50 
 840 0047 6300     		.ascii	"c\000"
 841              	.LASF26:
 842 0049 5F614D65 		.ascii	"_aMemBlock\000"
 842      6D426C6F 
 842      636B00
 843              	.LASF8:
 844 0054 70664765 		.ascii	"pfGetStatus\000"
 844      74537461 
 844      74757300 
 845              	.LASF34:
 846 0060 46535F41 		.ascii	"FS_AddDevice\000"
 846      64644465 
 846      76696365 
 846      00
 847              	.LASF21:
 848 006d 666C6F61 		.ascii	"float\000"
 848      7400
 849              	.LASF9:
 850 0073 70664765 		.ascii	"pfGetNumUnits\000"
 850      744E756D 
 850      556E6974 
 850      7300
 851              	.LASF13:
 852 0081 756E7369 		.ascii	"unsigned char\000"
 852      676E6564 
 852      20636861 
 852      7200
 853              	.LASF11:
 854 008f 6C6F6E67 		.ascii	"long unsigned int\000"
 854      20756E73 
ARM GAS  C:\Users\acer\AppData\Local\Temp\ccSTPe7y.s 			page 19


 854      69676E65 
 854      6420696E 
 854      7400
 855              	.LASF10:
 856 00a1 73686F72 		.ascii	"short unsigned int\000"
 856      7420756E 
 856      7369676E 
 856      65642069 
 856      6E7400
 857              	.LASF24:
 858 00b4 4D6F6E74 		.ascii	"Month\000"
 858      6800
 859              	.LASF7:
 860 00ba 7066496E 		.ascii	"pfInitMedium\000"
 860      69744D65 
 860      6469756D 
 860      00
 861              	.LASF29:
 862 00c7 433A5C55 		.ascii	"C:\\Users\\acer\\Desktop\\Saura-master\\2_Psoc\\Pla"
 862      73657273 
 862      5C616365 
 862      725C4465 
 862      736B746F 
 863 00f4 74666F72 		.ascii	"tform\\Design02.cydsn\000"
 863      6D5C4465 
 863      7369676E 
 863      30322E63 
 863      7964736E 
 864              	.LASF25:
 865 0109 59656172 		.ascii	"Year\000"
 865      00
 866              	.LASF22:
 867 010e 646F7562 		.ascii	"double\000"
 867      6C6500
 868              	.LASF3:
 869 0115 70664164 		.ascii	"pfAddDevice\000"
 869      64446576 
 869      69636500 
 870              	.LASF12:
 871 0121 756E7369 		.ascii	"unsigned int\000"
 871      676E6564 
 871      20696E74 
 871      00
 872              	.LASF20:
 873 012e 6C6F6E67 		.ascii	"long long unsigned int\000"
 873      206C6F6E 
 873      6720756E 
 873      7369676E 
 873      65642069 
 874              	.LASF14:
 875 0145 73697A65 		.ascii	"sizetype\000"
 875      74797065 
 875      00
 876              	.LASF19:
 877 014e 6C6F6E67 		.ascii	"long long int\000"
 877      206C6F6E 
 877      6720696E 
ARM GAS  C:\Users\acer\AppData\Local\Temp\ccSTPe7y.s 			page 20


 877      7400
 878              	.LASF33:
 879 015c 46535F41 		.ascii	"FS_AssignMemory\000"
 879      73736967 
 879      6E4D656D 
 879      6F727900 
 880              	.LASF30:
 881 016c 46535F58 		.ascii	"FS_X_AddDevices\000"
 881      5F416464 
 881      44657669 
 881      63657300 
 882              	.LASF4:
 883 017c 70665265 		.ascii	"pfRead\000"
 883      616400
 884              	.LASF16:
 885 0183 73686F72 		.ascii	"short int\000"
 885      7420696E 
 885      7400
 886              	.LASF27:
 887 018d 474E5520 		.ascii	"GNU C 4.9.3 20150303 (release) [ARM/embedded-4_9-br"
 887      4320342E 
 887      392E3320 
 887      32303135 
 887      30333033 
 888 01c0 616E6368 		.ascii	"anch revision 221220] -mcpu=cortex-m3 -mthumb -g -O"
 888      20726576 
 888      6973696F 
 888      6E203232 
 888      31323230 
 889 01f3 73202D66 		.ascii	"s -ffunction-sections -ffat-lto-objects\000"
 889      66756E63 
 889      74696F6E 
 889      2D736563 
 889      74696F6E 
 890              	.LASF23:
 891 021b 486F7572 		.ascii	"Hour\000"
 891      00
 892              	.LASF2:
 893 0220 70664765 		.ascii	"pfGetName\000"
 893      744E616D 
 893      6500
 894              	.LASF17:
 895 022a 6C6F6E67 		.ascii	"long int\000"
 895      20696E74 
 895      00
 896              	.LASF15:
 897 0233 63686172 		.ascii	"char\000"
 897      00
 898              	.LASF0:
 899 0238 46535F56 		.ascii	"FS_VOLUME\000"
 899      4F4C554D 
 899      4500
 900              	.LASF31:
 901 0242 46535F58 		.ascii	"FS_X_GetTimeDate\000"
 901      5F476574 
 901      54696D65 
 901      44617465 
ARM GAS  C:\Users\acer\AppData\Local\Temp\ccSTPe7y.s 			page 21


 901      00
 902              	.LASF18:
 903 0253 7369676E 		.ascii	"signed char\000"
 903      65642063 
 903      68617200 
 904              	.LASF6:
 905 025f 7066496F 		.ascii	"pfIoCtl\000"
 905      43746C00 
 906              	.LASF32:
 907 0267 46535F4D 		.ascii	"FS_MMC_SPI_Driver\000"
 907      4D435F53 
 907      50495F44 
 907      72697665 
 907      7200
 908              		.ident	"GCC: (GNU Tools for ARM Embedded Processors) 4.9.3 20150303 (release) [ARM/embedded-4_9-br
