ARM GAS  C:\Users\acer\AppData\Local\Temp\cciq7VPf.s 			page 1


   1              		.syntax unified
   2              		.cpu cortex-m3
   3              		.fpu softvfp
   4              		.eabi_attribute 20, 1
   5              		.eabi_attribute 21, 1
   6              		.eabi_attribute 23, 3
   7              		.eabi_attribute 24, 1
   8              		.eabi_attribute 25, 1
   9              		.eabi_attribute 26, 1
  10              		.eabi_attribute 30, 4
  11              		.eabi_attribute 34, 1
  12              		.eabi_attribute 18, 4
  13              		.thumb
  14              		.file	"imu_i2c.c"
  15              		.text
  16              	.Ltext0:
  17              		.cfi_sections	.debug_frame
  18              	.Letext0:
  19              		.section	.debug_line,"",%progbits
  20              	.Ldebug_line0:
  21              		.section	.debug_str,"MS",%progbits,1
  22              	.LASF0:
  23 0000 2E5C696D 		.ascii	".\\imu_i2c.c\000"
  23      755F6932 
  23      632E6300 
  24              	.LASF1:
  25 000c 443A5C53 		.ascii	"D:\\START_UP\\COMPANY_STARTUP\\3_platform_based_dev"
  25      54415254 
  25      5F55505C 
  25      434F4D50 
  25      414E595F 
  26 003c 656C6F70 		.ascii	"elopments\\PSOC_PROJECTS\\platform\\platform\\Psoc_"
  26      6D656E74 
  26      735C5053 
  26      4F435F50 
  26      524F4A45 
  27 006b 506C6174 		.ascii	"Platform\\Design02.cydsn\000"
  27      666F726D 
  27      5C446573 
  27      69676E30 
  27      322E6379 
  28              	.LASF2:
  29 0083 474E5520 		.ascii	"GNU C 4.9.3 20150303 (release) [ARM/embedded-4_9-br"
  29      4320342E 
  29      392E3320 
  29      32303135 
  29      30333033 
  30 00b6 616E6368 		.ascii	"anch revision 221220] -mcpu=cortex-m3 -mthumb -g -O"
  30      20726576 
  30      6973696F 
  30      6E203232 
  30      31323230 
  31 00e9 73202D66 		.ascii	"s -ffunction-sections -ffat-lto-objects\000"
  31      66756E63 
  31      74696F6E 
  31      2D736563 
  31      74696F6E 
ARM GAS  C:\Users\acer\AppData\Local\Temp\cciq7VPf.s 			page 2


  32              		.ident	"GCC: (GNU Tools for ARM Embedded Processors) 4.9.3 20150303 (release) [ARM/embedded-4_9-br
