ARM GAS  C:\Users\acer\AppData\Local\Temp\ccHrR1rR.s 			page 1


   1              		.syntax unified
   2              		.cpu cortex-m3
   3              		.fpu softvfp
   4              		.eabi_attribute 20, 1
   5              		.eabi_attribute 21, 1
   6              		.eabi_attribute 23, 3
   7              		.eabi_attribute 24, 1
   8              		.eabi_attribute 25, 1
   9              		.eabi_attribute 26, 1
  10              		.eabi_attribute 30, 4
  11              		.eabi_attribute 34, 1
  12              		.eabi_attribute 18, 4
  13              		.thumb
  14              		.file	"lcd.c"
  15              		.text
  16              	.Ltext0:
  17              		.cfi_sections	.debug_frame
  18              		.section	.text.lcd_ini,"ax",%progbits
  19              		.align	1
  20              		.global	lcd_ini
  21              		.thumb
  22              		.thumb_func
  23              		.type	lcd_ini, %function
  24              	lcd_ini:
  25              	.LFB56:
  26              		.file 1 ".\\lcd.c"
   1:.\lcd.c       **** /* ========================================
   2:.\lcd.c       ****  *
   3:.\lcd.c       ****  * Copyright YOUR COMPANY, THE YEAR
   4:.\lcd.c       ****  * All Rights Reserved
   5:.\lcd.c       ****  * UNPUBLISHED, LICENSED SOFTWARE.
   6:.\lcd.c       ****  *
   7:.\lcd.c       ****  * CONFIDENTIAL AND PROPRIETARY INFORMATION
   8:.\lcd.c       ****  * WHICH IS THE PROPERTY OF your company.
   9:.\lcd.c       ****  *
  10:.\lcd.c       ****  * ========================================
  11:.\lcd.c       **** */
  12:.\lcd.c       **** #include <project.h>
  13:.\lcd.c       **** //#include <stdio.h>
  14:.\lcd.c       **** // usigned char str[12];
  15:.\lcd.c       **** void lcd_ini(void)
  16:.\lcd.c       **** {
  27              		.loc 1 16 0
  28              		.cfi_startproc
  29              		@ args = 0, pretend = 0, frame = 0
  30              		@ frame_needed = 0, uses_anonymous_args = 0
  31 0000 08B5     		push	{r3, lr}
  32              		.cfi_def_cfa_offset 8
  33              		.cfi_offset 3, -8
  34              		.cfi_offset 14, -4
  17:.\lcd.c       ****     LCD1_Start();
  35              		.loc 1 17 0
  36 0002 FFF7FEFF 		bl	LCD1_Start
  37              	.LVL0:
  18:.\lcd.c       **** 	LCD1_Position(0,0);
  19:.\lcd.c       ****     
  20:.\lcd.c       ****     //LCD1_PrintString("Multi-Port LCD");
ARM GAS  C:\Users\acer\AppData\Local\Temp\ccHrR1rR.s 			page 2


  21:.\lcd.c       ****     //LCD1_Position(1,0);
  22:.\lcd.c       **** 	// LCD1_PrintInt8(bargraph);                  /* Show numerical position */
  23:.\lcd.c       ****     
  24:.\lcd.c       ****     
  25:.\lcd.c       ****     //sprintf(str,"%.7f ",variable_name);
  26:.\lcd.c       ****     // LCD1_PrintString((str);
  27:.\lcd.c       **** }
  38              		.loc 1 27 0
  39 0006 BDE80840 		pop	{r3, lr}
  40              		.cfi_restore 14
  41              		.cfi_restore 3
  42              		.cfi_def_cfa_offset 0
  18:.\lcd.c       **** 	LCD1_Position(0,0);
  43              		.loc 1 18 0
  44 000a 0020     		movs	r0, #0
  45 000c 0146     		mov	r1, r0
  46 000e FFF7FEBF 		b	LCD1_Position
  47              	.LVL1:
  48              		.cfi_endproc
  49              	.LFE56:
  50              		.size	lcd_ini, .-lcd_ini
  51              		.text
  52              	.Letext0:
  53              		.file 2 "c:\\program files\\cypress\\psoc creator\\3.3\\psoc creator\\import\\gnu\\arm\\4.9.3\\arm
  54              		.file 3 "c:\\program files\\cypress\\psoc creator\\3.3\\psoc creator\\import\\gnu\\arm\\4.9.3\\arm
  55              		.file 4 "Generated_Source\\PSoC5/cytypes.h"
  56              		.file 5 "Generated_Source\\PSoC5/core_cm3.h"
  57              		.file 6 "Generated_Source\\PSoC5/LCD1.h"
  58              		.section	.debug_info,"",%progbits
  59              	.Ldebug_info0:
  60 0000 02010000 		.4byte	0x102
  61 0004 0400     		.2byte	0x4
  62 0006 00000000 		.4byte	.Ldebug_abbrev0
  63 000a 04       		.byte	0x4
  64 000b 01       		.uleb128 0x1
  65 000c BE000000 		.4byte	.LASF16
  66 0010 01       		.byte	0x1
  67 0011 A0000000 		.4byte	.LASF17
  68 0015 64010000 		.4byte	.LASF18
  69 0019 00000000 		.4byte	.Ldebug_ranges0+0
  70 001d 00000000 		.4byte	0
  71 0021 00000000 		.4byte	.Ldebug_line0
  72 0025 02       		.uleb128 0x2
  73 0026 01       		.byte	0x1
  74 0027 06       		.byte	0x6
  75 0028 2E000000 		.4byte	.LASF0
  76 002c 02       		.uleb128 0x2
  77 002d 01       		.byte	0x1
  78 002e 08       		.byte	0x8
  79 002f 77000000 		.4byte	.LASF1
  80 0033 02       		.uleb128 0x2
  81 0034 02       		.byte	0x2
  82 0035 05       		.byte	0x5
  83 0036 A6010000 		.4byte	.LASF2
  84 003a 02       		.uleb128 0x2
  85 003b 02       		.byte	0x2
  86 003c 07       		.byte	0x7
ARM GAS  C:\Users\acer\AppData\Local\Temp\ccHrR1rR.s 			page 3


  87 003d 0E000000 		.4byte	.LASF3
  88 0041 03       		.uleb128 0x3
  89 0042 4C010000 		.4byte	.LASF9
  90 0046 02       		.byte	0x2
  91 0047 3F       		.byte	0x3f
  92 0048 4C000000 		.4byte	0x4c
  93 004c 02       		.uleb128 0x2
  94 004d 04       		.byte	0x4
  95 004e 05       		.byte	0x5
  96 004f 90000000 		.4byte	.LASF4
  97 0053 02       		.uleb128 0x2
  98 0054 04       		.byte	0x4
  99 0055 07       		.byte	0x7
 100 0056 40000000 		.4byte	.LASF5
 101 005a 02       		.uleb128 0x2
 102 005b 08       		.byte	0x8
 103 005c 05       		.byte	0x5
 104 005d 00000000 		.4byte	.LASF6
 105 0061 02       		.uleb128 0x2
 106 0062 08       		.byte	0x8
 107 0063 07       		.byte	0x7
 108 0064 52000000 		.4byte	.LASF7
 109 0068 04       		.uleb128 0x4
 110 0069 04       		.byte	0x4
 111 006a 05       		.byte	0x5
 112 006b 696E7400 		.ascii	"int\000"
 113 006f 02       		.uleb128 0x2
 114 0070 04       		.byte	0x4
 115 0071 07       		.byte	0x7
 116 0072 21000000 		.4byte	.LASF8
 117 0076 03       		.uleb128 0x3
 118 0077 B0010000 		.4byte	.LASF10
 119 007b 03       		.byte	0x3
 120 007c 2C       		.byte	0x2c
 121 007d 41000000 		.4byte	0x41
 122 0081 03       		.uleb128 0x3
 123 0082 3A000000 		.4byte	.LASF11
 124 0086 04       		.byte	0x4
 125 0087 A1       		.byte	0xa1
 126 0088 2C000000 		.4byte	0x2c
 127 008c 02       		.uleb128 0x2
 128 008d 04       		.byte	0x4
 129 008e 04       		.byte	0x4
 130 008f 5E010000 		.4byte	.LASF12
 131 0093 02       		.uleb128 0x2
 132 0094 08       		.byte	0x8
 133 0095 04       		.byte	0x4
 134 0096 99000000 		.4byte	.LASF13
 135 009a 02       		.uleb128 0x2
 136 009b 01       		.byte	0x1
 137 009c 08       		.byte	0x8
 138 009d B8010000 		.4byte	.LASF14
 139 00a1 02       		.uleb128 0x2
 140 00a2 04       		.byte	0x4
 141 00a3 07       		.byte	0x7
 142 00a4 A8000000 		.4byte	.LASF15
 143 00a8 05       		.uleb128 0x5
ARM GAS  C:\Users\acer\AppData\Local\Temp\ccHrR1rR.s 			page 4


 144 00a9 56010000 		.4byte	.LASF19
 145 00ad 01       		.byte	0x1
 146 00ae 0F       		.byte	0xf
 147 00af 00000000 		.4byte	.LFB56
 148 00b3 12000000 		.4byte	.LFE56-.LFB56
 149 00b7 01       		.uleb128 0x1
 150 00b8 9C       		.byte	0x9c
 151 00b9 DB000000 		.4byte	0xdb
 152 00bd 06       		.uleb128 0x6
 153 00be 06000000 		.4byte	.LVL0
 154 00c2 EC000000 		.4byte	0xec
 155 00c6 07       		.uleb128 0x7
 156 00c7 12000000 		.4byte	.LVL1
 157 00cb F3000000 		.4byte	0xf3
 158 00cf 08       		.uleb128 0x8
 159 00d0 01       		.uleb128 0x1
 160 00d1 51       		.byte	0x51
 161 00d2 01       		.uleb128 0x1
 162 00d3 30       		.byte	0x30
 163 00d4 08       		.uleb128 0x8
 164 00d5 01       		.uleb128 0x1
 165 00d6 50       		.byte	0x50
 166 00d7 01       		.uleb128 0x1
 167 00d8 30       		.byte	0x30
 168 00d9 00       		.byte	0
 169 00da 00       		.byte	0
 170 00db 09       		.uleb128 0x9
 171 00dc B1000000 		.4byte	.LASF20
 172 00e0 05       		.byte	0x5
 173 00e1 1606     		.2byte	0x616
 174 00e3 E7000000 		.4byte	0xe7
 175 00e7 0A       		.uleb128 0xa
 176 00e8 76000000 		.4byte	0x76
 177 00ec 0B       		.uleb128 0xb
 178 00ed 85000000 		.4byte	.LASF21
 179 00f1 06       		.byte	0x6
 180 00f2 38       		.byte	0x38
 181 00f3 0C       		.uleb128 0xc
 182 00f4 69000000 		.4byte	.LASF22
 183 00f8 06       		.byte	0x6
 184 00f9 3D       		.byte	0x3d
 185 00fa 0D       		.uleb128 0xd
 186 00fb 81000000 		.4byte	0x81
 187 00ff 0D       		.uleb128 0xd
 188 0100 81000000 		.4byte	0x81
 189 0104 00       		.byte	0
 190 0105 00       		.byte	0
 191              		.section	.debug_abbrev,"",%progbits
 192              	.Ldebug_abbrev0:
 193 0000 01       		.uleb128 0x1
 194 0001 11       		.uleb128 0x11
 195 0002 01       		.byte	0x1
 196 0003 25       		.uleb128 0x25
 197 0004 0E       		.uleb128 0xe
 198 0005 13       		.uleb128 0x13
 199 0006 0B       		.uleb128 0xb
 200 0007 03       		.uleb128 0x3
ARM GAS  C:\Users\acer\AppData\Local\Temp\ccHrR1rR.s 			page 5


 201 0008 0E       		.uleb128 0xe
 202 0009 1B       		.uleb128 0x1b
 203 000a 0E       		.uleb128 0xe
 204 000b 55       		.uleb128 0x55
 205 000c 17       		.uleb128 0x17
 206 000d 11       		.uleb128 0x11
 207 000e 01       		.uleb128 0x1
 208 000f 10       		.uleb128 0x10
 209 0010 17       		.uleb128 0x17
 210 0011 00       		.byte	0
 211 0012 00       		.byte	0
 212 0013 02       		.uleb128 0x2
 213 0014 24       		.uleb128 0x24
 214 0015 00       		.byte	0
 215 0016 0B       		.uleb128 0xb
 216 0017 0B       		.uleb128 0xb
 217 0018 3E       		.uleb128 0x3e
 218 0019 0B       		.uleb128 0xb
 219 001a 03       		.uleb128 0x3
 220 001b 0E       		.uleb128 0xe
 221 001c 00       		.byte	0
 222 001d 00       		.byte	0
 223 001e 03       		.uleb128 0x3
 224 001f 16       		.uleb128 0x16
 225 0020 00       		.byte	0
 226 0021 03       		.uleb128 0x3
 227 0022 0E       		.uleb128 0xe
 228 0023 3A       		.uleb128 0x3a
 229 0024 0B       		.uleb128 0xb
 230 0025 3B       		.uleb128 0x3b
 231 0026 0B       		.uleb128 0xb
 232 0027 49       		.uleb128 0x49
 233 0028 13       		.uleb128 0x13
 234 0029 00       		.byte	0
 235 002a 00       		.byte	0
 236 002b 04       		.uleb128 0x4
 237 002c 24       		.uleb128 0x24
 238 002d 00       		.byte	0
 239 002e 0B       		.uleb128 0xb
 240 002f 0B       		.uleb128 0xb
 241 0030 3E       		.uleb128 0x3e
 242 0031 0B       		.uleb128 0xb
 243 0032 03       		.uleb128 0x3
 244 0033 08       		.uleb128 0x8
 245 0034 00       		.byte	0
 246 0035 00       		.byte	0
 247 0036 05       		.uleb128 0x5
 248 0037 2E       		.uleb128 0x2e
 249 0038 01       		.byte	0x1
 250 0039 3F       		.uleb128 0x3f
 251 003a 19       		.uleb128 0x19
 252 003b 03       		.uleb128 0x3
 253 003c 0E       		.uleb128 0xe
 254 003d 3A       		.uleb128 0x3a
 255 003e 0B       		.uleb128 0xb
 256 003f 3B       		.uleb128 0x3b
 257 0040 0B       		.uleb128 0xb
ARM GAS  C:\Users\acer\AppData\Local\Temp\ccHrR1rR.s 			page 6


 258 0041 27       		.uleb128 0x27
 259 0042 19       		.uleb128 0x19
 260 0043 11       		.uleb128 0x11
 261 0044 01       		.uleb128 0x1
 262 0045 12       		.uleb128 0x12
 263 0046 06       		.uleb128 0x6
 264 0047 40       		.uleb128 0x40
 265 0048 18       		.uleb128 0x18
 266 0049 9742     		.uleb128 0x2117
 267 004b 19       		.uleb128 0x19
 268 004c 01       		.uleb128 0x1
 269 004d 13       		.uleb128 0x13
 270 004e 00       		.byte	0
 271 004f 00       		.byte	0
 272 0050 06       		.uleb128 0x6
 273 0051 898201   		.uleb128 0x4109
 274 0054 00       		.byte	0
 275 0055 11       		.uleb128 0x11
 276 0056 01       		.uleb128 0x1
 277 0057 31       		.uleb128 0x31
 278 0058 13       		.uleb128 0x13
 279 0059 00       		.byte	0
 280 005a 00       		.byte	0
 281 005b 07       		.uleb128 0x7
 282 005c 898201   		.uleb128 0x4109
 283 005f 01       		.byte	0x1
 284 0060 11       		.uleb128 0x11
 285 0061 01       		.uleb128 0x1
 286 0062 9542     		.uleb128 0x2115
 287 0064 19       		.uleb128 0x19
 288 0065 31       		.uleb128 0x31
 289 0066 13       		.uleb128 0x13
 290 0067 00       		.byte	0
 291 0068 00       		.byte	0
 292 0069 08       		.uleb128 0x8
 293 006a 8A8201   		.uleb128 0x410a
 294 006d 00       		.byte	0
 295 006e 02       		.uleb128 0x2
 296 006f 18       		.uleb128 0x18
 297 0070 9142     		.uleb128 0x2111
 298 0072 18       		.uleb128 0x18
 299 0073 00       		.byte	0
 300 0074 00       		.byte	0
 301 0075 09       		.uleb128 0x9
 302 0076 34       		.uleb128 0x34
 303 0077 00       		.byte	0
 304 0078 03       		.uleb128 0x3
 305 0079 0E       		.uleb128 0xe
 306 007a 3A       		.uleb128 0x3a
 307 007b 0B       		.uleb128 0xb
 308 007c 3B       		.uleb128 0x3b
 309 007d 05       		.uleb128 0x5
 310 007e 49       		.uleb128 0x49
 311 007f 13       		.uleb128 0x13
 312 0080 3F       		.uleb128 0x3f
 313 0081 19       		.uleb128 0x19
 314 0082 3C       		.uleb128 0x3c
ARM GAS  C:\Users\acer\AppData\Local\Temp\ccHrR1rR.s 			page 7


 315 0083 19       		.uleb128 0x19
 316 0084 00       		.byte	0
 317 0085 00       		.byte	0
 318 0086 0A       		.uleb128 0xa
 319 0087 35       		.uleb128 0x35
 320 0088 00       		.byte	0
 321 0089 49       		.uleb128 0x49
 322 008a 13       		.uleb128 0x13
 323 008b 00       		.byte	0
 324 008c 00       		.byte	0
 325 008d 0B       		.uleb128 0xb
 326 008e 2E       		.uleb128 0x2e
 327 008f 00       		.byte	0
 328 0090 3F       		.uleb128 0x3f
 329 0091 19       		.uleb128 0x19
 330 0092 03       		.uleb128 0x3
 331 0093 0E       		.uleb128 0xe
 332 0094 3A       		.uleb128 0x3a
 333 0095 0B       		.uleb128 0xb
 334 0096 3B       		.uleb128 0x3b
 335 0097 0B       		.uleb128 0xb
 336 0098 27       		.uleb128 0x27
 337 0099 19       		.uleb128 0x19
 338 009a 3C       		.uleb128 0x3c
 339 009b 19       		.uleb128 0x19
 340 009c 00       		.byte	0
 341 009d 00       		.byte	0
 342 009e 0C       		.uleb128 0xc
 343 009f 2E       		.uleb128 0x2e
 344 00a0 01       		.byte	0x1
 345 00a1 3F       		.uleb128 0x3f
 346 00a2 19       		.uleb128 0x19
 347 00a3 03       		.uleb128 0x3
 348 00a4 0E       		.uleb128 0xe
 349 00a5 3A       		.uleb128 0x3a
 350 00a6 0B       		.uleb128 0xb
 351 00a7 3B       		.uleb128 0x3b
 352 00a8 0B       		.uleb128 0xb
 353 00a9 27       		.uleb128 0x27
 354 00aa 19       		.uleb128 0x19
 355 00ab 3C       		.uleb128 0x3c
 356 00ac 19       		.uleb128 0x19
 357 00ad 00       		.byte	0
 358 00ae 00       		.byte	0
 359 00af 0D       		.uleb128 0xd
 360 00b0 05       		.uleb128 0x5
 361 00b1 00       		.byte	0
 362 00b2 49       		.uleb128 0x49
 363 00b3 13       		.uleb128 0x13
 364 00b4 00       		.byte	0
 365 00b5 00       		.byte	0
 366 00b6 00       		.byte	0
 367              		.section	.debug_aranges,"",%progbits
 368 0000 1C000000 		.4byte	0x1c
 369 0004 0200     		.2byte	0x2
 370 0006 00000000 		.4byte	.Ldebug_info0
 371 000a 04       		.byte	0x4
ARM GAS  C:\Users\acer\AppData\Local\Temp\ccHrR1rR.s 			page 8


 372 000b 00       		.byte	0
 373 000c 0000     		.2byte	0
 374 000e 0000     		.2byte	0
 375 0010 00000000 		.4byte	.LFB56
 376 0014 12000000 		.4byte	.LFE56-.LFB56
 377 0018 00000000 		.4byte	0
 378 001c 00000000 		.4byte	0
 379              		.section	.debug_ranges,"",%progbits
 380              	.Ldebug_ranges0:
 381 0000 00000000 		.4byte	.LFB56
 382 0004 12000000 		.4byte	.LFE56
 383 0008 00000000 		.4byte	0
 384 000c 00000000 		.4byte	0
 385              		.section	.debug_line,"",%progbits
 386              	.Ldebug_line0:
 387 0000 62010000 		.section	.debug_str,"MS",%progbits,1
 387      02004601 
 387      00000201 
 387      FB0E0D00 
 387      01010101 
 388              	.LASF6:
 389 0000 6C6F6E67 		.ascii	"long long int\000"
 389      206C6F6E 
 389      6720696E 
 389      7400
 390              	.LASF3:
 391 000e 73686F72 		.ascii	"short unsigned int\000"
 391      7420756E 
 391      7369676E 
 391      65642069 
 391      6E7400
 392              	.LASF8:
 393 0021 756E7369 		.ascii	"unsigned int\000"
 393      676E6564 
 393      20696E74 
 393      00
 394              	.LASF0:
 395 002e 7369676E 		.ascii	"signed char\000"
 395      65642063 
 395      68617200 
 396              	.LASF11:
 397 003a 75696E74 		.ascii	"uint8\000"
 397      3800
 398              	.LASF5:
 399 0040 6C6F6E67 		.ascii	"long unsigned int\000"
 399      20756E73 
 399      69676E65 
 399      6420696E 
 399      7400
 400              	.LASF7:
 401 0052 6C6F6E67 		.ascii	"long long unsigned int\000"
 401      206C6F6E 
 401      6720756E 
 401      7369676E 
 401      65642069 
 402              	.LASF22:
 403 0069 4C434431 		.ascii	"LCD1_Position\000"
ARM GAS  C:\Users\acer\AppData\Local\Temp\ccHrR1rR.s 			page 9


 403      5F506F73 
 403      6974696F 
 403      6E00
 404              	.LASF1:
 405 0077 756E7369 		.ascii	"unsigned char\000"
 405      676E6564 
 405      20636861 
 405      7200
 406              	.LASF21:
 407 0085 4C434431 		.ascii	"LCD1_Start\000"
 407      5F537461 
 407      727400
 408              	.LASF4:
 409 0090 6C6F6E67 		.ascii	"long int\000"
 409      20696E74 
 409      00
 410              	.LASF13:
 411 0099 646F7562 		.ascii	"double\000"
 411      6C6500
 412              	.LASF17:
 413 00a0 2E5C6C63 		.ascii	".\\lcd.c\000"
 413      642E6300 
 414              	.LASF15:
 415 00a8 73697A65 		.ascii	"sizetype\000"
 415      74797065 
 415      00
 416              	.LASF20:
 417 00b1 49544D5F 		.ascii	"ITM_RxBuffer\000"
 417      52784275 
 417      66666572 
 417      00
 418              	.LASF16:
 419 00be 474E5520 		.ascii	"GNU C 4.9.3 20150303 (release) [ARM/embedded-4_9-br"
 419      4320342E 
 419      392E3320 
 419      32303135 
 419      30333033 
 420 00f1 616E6368 		.ascii	"anch revision 221220] -mcpu=cortex-m3 -mthumb -g -O"
 420      20726576 
 420      6973696F 
 420      6E203232 
 420      31323230 
 421 0124 73202D66 		.ascii	"s -ffunction-sections -ffat-lto-objects\000"
 421      66756E63 
 421      74696F6E 
 421      2D736563 
 421      74696F6E 
 422              	.LASF9:
 423 014c 5F5F696E 		.ascii	"__int32_t\000"
 423      7433325F 
 423      7400
 424              	.LASF19:
 425 0156 6C63645F 		.ascii	"lcd_ini\000"
 425      696E6900 
 426              	.LASF12:
 427 015e 666C6F61 		.ascii	"float\000"
 427      7400
ARM GAS  C:\Users\acer\AppData\Local\Temp\ccHrR1rR.s 			page 10


 428              	.LASF18:
 429 0164 433A5C55 		.ascii	"C:\\Users\\acer\\Desktop\\Saura-master\\2_Psoc\\Pla"
 429      73657273 
 429      5C616365 
 429      725C4465 
 429      736B746F 
 430 0191 74666F72 		.ascii	"tform\\Design02.cydsn\000"
 430      6D5C4465 
 430      7369676E 
 430      30322E63 
 430      7964736E 
 431              	.LASF2:
 432 01a6 73686F72 		.ascii	"short int\000"
 432      7420696E 
 432      7400
 433              	.LASF10:
 434 01b0 696E7433 		.ascii	"int32_t\000"
 434      325F7400 
 435              	.LASF14:
 436 01b8 63686172 		.ascii	"char\000"
 436      00
 437              		.ident	"GCC: (GNU Tools for ARM Embedded Processors) 4.9.3 20150303 (release) [ARM/embedded-4_9-br
