ARM GAS  C:\Users\acer\AppData\Local\Temp\cc6gkY8A.s 			page 1


   1              		.syntax unified
   2              		.cpu cortex-m3
   3              		.fpu softvfp
   4              		.eabi_attribute 20, 1
   5              		.eabi_attribute 21, 1
   6              		.eabi_attribute 23, 3
   7              		.eabi_attribute 24, 1
   8              		.eabi_attribute 25, 1
   9              		.eabi_attribute 26, 1
  10              		.eabi_attribute 30, 4
  11              		.eabi_attribute 34, 1
  12              		.eabi_attribute 18, 4
  13              		.thumb
  14              		.file	"LCD_Char_1_Cntl_Port.c"
  15              		.text
  16              	.Ltext0:
  17              		.cfi_sections	.debug_frame
  18              		.section	.text.LCD_Char_1_Cntl_Port_Write,"ax",%progbits
  19              		.align	1
  20              		.global	LCD_Char_1_Cntl_Port_Write
  21              		.thumb
  22              		.thumb_func
  23              		.type	LCD_Char_1_Cntl_Port_Write, %function
  24              	LCD_Char_1_Cntl_Port_Write:
  25              	.LFB0:
  26              		.file 1 ".\\Generated_Source\\PSoC5\\LCD_Char_1_Cntl_Port.c"
   1:.\Generated_Source\PSoC5/LCD_Char_1_Cntl_Port.c **** /*******************************************************************************
   2:.\Generated_Source\PSoC5/LCD_Char_1_Cntl_Port.c **** * File Name: LCD_Char_1_Cntl_Port.c  
   3:.\Generated_Source\PSoC5/LCD_Char_1_Cntl_Port.c **** * Version 1.70
   4:.\Generated_Source\PSoC5/LCD_Char_1_Cntl_Port.c **** *
   5:.\Generated_Source\PSoC5/LCD_Char_1_Cntl_Port.c **** * Description:
   6:.\Generated_Source\PSoC5/LCD_Char_1_Cntl_Port.c **** *  This file contains API to enable firmware control of a Control Register.
   7:.\Generated_Source\PSoC5/LCD_Char_1_Cntl_Port.c **** *
   8:.\Generated_Source\PSoC5/LCD_Char_1_Cntl_Port.c **** * Note:
   9:.\Generated_Source\PSoC5/LCD_Char_1_Cntl_Port.c **** *
  10:.\Generated_Source\PSoC5/LCD_Char_1_Cntl_Port.c **** ********************************************************************************
  11:.\Generated_Source\PSoC5/LCD_Char_1_Cntl_Port.c **** * Copyright 2008-2012, Cypress Semiconductor Corporation.  All rights reserved.
  12:.\Generated_Source\PSoC5/LCD_Char_1_Cntl_Port.c **** * You may use this file only in accordance with the license, terms, conditions, 
  13:.\Generated_Source\PSoC5/LCD_Char_1_Cntl_Port.c **** * disclaimers, and limitations in the end user license agreement accompanying 
  14:.\Generated_Source\PSoC5/LCD_Char_1_Cntl_Port.c **** * the software package with which this file was provided.
  15:.\Generated_Source\PSoC5/LCD_Char_1_Cntl_Port.c **** *******************************************************************************/
  16:.\Generated_Source\PSoC5/LCD_Char_1_Cntl_Port.c **** 
  17:.\Generated_Source\PSoC5/LCD_Char_1_Cntl_Port.c **** #include "LCD_Char_1_Cntl_Port.h"
  18:.\Generated_Source\PSoC5/LCD_Char_1_Cntl_Port.c **** 
  19:.\Generated_Source\PSoC5/LCD_Char_1_Cntl_Port.c **** #if !defined(LCD_Char_1_Cntl_Port_Sync_ctrl_reg__REMOVED) /* Check for removal by optimization */
  20:.\Generated_Source\PSoC5/LCD_Char_1_Cntl_Port.c **** 
  21:.\Generated_Source\PSoC5/LCD_Char_1_Cntl_Port.c **** /*******************************************************************************
  22:.\Generated_Source\PSoC5/LCD_Char_1_Cntl_Port.c **** * Function Name: LCD_Char_1_Cntl_Port_Write
  23:.\Generated_Source\PSoC5/LCD_Char_1_Cntl_Port.c **** ********************************************************************************
  24:.\Generated_Source\PSoC5/LCD_Char_1_Cntl_Port.c **** *
  25:.\Generated_Source\PSoC5/LCD_Char_1_Cntl_Port.c **** * Summary:
  26:.\Generated_Source\PSoC5/LCD_Char_1_Cntl_Port.c **** *  Write a byte to the Control Register.
  27:.\Generated_Source\PSoC5/LCD_Char_1_Cntl_Port.c **** *
  28:.\Generated_Source\PSoC5/LCD_Char_1_Cntl_Port.c **** * Parameters:
  29:.\Generated_Source\PSoC5/LCD_Char_1_Cntl_Port.c **** *  control:  The value to be assigned to the Control Register.
  30:.\Generated_Source\PSoC5/LCD_Char_1_Cntl_Port.c **** *
  31:.\Generated_Source\PSoC5/LCD_Char_1_Cntl_Port.c **** * Return:
ARM GAS  C:\Users\acer\AppData\Local\Temp\cc6gkY8A.s 			page 2


  32:.\Generated_Source\PSoC5/LCD_Char_1_Cntl_Port.c **** *  None.
  33:.\Generated_Source\PSoC5/LCD_Char_1_Cntl_Port.c **** *
  34:.\Generated_Source\PSoC5/LCD_Char_1_Cntl_Port.c **** *******************************************************************************/
  35:.\Generated_Source\PSoC5/LCD_Char_1_Cntl_Port.c **** void LCD_Char_1_Cntl_Port_Write(uint8 control) 
  36:.\Generated_Source\PSoC5/LCD_Char_1_Cntl_Port.c **** {
  27              		.loc 1 36 0
  28              		.cfi_startproc
  29              		@ args = 0, pretend = 0, frame = 0
  30              		@ frame_needed = 0, uses_anonymous_args = 0
  31              		@ link register save eliminated.
  32              	.LVL0:
  37:.\Generated_Source\PSoC5/LCD_Char_1_Cntl_Port.c ****     LCD_Char_1_Cntl_Port_Control = control;
  33              		.loc 1 37 0
  34 0000 014B     		ldr	r3, .L2
  35 0002 1870     		strb	r0, [r3]
  36 0004 7047     		bx	lr
  37              	.L3:
  38 0006 00BF     		.align	2
  39              	.L2:
  40 0008 75640040 		.word	1073767541
  41              		.cfi_endproc
  42              	.LFE0:
  43              		.size	LCD_Char_1_Cntl_Port_Write, .-LCD_Char_1_Cntl_Port_Write
  44              		.section	.text.LCD_Char_1_Cntl_Port_Read,"ax",%progbits
  45              		.align	1
  46              		.global	LCD_Char_1_Cntl_Port_Read
  47              		.thumb
  48              		.thumb_func
  49              		.type	LCD_Char_1_Cntl_Port_Read, %function
  50              	LCD_Char_1_Cntl_Port_Read:
  51              	.LFB1:
  38:.\Generated_Source\PSoC5/LCD_Char_1_Cntl_Port.c **** }
  39:.\Generated_Source\PSoC5/LCD_Char_1_Cntl_Port.c **** 
  40:.\Generated_Source\PSoC5/LCD_Char_1_Cntl_Port.c **** 
  41:.\Generated_Source\PSoC5/LCD_Char_1_Cntl_Port.c **** /*******************************************************************************
  42:.\Generated_Source\PSoC5/LCD_Char_1_Cntl_Port.c **** * Function Name: LCD_Char_1_Cntl_Port_Read
  43:.\Generated_Source\PSoC5/LCD_Char_1_Cntl_Port.c **** ********************************************************************************
  44:.\Generated_Source\PSoC5/LCD_Char_1_Cntl_Port.c **** *
  45:.\Generated_Source\PSoC5/LCD_Char_1_Cntl_Port.c **** * Summary:
  46:.\Generated_Source\PSoC5/LCD_Char_1_Cntl_Port.c **** *  Reads the current value assigned to the Control Register.
  47:.\Generated_Source\PSoC5/LCD_Char_1_Cntl_Port.c **** *
  48:.\Generated_Source\PSoC5/LCD_Char_1_Cntl_Port.c **** * Parameters:
  49:.\Generated_Source\PSoC5/LCD_Char_1_Cntl_Port.c **** *  None.
  50:.\Generated_Source\PSoC5/LCD_Char_1_Cntl_Port.c **** *
  51:.\Generated_Source\PSoC5/LCD_Char_1_Cntl_Port.c **** * Return:
  52:.\Generated_Source\PSoC5/LCD_Char_1_Cntl_Port.c **** *  Returns the current value in the Control Register.
  53:.\Generated_Source\PSoC5/LCD_Char_1_Cntl_Port.c **** *
  54:.\Generated_Source\PSoC5/LCD_Char_1_Cntl_Port.c **** *******************************************************************************/
  55:.\Generated_Source\PSoC5/LCD_Char_1_Cntl_Port.c **** uint8 LCD_Char_1_Cntl_Port_Read(void) 
  56:.\Generated_Source\PSoC5/LCD_Char_1_Cntl_Port.c **** {
  52              		.loc 1 56 0
  53              		.cfi_startproc
  54              		@ args = 0, pretend = 0, frame = 0
  55              		@ frame_needed = 0, uses_anonymous_args = 0
  56              		@ link register save eliminated.
  57:.\Generated_Source\PSoC5/LCD_Char_1_Cntl_Port.c ****     return LCD_Char_1_Cntl_Port_Control;
  57              		.loc 1 57 0
ARM GAS  C:\Users\acer\AppData\Local\Temp\cc6gkY8A.s 			page 3


  58 0000 014B     		ldr	r3, .L5
  59 0002 1878     		ldrb	r0, [r3]	@ zero_extendqisi2
  58:.\Generated_Source\PSoC5/LCD_Char_1_Cntl_Port.c **** }
  60              		.loc 1 58 0
  61 0004 7047     		bx	lr
  62              	.L6:
  63 0006 00BF     		.align	2
  64              	.L5:
  65 0008 75640040 		.word	1073767541
  66              		.cfi_endproc
  67              	.LFE1:
  68              		.size	LCD_Char_1_Cntl_Port_Read, .-LCD_Char_1_Cntl_Port_Read
  69              		.text
  70              	.Letext0:
  71              		.file 2 ".\\Generated_Source\\PSoC5\\cytypes.h"
  72              		.section	.debug_info,"",%progbits
  73              	.Ldebug_info0:
  74 0000 D1000000 		.4byte	0xd1
  75 0004 0400     		.2byte	0x4
  76 0006 00000000 		.4byte	.Ldebug_abbrev0
  77 000a 04       		.byte	0x4
  78 000b 01       		.uleb128 0x1
  79 000c 3B010000 		.4byte	.LASF14
  80 0010 01       		.byte	0x1
  81 0011 00000000 		.4byte	.LASF15
  82 0015 96000000 		.4byte	.LASF16
  83 0019 00000000 		.4byte	.Ldebug_ranges0+0
  84 001d 00000000 		.4byte	0
  85 0021 00000000 		.4byte	.Ldebug_line0
  86 0025 02       		.uleb128 0x2
  87 0026 01       		.byte	0x1
  88 0027 06       		.byte	0x6
  89 0028 D2010000 		.4byte	.LASF0
  90 002c 02       		.uleb128 0x2
  91 002d 01       		.byte	0x1
  92 002e 08       		.byte	0x8
  93 002f 3C000000 		.4byte	.LASF1
  94 0033 02       		.uleb128 0x2
  95 0034 02       		.byte	0x2
  96 0035 05       		.byte	0x5
  97 0036 31010000 		.4byte	.LASF2
  98 003a 02       		.uleb128 0x2
  99 003b 02       		.byte	0x2
 100 003c 07       		.byte	0x7
 101 003d 7B000000 		.4byte	.LASF3
 102 0041 02       		.uleb128 0x2
 103 0042 04       		.byte	0x4
 104 0043 05       		.byte	0x5
 105 0044 C9010000 		.4byte	.LASF4
 106 0048 02       		.uleb128 0x2
 107 0049 04       		.byte	0x4
 108 004a 07       		.byte	0x7
 109 004b 69000000 		.4byte	.LASF5
 110 004f 02       		.uleb128 0x2
 111 0050 08       		.byte	0x8
 112 0051 05       		.byte	0x5
 113 0052 1E010000 		.4byte	.LASF6
ARM GAS  C:\Users\acer\AppData\Local\Temp\cc6gkY8A.s 			page 4


 114 0056 02       		.uleb128 0x2
 115 0057 08       		.byte	0x8
 116 0058 07       		.byte	0x7
 117 0059 EC000000 		.4byte	.LASF7
 118 005d 03       		.uleb128 0x3
 119 005e 04       		.byte	0x4
 120 005f 05       		.byte	0x5
 121 0060 696E7400 		.ascii	"int\000"
 122 0064 02       		.uleb128 0x2
 123 0065 04       		.byte	0x4
 124 0066 07       		.byte	0x7
 125 0067 DF000000 		.4byte	.LASF8
 126 006b 04       		.uleb128 0x4
 127 006c 36000000 		.4byte	.LASF12
 128 0070 02       		.byte	0x2
 129 0071 A1       		.byte	0xa1
 130 0072 2C000000 		.4byte	0x2c
 131 0076 02       		.uleb128 0x2
 132 0077 04       		.byte	0x4
 133 0078 04       		.byte	0x4
 134 0079 30000000 		.4byte	.LASF9
 135 007d 02       		.uleb128 0x2
 136 007e 08       		.byte	0x8
 137 007f 04       		.byte	0x4
 138 0080 D8000000 		.4byte	.LASF10
 139 0084 02       		.uleb128 0x2
 140 0085 01       		.byte	0x1
 141 0086 08       		.byte	0x8
 142 0087 2C010000 		.4byte	.LASF11
 143 008b 05       		.uleb128 0x5
 144 008c 64000000 		.4byte	.LASF13
 145 0090 02       		.byte	0x2
 146 0091 4B01     		.2byte	0x14b
 147 0093 97000000 		.4byte	0x97
 148 0097 06       		.uleb128 0x6
 149 0098 6B000000 		.4byte	0x6b
 150 009c 07       		.uleb128 0x7
 151 009d 03010000 		.4byte	.LASF17
 152 00a1 01       		.byte	0x1
 153 00a2 23       		.byte	0x23
 154 00a3 00000000 		.4byte	.LFB0
 155 00a7 0C000000 		.4byte	.LFE0-.LFB0
 156 00ab 01       		.uleb128 0x1
 157 00ac 9C       		.byte	0x9c
 158 00ad BF000000 		.4byte	0xbf
 159 00b1 08       		.uleb128 0x8
 160 00b2 8E000000 		.4byte	.LASF18
 161 00b6 01       		.byte	0x1
 162 00b7 23       		.byte	0x23
 163 00b8 6B000000 		.4byte	0x6b
 164 00bc 01       		.uleb128 0x1
 165 00bd 50       		.byte	0x50
 166 00be 00       		.byte	0
 167 00bf 09       		.uleb128 0x9
 168 00c0 4A000000 		.4byte	.LASF19
 169 00c4 01       		.byte	0x1
 170 00c5 37       		.byte	0x37
ARM GAS  C:\Users\acer\AppData\Local\Temp\cc6gkY8A.s 			page 5


 171 00c6 6B000000 		.4byte	0x6b
 172 00ca 00000000 		.4byte	.LFB1
 173 00ce 0C000000 		.4byte	.LFE1-.LFB1
 174 00d2 01       		.uleb128 0x1
 175 00d3 9C       		.byte	0x9c
 176 00d4 00       		.byte	0
 177              		.section	.debug_abbrev,"",%progbits
 178              	.Ldebug_abbrev0:
 179 0000 01       		.uleb128 0x1
 180 0001 11       		.uleb128 0x11
 181 0002 01       		.byte	0x1
 182 0003 25       		.uleb128 0x25
 183 0004 0E       		.uleb128 0xe
 184 0005 13       		.uleb128 0x13
 185 0006 0B       		.uleb128 0xb
 186 0007 03       		.uleb128 0x3
 187 0008 0E       		.uleb128 0xe
 188 0009 1B       		.uleb128 0x1b
 189 000a 0E       		.uleb128 0xe
 190 000b 55       		.uleb128 0x55
 191 000c 17       		.uleb128 0x17
 192 000d 11       		.uleb128 0x11
 193 000e 01       		.uleb128 0x1
 194 000f 10       		.uleb128 0x10
 195 0010 17       		.uleb128 0x17
 196 0011 00       		.byte	0
 197 0012 00       		.byte	0
 198 0013 02       		.uleb128 0x2
 199 0014 24       		.uleb128 0x24
 200 0015 00       		.byte	0
 201 0016 0B       		.uleb128 0xb
 202 0017 0B       		.uleb128 0xb
 203 0018 3E       		.uleb128 0x3e
 204 0019 0B       		.uleb128 0xb
 205 001a 03       		.uleb128 0x3
 206 001b 0E       		.uleb128 0xe
 207 001c 00       		.byte	0
 208 001d 00       		.byte	0
 209 001e 03       		.uleb128 0x3
 210 001f 24       		.uleb128 0x24
 211 0020 00       		.byte	0
 212 0021 0B       		.uleb128 0xb
 213 0022 0B       		.uleb128 0xb
 214 0023 3E       		.uleb128 0x3e
 215 0024 0B       		.uleb128 0xb
 216 0025 03       		.uleb128 0x3
 217 0026 08       		.uleb128 0x8
 218 0027 00       		.byte	0
 219 0028 00       		.byte	0
 220 0029 04       		.uleb128 0x4
 221 002a 16       		.uleb128 0x16
 222 002b 00       		.byte	0
 223 002c 03       		.uleb128 0x3
 224 002d 0E       		.uleb128 0xe
 225 002e 3A       		.uleb128 0x3a
 226 002f 0B       		.uleb128 0xb
 227 0030 3B       		.uleb128 0x3b
ARM GAS  C:\Users\acer\AppData\Local\Temp\cc6gkY8A.s 			page 6


 228 0031 0B       		.uleb128 0xb
 229 0032 49       		.uleb128 0x49
 230 0033 13       		.uleb128 0x13
 231 0034 00       		.byte	0
 232 0035 00       		.byte	0
 233 0036 05       		.uleb128 0x5
 234 0037 16       		.uleb128 0x16
 235 0038 00       		.byte	0
 236 0039 03       		.uleb128 0x3
 237 003a 0E       		.uleb128 0xe
 238 003b 3A       		.uleb128 0x3a
 239 003c 0B       		.uleb128 0xb
 240 003d 3B       		.uleb128 0x3b
 241 003e 05       		.uleb128 0x5
 242 003f 49       		.uleb128 0x49
 243 0040 13       		.uleb128 0x13
 244 0041 00       		.byte	0
 245 0042 00       		.byte	0
 246 0043 06       		.uleb128 0x6
 247 0044 35       		.uleb128 0x35
 248 0045 00       		.byte	0
 249 0046 49       		.uleb128 0x49
 250 0047 13       		.uleb128 0x13
 251 0048 00       		.byte	0
 252 0049 00       		.byte	0
 253 004a 07       		.uleb128 0x7
 254 004b 2E       		.uleb128 0x2e
 255 004c 01       		.byte	0x1
 256 004d 3F       		.uleb128 0x3f
 257 004e 19       		.uleb128 0x19
 258 004f 03       		.uleb128 0x3
 259 0050 0E       		.uleb128 0xe
 260 0051 3A       		.uleb128 0x3a
 261 0052 0B       		.uleb128 0xb
 262 0053 3B       		.uleb128 0x3b
 263 0054 0B       		.uleb128 0xb
 264 0055 27       		.uleb128 0x27
 265 0056 19       		.uleb128 0x19
 266 0057 11       		.uleb128 0x11
 267 0058 01       		.uleb128 0x1
 268 0059 12       		.uleb128 0x12
 269 005a 06       		.uleb128 0x6
 270 005b 40       		.uleb128 0x40
 271 005c 18       		.uleb128 0x18
 272 005d 9742     		.uleb128 0x2117
 273 005f 19       		.uleb128 0x19
 274 0060 01       		.uleb128 0x1
 275 0061 13       		.uleb128 0x13
 276 0062 00       		.byte	0
 277 0063 00       		.byte	0
 278 0064 08       		.uleb128 0x8
 279 0065 05       		.uleb128 0x5
 280 0066 00       		.byte	0
 281 0067 03       		.uleb128 0x3
 282 0068 0E       		.uleb128 0xe
 283 0069 3A       		.uleb128 0x3a
 284 006a 0B       		.uleb128 0xb
ARM GAS  C:\Users\acer\AppData\Local\Temp\cc6gkY8A.s 			page 7


 285 006b 3B       		.uleb128 0x3b
 286 006c 0B       		.uleb128 0xb
 287 006d 49       		.uleb128 0x49
 288 006e 13       		.uleb128 0x13
 289 006f 02       		.uleb128 0x2
 290 0070 18       		.uleb128 0x18
 291 0071 00       		.byte	0
 292 0072 00       		.byte	0
 293 0073 09       		.uleb128 0x9
 294 0074 2E       		.uleb128 0x2e
 295 0075 00       		.byte	0
 296 0076 3F       		.uleb128 0x3f
 297 0077 19       		.uleb128 0x19
 298 0078 03       		.uleb128 0x3
 299 0079 0E       		.uleb128 0xe
 300 007a 3A       		.uleb128 0x3a
 301 007b 0B       		.uleb128 0xb
 302 007c 3B       		.uleb128 0x3b
 303 007d 0B       		.uleb128 0xb
 304 007e 27       		.uleb128 0x27
 305 007f 19       		.uleb128 0x19
 306 0080 49       		.uleb128 0x49
 307 0081 13       		.uleb128 0x13
 308 0082 11       		.uleb128 0x11
 309 0083 01       		.uleb128 0x1
 310 0084 12       		.uleb128 0x12
 311 0085 06       		.uleb128 0x6
 312 0086 40       		.uleb128 0x40
 313 0087 18       		.uleb128 0x18
 314 0088 9742     		.uleb128 0x2117
 315 008a 19       		.uleb128 0x19
 316 008b 00       		.byte	0
 317 008c 00       		.byte	0
 318 008d 00       		.byte	0
 319              		.section	.debug_aranges,"",%progbits
 320 0000 24000000 		.4byte	0x24
 321 0004 0200     		.2byte	0x2
 322 0006 00000000 		.4byte	.Ldebug_info0
 323 000a 04       		.byte	0x4
 324 000b 00       		.byte	0
 325 000c 0000     		.2byte	0
 326 000e 0000     		.2byte	0
 327 0010 00000000 		.4byte	.LFB0
 328 0014 0C000000 		.4byte	.LFE0-.LFB0
 329 0018 00000000 		.4byte	.LFB1
 330 001c 0C000000 		.4byte	.LFE1-.LFB1
 331 0020 00000000 		.4byte	0
 332 0024 00000000 		.4byte	0
 333              		.section	.debug_ranges,"",%progbits
 334              	.Ldebug_ranges0:
 335 0000 00000000 		.4byte	.LFB0
 336 0004 0C000000 		.4byte	.LFE0
 337 0008 00000000 		.4byte	.LFB1
 338 000c 0C000000 		.4byte	.LFE1
 339 0010 00000000 		.4byte	0
 340 0014 00000000 		.4byte	0
 341              		.section	.debug_line,"",%progbits
ARM GAS  C:\Users\acer\AppData\Local\Temp\cc6gkY8A.s 			page 8


 342              	.Ldebug_line0:
 343 0000 7A000000 		.section	.debug_str,"MS",%progbits,1
 343      02005300 
 343      00000201 
 343      FB0E0D00 
 343      01010101 
 344              	.LASF15:
 345 0000 2E5C4765 		.ascii	".\\Generated_Source\\PSoC5\\LCD_Char_1_Cntl_Port.c\000"
 345      6E657261 
 345      7465645F 
 345      536F7572 
 345      63655C50 
 346              	.LASF9:
 347 0030 666C6F61 		.ascii	"float\000"
 347      7400
 348              	.LASF12:
 349 0036 75696E74 		.ascii	"uint8\000"
 349      3800
 350              	.LASF1:
 351 003c 756E7369 		.ascii	"unsigned char\000"
 351      676E6564 
 351      20636861 
 351      7200
 352              	.LASF19:
 353 004a 4C43445F 		.ascii	"LCD_Char_1_Cntl_Port_Read\000"
 353      43686172 
 353      5F315F43 
 353      6E746C5F 
 353      506F7274 
 354              	.LASF13:
 355 0064 72656738 		.ascii	"reg8\000"
 355      00
 356              	.LASF5:
 357 0069 6C6F6E67 		.ascii	"long unsigned int\000"
 357      20756E73 
 357      69676E65 
 357      6420696E 
 357      7400
 358              	.LASF3:
 359 007b 73686F72 		.ascii	"short unsigned int\000"
 359      7420756E 
 359      7369676E 
 359      65642069 
 359      6E7400
 360              	.LASF18:
 361 008e 636F6E74 		.ascii	"control\000"
 361      726F6C00 
 362              	.LASF16:
 363 0096 433A5C55 		.ascii	"C:\\Users\\acer\\Desktop\\Saura-master\\2_Psoc\\Pla"
 363      73657273 
 363      5C616365 
 363      725C4465 
 363      736B746F 
 364 00c3 74666F72 		.ascii	"tform\\Design02.cydsn\000"
 364      6D5C4465 
 364      7369676E 
 364      30322E63 
ARM GAS  C:\Users\acer\AppData\Local\Temp\cc6gkY8A.s 			page 9


 364      7964736E 
 365              	.LASF10:
 366 00d8 646F7562 		.ascii	"double\000"
 366      6C6500
 367              	.LASF8:
 368 00df 756E7369 		.ascii	"unsigned int\000"
 368      676E6564 
 368      20696E74 
 368      00
 369              	.LASF7:
 370 00ec 6C6F6E67 		.ascii	"long long unsigned int\000"
 370      206C6F6E 
 370      6720756E 
 370      7369676E 
 370      65642069 
 371              	.LASF17:
 372 0103 4C43445F 		.ascii	"LCD_Char_1_Cntl_Port_Write\000"
 372      43686172 
 372      5F315F43 
 372      6E746C5F 
 372      506F7274 
 373              	.LASF6:
 374 011e 6C6F6E67 		.ascii	"long long int\000"
 374      206C6F6E 
 374      6720696E 
 374      7400
 375              	.LASF11:
 376 012c 63686172 		.ascii	"char\000"
 376      00
 377              	.LASF2:
 378 0131 73686F72 		.ascii	"short int\000"
 378      7420696E 
 378      7400
 379              	.LASF14:
 380 013b 474E5520 		.ascii	"GNU C 4.9.3 20150303 (release) [ARM/embedded-4_9-br"
 380      4320342E 
 380      392E3320 
 380      32303135 
 380      30333033 
 381 016e 616E6368 		.ascii	"anch revision 221220] -mcpu=cortex-m3 -mthumb -g -O"
 381      20726576 
 381      6973696F 
 381      6E203232 
 381      31323230 
 382 01a1 73202D66 		.ascii	"s -ffunction-sections -ffat-lto-objects\000"
 382      66756E63 
 382      74696F6E 
 382      2D736563 
 382      74696F6E 
 383              	.LASF4:
 384 01c9 6C6F6E67 		.ascii	"long int\000"
 384      20696E74 
 384      00
 385              	.LASF0:
 386 01d2 7369676E 		.ascii	"signed char\000"
 386      65642063 
 386      68617200 
ARM GAS  C:\Users\acer\AppData\Local\Temp\cc6gkY8A.s 			page 10


 387              		.ident	"GCC: (GNU Tools for ARM Embedded Processors) 4.9.3 20150303 (release) [ARM/embedded-4_9-br
