ARM GAS  C:\Users\acer\AppData\Local\Temp\ccqep282.s 			page 1


   1              		.syntax unified
   2              		.cpu cortex-m3
   3              		.fpu softvfp
   4              		.eabi_attribute 20, 1
   5              		.eabi_attribute 21, 1
   6              		.eabi_attribute 23, 3
   7              		.eabi_attribute 24, 1
   8              		.eabi_attribute 25, 1
   9              		.eabi_attribute 26, 1
  10              		.eabi_attribute 30, 4
  11              		.eabi_attribute 34, 1
  12              		.eabi_attribute 18, 4
  13              		.thumb
  14              		.file	"LCD_Char_1_PM.c"
  15              		.text
  16              	.Ltext0:
  17              		.cfi_sections	.debug_frame
  18              		.section	.text.LCD_Char_1_SaveConfig,"ax",%progbits
  19              		.align	1
  20              		.global	LCD_Char_1_SaveConfig
  21              		.thumb
  22              		.thumb_func
  23              		.type	LCD_Char_1_SaveConfig, %function
  24              	LCD_Char_1_SaveConfig:
  25              	.LFB0:
  26              		.file 1 ".\\Generated_Source\\PSoC5\\LCD_Char_1_PM.c"
   1:.\Generated_Source\PSoC5/LCD_Char_1_PM.c **** /*******************************************************************************
   2:.\Generated_Source\PSoC5/LCD_Char_1_PM.c **** * File Name: LCD_Char_1_PM.c
   3:.\Generated_Source\PSoC5/LCD_Char_1_PM.c **** * Version 1.1
   4:.\Generated_Source\PSoC5/LCD_Char_1_PM.c **** *
   5:.\Generated_Source\PSoC5/LCD_Char_1_PM.c **** * Description:
   6:.\Generated_Source\PSoC5/LCD_Char_1_PM.c **** *  This file provides the API source code for the Static Segment LCD component.
   7:.\Generated_Source\PSoC5/LCD_Char_1_PM.c **** *
   8:.\Generated_Source\PSoC5/LCD_Char_1_PM.c **** * Note:
   9:.\Generated_Source\PSoC5/LCD_Char_1_PM.c **** *
  10:.\Generated_Source\PSoC5/LCD_Char_1_PM.c **** ********************************************************************************
  11:.\Generated_Source\PSoC5/LCD_Char_1_PM.c **** * Copyright 2008-2012, Cypress Semiconductor Corporation.  All rights reserved.
  12:.\Generated_Source\PSoC5/LCD_Char_1_PM.c **** * You may use this file only in accordance with the license, terms, conditions,
  13:.\Generated_Source\PSoC5/LCD_Char_1_PM.c **** * disclaimers, and limitations in the end user license agreement accompanying
  14:.\Generated_Source\PSoC5/LCD_Char_1_PM.c **** * the software package with which this file was provided.
  15:.\Generated_Source\PSoC5/LCD_Char_1_PM.c **** *******************************************************************************/
  16:.\Generated_Source\PSoC5/LCD_Char_1_PM.c **** 
  17:.\Generated_Source\PSoC5/LCD_Char_1_PM.c **** #include "LCD_Char_1.h"
  18:.\Generated_Source\PSoC5/LCD_Char_1_PM.c **** 
  19:.\Generated_Source\PSoC5/LCD_Char_1_PM.c **** 
  20:.\Generated_Source\PSoC5/LCD_Char_1_PM.c **** static LCD_Char_1_BACKUP_STRUCT LCD_Char_1_backup;
  21:.\Generated_Source\PSoC5/LCD_Char_1_PM.c **** 
  22:.\Generated_Source\PSoC5/LCD_Char_1_PM.c **** 
  23:.\Generated_Source\PSoC5/LCD_Char_1_PM.c **** /*******************************************************************************
  24:.\Generated_Source\PSoC5/LCD_Char_1_PM.c **** * Function Name: LCD_Char_1_SaveConfig
  25:.\Generated_Source\PSoC5/LCD_Char_1_PM.c **** ********************************************************************************
  26:.\Generated_Source\PSoC5/LCD_Char_1_PM.c **** *
  27:.\Generated_Source\PSoC5/LCD_Char_1_PM.c **** * Summary:
  28:.\Generated_Source\PSoC5/LCD_Char_1_PM.c **** *  Does nothing, provided for consistency.
  29:.\Generated_Source\PSoC5/LCD_Char_1_PM.c **** *
  30:.\Generated_Source\PSoC5/LCD_Char_1_PM.c **** * Parameters:
  31:.\Generated_Source\PSoC5/LCD_Char_1_PM.c **** *  None.
ARM GAS  C:\Users\acer\AppData\Local\Temp\ccqep282.s 			page 2


  32:.\Generated_Source\PSoC5/LCD_Char_1_PM.c **** *
  33:.\Generated_Source\PSoC5/LCD_Char_1_PM.c **** * Return:
  34:.\Generated_Source\PSoC5/LCD_Char_1_PM.c **** *  None.
  35:.\Generated_Source\PSoC5/LCD_Char_1_PM.c **** *
  36:.\Generated_Source\PSoC5/LCD_Char_1_PM.c **** *******************************************************************************/
  37:.\Generated_Source\PSoC5/LCD_Char_1_PM.c **** void LCD_Char_1_SaveConfig(void) 
  38:.\Generated_Source\PSoC5/LCD_Char_1_PM.c **** {
  27              		.loc 1 38 0
  28              		.cfi_startproc
  29              		@ args = 0, pretend = 0, frame = 0
  30              		@ frame_needed = 0, uses_anonymous_args = 0
  31              		@ link register save eliminated.
  32 0000 7047     		bx	lr
  33              		.cfi_endproc
  34              	.LFE0:
  35              		.size	LCD_Char_1_SaveConfig, .-LCD_Char_1_SaveConfig
  36              		.section	.text.LCD_Char_1_RestoreConfig,"ax",%progbits
  37              		.align	1
  38              		.global	LCD_Char_1_RestoreConfig
  39              		.thumb
  40              		.thumb_func
  41              		.type	LCD_Char_1_RestoreConfig, %function
  42              	LCD_Char_1_RestoreConfig:
  43              	.LFB1:
  39:.\Generated_Source\PSoC5/LCD_Char_1_PM.c **** }
  40:.\Generated_Source\PSoC5/LCD_Char_1_PM.c **** 
  41:.\Generated_Source\PSoC5/LCD_Char_1_PM.c **** 
  42:.\Generated_Source\PSoC5/LCD_Char_1_PM.c **** /*******************************************************************************
  43:.\Generated_Source\PSoC5/LCD_Char_1_PM.c **** * Function Name: LCD_Char_1_RestoreConfig
  44:.\Generated_Source\PSoC5/LCD_Char_1_PM.c **** ********************************************************************************
  45:.\Generated_Source\PSoC5/LCD_Char_1_PM.c **** *
  46:.\Generated_Source\PSoC5/LCD_Char_1_PM.c **** * Summary:
  47:.\Generated_Source\PSoC5/LCD_Char_1_PM.c **** *  Does nothing, provided for consistency.
  48:.\Generated_Source\PSoC5/LCD_Char_1_PM.c **** *
  49:.\Generated_Source\PSoC5/LCD_Char_1_PM.c **** * Parameters:
  50:.\Generated_Source\PSoC5/LCD_Char_1_PM.c **** *  None.
  51:.\Generated_Source\PSoC5/LCD_Char_1_PM.c **** *
  52:.\Generated_Source\PSoC5/LCD_Char_1_PM.c **** * Return:
  53:.\Generated_Source\PSoC5/LCD_Char_1_PM.c **** *  None.
  54:.\Generated_Source\PSoC5/LCD_Char_1_PM.c **** *
  55:.\Generated_Source\PSoC5/LCD_Char_1_PM.c **** *******************************************************************************/
  56:.\Generated_Source\PSoC5/LCD_Char_1_PM.c **** void LCD_Char_1_RestoreConfig(void) 
  57:.\Generated_Source\PSoC5/LCD_Char_1_PM.c **** {
  44              		.loc 1 57 0
  45              		.cfi_startproc
  46              		@ args = 0, pretend = 0, frame = 0
  47              		@ frame_needed = 0, uses_anonymous_args = 0
  48              		@ link register save eliminated.
  49 0000 7047     		bx	lr
  50              		.cfi_endproc
  51              	.LFE1:
  52              		.size	LCD_Char_1_RestoreConfig, .-LCD_Char_1_RestoreConfig
  53              		.section	.text.LCD_Char_1_Sleep,"ax",%progbits
  54              		.align	1
  55              		.global	LCD_Char_1_Sleep
  56              		.thumb
  57              		.thumb_func
ARM GAS  C:\Users\acer\AppData\Local\Temp\ccqep282.s 			page 3


  58              		.type	LCD_Char_1_Sleep, %function
  59              	LCD_Char_1_Sleep:
  60              	.LFB2:
  58:.\Generated_Source\PSoC5/LCD_Char_1_PM.c **** }
  59:.\Generated_Source\PSoC5/LCD_Char_1_PM.c **** 
  60:.\Generated_Source\PSoC5/LCD_Char_1_PM.c **** 
  61:.\Generated_Source\PSoC5/LCD_Char_1_PM.c **** /*******************************************************************************
  62:.\Generated_Source\PSoC5/LCD_Char_1_PM.c **** * Function Name: LCD_Char_1_Sleep
  63:.\Generated_Source\PSoC5/LCD_Char_1_PM.c **** ********************************************************************************
  64:.\Generated_Source\PSoC5/LCD_Char_1_PM.c **** *
  65:.\Generated_Source\PSoC5/LCD_Char_1_PM.c **** * Summary:
  66:.\Generated_Source\PSoC5/LCD_Char_1_PM.c **** *  Prepares component for entering the sleep mode.
  67:.\Generated_Source\PSoC5/LCD_Char_1_PM.c **** *
  68:.\Generated_Source\PSoC5/LCD_Char_1_PM.c **** * Parameters:
  69:.\Generated_Source\PSoC5/LCD_Char_1_PM.c **** *  None.
  70:.\Generated_Source\PSoC5/LCD_Char_1_PM.c **** *
  71:.\Generated_Source\PSoC5/LCD_Char_1_PM.c **** * Return:
  72:.\Generated_Source\PSoC5/LCD_Char_1_PM.c **** *  None.
  73:.\Generated_Source\PSoC5/LCD_Char_1_PM.c **** *
  74:.\Generated_Source\PSoC5/LCD_Char_1_PM.c **** * Reentrant:
  75:.\Generated_Source\PSoC5/LCD_Char_1_PM.c **** *  No.
  76:.\Generated_Source\PSoC5/LCD_Char_1_PM.c **** *
  77:.\Generated_Source\PSoC5/LCD_Char_1_PM.c **** *******************************************************************************/
  78:.\Generated_Source\PSoC5/LCD_Char_1_PM.c **** void LCD_Char_1_Sleep(void) 
  79:.\Generated_Source\PSoC5/LCD_Char_1_PM.c **** {
  61              		.loc 1 79 0
  62              		.cfi_startproc
  63              		@ args = 0, pretend = 0, frame = 0
  64              		@ frame_needed = 0, uses_anonymous_args = 0
  65              		@ link register save eliminated.
  80:.\Generated_Source\PSoC5/LCD_Char_1_PM.c ****     LCD_Char_1_backup.enableState = LCD_Char_1_enableState;
  66              		.loc 1 80 0
  67 0000 024B     		ldr	r3, .L4
  68 0002 1A78     		ldrb	r2, [r3]	@ zero_extendqisi2
  69 0004 024B     		ldr	r3, .L4+4
  70 0006 1A70     		strb	r2, [r3]
  81:.\Generated_Source\PSoC5/LCD_Char_1_PM.c ****     LCD_Char_1_SaveConfig();
  82:.\Generated_Source\PSoC5/LCD_Char_1_PM.c ****     LCD_Char_1_Stop();
  71              		.loc 1 82 0
  72 0008 FFF7FEBF 		b	LCD_Char_1_Stop
  73              	.LVL0:
  74              	.L5:
  75              		.align	2
  76              	.L4:
  77 000c 00000000 		.word	LCD_Char_1_enableState
  78 0010 00000000 		.word	.LANCHOR0
  79              		.cfi_endproc
  80              	.LFE2:
  81              		.size	LCD_Char_1_Sleep, .-LCD_Char_1_Sleep
  82              		.section	.text.LCD_Char_1_Wakeup,"ax",%progbits
  83              		.align	1
  84              		.global	LCD_Char_1_Wakeup
  85              		.thumb
  86              		.thumb_func
  87              		.type	LCD_Char_1_Wakeup, %function
  88              	LCD_Char_1_Wakeup:
  89              	.LFB3:
ARM GAS  C:\Users\acer\AppData\Local\Temp\ccqep282.s 			page 4


  83:.\Generated_Source\PSoC5/LCD_Char_1_PM.c **** }
  84:.\Generated_Source\PSoC5/LCD_Char_1_PM.c **** 
  85:.\Generated_Source\PSoC5/LCD_Char_1_PM.c **** 
  86:.\Generated_Source\PSoC5/LCD_Char_1_PM.c **** /*******************************************************************************
  87:.\Generated_Source\PSoC5/LCD_Char_1_PM.c **** * Function Name: LCD_Char_1_Wakeup
  88:.\Generated_Source\PSoC5/LCD_Char_1_PM.c **** ********************************************************************************
  89:.\Generated_Source\PSoC5/LCD_Char_1_PM.c **** *
  90:.\Generated_Source\PSoC5/LCD_Char_1_PM.c **** * Summary:
  91:.\Generated_Source\PSoC5/LCD_Char_1_PM.c **** *  Wakes component from sleep mode. Configures DMA and enables the component for
  92:.\Generated_Source\PSoC5/LCD_Char_1_PM.c **** *  normal operation.
  93:.\Generated_Source\PSoC5/LCD_Char_1_PM.c **** *
  94:.\Generated_Source\PSoC5/LCD_Char_1_PM.c **** * Parameters:
  95:.\Generated_Source\PSoC5/LCD_Char_1_PM.c **** *  LCD_Char_1_enableState - Global variable.
  96:.\Generated_Source\PSoC5/LCD_Char_1_PM.c **** *
  97:.\Generated_Source\PSoC5/LCD_Char_1_PM.c **** * Return:
  98:.\Generated_Source\PSoC5/LCD_Char_1_PM.c **** *  Status one of standard status for PSoC3 Component
  99:.\Generated_Source\PSoC5/LCD_Char_1_PM.c **** *       CYRET_SUCCESS - Function completed successfully.
 100:.\Generated_Source\PSoC5/LCD_Char_1_PM.c **** *       CYRET_LOCKED - The object was locked, already in use. Some of TDs or
 101:.\Generated_Source\PSoC5/LCD_Char_1_PM.c **** *                      a channel already in use.
 102:.\Generated_Source\PSoC5/LCD_Char_1_PM.c **** *
 103:.\Generated_Source\PSoC5/LCD_Char_1_PM.c **** * Reentrant:
 104:.\Generated_Source\PSoC5/LCD_Char_1_PM.c **** *  No.
 105:.\Generated_Source\PSoC5/LCD_Char_1_PM.c **** *
 106:.\Generated_Source\PSoC5/LCD_Char_1_PM.c **** *******************************************************************************/
 107:.\Generated_Source\PSoC5/LCD_Char_1_PM.c **** void LCD_Char_1_Wakeup(void) 
 108:.\Generated_Source\PSoC5/LCD_Char_1_PM.c **** {
  90              		.loc 1 108 0
  91              		.cfi_startproc
  92              		@ args = 0, pretend = 0, frame = 0
  93              		@ frame_needed = 0, uses_anonymous_args = 0
  94              		@ link register save eliminated.
 109:.\Generated_Source\PSoC5/LCD_Char_1_PM.c ****     LCD_Char_1_RestoreConfig();
 110:.\Generated_Source\PSoC5/LCD_Char_1_PM.c **** 
 111:.\Generated_Source\PSoC5/LCD_Char_1_PM.c ****     if(LCD_Char_1_backup.enableState == 1u)
  95              		.loc 1 111 0
  96 0000 034B     		ldr	r3, .L9
  97 0002 1B78     		ldrb	r3, [r3]	@ zero_extendqisi2
  98 0004 012B     		cmp	r3, #1
  99 0006 01D1     		bne	.L6
 112:.\Generated_Source\PSoC5/LCD_Char_1_PM.c ****     {
 113:.\Generated_Source\PSoC5/LCD_Char_1_PM.c ****         LCD_Char_1_Enable();
 100              		.loc 1 113 0
 101 0008 FFF7FEBF 		b	LCD_Char_1_Enable
 102              	.LVL1:
 103              	.L6:
 104 000c 7047     		bx	lr
 105              	.L10:
 106 000e 00BF     		.align	2
 107              	.L9:
 108 0010 00000000 		.word	.LANCHOR0
 109              		.cfi_endproc
 110              	.LFE3:
 111              		.size	LCD_Char_1_Wakeup, .-LCD_Char_1_Wakeup
 112              		.bss
 113              		.set	.LANCHOR0,. + 0
 114              		.type	LCD_Char_1_backup, %object
 115              		.size	LCD_Char_1_backup, 1
ARM GAS  C:\Users\acer\AppData\Local\Temp\ccqep282.s 			page 5


 116              	LCD_Char_1_backup:
 117 0000 00       		.space	1
 118              		.text
 119              	.Letext0:
 120              		.file 2 ".\\Generated_Source\\PSoC5\\cytypes.h"
 121              		.file 3 ".\\Generated_Source\\PSoC5\\LCD_Char_1.h"
 122              		.section	.debug_info,"",%progbits
 123              	.Ldebug_info0:
 124 0000 3E010000 		.4byte	0x13e
 125 0004 0400     		.2byte	0x4
 126 0006 00000000 		.4byte	.Ldebug_abbrev0
 127 000a 04       		.byte	0x4
 128 000b 01       		.uleb128 0x1
 129 000c 92010000 		.4byte	.LASF20
 130 0010 01       		.byte	0x1
 131 0011 FD000000 		.4byte	.LASF21
 132 0015 A2000000 		.4byte	.LASF22
 133 0019 00000000 		.4byte	.Ldebug_ranges0+0
 134 001d 00000000 		.4byte	0
 135 0021 00000000 		.4byte	.Ldebug_line0
 136 0025 02       		.uleb128 0x2
 137 0026 01       		.byte	0x1
 138 0027 06       		.byte	0x6
 139 0028 35020000 		.4byte	.LASF0
 140 002c 02       		.uleb128 0x2
 141 002d 01       		.byte	0x1
 142 002e 08       		.byte	0x8
 143 002f 3F000000 		.4byte	.LASF1
 144 0033 02       		.uleb128 0x2
 145 0034 02       		.byte	0x2
 146 0035 05       		.byte	0x5
 147 0036 88010000 		.4byte	.LASF2
 148 003a 02       		.uleb128 0x2
 149 003b 02       		.byte	0x2
 150 003c 07       		.byte	0x7
 151 003d 78000000 		.4byte	.LASF3
 152 0041 02       		.uleb128 0x2
 153 0042 04       		.byte	0x4
 154 0043 05       		.byte	0x5
 155 0044 20020000 		.4byte	.LASF4
 156 0048 02       		.uleb128 0x2
 157 0049 04       		.byte	0x4
 158 004a 07       		.byte	0x7
 159 004b 66000000 		.4byte	.LASF5
 160 004f 02       		.uleb128 0x2
 161 0050 08       		.byte	0x8
 162 0051 05       		.byte	0x5
 163 0052 75010000 		.4byte	.LASF6
 164 0056 02       		.uleb128 0x2
 165 0057 08       		.byte	0x8
 166 0058 07       		.byte	0x7
 167 0059 4C010000 		.4byte	.LASF7
 168 005d 03       		.uleb128 0x3
 169 005e 04       		.byte	0x4
 170 005f 05       		.byte	0x5
 171 0060 696E7400 		.ascii	"int\000"
 172 0064 02       		.uleb128 0x2
ARM GAS  C:\Users\acer\AppData\Local\Temp\ccqep282.s 			page 6


 173 0065 04       		.byte	0x4
 174 0066 07       		.byte	0x7
 175 0067 3F010000 		.4byte	.LASF8
 176 006b 04       		.uleb128 0x4
 177 006c 39000000 		.4byte	.LASF12
 178 0070 02       		.byte	0x2
 179 0071 A1       		.byte	0xa1
 180 0072 2C000000 		.4byte	0x2c
 181 0076 02       		.uleb128 0x2
 182 0077 04       		.byte	0x4
 183 0078 04       		.byte	0x4
 184 0079 33000000 		.4byte	.LASF9
 185 007d 02       		.uleb128 0x2
 186 007e 08       		.byte	0x8
 187 007f 04       		.byte	0x4
 188 0080 F6000000 		.4byte	.LASF10
 189 0084 02       		.uleb128 0x2
 190 0085 01       		.byte	0x1
 191 0086 08       		.byte	0x8
 192 0087 83010000 		.4byte	.LASF11
 193 008b 05       		.uleb128 0x5
 194 008c 01       		.byte	0x1
 195 008d 03       		.byte	0x3
 196 008e 2C       		.byte	0x2c
 197 008f A0000000 		.4byte	0xa0
 198 0093 06       		.uleb128 0x6
 199 0094 29020000 		.4byte	.LASF23
 200 0098 03       		.byte	0x3
 201 0099 2E       		.byte	0x2e
 202 009a 6B000000 		.4byte	0x6b
 203 009e 00       		.byte	0
 204 009f 00       		.byte	0
 205 00a0 04       		.uleb128 0x4
 206 00a1 26010000 		.4byte	.LASF13
 207 00a5 03       		.byte	0x3
 208 00a6 2F       		.byte	0x2f
 209 00a7 8B000000 		.4byte	0x8b
 210 00ab 07       		.uleb128 0x7
 211 00ac 41020000 		.4byte	.LASF14
 212 00b0 01       		.byte	0x1
 213 00b1 25       		.byte	0x25
 214 00b2 01       		.byte	0x1
 215 00b3 07       		.uleb128 0x7
 216 00b4 4D000000 		.4byte	.LASF15
 217 00b8 01       		.byte	0x1
 218 00b9 38       		.byte	0x38
 219 00ba 01       		.byte	0x1
 220 00bb 08       		.uleb128 0x8
 221 00bc AB000000 		.4byte	0xab
 222 00c0 00000000 		.4byte	.LFB0
 223 00c4 02000000 		.4byte	.LFE0-.LFB0
 224 00c8 01       		.uleb128 0x1
 225 00c9 9C       		.byte	0x9c
 226 00ca 08       		.uleb128 0x8
 227 00cb B3000000 		.4byte	0xb3
 228 00cf 00000000 		.4byte	.LFB1
 229 00d3 02000000 		.4byte	.LFE1-.LFB1
ARM GAS  C:\Users\acer\AppData\Local\Temp\ccqep282.s 			page 7


 230 00d7 01       		.uleb128 0x1
 231 00d8 9C       		.byte	0x9c
 232 00d9 09       		.uleb128 0x9
 233 00da 00000000 		.4byte	.LASF16
 234 00de 01       		.byte	0x1
 235 00df 4E       		.byte	0x4e
 236 00e0 00000000 		.4byte	.LFB2
 237 00e4 14000000 		.4byte	.LFE2-.LFB2
 238 00e8 01       		.uleb128 0x1
 239 00e9 9C       		.byte	0x9c
 240 00ea F8000000 		.4byte	0xf8
 241 00ee 0A       		.uleb128 0xa
 242 00ef 0C000000 		.4byte	.LVL0
 243 00f3 33010000 		.4byte	0x133
 244 00f7 00       		.byte	0
 245 00f8 09       		.uleb128 0x9
 246 00f9 63010000 		.4byte	.LASF17
 247 00fd 01       		.byte	0x1
 248 00fe 6B       		.byte	0x6b
 249 00ff 00000000 		.4byte	.LFB3
 250 0103 14000000 		.4byte	.LFE3-.LFB3
 251 0107 01       		.uleb128 0x1
 252 0108 9C       		.byte	0x9c
 253 0109 17010000 		.4byte	0x117
 254 010d 0A       		.uleb128 0xa
 255 010e 0C000000 		.4byte	.LVL1
 256 0112 3A010000 		.4byte	0x13a
 257 0116 00       		.byte	0
 258 0117 0B       		.uleb128 0xb
 259 0118 E4000000 		.4byte	.LASF24
 260 011c 01       		.byte	0x1
 261 011d 14       		.byte	0x14
 262 011e A0000000 		.4byte	0xa0
 263 0122 05       		.uleb128 0x5
 264 0123 03       		.byte	0x3
 265 0124 00000000 		.4byte	LCD_Char_1_backup
 266 0128 0C       		.uleb128 0xc
 267 0129 8B000000 		.4byte	.LASF25
 268 012d 03       		.byte	0x3
 269 012e 72       		.byte	0x72
 270 012f 6B000000 		.4byte	0x6b
 271 0133 0D       		.uleb128 0xd
 272 0134 23000000 		.4byte	.LASF18
 273 0138 03       		.byte	0x3
 274 0139 39       		.byte	0x39
 275 013a 0D       		.uleb128 0xd
 276 013b 11000000 		.4byte	.LASF19
 277 013f 03       		.byte	0x3
 278 0140 37       		.byte	0x37
 279 0141 00       		.byte	0
 280              		.section	.debug_abbrev,"",%progbits
 281              	.Ldebug_abbrev0:
 282 0000 01       		.uleb128 0x1
 283 0001 11       		.uleb128 0x11
 284 0002 01       		.byte	0x1
 285 0003 25       		.uleb128 0x25
 286 0004 0E       		.uleb128 0xe
ARM GAS  C:\Users\acer\AppData\Local\Temp\ccqep282.s 			page 8


 287 0005 13       		.uleb128 0x13
 288 0006 0B       		.uleb128 0xb
 289 0007 03       		.uleb128 0x3
 290 0008 0E       		.uleb128 0xe
 291 0009 1B       		.uleb128 0x1b
 292 000a 0E       		.uleb128 0xe
 293 000b 55       		.uleb128 0x55
 294 000c 17       		.uleb128 0x17
 295 000d 11       		.uleb128 0x11
 296 000e 01       		.uleb128 0x1
 297 000f 10       		.uleb128 0x10
 298 0010 17       		.uleb128 0x17
 299 0011 00       		.byte	0
 300 0012 00       		.byte	0
 301 0013 02       		.uleb128 0x2
 302 0014 24       		.uleb128 0x24
 303 0015 00       		.byte	0
 304 0016 0B       		.uleb128 0xb
 305 0017 0B       		.uleb128 0xb
 306 0018 3E       		.uleb128 0x3e
 307 0019 0B       		.uleb128 0xb
 308 001a 03       		.uleb128 0x3
 309 001b 0E       		.uleb128 0xe
 310 001c 00       		.byte	0
 311 001d 00       		.byte	0
 312 001e 03       		.uleb128 0x3
 313 001f 24       		.uleb128 0x24
 314 0020 00       		.byte	0
 315 0021 0B       		.uleb128 0xb
 316 0022 0B       		.uleb128 0xb
 317 0023 3E       		.uleb128 0x3e
 318 0024 0B       		.uleb128 0xb
 319 0025 03       		.uleb128 0x3
 320 0026 08       		.uleb128 0x8
 321 0027 00       		.byte	0
 322 0028 00       		.byte	0
 323 0029 04       		.uleb128 0x4
 324 002a 16       		.uleb128 0x16
 325 002b 00       		.byte	0
 326 002c 03       		.uleb128 0x3
 327 002d 0E       		.uleb128 0xe
 328 002e 3A       		.uleb128 0x3a
 329 002f 0B       		.uleb128 0xb
 330 0030 3B       		.uleb128 0x3b
 331 0031 0B       		.uleb128 0xb
 332 0032 49       		.uleb128 0x49
 333 0033 13       		.uleb128 0x13
 334 0034 00       		.byte	0
 335 0035 00       		.byte	0
 336 0036 05       		.uleb128 0x5
 337 0037 13       		.uleb128 0x13
 338 0038 01       		.byte	0x1
 339 0039 0B       		.uleb128 0xb
 340 003a 0B       		.uleb128 0xb
 341 003b 3A       		.uleb128 0x3a
 342 003c 0B       		.uleb128 0xb
 343 003d 3B       		.uleb128 0x3b
ARM GAS  C:\Users\acer\AppData\Local\Temp\ccqep282.s 			page 9


 344 003e 0B       		.uleb128 0xb
 345 003f 01       		.uleb128 0x1
 346 0040 13       		.uleb128 0x13
 347 0041 00       		.byte	0
 348 0042 00       		.byte	0
 349 0043 06       		.uleb128 0x6
 350 0044 0D       		.uleb128 0xd
 351 0045 00       		.byte	0
 352 0046 03       		.uleb128 0x3
 353 0047 0E       		.uleb128 0xe
 354 0048 3A       		.uleb128 0x3a
 355 0049 0B       		.uleb128 0xb
 356 004a 3B       		.uleb128 0x3b
 357 004b 0B       		.uleb128 0xb
 358 004c 49       		.uleb128 0x49
 359 004d 13       		.uleb128 0x13
 360 004e 38       		.uleb128 0x38
 361 004f 0B       		.uleb128 0xb
 362 0050 00       		.byte	0
 363 0051 00       		.byte	0
 364 0052 07       		.uleb128 0x7
 365 0053 2E       		.uleb128 0x2e
 366 0054 00       		.byte	0
 367 0055 3F       		.uleb128 0x3f
 368 0056 19       		.uleb128 0x19
 369 0057 03       		.uleb128 0x3
 370 0058 0E       		.uleb128 0xe
 371 0059 3A       		.uleb128 0x3a
 372 005a 0B       		.uleb128 0xb
 373 005b 3B       		.uleb128 0x3b
 374 005c 0B       		.uleb128 0xb
 375 005d 27       		.uleb128 0x27
 376 005e 19       		.uleb128 0x19
 377 005f 20       		.uleb128 0x20
 378 0060 0B       		.uleb128 0xb
 379 0061 00       		.byte	0
 380 0062 00       		.byte	0
 381 0063 08       		.uleb128 0x8
 382 0064 2E       		.uleb128 0x2e
 383 0065 00       		.byte	0
 384 0066 31       		.uleb128 0x31
 385 0067 13       		.uleb128 0x13
 386 0068 11       		.uleb128 0x11
 387 0069 01       		.uleb128 0x1
 388 006a 12       		.uleb128 0x12
 389 006b 06       		.uleb128 0x6
 390 006c 40       		.uleb128 0x40
 391 006d 18       		.uleb128 0x18
 392 006e 9742     		.uleb128 0x2117
 393 0070 19       		.uleb128 0x19
 394 0071 00       		.byte	0
 395 0072 00       		.byte	0
 396 0073 09       		.uleb128 0x9
 397 0074 2E       		.uleb128 0x2e
 398 0075 01       		.byte	0x1
 399 0076 3F       		.uleb128 0x3f
 400 0077 19       		.uleb128 0x19
ARM GAS  C:\Users\acer\AppData\Local\Temp\ccqep282.s 			page 10


 401 0078 03       		.uleb128 0x3
 402 0079 0E       		.uleb128 0xe
 403 007a 3A       		.uleb128 0x3a
 404 007b 0B       		.uleb128 0xb
 405 007c 3B       		.uleb128 0x3b
 406 007d 0B       		.uleb128 0xb
 407 007e 27       		.uleb128 0x27
 408 007f 19       		.uleb128 0x19
 409 0080 11       		.uleb128 0x11
 410 0081 01       		.uleb128 0x1
 411 0082 12       		.uleb128 0x12
 412 0083 06       		.uleb128 0x6
 413 0084 40       		.uleb128 0x40
 414 0085 18       		.uleb128 0x18
 415 0086 9742     		.uleb128 0x2117
 416 0088 19       		.uleb128 0x19
 417 0089 01       		.uleb128 0x1
 418 008a 13       		.uleb128 0x13
 419 008b 00       		.byte	0
 420 008c 00       		.byte	0
 421 008d 0A       		.uleb128 0xa
 422 008e 898201   		.uleb128 0x4109
 423 0091 00       		.byte	0
 424 0092 11       		.uleb128 0x11
 425 0093 01       		.uleb128 0x1
 426 0094 9542     		.uleb128 0x2115
 427 0096 19       		.uleb128 0x19
 428 0097 31       		.uleb128 0x31
 429 0098 13       		.uleb128 0x13
 430 0099 00       		.byte	0
 431 009a 00       		.byte	0
 432 009b 0B       		.uleb128 0xb
 433 009c 34       		.uleb128 0x34
 434 009d 00       		.byte	0
 435 009e 03       		.uleb128 0x3
 436 009f 0E       		.uleb128 0xe
 437 00a0 3A       		.uleb128 0x3a
 438 00a1 0B       		.uleb128 0xb
 439 00a2 3B       		.uleb128 0x3b
 440 00a3 0B       		.uleb128 0xb
 441 00a4 49       		.uleb128 0x49
 442 00a5 13       		.uleb128 0x13
 443 00a6 02       		.uleb128 0x2
 444 00a7 18       		.uleb128 0x18
 445 00a8 00       		.byte	0
 446 00a9 00       		.byte	0
 447 00aa 0C       		.uleb128 0xc
 448 00ab 34       		.uleb128 0x34
 449 00ac 00       		.byte	0
 450 00ad 03       		.uleb128 0x3
 451 00ae 0E       		.uleb128 0xe
 452 00af 3A       		.uleb128 0x3a
 453 00b0 0B       		.uleb128 0xb
 454 00b1 3B       		.uleb128 0x3b
 455 00b2 0B       		.uleb128 0xb
 456 00b3 49       		.uleb128 0x49
 457 00b4 13       		.uleb128 0x13
ARM GAS  C:\Users\acer\AppData\Local\Temp\ccqep282.s 			page 11


 458 00b5 3F       		.uleb128 0x3f
 459 00b6 19       		.uleb128 0x19
 460 00b7 3C       		.uleb128 0x3c
 461 00b8 19       		.uleb128 0x19
 462 00b9 00       		.byte	0
 463 00ba 00       		.byte	0
 464 00bb 0D       		.uleb128 0xd
 465 00bc 2E       		.uleb128 0x2e
 466 00bd 00       		.byte	0
 467 00be 3F       		.uleb128 0x3f
 468 00bf 19       		.uleb128 0x19
 469 00c0 03       		.uleb128 0x3
 470 00c1 0E       		.uleb128 0xe
 471 00c2 3A       		.uleb128 0x3a
 472 00c3 0B       		.uleb128 0xb
 473 00c4 3B       		.uleb128 0x3b
 474 00c5 0B       		.uleb128 0xb
 475 00c6 27       		.uleb128 0x27
 476 00c7 19       		.uleb128 0x19
 477 00c8 3C       		.uleb128 0x3c
 478 00c9 19       		.uleb128 0x19
 479 00ca 00       		.byte	0
 480 00cb 00       		.byte	0
 481 00cc 00       		.byte	0
 482              		.section	.debug_aranges,"",%progbits
 483 0000 34000000 		.4byte	0x34
 484 0004 0200     		.2byte	0x2
 485 0006 00000000 		.4byte	.Ldebug_info0
 486 000a 04       		.byte	0x4
 487 000b 00       		.byte	0
 488 000c 0000     		.2byte	0
 489 000e 0000     		.2byte	0
 490 0010 00000000 		.4byte	.LFB0
 491 0014 02000000 		.4byte	.LFE0-.LFB0
 492 0018 00000000 		.4byte	.LFB1
 493 001c 02000000 		.4byte	.LFE1-.LFB1
 494 0020 00000000 		.4byte	.LFB2
 495 0024 14000000 		.4byte	.LFE2-.LFB2
 496 0028 00000000 		.4byte	.LFB3
 497 002c 14000000 		.4byte	.LFE3-.LFB3
 498 0030 00000000 		.4byte	0
 499 0034 00000000 		.4byte	0
 500              		.section	.debug_ranges,"",%progbits
 501              	.Ldebug_ranges0:
 502 0000 00000000 		.4byte	.LFB0
 503 0004 02000000 		.4byte	.LFE0
 504 0008 00000000 		.4byte	.LFB1
 505 000c 02000000 		.4byte	.LFE1
 506 0010 00000000 		.4byte	.LFB2
 507 0014 14000000 		.4byte	.LFE2
 508 0018 00000000 		.4byte	.LFB3
 509 001c 14000000 		.4byte	.LFE3
 510 0020 00000000 		.4byte	0
 511 0024 00000000 		.4byte	0
 512              		.section	.debug_line,"",%progbits
 513              	.Ldebug_line0:
 514 0000 A4000000 		.section	.debug_str,"MS",%progbits,1
ARM GAS  C:\Users\acer\AppData\Local\Temp\ccqep282.s 			page 12


 514      02005C00 
 514      00000201 
 514      FB0E0D00 
 514      01010101 
 515              	.LASF16:
 516 0000 4C43445F 		.ascii	"LCD_Char_1_Sleep\000"
 516      43686172 
 516      5F315F53 
 516      6C656570 
 516      00
 517              	.LASF19:
 518 0011 4C43445F 		.ascii	"LCD_Char_1_Enable\000"
 518      43686172 
 518      5F315F45 
 518      6E61626C 
 518      6500
 519              	.LASF18:
 520 0023 4C43445F 		.ascii	"LCD_Char_1_Stop\000"
 520      43686172 
 520      5F315F53 
 520      746F7000 
 521              	.LASF9:
 522 0033 666C6F61 		.ascii	"float\000"
 522      7400
 523              	.LASF12:
 524 0039 75696E74 		.ascii	"uint8\000"
 524      3800
 525              	.LASF1:
 526 003f 756E7369 		.ascii	"unsigned char\000"
 526      676E6564 
 526      20636861 
 526      7200
 527              	.LASF15:
 528 004d 4C43445F 		.ascii	"LCD_Char_1_RestoreConfig\000"
 528      43686172 
 528      5F315F52 
 528      6573746F 
 528      7265436F 
 529              	.LASF5:
 530 0066 6C6F6E67 		.ascii	"long unsigned int\000"
 530      20756E73 
 530      69676E65 
 530      6420696E 
 530      7400
 531              	.LASF3:
 532 0078 73686F72 		.ascii	"short unsigned int\000"
 532      7420756E 
 532      7369676E 
 532      65642069 
 532      6E7400
 533              	.LASF25:
 534 008b 4C43445F 		.ascii	"LCD_Char_1_enableState\000"
 534      43686172 
 534      5F315F65 
 534      6E61626C 
 534      65537461 
 535              	.LASF22:
ARM GAS  C:\Users\acer\AppData\Local\Temp\ccqep282.s 			page 13


 536 00a2 433A5C55 		.ascii	"C:\\Users\\acer\\Desktop\\Saura-master\\2_Psoc\\Pla"
 536      73657273 
 536      5C616365 
 536      725C4465 
 536      736B746F 
 537 00cf 74666F72 		.ascii	"tform\\Design02.cydsn\000"
 537      6D5C4465 
 537      7369676E 
 537      30322E63 
 537      7964736E 
 538              	.LASF24:
 539 00e4 4C43445F 		.ascii	"LCD_Char_1_backup\000"
 539      43686172 
 539      5F315F62 
 539      61636B75 
 539      7000
 540              	.LASF10:
 541 00f6 646F7562 		.ascii	"double\000"
 541      6C6500
 542              	.LASF21:
 543 00fd 2E5C4765 		.ascii	".\\Generated_Source\\PSoC5\\LCD_Char_1_PM.c\000"
 543      6E657261 
 543      7465645F 
 543      536F7572 
 543      63655C50 
 544              	.LASF13:
 545 0126 4C43445F 		.ascii	"LCD_Char_1_BACKUP_STRUCT\000"
 545      43686172 
 545      5F315F42 
 545      41434B55 
 545      505F5354 
 546              	.LASF8:
 547 013f 756E7369 		.ascii	"unsigned int\000"
 547      676E6564 
 547      20696E74 
 547      00
 548              	.LASF7:
 549 014c 6C6F6E67 		.ascii	"long long unsigned int\000"
 549      206C6F6E 
 549      6720756E 
 549      7369676E 
 549      65642069 
 550              	.LASF17:
 551 0163 4C43445F 		.ascii	"LCD_Char_1_Wakeup\000"
 551      43686172 
 551      5F315F57 
 551      616B6575 
 551      7000
 552              	.LASF6:
 553 0175 6C6F6E67 		.ascii	"long long int\000"
 553      206C6F6E 
 553      6720696E 
 553      7400
 554              	.LASF11:
 555 0183 63686172 		.ascii	"char\000"
 555      00
 556              	.LASF2:
ARM GAS  C:\Users\acer\AppData\Local\Temp\ccqep282.s 			page 14


 557 0188 73686F72 		.ascii	"short int\000"
 557      7420696E 
 557      7400
 558              	.LASF20:
 559 0192 474E5520 		.ascii	"GNU C 4.9.3 20150303 (release) [ARM/embedded-4_9-br"
 559      4320342E 
 559      392E3320 
 559      32303135 
 559      30333033 
 560 01c5 616E6368 		.ascii	"anch revision 221220] -mcpu=cortex-m3 -mthumb -g -O"
 560      20726576 
 560      6973696F 
 560      6E203232 
 560      31323230 
 561 01f8 73202D66 		.ascii	"s -ffunction-sections -ffat-lto-objects\000"
 561      66756E63 
 561      74696F6E 
 561      2D736563 
 561      74696F6E 
 562              	.LASF4:
 563 0220 6C6F6E67 		.ascii	"long int\000"
 563      20696E74 
 563      00
 564              	.LASF23:
 565 0229 656E6162 		.ascii	"enableState\000"
 565      6C655374 
 565      61746500 
 566              	.LASF0:
 567 0235 7369676E 		.ascii	"signed char\000"
 567      65642063 
 567      68617200 
 568              	.LASF14:
 569 0241 4C43445F 		.ascii	"LCD_Char_1_SaveConfig\000"
 569      43686172 
 569      5F315F53 
 569      61766543 
 569      6F6E6669 
 570              		.ident	"GCC: (GNU Tools for ARM Embedded Processors) 4.9.3 20150303 (release) [ARM/embedded-4_9-br
