ARM GAS  C:\Users\acer\AppData\Local\Temp\cc9HBVRY.s 			page 1


   1              		.syntax unified
   2              		.cpu cortex-m3
   3              		.fpu softvfp
   4              		.eabi_attribute 20, 1
   5              		.eabi_attribute 21, 1
   6              		.eabi_attribute 23, 3
   7              		.eabi_attribute 24, 1
   8              		.eabi_attribute 25, 1
   9              		.eabi_attribute 26, 1
  10              		.eabi_attribute 30, 4
  11              		.eabi_attribute 34, 1
  12              		.eabi_attribute 18, 4
  13              		.thumb
  14              		.file	"PWM_1_PM.c"
  15              		.text
  16              	.Ltext0:
  17              		.cfi_sections	.debug_frame
  18              		.section	.text.PWM_1_SaveConfig,"ax",%progbits
  19              		.align	1
  20              		.global	PWM_1_SaveConfig
  21              		.thumb
  22              		.thumb_func
  23              		.type	PWM_1_SaveConfig, %function
  24              	PWM_1_SaveConfig:
  25              	.LFB0:
  26              		.file 1 ".\\Generated_Source\\PSoC5\\PWM_1_PM.c"
   1:.\Generated_Source\PSoC5/PWM_1_PM.c **** /*******************************************************************************
   2:.\Generated_Source\PSoC5/PWM_1_PM.c **** * File Name: PWM_1_PM.c
   3:.\Generated_Source\PSoC5/PWM_1_PM.c **** * Version 3.30
   4:.\Generated_Source\PSoC5/PWM_1_PM.c **** *
   5:.\Generated_Source\PSoC5/PWM_1_PM.c **** * Description:
   6:.\Generated_Source\PSoC5/PWM_1_PM.c **** *  This file provides the power management source code to API for the
   7:.\Generated_Source\PSoC5/PWM_1_PM.c **** *  PWM.
   8:.\Generated_Source\PSoC5/PWM_1_PM.c **** *
   9:.\Generated_Source\PSoC5/PWM_1_PM.c **** * Note:
  10:.\Generated_Source\PSoC5/PWM_1_PM.c **** *
  11:.\Generated_Source\PSoC5/PWM_1_PM.c **** ********************************************************************************
  12:.\Generated_Source\PSoC5/PWM_1_PM.c **** * Copyright 2008-2014, Cypress Semiconductor Corporation.  All rights reserved.
  13:.\Generated_Source\PSoC5/PWM_1_PM.c **** * You may use this file only in accordance with the license, terms, conditions,
  14:.\Generated_Source\PSoC5/PWM_1_PM.c **** * disclaimers, and limitations in the end user license agreement accompanying
  15:.\Generated_Source\PSoC5/PWM_1_PM.c **** * the software package with which this file was provided.
  16:.\Generated_Source\PSoC5/PWM_1_PM.c **** *******************************************************************************/
  17:.\Generated_Source\PSoC5/PWM_1_PM.c **** 
  18:.\Generated_Source\PSoC5/PWM_1_PM.c **** #include "PWM_1.h"
  19:.\Generated_Source\PSoC5/PWM_1_PM.c **** 
  20:.\Generated_Source\PSoC5/PWM_1_PM.c **** static PWM_1_backupStruct PWM_1_backup;
  21:.\Generated_Source\PSoC5/PWM_1_PM.c **** 
  22:.\Generated_Source\PSoC5/PWM_1_PM.c **** 
  23:.\Generated_Source\PSoC5/PWM_1_PM.c **** /*******************************************************************************
  24:.\Generated_Source\PSoC5/PWM_1_PM.c **** * Function Name: PWM_1_SaveConfig
  25:.\Generated_Source\PSoC5/PWM_1_PM.c **** ********************************************************************************
  26:.\Generated_Source\PSoC5/PWM_1_PM.c **** *
  27:.\Generated_Source\PSoC5/PWM_1_PM.c **** * Summary:
  28:.\Generated_Source\PSoC5/PWM_1_PM.c **** *  Saves the current user configuration of the component.
  29:.\Generated_Source\PSoC5/PWM_1_PM.c **** *
  30:.\Generated_Source\PSoC5/PWM_1_PM.c **** * Parameters:
  31:.\Generated_Source\PSoC5/PWM_1_PM.c **** *  None
ARM GAS  C:\Users\acer\AppData\Local\Temp\cc9HBVRY.s 			page 2


  32:.\Generated_Source\PSoC5/PWM_1_PM.c **** *
  33:.\Generated_Source\PSoC5/PWM_1_PM.c **** * Return:
  34:.\Generated_Source\PSoC5/PWM_1_PM.c **** *  None
  35:.\Generated_Source\PSoC5/PWM_1_PM.c **** *
  36:.\Generated_Source\PSoC5/PWM_1_PM.c **** * Global variables:
  37:.\Generated_Source\PSoC5/PWM_1_PM.c **** *  PWM_1_backup:  Variables of this global structure are modified to
  38:.\Generated_Source\PSoC5/PWM_1_PM.c **** *  store the values of non retention configuration registers when Sleep() API is
  39:.\Generated_Source\PSoC5/PWM_1_PM.c **** *  called.
  40:.\Generated_Source\PSoC5/PWM_1_PM.c **** *
  41:.\Generated_Source\PSoC5/PWM_1_PM.c **** *******************************************************************************/
  42:.\Generated_Source\PSoC5/PWM_1_PM.c **** void PWM_1_SaveConfig(void) 
  43:.\Generated_Source\PSoC5/PWM_1_PM.c **** {
  27              		.loc 1 43 0
  28              		.cfi_startproc
  29              		@ args = 0, pretend = 0, frame = 0
  30              		@ frame_needed = 0, uses_anonymous_args = 0
  31 0000 10B5     		push	{r4, lr}
  32              		.cfi_def_cfa_offset 8
  33              		.cfi_offset 4, -8
  34              		.cfi_offset 14, -4
  44:.\Generated_Source\PSoC5/PWM_1_PM.c **** 
  45:.\Generated_Source\PSoC5/PWM_1_PM.c ****     #if(!PWM_1_UsingFixedFunction)
  46:.\Generated_Source\PSoC5/PWM_1_PM.c ****         #if(!PWM_1_PWMModeIsCenterAligned)
  47:.\Generated_Source\PSoC5/PWM_1_PM.c ****             PWM_1_backup.PWMPeriod = PWM_1_ReadPeriod();
  35              		.loc 1 47 0
  36 0002 FFF7FEFF 		bl	PWM_1_ReadPeriod
  37              	.LVL0:
  38 0006 044C     		ldr	r4, .L2
  39 0008 A080     		strh	r0, [r4, #4]	@ movhi
  48:.\Generated_Source\PSoC5/PWM_1_PM.c ****         #endif /* (!PWM_1_PWMModeIsCenterAligned) */
  49:.\Generated_Source\PSoC5/PWM_1_PM.c ****         PWM_1_backup.PWMUdb = PWM_1_ReadCounter();
  40              		.loc 1 49 0
  41 000a FFF7FEFF 		bl	PWM_1_ReadCounter
  42              	.LVL1:
  43 000e 6080     		strh	r0, [r4, #2]	@ movhi
  50:.\Generated_Source\PSoC5/PWM_1_PM.c ****         #if (PWM_1_UseStatus)
  51:.\Generated_Source\PSoC5/PWM_1_PM.c ****             PWM_1_backup.InterruptMaskValue = PWM_1_STATUS_MASK;
  52:.\Generated_Source\PSoC5/PWM_1_PM.c ****         #endif /* (PWM_1_UseStatus) */
  53:.\Generated_Source\PSoC5/PWM_1_PM.c **** 
  54:.\Generated_Source\PSoC5/PWM_1_PM.c ****         #if(PWM_1_DeadBandMode == PWM_1__B_PWM__DBM_256_CLOCKS || \
  55:.\Generated_Source\PSoC5/PWM_1_PM.c ****             PWM_1_DeadBandMode == PWM_1__B_PWM__DBM_2_4_CLOCKS)
  56:.\Generated_Source\PSoC5/PWM_1_PM.c ****             PWM_1_backup.PWMdeadBandValue = PWM_1_ReadDeadTime();
  57:.\Generated_Source\PSoC5/PWM_1_PM.c ****         #endif /*  deadband count is either 2-4 clocks or 256 clocks */
  58:.\Generated_Source\PSoC5/PWM_1_PM.c **** 
  59:.\Generated_Source\PSoC5/PWM_1_PM.c ****         #if(PWM_1_KillModeMinTime)
  60:.\Generated_Source\PSoC5/PWM_1_PM.c ****              PWM_1_backup.PWMKillCounterPeriod = PWM_1_ReadKillTime();
  61:.\Generated_Source\PSoC5/PWM_1_PM.c ****         #endif /* (PWM_1_KillModeMinTime) */
  62:.\Generated_Source\PSoC5/PWM_1_PM.c **** 
  63:.\Generated_Source\PSoC5/PWM_1_PM.c ****         #if(PWM_1_UseControl)
  64:.\Generated_Source\PSoC5/PWM_1_PM.c ****             PWM_1_backup.PWMControlRegister = PWM_1_ReadControlRegister();
  44              		.loc 1 64 0
  45 0010 FFF7FEFF 		bl	PWM_1_ReadControlRegister
  46              	.LVL2:
  47 0014 A071     		strb	r0, [r4, #6]
  48 0016 10BD     		pop	{r4, pc}
  49              	.L3:
  50              		.align	2
ARM GAS  C:\Users\acer\AppData\Local\Temp\cc9HBVRY.s 			page 3


  51              	.L2:
  52 0018 00000000 		.word	.LANCHOR0
  53              		.cfi_endproc
  54              	.LFE0:
  55              		.size	PWM_1_SaveConfig, .-PWM_1_SaveConfig
  56              		.section	.text.PWM_1_RestoreConfig,"ax",%progbits
  57              		.align	1
  58              		.global	PWM_1_RestoreConfig
  59              		.thumb
  60              		.thumb_func
  61              		.type	PWM_1_RestoreConfig, %function
  62              	PWM_1_RestoreConfig:
  63              	.LFB1:
  65:.\Generated_Source\PSoC5/PWM_1_PM.c ****         #endif /* (PWM_1_UseControl) */
  66:.\Generated_Source\PSoC5/PWM_1_PM.c ****     #endif  /* (!PWM_1_UsingFixedFunction) */
  67:.\Generated_Source\PSoC5/PWM_1_PM.c **** }
  68:.\Generated_Source\PSoC5/PWM_1_PM.c **** 
  69:.\Generated_Source\PSoC5/PWM_1_PM.c **** 
  70:.\Generated_Source\PSoC5/PWM_1_PM.c **** /*******************************************************************************
  71:.\Generated_Source\PSoC5/PWM_1_PM.c **** * Function Name: PWM_1_RestoreConfig
  72:.\Generated_Source\PSoC5/PWM_1_PM.c **** ********************************************************************************
  73:.\Generated_Source\PSoC5/PWM_1_PM.c **** *
  74:.\Generated_Source\PSoC5/PWM_1_PM.c **** * Summary:
  75:.\Generated_Source\PSoC5/PWM_1_PM.c **** *  Restores the current user configuration of the component.
  76:.\Generated_Source\PSoC5/PWM_1_PM.c **** *
  77:.\Generated_Source\PSoC5/PWM_1_PM.c **** * Parameters:
  78:.\Generated_Source\PSoC5/PWM_1_PM.c **** *  None
  79:.\Generated_Source\PSoC5/PWM_1_PM.c **** *
  80:.\Generated_Source\PSoC5/PWM_1_PM.c **** * Return:
  81:.\Generated_Source\PSoC5/PWM_1_PM.c **** *  None
  82:.\Generated_Source\PSoC5/PWM_1_PM.c **** *
  83:.\Generated_Source\PSoC5/PWM_1_PM.c **** * Global variables:
  84:.\Generated_Source\PSoC5/PWM_1_PM.c **** *  PWM_1_backup:  Variables of this global structure are used to
  85:.\Generated_Source\PSoC5/PWM_1_PM.c **** *  restore the values of non retention registers on wakeup from sleep mode.
  86:.\Generated_Source\PSoC5/PWM_1_PM.c **** *
  87:.\Generated_Source\PSoC5/PWM_1_PM.c **** *******************************************************************************/
  88:.\Generated_Source\PSoC5/PWM_1_PM.c **** void PWM_1_RestoreConfig(void) 
  89:.\Generated_Source\PSoC5/PWM_1_PM.c **** {
  64              		.loc 1 89 0
  65              		.cfi_startproc
  66              		@ args = 0, pretend = 0, frame = 0
  67              		@ frame_needed = 0, uses_anonymous_args = 0
  68 0000 10B5     		push	{r4, lr}
  69              		.cfi_def_cfa_offset 8
  70              		.cfi_offset 4, -8
  71              		.cfi_offset 14, -4
  90:.\Generated_Source\PSoC5/PWM_1_PM.c ****         #if(!PWM_1_UsingFixedFunction)
  91:.\Generated_Source\PSoC5/PWM_1_PM.c ****             #if(!PWM_1_PWMModeIsCenterAligned)
  92:.\Generated_Source\PSoC5/PWM_1_PM.c ****                 PWM_1_WritePeriod(PWM_1_backup.PWMPeriod);
  72              		.loc 1 92 0
  73 0002 064C     		ldr	r4, .L5
  74 0004 A088     		ldrh	r0, [r4, #4]
  75 0006 FFF7FEFF 		bl	PWM_1_WritePeriod
  76              	.LVL3:
  93:.\Generated_Source\PSoC5/PWM_1_PM.c ****             #endif /* (!PWM_1_PWMModeIsCenterAligned) */
  94:.\Generated_Source\PSoC5/PWM_1_PM.c **** 
  95:.\Generated_Source\PSoC5/PWM_1_PM.c ****             PWM_1_WriteCounter(PWM_1_backup.PWMUdb);
ARM GAS  C:\Users\acer\AppData\Local\Temp\cc9HBVRY.s 			page 4


  77              		.loc 1 95 0
  78 000a 6088     		ldrh	r0, [r4, #2]
  79 000c FFF7FEFF 		bl	PWM_1_WriteCounter
  80              	.LVL4:
  96:.\Generated_Source\PSoC5/PWM_1_PM.c **** 
  97:.\Generated_Source\PSoC5/PWM_1_PM.c ****             #if (PWM_1_UseStatus)
  98:.\Generated_Source\PSoC5/PWM_1_PM.c ****                 PWM_1_STATUS_MASK = PWM_1_backup.InterruptMaskValue;
  99:.\Generated_Source\PSoC5/PWM_1_PM.c ****             #endif /* (PWM_1_UseStatus) */
 100:.\Generated_Source\PSoC5/PWM_1_PM.c **** 
 101:.\Generated_Source\PSoC5/PWM_1_PM.c ****             #if(PWM_1_DeadBandMode == PWM_1__B_PWM__DBM_256_CLOCKS || \
 102:.\Generated_Source\PSoC5/PWM_1_PM.c ****                 PWM_1_DeadBandMode == PWM_1__B_PWM__DBM_2_4_CLOCKS)
 103:.\Generated_Source\PSoC5/PWM_1_PM.c ****                 PWM_1_WriteDeadTime(PWM_1_backup.PWMdeadBandValue);
 104:.\Generated_Source\PSoC5/PWM_1_PM.c ****             #endif /* deadband count is either 2-4 clocks or 256 clocks */
 105:.\Generated_Source\PSoC5/PWM_1_PM.c **** 
 106:.\Generated_Source\PSoC5/PWM_1_PM.c ****             #if(PWM_1_KillModeMinTime)
 107:.\Generated_Source\PSoC5/PWM_1_PM.c ****                 PWM_1_WriteKillTime(PWM_1_backup.PWMKillCounterPeriod);
 108:.\Generated_Source\PSoC5/PWM_1_PM.c ****             #endif /* (PWM_1_KillModeMinTime) */
 109:.\Generated_Source\PSoC5/PWM_1_PM.c **** 
 110:.\Generated_Source\PSoC5/PWM_1_PM.c ****             #if(PWM_1_UseControl)
 111:.\Generated_Source\PSoC5/PWM_1_PM.c ****                 PWM_1_WriteControlRegister(PWM_1_backup.PWMControlRegister);
  81              		.loc 1 111 0
  82 0010 A079     		ldrb	r0, [r4, #6]	@ zero_extendqisi2
 112:.\Generated_Source\PSoC5/PWM_1_PM.c ****             #endif /* (PWM_1_UseControl) */
 113:.\Generated_Source\PSoC5/PWM_1_PM.c ****         #endif  /* (!PWM_1_UsingFixedFunction) */
 114:.\Generated_Source\PSoC5/PWM_1_PM.c ****     }
  83              		.loc 1 114 0
  84 0012 BDE81040 		pop	{r4, lr}
  85              		.cfi_restore 14
  86              		.cfi_restore 4
  87              		.cfi_def_cfa_offset 0
 111:.\Generated_Source\PSoC5/PWM_1_PM.c ****             #endif /* (PWM_1_UseControl) */
  88              		.loc 1 111 0
  89 0016 FFF7FEBF 		b	PWM_1_WriteControlRegister
  90              	.LVL5:
  91              	.L6:
  92 001a 00BF     		.align	2
  93              	.L5:
  94 001c 00000000 		.word	.LANCHOR0
  95              		.cfi_endproc
  96              	.LFE1:
  97              		.size	PWM_1_RestoreConfig, .-PWM_1_RestoreConfig
  98              		.section	.text.PWM_1_Sleep,"ax",%progbits
  99              		.align	1
 100              		.global	PWM_1_Sleep
 101              		.thumb
 102              		.thumb_func
 103              		.type	PWM_1_Sleep, %function
 104              	PWM_1_Sleep:
 105              	.LFB2:
 115:.\Generated_Source\PSoC5/PWM_1_PM.c **** 
 116:.\Generated_Source\PSoC5/PWM_1_PM.c **** 
 117:.\Generated_Source\PSoC5/PWM_1_PM.c **** /*******************************************************************************
 118:.\Generated_Source\PSoC5/PWM_1_PM.c **** * Function Name: PWM_1_Sleep
 119:.\Generated_Source\PSoC5/PWM_1_PM.c **** ********************************************************************************
 120:.\Generated_Source\PSoC5/PWM_1_PM.c **** *
 121:.\Generated_Source\PSoC5/PWM_1_PM.c **** * Summary:
 122:.\Generated_Source\PSoC5/PWM_1_PM.c **** *  Disables block's operation and saves the user configuration. Should be called
ARM GAS  C:\Users\acer\AppData\Local\Temp\cc9HBVRY.s 			page 5


 123:.\Generated_Source\PSoC5/PWM_1_PM.c **** *  just prior to entering sleep.
 124:.\Generated_Source\PSoC5/PWM_1_PM.c **** *
 125:.\Generated_Source\PSoC5/PWM_1_PM.c **** * Parameters:
 126:.\Generated_Source\PSoC5/PWM_1_PM.c **** *  None
 127:.\Generated_Source\PSoC5/PWM_1_PM.c **** *
 128:.\Generated_Source\PSoC5/PWM_1_PM.c **** * Return:
 129:.\Generated_Source\PSoC5/PWM_1_PM.c **** *  None
 130:.\Generated_Source\PSoC5/PWM_1_PM.c **** *
 131:.\Generated_Source\PSoC5/PWM_1_PM.c **** * Global variables:
 132:.\Generated_Source\PSoC5/PWM_1_PM.c **** *  PWM_1_backup.PWMEnableState:  Is modified depending on the enable
 133:.\Generated_Source\PSoC5/PWM_1_PM.c **** *  state of the block before entering sleep mode.
 134:.\Generated_Source\PSoC5/PWM_1_PM.c **** *
 135:.\Generated_Source\PSoC5/PWM_1_PM.c **** *******************************************************************************/
 136:.\Generated_Source\PSoC5/PWM_1_PM.c **** void PWM_1_Sleep(void) 
 137:.\Generated_Source\PSoC5/PWM_1_PM.c **** {
 106              		.loc 1 137 0
 107              		.cfi_startproc
 108              		@ args = 0, pretend = 0, frame = 0
 109              		@ frame_needed = 0, uses_anonymous_args = 0
 110 0000 08B5     		push	{r3, lr}
 111              		.cfi_def_cfa_offset 8
 112              		.cfi_offset 3, -8
 113              		.cfi_offset 14, -4
 138:.\Generated_Source\PSoC5/PWM_1_PM.c ****     #if(PWM_1_UseControl)
 139:.\Generated_Source\PSoC5/PWM_1_PM.c ****         if(PWM_1_CTRL_ENABLE == (PWM_1_CONTROL & PWM_1_CTRL_ENABLE))
 114              		.loc 1 139 0
 115 0002 074B     		ldr	r3, .L11
 116 0004 1B78     		ldrb	r3, [r3]	@ zero_extendqisi2
 117 0006 13F0800F 		tst	r3, #128
 118 000a 064B     		ldr	r3, .L11+4
 140:.\Generated_Source\PSoC5/PWM_1_PM.c ****         {
 141:.\Generated_Source\PSoC5/PWM_1_PM.c ****             /*Component is enabled */
 142:.\Generated_Source\PSoC5/PWM_1_PM.c ****             PWM_1_backup.PWMEnableState = 1u;
 119              		.loc 1 142 0
 120 000c 14BF     		ite	ne
 121 000e 0122     		movne	r2, #1
 143:.\Generated_Source\PSoC5/PWM_1_PM.c ****         }
 144:.\Generated_Source\PSoC5/PWM_1_PM.c ****         else
 145:.\Generated_Source\PSoC5/PWM_1_PM.c ****         {
 146:.\Generated_Source\PSoC5/PWM_1_PM.c ****             /* Component is disabled */
 147:.\Generated_Source\PSoC5/PWM_1_PM.c ****             PWM_1_backup.PWMEnableState = 0u;
 122              		.loc 1 147 0
 123 0010 0022     		moveq	r2, #0
 124 0012 1A70     		strb	r2, [r3]
 148:.\Generated_Source\PSoC5/PWM_1_PM.c ****         }
 149:.\Generated_Source\PSoC5/PWM_1_PM.c ****     #endif /* (PWM_1_UseControl) */
 150:.\Generated_Source\PSoC5/PWM_1_PM.c **** 
 151:.\Generated_Source\PSoC5/PWM_1_PM.c ****     /* Stop component */
 152:.\Generated_Source\PSoC5/PWM_1_PM.c ****     PWM_1_Stop();
 125              		.loc 1 152 0
 126 0014 FFF7FEFF 		bl	PWM_1_Stop
 127              	.LVL6:
 153:.\Generated_Source\PSoC5/PWM_1_PM.c **** 
 154:.\Generated_Source\PSoC5/PWM_1_PM.c ****     /* Save registers configuration */
 155:.\Generated_Source\PSoC5/PWM_1_PM.c ****     PWM_1_SaveConfig();
 156:.\Generated_Source\PSoC5/PWM_1_PM.c **** }
 128              		.loc 1 156 0
ARM GAS  C:\Users\acer\AppData\Local\Temp\cc9HBVRY.s 			page 6


 129 0018 BDE80840 		pop	{r3, lr}
 130              		.cfi_restore 14
 131              		.cfi_restore 3
 132              		.cfi_def_cfa_offset 0
 155:.\Generated_Source\PSoC5/PWM_1_PM.c **** }
 133              		.loc 1 155 0
 134 001c FFF7FEBF 		b	PWM_1_SaveConfig
 135              	.LVL7:
 136              	.L12:
 137              		.align	2
 138              	.L11:
 139 0020 74640040 		.word	1073767540
 140 0024 00000000 		.word	.LANCHOR0
 141              		.cfi_endproc
 142              	.LFE2:
 143              		.size	PWM_1_Sleep, .-PWM_1_Sleep
 144              		.section	.text.PWM_1_Wakeup,"ax",%progbits
 145              		.align	1
 146              		.global	PWM_1_Wakeup
 147              		.thumb
 148              		.thumb_func
 149              		.type	PWM_1_Wakeup, %function
 150              	PWM_1_Wakeup:
 151              	.LFB3:
 157:.\Generated_Source\PSoC5/PWM_1_PM.c **** 
 158:.\Generated_Source\PSoC5/PWM_1_PM.c **** 
 159:.\Generated_Source\PSoC5/PWM_1_PM.c **** /*******************************************************************************
 160:.\Generated_Source\PSoC5/PWM_1_PM.c **** * Function Name: PWM_1_Wakeup
 161:.\Generated_Source\PSoC5/PWM_1_PM.c **** ********************************************************************************
 162:.\Generated_Source\PSoC5/PWM_1_PM.c **** *
 163:.\Generated_Source\PSoC5/PWM_1_PM.c **** * Summary:
 164:.\Generated_Source\PSoC5/PWM_1_PM.c **** *  Restores and enables the user configuration. Should be called just after
 165:.\Generated_Source\PSoC5/PWM_1_PM.c **** *  awaking from sleep.
 166:.\Generated_Source\PSoC5/PWM_1_PM.c **** *
 167:.\Generated_Source\PSoC5/PWM_1_PM.c **** * Parameters:
 168:.\Generated_Source\PSoC5/PWM_1_PM.c **** *  None
 169:.\Generated_Source\PSoC5/PWM_1_PM.c **** *
 170:.\Generated_Source\PSoC5/PWM_1_PM.c **** * Return:
 171:.\Generated_Source\PSoC5/PWM_1_PM.c **** *  None
 172:.\Generated_Source\PSoC5/PWM_1_PM.c **** *
 173:.\Generated_Source\PSoC5/PWM_1_PM.c **** * Global variables:
 174:.\Generated_Source\PSoC5/PWM_1_PM.c **** *  PWM_1_backup.pwmEnable:  Is used to restore the enable state of
 175:.\Generated_Source\PSoC5/PWM_1_PM.c **** *  block on wakeup from sleep mode.
 176:.\Generated_Source\PSoC5/PWM_1_PM.c **** *
 177:.\Generated_Source\PSoC5/PWM_1_PM.c **** *******************************************************************************/
 178:.\Generated_Source\PSoC5/PWM_1_PM.c **** void PWM_1_Wakeup(void) 
 179:.\Generated_Source\PSoC5/PWM_1_PM.c **** {
 152              		.loc 1 179 0
 153              		.cfi_startproc
 154              		@ args = 0, pretend = 0, frame = 0
 155              		@ frame_needed = 0, uses_anonymous_args = 0
 156 0000 08B5     		push	{r3, lr}
 157              		.cfi_def_cfa_offset 8
 158              		.cfi_offset 3, -8
 159              		.cfi_offset 14, -4
 180:.\Generated_Source\PSoC5/PWM_1_PM.c ****      /* Restore registers values */
 181:.\Generated_Source\PSoC5/PWM_1_PM.c ****     PWM_1_RestoreConfig();
ARM GAS  C:\Users\acer\AppData\Local\Temp\cc9HBVRY.s 			page 7


 160              		.loc 1 181 0
 161 0002 FFF7FEFF 		bl	PWM_1_RestoreConfig
 162              	.LVL8:
 182:.\Generated_Source\PSoC5/PWM_1_PM.c **** 
 183:.\Generated_Source\PSoC5/PWM_1_PM.c ****     if(PWM_1_backup.PWMEnableState != 0u)
 163              		.loc 1 183 0
 164 0006 044B     		ldr	r3, .L16
 165 0008 1B78     		ldrb	r3, [r3]	@ zero_extendqisi2
 166 000a 1BB1     		cbz	r3, .L13
 184:.\Generated_Source\PSoC5/PWM_1_PM.c ****     {
 185:.\Generated_Source\PSoC5/PWM_1_PM.c ****         /* Enable component's operation */
 186:.\Generated_Source\PSoC5/PWM_1_PM.c ****         PWM_1_Enable();
 187:.\Generated_Source\PSoC5/PWM_1_PM.c ****     } /* Do nothing if component's block was disabled before */
 188:.\Generated_Source\PSoC5/PWM_1_PM.c **** 
 189:.\Generated_Source\PSoC5/PWM_1_PM.c **** }
 167              		.loc 1 189 0
 168 000c BDE80840 		pop	{r3, lr}
 169              		.cfi_remember_state
 170              		.cfi_restore 14
 171              		.cfi_restore 3
 172              		.cfi_def_cfa_offset 0
 186:.\Generated_Source\PSoC5/PWM_1_PM.c ****     } /* Do nothing if component's block was disabled before */
 173              		.loc 1 186 0
 174 0010 FFF7FEBF 		b	PWM_1_Enable
 175              	.LVL9:
 176              	.L13:
 177              		.cfi_restore_state
 178 0014 08BD     		pop	{r3, pc}
 179              	.L17:
 180 0016 00BF     		.align	2
 181              	.L16:
 182 0018 00000000 		.word	.LANCHOR0
 183              		.cfi_endproc
 184              	.LFE3:
 185              		.size	PWM_1_Wakeup, .-PWM_1_Wakeup
 186              		.bss
 187              		.align	1
 188              		.set	.LANCHOR0,. + 0
 189              		.type	PWM_1_backup, %object
 190              		.size	PWM_1_backup, 8
 191              	PWM_1_backup:
 192 0000 00000000 		.space	8
 192      00000000 
 193              		.text
 194              	.Letext0:
 195              		.file 2 ".\\Generated_Source\\PSoC5\\cytypes.h"
 196              		.file 3 ".\\Generated_Source\\PSoC5\\PWM_1.h"
 197              		.section	.debug_info,"",%progbits
 198              	.Ldebug_info0:
 199 0000 14020000 		.4byte	0x214
 200 0004 0400     		.2byte	0x4
 201 0006 00000000 		.4byte	.Ldebug_abbrev0
 202 000a 04       		.byte	0x4
 203 000b 01       		.uleb128 0x1
 204 000c 06020000 		.4byte	.LASF33
 205 0010 01       		.byte	0x1
 206 0011 21010000 		.4byte	.LASF34
ARM GAS  C:\Users\acer\AppData\Local\Temp\cc9HBVRY.s 			page 8


 207 0015 C5000000 		.4byte	.LASF35
 208 0019 00000000 		.4byte	.Ldebug_ranges0+0
 209 001d 00000000 		.4byte	0
 210 0021 00000000 		.4byte	.Ldebug_line0
 211 0025 02       		.uleb128 0x2
 212 0026 01       		.byte	0x1
 213 0027 06       		.byte	0x6
 214 0028 AD020000 		.4byte	.LASF0
 215 002c 02       		.uleb128 0x2
 216 002d 01       		.byte	0x1
 217 002e 08       		.byte	0x8
 218 002f 84000000 		.4byte	.LASF1
 219 0033 02       		.uleb128 0x2
 220 0034 02       		.byte	0x2
 221 0035 05       		.byte	0x5
 222 0036 61000000 		.4byte	.LASF2
 223 003a 02       		.uleb128 0x2
 224 003b 02       		.byte	0x2
 225 003c 07       		.byte	0x7
 226 003d 31000000 		.4byte	.LASF3
 227 0041 02       		.uleb128 0x2
 228 0042 04       		.byte	0x4
 229 0043 05       		.byte	0x5
 230 0044 9F020000 		.4byte	.LASF4
 231 0048 02       		.uleb128 0x2
 232 0049 04       		.byte	0x4
 233 004a 07       		.byte	0x7
 234 004b 4C010000 		.4byte	.LASF5
 235 004f 02       		.uleb128 0x2
 236 0050 08       		.byte	0x8
 237 0051 05       		.byte	0x5
 238 0052 B1010000 		.4byte	.LASF6
 239 0056 02       		.uleb128 0x2
 240 0057 08       		.byte	0x8
 241 0058 07       		.byte	0x7
 242 0059 78010000 		.4byte	.LASF7
 243 005d 03       		.uleb128 0x3
 244 005e 04       		.byte	0x4
 245 005f 05       		.byte	0x5
 246 0060 696E7400 		.ascii	"int\000"
 247 0064 02       		.uleb128 0x2
 248 0065 04       		.byte	0x4
 249 0066 07       		.byte	0x7
 250 0067 5E010000 		.4byte	.LASF8
 251 006b 04       		.uleb128 0x4
 252 006c BF000000 		.4byte	.LASF9
 253 0070 02       		.byte	0x2
 254 0071 A1       		.byte	0xa1
 255 0072 2C000000 		.4byte	0x2c
 256 0076 04       		.uleb128 0x4
 257 0077 45010000 		.4byte	.LASF10
 258 007b 02       		.byte	0x2
 259 007c A2       		.byte	0xa2
 260 007d 3A000000 		.4byte	0x3a
 261 0081 02       		.uleb128 0x2
 262 0082 04       		.byte	0x4
 263 0083 04       		.byte	0x4
ARM GAS  C:\Users\acer\AppData\Local\Temp\cc9HBVRY.s 			page 9


 264 0084 6B000000 		.4byte	.LASF11
 265 0088 02       		.uleb128 0x2
 266 0089 08       		.byte	0x8
 267 008a 04       		.byte	0x4
 268 008b 07010000 		.4byte	.LASF12
 269 008f 02       		.uleb128 0x2
 270 0090 01       		.byte	0x1
 271 0091 08       		.byte	0x8
 272 0092 A8020000 		.4byte	.LASF13
 273 0096 05       		.uleb128 0x5
 274 0097 A3010000 		.4byte	.LASF14
 275 009b 02       		.byte	0x2
 276 009c 4B01     		.2byte	0x14b
 277 009e A2000000 		.4byte	0xa2
 278 00a2 06       		.uleb128 0x6
 279 00a3 6B000000 		.4byte	0x6b
 280 00a7 02       		.uleb128 0x2
 281 00a8 04       		.byte	0x4
 282 00a9 07       		.byte	0x7
 283 00aa A8010000 		.4byte	.LASF15
 284 00ae 07       		.uleb128 0x7
 285 00af 08       		.byte	0x8
 286 00b0 03       		.byte	0x3
 287 00b1 6B       		.byte	0x6b
 288 00b2 E7000000 		.4byte	0xe7
 289 00b6 08       		.uleb128 0x8
 290 00b7 92000000 		.4byte	.LASF16
 291 00bb 03       		.byte	0x3
 292 00bc 6E       		.byte	0x6e
 293 00bd 6B000000 		.4byte	0x6b
 294 00c1 00       		.byte	0
 295 00c2 08       		.uleb128 0x8
 296 00c3 0D000000 		.4byte	.LASF17
 297 00c7 03       		.byte	0x3
 298 00c8 71       		.byte	0x71
 299 00c9 76000000 		.4byte	0x76
 300 00cd 02       		.byte	0x2
 301 00ce 08       		.uleb128 0x8
 302 00cf 14000000 		.4byte	.LASF18
 303 00d3 03       		.byte	0x3
 304 00d4 73       		.byte	0x73
 305 00d5 76000000 		.4byte	0x76
 306 00d9 04       		.byte	0x4
 307 00da 08       		.uleb128 0x8
 308 00db 71000000 		.4byte	.LASF19
 309 00df 03       		.byte	0x3
 310 00e0 86       		.byte	0x86
 311 00e1 6B000000 		.4byte	0x6b
 312 00e5 06       		.byte	0x6
 313 00e6 00       		.byte	0
 314 00e7 04       		.uleb128 0x4
 315 00e8 0E010000 		.4byte	.LASF20
 316 00ec 03       		.byte	0x3
 317 00ed 8B       		.byte	0x8b
 318 00ee AE000000 		.4byte	0xae
 319 00f2 09       		.uleb128 0x9
 320 00f3 44000000 		.4byte	.LASF21
ARM GAS  C:\Users\acer\AppData\Local\Temp\cc9HBVRY.s 			page 10


 321 00f7 01       		.byte	0x1
 322 00f8 2A       		.byte	0x2a
 323 00f9 00000000 		.4byte	.LFB0
 324 00fd 1C000000 		.4byte	.LFE0-.LFB0
 325 0101 01       		.uleb128 0x1
 326 0102 9C       		.byte	0x9c
 327 0103 23010000 		.4byte	0x123
 328 0107 0A       		.uleb128 0xa
 329 0108 06000000 		.4byte	.LVL0
 330 010c B5010000 		.4byte	0x1b5
 331 0110 0A       		.uleb128 0xa
 332 0111 0E000000 		.4byte	.LVL1
 333 0115 C0010000 		.4byte	0x1c0
 334 0119 0A       		.uleb128 0xa
 335 011a 14000000 		.4byte	.LVL2
 336 011e CB010000 		.4byte	0x1cb
 337 0122 00       		.byte	0
 338 0123 09       		.uleb128 0x9
 339 0124 8F010000 		.4byte	.LASF22
 340 0128 01       		.byte	0x1
 341 0129 58       		.byte	0x58
 342 012a 00000000 		.4byte	.LFB1
 343 012e 20000000 		.4byte	.LFE1-.LFB1
 344 0132 01       		.uleb128 0x1
 345 0133 9C       		.byte	0x9c
 346 0134 54010000 		.4byte	0x154
 347 0138 0A       		.uleb128 0xa
 348 0139 0A000000 		.4byte	.LVL3
 349 013d D6010000 		.4byte	0x1d6
 350 0141 0A       		.uleb128 0xa
 351 0142 10000000 		.4byte	.LVL4
 352 0146 E7010000 		.4byte	0x1e7
 353 014a 0B       		.uleb128 0xb
 354 014b 1A000000 		.4byte	.LVL5
 355 014f F8010000 		.4byte	0x1f8
 356 0153 00       		.byte	0
 357 0154 09       		.uleb128 0x9
 358 0155 55000000 		.4byte	.LASF23
 359 0159 01       		.byte	0x1
 360 015a 88       		.byte	0x88
 361 015b 00000000 		.4byte	.LFB2
 362 015f 28000000 		.4byte	.LFE2-.LFB2
 363 0163 01       		.uleb128 0x1
 364 0164 9C       		.byte	0x9c
 365 0165 7C010000 		.4byte	0x17c
 366 0169 0A       		.uleb128 0xa
 367 016a 18000000 		.4byte	.LVL6
 368 016e 09020000 		.4byte	0x209
 369 0172 0B       		.uleb128 0xb
 370 0173 20000000 		.4byte	.LVL7
 371 0177 F2000000 		.4byte	0xf2
 372 017b 00       		.byte	0
 373 017c 09       		.uleb128 0x9
 374 017d 6B010000 		.4byte	.LASF24
 375 0181 01       		.byte	0x1
 376 0182 B2       		.byte	0xb2
 377 0183 00000000 		.4byte	.LFB3
ARM GAS  C:\Users\acer\AppData\Local\Temp\cc9HBVRY.s 			page 11


 378 0187 1C000000 		.4byte	.LFE3-.LFB3
 379 018b 01       		.uleb128 0x1
 380 018c 9C       		.byte	0x9c
 381 018d A4010000 		.4byte	0x1a4
 382 0191 0A       		.uleb128 0xa
 383 0192 06000000 		.4byte	.LVL8
 384 0196 23010000 		.4byte	0x123
 385 019a 0B       		.uleb128 0xb
 386 019b 14000000 		.4byte	.LVL9
 387 019f 10020000 		.4byte	0x210
 388 01a3 00       		.byte	0
 389 01a4 0C       		.uleb128 0xc
 390 01a5 B2000000 		.4byte	.LASF36
 391 01a9 01       		.byte	0x1
 392 01aa 14       		.byte	0x14
 393 01ab E7000000 		.4byte	0xe7
 394 01af 05       		.uleb128 0x5
 395 01b0 03       		.byte	0x3
 396 01b1 00000000 		.4byte	PWM_1_backup
 397 01b5 0D       		.uleb128 0xd
 398 01b6 A1000000 		.4byte	.LASF25
 399 01ba 03       		.byte	0x3
 400 01bb C0       		.byte	0xc0
 401 01bc 76000000 		.4byte	0x76
 402 01c0 0D       		.uleb128 0xd
 403 01c1 F4010000 		.4byte	.LASF26
 404 01c5 03       		.byte	0x3
 405 01c6 B3       		.byte	0xb3
 406 01c7 76000000 		.4byte	0x76
 407 01cb 0D       		.uleb128 0xd
 408 01cc BF010000 		.4byte	.LASF27
 409 01d0 03       		.byte	0x3
 410 01d1 9D       		.byte	0x9d
 411 01d2 6B000000 		.4byte	0x6b
 412 01d6 0E       		.uleb128 0xe
 413 01d7 B9020000 		.4byte	.LASF28
 414 01db 03       		.byte	0x3
 415 01dc BE       		.byte	0xbe
 416 01dd E7010000 		.4byte	0x1e7
 417 01e1 0F       		.uleb128 0xf
 418 01e2 76000000 		.4byte	0x76
 419 01e6 00       		.byte	0
 420 01e7 0E       		.uleb128 0xe
 421 01e8 1E000000 		.4byte	.LASF29
 422 01ec 03       		.byte	0x3
 423 01ed BA       		.byte	0xba
 424 01ee F8010000 		.4byte	0x1f8
 425 01f2 0F       		.uleb128 0xf
 426 01f3 76000000 		.4byte	0x76
 427 01f7 00       		.byte	0
 428 01f8 0E       		.uleb128 0xe
 429 01f9 D9010000 		.4byte	.LASF30
 430 01fd 03       		.byte	0x3
 431 01fe 9E       		.byte	0x9e
 432 01ff 09020000 		.4byte	0x209
 433 0203 0F       		.uleb128 0xf
 434 0204 6B000000 		.4byte	0x6b
ARM GAS  C:\Users\acer\AppData\Local\Temp\cc9HBVRY.s 			page 12


 435 0208 00       		.byte	0
 436 0209 10       		.uleb128 0x10
 437 020a 94020000 		.4byte	.LASF31
 438 020e 03       		.byte	0x3
 439 020f 93       		.byte	0x93
 440 0210 10       		.uleb128 0x10
 441 0211 00000000 		.4byte	.LASF32
 442 0215 03       		.byte	0x3
 443 0216 DB       		.byte	0xdb
 444 0217 00       		.byte	0
 445              		.section	.debug_abbrev,"",%progbits
 446              	.Ldebug_abbrev0:
 447 0000 01       		.uleb128 0x1
 448 0001 11       		.uleb128 0x11
 449 0002 01       		.byte	0x1
 450 0003 25       		.uleb128 0x25
 451 0004 0E       		.uleb128 0xe
 452 0005 13       		.uleb128 0x13
 453 0006 0B       		.uleb128 0xb
 454 0007 03       		.uleb128 0x3
 455 0008 0E       		.uleb128 0xe
 456 0009 1B       		.uleb128 0x1b
 457 000a 0E       		.uleb128 0xe
 458 000b 55       		.uleb128 0x55
 459 000c 17       		.uleb128 0x17
 460 000d 11       		.uleb128 0x11
 461 000e 01       		.uleb128 0x1
 462 000f 10       		.uleb128 0x10
 463 0010 17       		.uleb128 0x17
 464 0011 00       		.byte	0
 465 0012 00       		.byte	0
 466 0013 02       		.uleb128 0x2
 467 0014 24       		.uleb128 0x24
 468 0015 00       		.byte	0
 469 0016 0B       		.uleb128 0xb
 470 0017 0B       		.uleb128 0xb
 471 0018 3E       		.uleb128 0x3e
 472 0019 0B       		.uleb128 0xb
 473 001a 03       		.uleb128 0x3
 474 001b 0E       		.uleb128 0xe
 475 001c 00       		.byte	0
 476 001d 00       		.byte	0
 477 001e 03       		.uleb128 0x3
 478 001f 24       		.uleb128 0x24
 479 0020 00       		.byte	0
 480 0021 0B       		.uleb128 0xb
 481 0022 0B       		.uleb128 0xb
 482 0023 3E       		.uleb128 0x3e
 483 0024 0B       		.uleb128 0xb
 484 0025 03       		.uleb128 0x3
 485 0026 08       		.uleb128 0x8
 486 0027 00       		.byte	0
 487 0028 00       		.byte	0
 488 0029 04       		.uleb128 0x4
 489 002a 16       		.uleb128 0x16
 490 002b 00       		.byte	0
 491 002c 03       		.uleb128 0x3
ARM GAS  C:\Users\acer\AppData\Local\Temp\cc9HBVRY.s 			page 13


 492 002d 0E       		.uleb128 0xe
 493 002e 3A       		.uleb128 0x3a
 494 002f 0B       		.uleb128 0xb
 495 0030 3B       		.uleb128 0x3b
 496 0031 0B       		.uleb128 0xb
 497 0032 49       		.uleb128 0x49
 498 0033 13       		.uleb128 0x13
 499 0034 00       		.byte	0
 500 0035 00       		.byte	0
 501 0036 05       		.uleb128 0x5
 502 0037 16       		.uleb128 0x16
 503 0038 00       		.byte	0
 504 0039 03       		.uleb128 0x3
 505 003a 0E       		.uleb128 0xe
 506 003b 3A       		.uleb128 0x3a
 507 003c 0B       		.uleb128 0xb
 508 003d 3B       		.uleb128 0x3b
 509 003e 05       		.uleb128 0x5
 510 003f 49       		.uleb128 0x49
 511 0040 13       		.uleb128 0x13
 512 0041 00       		.byte	0
 513 0042 00       		.byte	0
 514 0043 06       		.uleb128 0x6
 515 0044 35       		.uleb128 0x35
 516 0045 00       		.byte	0
 517 0046 49       		.uleb128 0x49
 518 0047 13       		.uleb128 0x13
 519 0048 00       		.byte	0
 520 0049 00       		.byte	0
 521 004a 07       		.uleb128 0x7
 522 004b 13       		.uleb128 0x13
 523 004c 01       		.byte	0x1
 524 004d 0B       		.uleb128 0xb
 525 004e 0B       		.uleb128 0xb
 526 004f 3A       		.uleb128 0x3a
 527 0050 0B       		.uleb128 0xb
 528 0051 3B       		.uleb128 0x3b
 529 0052 0B       		.uleb128 0xb
 530 0053 01       		.uleb128 0x1
 531 0054 13       		.uleb128 0x13
 532 0055 00       		.byte	0
 533 0056 00       		.byte	0
 534 0057 08       		.uleb128 0x8
 535 0058 0D       		.uleb128 0xd
 536 0059 00       		.byte	0
 537 005a 03       		.uleb128 0x3
 538 005b 0E       		.uleb128 0xe
 539 005c 3A       		.uleb128 0x3a
 540 005d 0B       		.uleb128 0xb
 541 005e 3B       		.uleb128 0x3b
 542 005f 0B       		.uleb128 0xb
 543 0060 49       		.uleb128 0x49
 544 0061 13       		.uleb128 0x13
 545 0062 38       		.uleb128 0x38
 546 0063 0B       		.uleb128 0xb
 547 0064 00       		.byte	0
 548 0065 00       		.byte	0
ARM GAS  C:\Users\acer\AppData\Local\Temp\cc9HBVRY.s 			page 14


 549 0066 09       		.uleb128 0x9
 550 0067 2E       		.uleb128 0x2e
 551 0068 01       		.byte	0x1
 552 0069 3F       		.uleb128 0x3f
 553 006a 19       		.uleb128 0x19
 554 006b 03       		.uleb128 0x3
 555 006c 0E       		.uleb128 0xe
 556 006d 3A       		.uleb128 0x3a
 557 006e 0B       		.uleb128 0xb
 558 006f 3B       		.uleb128 0x3b
 559 0070 0B       		.uleb128 0xb
 560 0071 27       		.uleb128 0x27
 561 0072 19       		.uleb128 0x19
 562 0073 11       		.uleb128 0x11
 563 0074 01       		.uleb128 0x1
 564 0075 12       		.uleb128 0x12
 565 0076 06       		.uleb128 0x6
 566 0077 40       		.uleb128 0x40
 567 0078 18       		.uleb128 0x18
 568 0079 9742     		.uleb128 0x2117
 569 007b 19       		.uleb128 0x19
 570 007c 01       		.uleb128 0x1
 571 007d 13       		.uleb128 0x13
 572 007e 00       		.byte	0
 573 007f 00       		.byte	0
 574 0080 0A       		.uleb128 0xa
 575 0081 898201   		.uleb128 0x4109
 576 0084 00       		.byte	0
 577 0085 11       		.uleb128 0x11
 578 0086 01       		.uleb128 0x1
 579 0087 31       		.uleb128 0x31
 580 0088 13       		.uleb128 0x13
 581 0089 00       		.byte	0
 582 008a 00       		.byte	0
 583 008b 0B       		.uleb128 0xb
 584 008c 898201   		.uleb128 0x4109
 585 008f 00       		.byte	0
 586 0090 11       		.uleb128 0x11
 587 0091 01       		.uleb128 0x1
 588 0092 9542     		.uleb128 0x2115
 589 0094 19       		.uleb128 0x19
 590 0095 31       		.uleb128 0x31
 591 0096 13       		.uleb128 0x13
 592 0097 00       		.byte	0
 593 0098 00       		.byte	0
 594 0099 0C       		.uleb128 0xc
 595 009a 34       		.uleb128 0x34
 596 009b 00       		.byte	0
 597 009c 03       		.uleb128 0x3
 598 009d 0E       		.uleb128 0xe
 599 009e 3A       		.uleb128 0x3a
 600 009f 0B       		.uleb128 0xb
 601 00a0 3B       		.uleb128 0x3b
 602 00a1 0B       		.uleb128 0xb
 603 00a2 49       		.uleb128 0x49
 604 00a3 13       		.uleb128 0x13
 605 00a4 02       		.uleb128 0x2
ARM GAS  C:\Users\acer\AppData\Local\Temp\cc9HBVRY.s 			page 15


 606 00a5 18       		.uleb128 0x18
 607 00a6 00       		.byte	0
 608 00a7 00       		.byte	0
 609 00a8 0D       		.uleb128 0xd
 610 00a9 2E       		.uleb128 0x2e
 611 00aa 00       		.byte	0
 612 00ab 3F       		.uleb128 0x3f
 613 00ac 19       		.uleb128 0x19
 614 00ad 03       		.uleb128 0x3
 615 00ae 0E       		.uleb128 0xe
 616 00af 3A       		.uleb128 0x3a
 617 00b0 0B       		.uleb128 0xb
 618 00b1 3B       		.uleb128 0x3b
 619 00b2 0B       		.uleb128 0xb
 620 00b3 27       		.uleb128 0x27
 621 00b4 19       		.uleb128 0x19
 622 00b5 49       		.uleb128 0x49
 623 00b6 13       		.uleb128 0x13
 624 00b7 3C       		.uleb128 0x3c
 625 00b8 19       		.uleb128 0x19
 626 00b9 00       		.byte	0
 627 00ba 00       		.byte	0
 628 00bb 0E       		.uleb128 0xe
 629 00bc 2E       		.uleb128 0x2e
 630 00bd 01       		.byte	0x1
 631 00be 3F       		.uleb128 0x3f
 632 00bf 19       		.uleb128 0x19
 633 00c0 03       		.uleb128 0x3
 634 00c1 0E       		.uleb128 0xe
 635 00c2 3A       		.uleb128 0x3a
 636 00c3 0B       		.uleb128 0xb
 637 00c4 3B       		.uleb128 0x3b
 638 00c5 0B       		.uleb128 0xb
 639 00c6 27       		.uleb128 0x27
 640 00c7 19       		.uleb128 0x19
 641 00c8 3C       		.uleb128 0x3c
 642 00c9 19       		.uleb128 0x19
 643 00ca 01       		.uleb128 0x1
 644 00cb 13       		.uleb128 0x13
 645 00cc 00       		.byte	0
 646 00cd 00       		.byte	0
 647 00ce 0F       		.uleb128 0xf
 648 00cf 05       		.uleb128 0x5
 649 00d0 00       		.byte	0
 650 00d1 49       		.uleb128 0x49
 651 00d2 13       		.uleb128 0x13
 652 00d3 00       		.byte	0
 653 00d4 00       		.byte	0
 654 00d5 10       		.uleb128 0x10
 655 00d6 2E       		.uleb128 0x2e
 656 00d7 00       		.byte	0
 657 00d8 3F       		.uleb128 0x3f
 658 00d9 19       		.uleb128 0x19
 659 00da 03       		.uleb128 0x3
 660 00db 0E       		.uleb128 0xe
 661 00dc 3A       		.uleb128 0x3a
 662 00dd 0B       		.uleb128 0xb
ARM GAS  C:\Users\acer\AppData\Local\Temp\cc9HBVRY.s 			page 16


 663 00de 3B       		.uleb128 0x3b
 664 00df 0B       		.uleb128 0xb
 665 00e0 27       		.uleb128 0x27
 666 00e1 19       		.uleb128 0x19
 667 00e2 3C       		.uleb128 0x3c
 668 00e3 19       		.uleb128 0x19
 669 00e4 00       		.byte	0
 670 00e5 00       		.byte	0
 671 00e6 00       		.byte	0
 672              		.section	.debug_aranges,"",%progbits
 673 0000 34000000 		.4byte	0x34
 674 0004 0200     		.2byte	0x2
 675 0006 00000000 		.4byte	.Ldebug_info0
 676 000a 04       		.byte	0x4
 677 000b 00       		.byte	0
 678 000c 0000     		.2byte	0
 679 000e 0000     		.2byte	0
 680 0010 00000000 		.4byte	.LFB0
 681 0014 1C000000 		.4byte	.LFE0-.LFB0
 682 0018 00000000 		.4byte	.LFB1
 683 001c 20000000 		.4byte	.LFE1-.LFB1
 684 0020 00000000 		.4byte	.LFB2
 685 0024 28000000 		.4byte	.LFE2-.LFB2
 686 0028 00000000 		.4byte	.LFB3
 687 002c 1C000000 		.4byte	.LFE3-.LFB3
 688 0030 00000000 		.4byte	0
 689 0034 00000000 		.4byte	0
 690              		.section	.debug_ranges,"",%progbits
 691              	.Ldebug_ranges0:
 692 0000 00000000 		.4byte	.LFB0
 693 0004 1C000000 		.4byte	.LFE0
 694 0008 00000000 		.4byte	.LFB1
 695 000c 20000000 		.4byte	.LFE1
 696 0010 00000000 		.4byte	.LFB2
 697 0014 28000000 		.4byte	.LFE2
 698 0018 00000000 		.4byte	.LFB3
 699 001c 1C000000 		.4byte	.LFE3
 700 0020 00000000 		.4byte	0
 701 0024 00000000 		.4byte	0
 702              		.section	.debug_line,"",%progbits
 703              	.Ldebug_line0:
 704 0000 AD000000 		.section	.debug_str,"MS",%progbits,1
 704      02005200 
 704      00000201 
 704      FB0E0D00 
 704      01010101 
 705              	.LASF32:
 706 0000 50574D5F 		.ascii	"PWM_1_Enable\000"
 706      315F456E 
 706      61626C65 
 706      00
 707              	.LASF17:
 708 000d 50574D55 		.ascii	"PWMUdb\000"
 708      646200
 709              	.LASF18:
 710 0014 50574D50 		.ascii	"PWMPeriod\000"
 710      6572696F 
ARM GAS  C:\Users\acer\AppData\Local\Temp\cc9HBVRY.s 			page 17


 710      6400
 711              	.LASF29:
 712 001e 50574D5F 		.ascii	"PWM_1_WriteCounter\000"
 712      315F5772 
 712      69746543 
 712      6F756E74 
 712      657200
 713              	.LASF3:
 714 0031 73686F72 		.ascii	"short unsigned int\000"
 714      7420756E 
 714      7369676E 
 714      65642069 
 714      6E7400
 715              	.LASF21:
 716 0044 50574D5F 		.ascii	"PWM_1_SaveConfig\000"
 716      315F5361 
 716      7665436F 
 716      6E666967 
 716      00
 717              	.LASF23:
 718 0055 50574D5F 		.ascii	"PWM_1_Sleep\000"
 718      315F536C 
 718      65657000 
 719              	.LASF2:
 720 0061 73686F72 		.ascii	"short int\000"
 720      7420696E 
 720      7400
 721              	.LASF11:
 722 006b 666C6F61 		.ascii	"float\000"
 722      7400
 723              	.LASF19:
 724 0071 50574D43 		.ascii	"PWMControlRegister\000"
 724      6F6E7472 
 724      6F6C5265 
 724      67697374 
 724      657200
 725              	.LASF1:
 726 0084 756E7369 		.ascii	"unsigned char\000"
 726      676E6564 
 726      20636861 
 726      7200
 727              	.LASF16:
 728 0092 50574D45 		.ascii	"PWMEnableState\000"
 728      6E61626C 
 728      65537461 
 728      746500
 729              	.LASF25:
 730 00a1 50574D5F 		.ascii	"PWM_1_ReadPeriod\000"
 730      315F5265 
 730      61645065 
 730      72696F64 
 730      00
 731              	.LASF36:
 732 00b2 50574D5F 		.ascii	"PWM_1_backup\000"
 732      315F6261 
 732      636B7570 
 732      00
ARM GAS  C:\Users\acer\AppData\Local\Temp\cc9HBVRY.s 			page 18


 733              	.LASF9:
 734 00bf 75696E74 		.ascii	"uint8\000"
 734      3800
 735              	.LASF35:
 736 00c5 433A5C55 		.ascii	"C:\\Users\\acer\\Desktop\\Saura-master\\2_Psoc\\Pla"
 736      73657273 
 736      5C616365 
 736      725C4465 
 736      736B746F 
 737 00f2 74666F72 		.ascii	"tform\\Design02.cydsn\000"
 737      6D5C4465 
 737      7369676E 
 737      30322E63 
 737      7964736E 
 738              	.LASF12:
 739 0107 646F7562 		.ascii	"double\000"
 739      6C6500
 740              	.LASF20:
 741 010e 50574D5F 		.ascii	"PWM_1_backupStruct\000"
 741      315F6261 
 741      636B7570 
 741      53747275 
 741      637400
 742              	.LASF34:
 743 0121 2E5C4765 		.ascii	".\\Generated_Source\\PSoC5\\PWM_1_PM.c\000"
 743      6E657261 
 743      7465645F 
 743      536F7572 
 743      63655C50 
 744              	.LASF10:
 745 0145 75696E74 		.ascii	"uint16\000"
 745      313600
 746              	.LASF5:
 747 014c 6C6F6E67 		.ascii	"long unsigned int\000"
 747      20756E73 
 747      69676E65 
 747      6420696E 
 747      7400
 748              	.LASF8:
 749 015e 756E7369 		.ascii	"unsigned int\000"
 749      676E6564 
 749      20696E74 
 749      00
 750              	.LASF24:
 751 016b 50574D5F 		.ascii	"PWM_1_Wakeup\000"
 751      315F5761 
 751      6B657570 
 751      00
 752              	.LASF7:
 753 0178 6C6F6E67 		.ascii	"long long unsigned int\000"
 753      206C6F6E 
 753      6720756E 
 753      7369676E 
 753      65642069 
 754              	.LASF22:
 755 018f 50574D5F 		.ascii	"PWM_1_RestoreConfig\000"
 755      315F5265 
ARM GAS  C:\Users\acer\AppData\Local\Temp\cc9HBVRY.s 			page 19


 755      73746F72 
 755      65436F6E 
 755      66696700 
 756              	.LASF14:
 757 01a3 72656738 		.ascii	"reg8\000"
 757      00
 758              	.LASF15:
 759 01a8 73697A65 		.ascii	"sizetype\000"
 759      74797065 
 759      00
 760              	.LASF6:
 761 01b1 6C6F6E67 		.ascii	"long long int\000"
 761      206C6F6E 
 761      6720696E 
 761      7400
 762              	.LASF27:
 763 01bf 50574D5F 		.ascii	"PWM_1_ReadControlRegister\000"
 763      315F5265 
 763      6164436F 
 763      6E74726F 
 763      6C526567 
 764              	.LASF30:
 765 01d9 50574D5F 		.ascii	"PWM_1_WriteControlRegister\000"
 765      315F5772 
 765      69746543 
 765      6F6E7472 
 765      6F6C5265 
 766              	.LASF26:
 767 01f4 50574D5F 		.ascii	"PWM_1_ReadCounter\000"
 767      315F5265 
 767      6164436F 
 767      756E7465 
 767      7200
 768              	.LASF33:
 769 0206 474E5520 		.ascii	"GNU C 4.9.3 20150303 (release) [ARM/embedded-4_9-br"
 769      4320342E 
 769      392E3320 
 769      32303135 
 769      30333033 
 770 0239 616E6368 		.ascii	"anch revision 221220] -mcpu=cortex-m3 -mthumb -g -O"
 770      20726576 
 770      6973696F 
 770      6E203232 
 770      31323230 
 771 026c 73202D66 		.ascii	"s -ffunction-sections -ffat-lto-objects\000"
 771      66756E63 
 771      74696F6E 
 771      2D736563 
 771      74696F6E 
 772              	.LASF31:
 773 0294 50574D5F 		.ascii	"PWM_1_Stop\000"
 773      315F5374 
 773      6F7000
 774              	.LASF4:
 775 029f 6C6F6E67 		.ascii	"long int\000"
 775      20696E74 
 775      00
ARM GAS  C:\Users\acer\AppData\Local\Temp\cc9HBVRY.s 			page 20


 776              	.LASF13:
 777 02a8 63686172 		.ascii	"char\000"
 777      00
 778              	.LASF0:
 779 02ad 7369676E 		.ascii	"signed char\000"
 779      65642063 
 779      68617200 
 780              	.LASF28:
 781 02b9 50574D5F 		.ascii	"PWM_1_WritePeriod\000"
 781      315F5772 
 781      69746550 
 781      6572696F 
 781      6400
 782              		.ident	"GCC: (GNU Tools for ARM Embedded Processors) 4.9.3 20150303 (release) [ARM/embedded-4_9-br
