ARM GAS  C:\Users\acer\AppData\Local\Temp\ccI7XODU.s 			page 1


   1              		.syntax unified
   2              		.cpu cortex-m3
   3              		.fpu softvfp
   4              		.eabi_attribute 20, 1
   5              		.eabi_attribute 21, 1
   6              		.eabi_attribute 23, 3
   7              		.eabi_attribute 24, 1
   8              		.eabi_attribute 25, 1
   9              		.eabi_attribute 26, 1
  10              		.eabi_attribute 30, 4
  11              		.eabi_attribute 34, 1
  12              		.eabi_attribute 18, 4
  13              		.thumb
  14              		.file	"SCL_1.c"
  15              		.text
  16              	.Ltext0:
  17              		.cfi_sections	.debug_frame
  18              		.section	.text.SCL_1_Write,"ax",%progbits
  19              		.align	1
  20              		.global	SCL_1_Write
  21              		.thumb
  22              		.thumb_func
  23              		.type	SCL_1_Write, %function
  24              	SCL_1_Write:
  25              	.LFB0:
  26              		.file 1 ".\\Generated_Source\\PSoC5\\SCL_1.c"
   1:.\Generated_Source\PSoC5/SCL_1.c **** /*******************************************************************************
   2:.\Generated_Source\PSoC5/SCL_1.c **** * File Name: SCL_1.c  
   3:.\Generated_Source\PSoC5/SCL_1.c **** * Version 2.10
   4:.\Generated_Source\PSoC5/SCL_1.c **** *
   5:.\Generated_Source\PSoC5/SCL_1.c **** * Description:
   6:.\Generated_Source\PSoC5/SCL_1.c **** *  This file contains API to enable firmware control of a Pins component.
   7:.\Generated_Source\PSoC5/SCL_1.c **** *
   8:.\Generated_Source\PSoC5/SCL_1.c **** * Note:
   9:.\Generated_Source\PSoC5/SCL_1.c **** *
  10:.\Generated_Source\PSoC5/SCL_1.c **** ********************************************************************************
  11:.\Generated_Source\PSoC5/SCL_1.c **** * Copyright 2008-2014, Cypress Semiconductor Corporation.  All rights reserved.
  12:.\Generated_Source\PSoC5/SCL_1.c **** * You may use this file only in accordance with the license, terms, conditions, 
  13:.\Generated_Source\PSoC5/SCL_1.c **** * disclaimers, and limitations in the end user license agreement accompanying 
  14:.\Generated_Source\PSoC5/SCL_1.c **** * the software package with which this file was provided.
  15:.\Generated_Source\PSoC5/SCL_1.c **** *******************************************************************************/
  16:.\Generated_Source\PSoC5/SCL_1.c **** 
  17:.\Generated_Source\PSoC5/SCL_1.c **** #include "cytypes.h"
  18:.\Generated_Source\PSoC5/SCL_1.c **** #include "SCL_1.h"
  19:.\Generated_Source\PSoC5/SCL_1.c **** 
  20:.\Generated_Source\PSoC5/SCL_1.c **** /* APIs are not generated for P15[7:6] on PSoC 5 */
  21:.\Generated_Source\PSoC5/SCL_1.c **** #if !(CY_PSOC5A &&\
  22:.\Generated_Source\PSoC5/SCL_1.c **** 	 SCL_1__PORT == 15 && ((SCL_1__MASK & 0xC0) != 0))
  23:.\Generated_Source\PSoC5/SCL_1.c **** 
  24:.\Generated_Source\PSoC5/SCL_1.c **** 
  25:.\Generated_Source\PSoC5/SCL_1.c **** /*******************************************************************************
  26:.\Generated_Source\PSoC5/SCL_1.c **** * Function Name: SCL_1_Write
  27:.\Generated_Source\PSoC5/SCL_1.c **** ********************************************************************************
  28:.\Generated_Source\PSoC5/SCL_1.c **** *
  29:.\Generated_Source\PSoC5/SCL_1.c **** * Summary:
  30:.\Generated_Source\PSoC5/SCL_1.c **** *  Assign a new value to the digital port's data output register.  
  31:.\Generated_Source\PSoC5/SCL_1.c **** *
ARM GAS  C:\Users\acer\AppData\Local\Temp\ccI7XODU.s 			page 2


  32:.\Generated_Source\PSoC5/SCL_1.c **** * Parameters:  
  33:.\Generated_Source\PSoC5/SCL_1.c **** *  prtValue:  The value to be assigned to the Digital Port. 
  34:.\Generated_Source\PSoC5/SCL_1.c **** *
  35:.\Generated_Source\PSoC5/SCL_1.c **** * Return: 
  36:.\Generated_Source\PSoC5/SCL_1.c **** *  None
  37:.\Generated_Source\PSoC5/SCL_1.c **** *  
  38:.\Generated_Source\PSoC5/SCL_1.c **** *******************************************************************************/
  39:.\Generated_Source\PSoC5/SCL_1.c **** void SCL_1_Write(uint8 value) 
  40:.\Generated_Source\PSoC5/SCL_1.c **** {
  27              		.loc 1 40 0
  28              		.cfi_startproc
  29              		@ args = 0, pretend = 0, frame = 0
  30              		@ frame_needed = 0, uses_anonymous_args = 0
  31              		@ link register save eliminated.
  32              	.LVL0:
  41:.\Generated_Source\PSoC5/SCL_1.c ****     uint8 staticBits = (SCL_1_DR & (uint8)(~SCL_1_MASK));
  33              		.loc 1 41 0
  34 0000 044A     		ldr	r2, .L2
  42:.\Generated_Source\PSoC5/SCL_1.c ****     SCL_1_DR = staticBits | ((uint8)(value << SCL_1_SHIFT) & SCL_1_MASK);
  35              		.loc 1 42 0
  36 0002 00F00100 		and	r0, r0, #1
  37              	.LVL1:
  41:.\Generated_Source\PSoC5/SCL_1.c ****     uint8 staticBits = (SCL_1_DR & (uint8)(~SCL_1_MASK));
  38              		.loc 1 41 0
  39 0006 1378     		ldrb	r3, [r2]	@ zero_extendqisi2
  40              	.LVL2:
  41 0008 03F0FE03 		and	r3, r3, #254
  42              	.LVL3:
  43              		.loc 1 42 0
  44 000c 0343     		orrs	r3, r3, r0
  45 000e 1370     		strb	r3, [r2]
  46 0010 7047     		bx	lr
  47              	.L3:
  48 0012 00BF     		.align	2
  49              	.L2:
  50 0014 C0510040 		.word	1073762752
  51              		.cfi_endproc
  52              	.LFE0:
  53              		.size	SCL_1_Write, .-SCL_1_Write
  54              		.section	.text.SCL_1_SetDriveMode,"ax",%progbits
  55              		.align	1
  56              		.global	SCL_1_SetDriveMode
  57              		.thumb
  58              		.thumb_func
  59              		.type	SCL_1_SetDriveMode, %function
  60              	SCL_1_SetDriveMode:
  61              	.LFB1:
  43:.\Generated_Source\PSoC5/SCL_1.c **** }
  44:.\Generated_Source\PSoC5/SCL_1.c **** 
  45:.\Generated_Source\PSoC5/SCL_1.c **** 
  46:.\Generated_Source\PSoC5/SCL_1.c **** /*******************************************************************************
  47:.\Generated_Source\PSoC5/SCL_1.c **** * Function Name: SCL_1_SetDriveMode
  48:.\Generated_Source\PSoC5/SCL_1.c **** ********************************************************************************
  49:.\Generated_Source\PSoC5/SCL_1.c **** *
  50:.\Generated_Source\PSoC5/SCL_1.c **** * Summary:
  51:.\Generated_Source\PSoC5/SCL_1.c **** *  Change the drive mode on the pins of the port.
  52:.\Generated_Source\PSoC5/SCL_1.c **** * 
ARM GAS  C:\Users\acer\AppData\Local\Temp\ccI7XODU.s 			page 3


  53:.\Generated_Source\PSoC5/SCL_1.c **** * Parameters:  
  54:.\Generated_Source\PSoC5/SCL_1.c **** *  mode:  Change the pins to one of the following drive modes.
  55:.\Generated_Source\PSoC5/SCL_1.c **** *
  56:.\Generated_Source\PSoC5/SCL_1.c **** *  SCL_1_DM_STRONG     Strong Drive 
  57:.\Generated_Source\PSoC5/SCL_1.c **** *  SCL_1_DM_OD_HI      Open Drain, Drives High 
  58:.\Generated_Source\PSoC5/SCL_1.c **** *  SCL_1_DM_OD_LO      Open Drain, Drives Low 
  59:.\Generated_Source\PSoC5/SCL_1.c **** *  SCL_1_DM_RES_UP     Resistive Pull Up 
  60:.\Generated_Source\PSoC5/SCL_1.c **** *  SCL_1_DM_RES_DWN    Resistive Pull Down 
  61:.\Generated_Source\PSoC5/SCL_1.c **** *  SCL_1_DM_RES_UPDWN  Resistive Pull Up/Down 
  62:.\Generated_Source\PSoC5/SCL_1.c **** *  SCL_1_DM_DIG_HIZ    High Impedance Digital 
  63:.\Generated_Source\PSoC5/SCL_1.c **** *  SCL_1_DM_ALG_HIZ    High Impedance Analog 
  64:.\Generated_Source\PSoC5/SCL_1.c **** *
  65:.\Generated_Source\PSoC5/SCL_1.c **** * Return: 
  66:.\Generated_Source\PSoC5/SCL_1.c **** *  None
  67:.\Generated_Source\PSoC5/SCL_1.c **** *
  68:.\Generated_Source\PSoC5/SCL_1.c **** *******************************************************************************/
  69:.\Generated_Source\PSoC5/SCL_1.c **** void SCL_1_SetDriveMode(uint8 mode) 
  70:.\Generated_Source\PSoC5/SCL_1.c **** {
  62              		.loc 1 70 0
  63              		.cfi_startproc
  64              		@ args = 0, pretend = 0, frame = 0
  65              		@ frame_needed = 0, uses_anonymous_args = 0
  66              		@ link register save eliminated.
  67              	.LVL4:
  71:.\Generated_Source\PSoC5/SCL_1.c **** 	CyPins_SetPinDriveMode(SCL_1_0, mode);
  68              		.loc 1 71 0
  69 0000 044A     		ldr	r2, .L5
  70 0002 00F00E00 		and	r0, r0, #14
  71              	.LVL5:
  72 0006 1378     		ldrb	r3, [r2]	@ zero_extendqisi2
  73 0008 03F0F103 		and	r3, r3, #241
  74 000c 0343     		orrs	r3, r3, r0
  75 000e 1370     		strb	r3, [r2]
  76 0010 7047     		bx	lr
  77              	.L6:
  78 0012 00BF     		.align	2
  79              	.L5:
  80 0014 60500040 		.word	1073762400
  81              		.cfi_endproc
  82              	.LFE1:
  83              		.size	SCL_1_SetDriveMode, .-SCL_1_SetDriveMode
  84              		.section	.text.SCL_1_Read,"ax",%progbits
  85              		.align	1
  86              		.global	SCL_1_Read
  87              		.thumb
  88              		.thumb_func
  89              		.type	SCL_1_Read, %function
  90              	SCL_1_Read:
  91              	.LFB2:
  72:.\Generated_Source\PSoC5/SCL_1.c **** }
  73:.\Generated_Source\PSoC5/SCL_1.c **** 
  74:.\Generated_Source\PSoC5/SCL_1.c **** 
  75:.\Generated_Source\PSoC5/SCL_1.c **** /*******************************************************************************
  76:.\Generated_Source\PSoC5/SCL_1.c **** * Function Name: SCL_1_Read
  77:.\Generated_Source\PSoC5/SCL_1.c **** ********************************************************************************
  78:.\Generated_Source\PSoC5/SCL_1.c **** *
  79:.\Generated_Source\PSoC5/SCL_1.c **** * Summary:
ARM GAS  C:\Users\acer\AppData\Local\Temp\ccI7XODU.s 			page 4


  80:.\Generated_Source\PSoC5/SCL_1.c **** *  Read the current value on the pins of the Digital Port in right justified 
  81:.\Generated_Source\PSoC5/SCL_1.c **** *  form.
  82:.\Generated_Source\PSoC5/SCL_1.c **** *
  83:.\Generated_Source\PSoC5/SCL_1.c **** * Parameters:  
  84:.\Generated_Source\PSoC5/SCL_1.c **** *  None
  85:.\Generated_Source\PSoC5/SCL_1.c **** *
  86:.\Generated_Source\PSoC5/SCL_1.c **** * Return: 
  87:.\Generated_Source\PSoC5/SCL_1.c **** *  Returns the current value of the Digital Port as a right justified number
  88:.\Generated_Source\PSoC5/SCL_1.c **** *  
  89:.\Generated_Source\PSoC5/SCL_1.c **** * Note:
  90:.\Generated_Source\PSoC5/SCL_1.c **** *  Macro SCL_1_ReadPS calls this function. 
  91:.\Generated_Source\PSoC5/SCL_1.c **** *  
  92:.\Generated_Source\PSoC5/SCL_1.c **** *******************************************************************************/
  93:.\Generated_Source\PSoC5/SCL_1.c **** uint8 SCL_1_Read(void) 
  94:.\Generated_Source\PSoC5/SCL_1.c **** {
  92              		.loc 1 94 0
  93              		.cfi_startproc
  94              		@ args = 0, pretend = 0, frame = 0
  95              		@ frame_needed = 0, uses_anonymous_args = 0
  96              		@ link register save eliminated.
  95:.\Generated_Source\PSoC5/SCL_1.c ****     return (SCL_1_PS & SCL_1_MASK) >> SCL_1_SHIFT;
  97              		.loc 1 95 0
  98 0000 024B     		ldr	r3, .L8
  99 0002 1878     		ldrb	r0, [r3]	@ zero_extendqisi2
  96:.\Generated_Source\PSoC5/SCL_1.c **** }
 100              		.loc 1 96 0
 101 0004 00F00100 		and	r0, r0, #1
 102 0008 7047     		bx	lr
 103              	.L9:
 104 000a 00BF     		.align	2
 105              	.L8:
 106 000c C1510040 		.word	1073762753
 107              		.cfi_endproc
 108              	.LFE2:
 109              		.size	SCL_1_Read, .-SCL_1_Read
 110              		.section	.text.SCL_1_ReadDataReg,"ax",%progbits
 111              		.align	1
 112              		.global	SCL_1_ReadDataReg
 113              		.thumb
 114              		.thumb_func
 115              		.type	SCL_1_ReadDataReg, %function
 116              	SCL_1_ReadDataReg:
 117              	.LFB3:
  97:.\Generated_Source\PSoC5/SCL_1.c **** 
  98:.\Generated_Source\PSoC5/SCL_1.c **** 
  99:.\Generated_Source\PSoC5/SCL_1.c **** /*******************************************************************************
 100:.\Generated_Source\PSoC5/SCL_1.c **** * Function Name: SCL_1_ReadDataReg
 101:.\Generated_Source\PSoC5/SCL_1.c **** ********************************************************************************
 102:.\Generated_Source\PSoC5/SCL_1.c **** *
 103:.\Generated_Source\PSoC5/SCL_1.c **** * Summary:
 104:.\Generated_Source\PSoC5/SCL_1.c **** *  Read the current value assigned to a Digital Port's data output register
 105:.\Generated_Source\PSoC5/SCL_1.c **** *
 106:.\Generated_Source\PSoC5/SCL_1.c **** * Parameters:  
 107:.\Generated_Source\PSoC5/SCL_1.c **** *  None 
 108:.\Generated_Source\PSoC5/SCL_1.c **** *
 109:.\Generated_Source\PSoC5/SCL_1.c **** * Return: 
 110:.\Generated_Source\PSoC5/SCL_1.c **** *  Returns the current value assigned to the Digital Port's data output register
ARM GAS  C:\Users\acer\AppData\Local\Temp\ccI7XODU.s 			page 5


 111:.\Generated_Source\PSoC5/SCL_1.c **** *  
 112:.\Generated_Source\PSoC5/SCL_1.c **** *******************************************************************************/
 113:.\Generated_Source\PSoC5/SCL_1.c **** uint8 SCL_1_ReadDataReg(void) 
 114:.\Generated_Source\PSoC5/SCL_1.c **** {
 118              		.loc 1 114 0
 119              		.cfi_startproc
 120              		@ args = 0, pretend = 0, frame = 0
 121              		@ frame_needed = 0, uses_anonymous_args = 0
 122              		@ link register save eliminated.
 115:.\Generated_Source\PSoC5/SCL_1.c ****     return (SCL_1_DR & SCL_1_MASK) >> SCL_1_SHIFT;
 123              		.loc 1 115 0
 124 0000 024B     		ldr	r3, .L11
 125 0002 1878     		ldrb	r0, [r3]	@ zero_extendqisi2
 116:.\Generated_Source\PSoC5/SCL_1.c **** }
 126              		.loc 1 116 0
 127 0004 00F00100 		and	r0, r0, #1
 128 0008 7047     		bx	lr
 129              	.L12:
 130 000a 00BF     		.align	2
 131              	.L11:
 132 000c C0510040 		.word	1073762752
 133              		.cfi_endproc
 134              	.LFE3:
 135              		.size	SCL_1_ReadDataReg, .-SCL_1_ReadDataReg
 136              		.text
 137              	.Letext0:
 138              		.file 2 ".\\Generated_Source\\PSoC5\\cytypes.h"
 139              		.section	.debug_info,"",%progbits
 140              	.Ldebug_info0:
 141 0000 1C010000 		.4byte	0x11c
 142 0004 0400     		.2byte	0x4
 143 0006 00000000 		.4byte	.Ldebug_abbrev0
 144 000a 04       		.byte	0x4
 145 000b 01       		.uleb128 0x1
 146 000c 20010000 		.4byte	.LASF20
 147 0010 01       		.byte	0x1
 148 0011 AE010000 		.4byte	.LASF21
 149 0015 7E000000 		.4byte	.LASF22
 150 0019 00000000 		.4byte	.Ldebug_ranges0+0
 151 001d 00000000 		.4byte	0
 152 0021 00000000 		.4byte	.Ldebug_line0
 153 0025 02       		.uleb128 0x2
 154 0026 01       		.byte	0x1
 155 0027 06       		.byte	0x6
 156 0028 D8010000 		.4byte	.LASF0
 157 002c 02       		.uleb128 0x2
 158 002d 01       		.byte	0x1
 159 002e 08       		.byte	0x8
 160 002f 46000000 		.4byte	.LASF1
 161 0033 02       		.uleb128 0x2
 162 0034 02       		.byte	0x2
 163 0035 05       		.byte	0x5
 164 0036 16010000 		.4byte	.LASF2
 165 003a 02       		.uleb128 0x2
 166 003b 02       		.byte	0x2
 167 003c 07       		.byte	0x7
 168 003d 6B000000 		.4byte	.LASF3
ARM GAS  C:\Users\acer\AppData\Local\Temp\ccI7XODU.s 			page 6


 169 0041 02       		.uleb128 0x2
 170 0042 04       		.byte	0x4
 171 0043 05       		.byte	0x5
 172 0044 CF010000 		.4byte	.LASF4
 173 0048 02       		.uleb128 0x2
 174 0049 04       		.byte	0x4
 175 004a 07       		.byte	0x7
 176 004b 59000000 		.4byte	.LASF5
 177 004f 02       		.uleb128 0x2
 178 0050 08       		.byte	0x8
 179 0051 05       		.byte	0x5
 180 0052 03010000 		.4byte	.LASF6
 181 0056 02       		.uleb128 0x2
 182 0057 08       		.byte	0x8
 183 0058 07       		.byte	0x7
 184 0059 E7000000 		.4byte	.LASF7
 185 005d 03       		.uleb128 0x3
 186 005e 04       		.byte	0x4
 187 005f 05       		.byte	0x5
 188 0060 696E7400 		.ascii	"int\000"
 189 0064 02       		.uleb128 0x2
 190 0065 04       		.byte	0x4
 191 0066 07       		.byte	0x7
 192 0067 DA000000 		.4byte	.LASF8
 193 006b 04       		.uleb128 0x4
 194 006c 40000000 		.4byte	.LASF12
 195 0070 02       		.byte	0x2
 196 0071 A1       		.byte	0xa1
 197 0072 2C000000 		.4byte	0x2c
 198 0076 02       		.uleb128 0x2
 199 0077 04       		.byte	0x4
 200 0078 04       		.byte	0x4
 201 0079 3A000000 		.4byte	.LASF9
 202 007d 02       		.uleb128 0x2
 203 007e 08       		.byte	0x8
 204 007f 04       		.byte	0x4
 205 0080 C0000000 		.4byte	.LASF10
 206 0084 02       		.uleb128 0x2
 207 0085 01       		.byte	0x1
 208 0086 08       		.byte	0x8
 209 0087 11010000 		.4byte	.LASF11
 210 008b 05       		.uleb128 0x5
 211 008c 54000000 		.4byte	.LASF13
 212 0090 02       		.byte	0x2
 213 0091 4B01     		.2byte	0x14b
 214 0093 97000000 		.4byte	0x97
 215 0097 06       		.uleb128 0x6
 216 0098 6B000000 		.4byte	0x6b
 217 009c 07       		.uleb128 0x7
 218 009d 1C000000 		.4byte	.LASF14
 219 00a1 01       		.byte	0x1
 220 00a2 27       		.byte	0x27
 221 00a3 00000000 		.4byte	.LFB0
 222 00a7 18000000 		.4byte	.LFE0-.LFB0
 223 00ab 01       		.uleb128 0x1
 224 00ac 9C       		.byte	0x9c
 225 00ad D0000000 		.4byte	0xd0
ARM GAS  C:\Users\acer\AppData\Local\Temp\ccI7XODU.s 			page 7


 226 00b1 08       		.uleb128 0x8
 227 00b2 00000000 		.4byte	.LASF16
 228 00b6 01       		.byte	0x1
 229 00b7 27       		.byte	0x27
 230 00b8 6B000000 		.4byte	0x6b
 231 00bc 00000000 		.4byte	.LLST0
 232 00c0 09       		.uleb128 0x9
 233 00c1 11000000 		.4byte	.LASF23
 234 00c5 01       		.byte	0x1
 235 00c6 29       		.byte	0x29
 236 00c7 6B000000 		.4byte	0x6b
 237 00cb 21000000 		.4byte	.LLST1
 238 00cf 00       		.byte	0
 239 00d0 07       		.uleb128 0x7
 240 00d1 C7000000 		.4byte	.LASF15
 241 00d5 01       		.byte	0x1
 242 00d6 45       		.byte	0x45
 243 00d7 00000000 		.4byte	.LFB1
 244 00db 18000000 		.4byte	.LFE1-.LFB1
 245 00df 01       		.uleb128 0x1
 246 00e0 9C       		.byte	0x9c
 247 00e1 F5000000 		.4byte	0xf5
 248 00e5 08       		.uleb128 0x8
 249 00e6 FE000000 		.4byte	.LASF17
 250 00ea 01       		.byte	0x1
 251 00eb 45       		.byte	0x45
 252 00ec 6B000000 		.4byte	0x6b
 253 00f0 39000000 		.4byte	.LLST2
 254 00f4 00       		.byte	0
 255 00f5 0A       		.uleb128 0xa
 256 00f6 06000000 		.4byte	.LASF18
 257 00fa 01       		.byte	0x1
 258 00fb 5D       		.byte	0x5d
 259 00fc 6B000000 		.4byte	0x6b
 260 0100 00000000 		.4byte	.LFB2
 261 0104 10000000 		.4byte	.LFE2-.LFB2
 262 0108 01       		.uleb128 0x1
 263 0109 9C       		.byte	0x9c
 264 010a 0A       		.uleb128 0xa
 265 010b 28000000 		.4byte	.LASF19
 266 010f 01       		.byte	0x1
 267 0110 71       		.byte	0x71
 268 0111 6B000000 		.4byte	0x6b
 269 0115 00000000 		.4byte	.LFB3
 270 0119 10000000 		.4byte	.LFE3-.LFB3
 271 011d 01       		.uleb128 0x1
 272 011e 9C       		.byte	0x9c
 273 011f 00       		.byte	0
 274              		.section	.debug_abbrev,"",%progbits
 275              	.Ldebug_abbrev0:
 276 0000 01       		.uleb128 0x1
 277 0001 11       		.uleb128 0x11
 278 0002 01       		.byte	0x1
 279 0003 25       		.uleb128 0x25
 280 0004 0E       		.uleb128 0xe
 281 0005 13       		.uleb128 0x13
 282 0006 0B       		.uleb128 0xb
ARM GAS  C:\Users\acer\AppData\Local\Temp\ccI7XODU.s 			page 8


 283 0007 03       		.uleb128 0x3
 284 0008 0E       		.uleb128 0xe
 285 0009 1B       		.uleb128 0x1b
 286 000a 0E       		.uleb128 0xe
 287 000b 55       		.uleb128 0x55
 288 000c 17       		.uleb128 0x17
 289 000d 11       		.uleb128 0x11
 290 000e 01       		.uleb128 0x1
 291 000f 10       		.uleb128 0x10
 292 0010 17       		.uleb128 0x17
 293 0011 00       		.byte	0
 294 0012 00       		.byte	0
 295 0013 02       		.uleb128 0x2
 296 0014 24       		.uleb128 0x24
 297 0015 00       		.byte	0
 298 0016 0B       		.uleb128 0xb
 299 0017 0B       		.uleb128 0xb
 300 0018 3E       		.uleb128 0x3e
 301 0019 0B       		.uleb128 0xb
 302 001a 03       		.uleb128 0x3
 303 001b 0E       		.uleb128 0xe
 304 001c 00       		.byte	0
 305 001d 00       		.byte	0
 306 001e 03       		.uleb128 0x3
 307 001f 24       		.uleb128 0x24
 308 0020 00       		.byte	0
 309 0021 0B       		.uleb128 0xb
 310 0022 0B       		.uleb128 0xb
 311 0023 3E       		.uleb128 0x3e
 312 0024 0B       		.uleb128 0xb
 313 0025 03       		.uleb128 0x3
 314 0026 08       		.uleb128 0x8
 315 0027 00       		.byte	0
 316 0028 00       		.byte	0
 317 0029 04       		.uleb128 0x4
 318 002a 16       		.uleb128 0x16
 319 002b 00       		.byte	0
 320 002c 03       		.uleb128 0x3
 321 002d 0E       		.uleb128 0xe
 322 002e 3A       		.uleb128 0x3a
 323 002f 0B       		.uleb128 0xb
 324 0030 3B       		.uleb128 0x3b
 325 0031 0B       		.uleb128 0xb
 326 0032 49       		.uleb128 0x49
 327 0033 13       		.uleb128 0x13
 328 0034 00       		.byte	0
 329 0035 00       		.byte	0
 330 0036 05       		.uleb128 0x5
 331 0037 16       		.uleb128 0x16
 332 0038 00       		.byte	0
 333 0039 03       		.uleb128 0x3
 334 003a 0E       		.uleb128 0xe
 335 003b 3A       		.uleb128 0x3a
 336 003c 0B       		.uleb128 0xb
 337 003d 3B       		.uleb128 0x3b
 338 003e 05       		.uleb128 0x5
 339 003f 49       		.uleb128 0x49
ARM GAS  C:\Users\acer\AppData\Local\Temp\ccI7XODU.s 			page 9


 340 0040 13       		.uleb128 0x13
 341 0041 00       		.byte	0
 342 0042 00       		.byte	0
 343 0043 06       		.uleb128 0x6
 344 0044 35       		.uleb128 0x35
 345 0045 00       		.byte	0
 346 0046 49       		.uleb128 0x49
 347 0047 13       		.uleb128 0x13
 348 0048 00       		.byte	0
 349 0049 00       		.byte	0
 350 004a 07       		.uleb128 0x7
 351 004b 2E       		.uleb128 0x2e
 352 004c 01       		.byte	0x1
 353 004d 3F       		.uleb128 0x3f
 354 004e 19       		.uleb128 0x19
 355 004f 03       		.uleb128 0x3
 356 0050 0E       		.uleb128 0xe
 357 0051 3A       		.uleb128 0x3a
 358 0052 0B       		.uleb128 0xb
 359 0053 3B       		.uleb128 0x3b
 360 0054 0B       		.uleb128 0xb
 361 0055 27       		.uleb128 0x27
 362 0056 19       		.uleb128 0x19
 363 0057 11       		.uleb128 0x11
 364 0058 01       		.uleb128 0x1
 365 0059 12       		.uleb128 0x12
 366 005a 06       		.uleb128 0x6
 367 005b 40       		.uleb128 0x40
 368 005c 18       		.uleb128 0x18
 369 005d 9742     		.uleb128 0x2117
 370 005f 19       		.uleb128 0x19
 371 0060 01       		.uleb128 0x1
 372 0061 13       		.uleb128 0x13
 373 0062 00       		.byte	0
 374 0063 00       		.byte	0
 375 0064 08       		.uleb128 0x8
 376 0065 05       		.uleb128 0x5
 377 0066 00       		.byte	0
 378 0067 03       		.uleb128 0x3
 379 0068 0E       		.uleb128 0xe
 380 0069 3A       		.uleb128 0x3a
 381 006a 0B       		.uleb128 0xb
 382 006b 3B       		.uleb128 0x3b
 383 006c 0B       		.uleb128 0xb
 384 006d 49       		.uleb128 0x49
 385 006e 13       		.uleb128 0x13
 386 006f 02       		.uleb128 0x2
 387 0070 17       		.uleb128 0x17
 388 0071 00       		.byte	0
 389 0072 00       		.byte	0
 390 0073 09       		.uleb128 0x9
 391 0074 34       		.uleb128 0x34
 392 0075 00       		.byte	0
 393 0076 03       		.uleb128 0x3
 394 0077 0E       		.uleb128 0xe
 395 0078 3A       		.uleb128 0x3a
 396 0079 0B       		.uleb128 0xb
ARM GAS  C:\Users\acer\AppData\Local\Temp\ccI7XODU.s 			page 10


 397 007a 3B       		.uleb128 0x3b
 398 007b 0B       		.uleb128 0xb
 399 007c 49       		.uleb128 0x49
 400 007d 13       		.uleb128 0x13
 401 007e 02       		.uleb128 0x2
 402 007f 17       		.uleb128 0x17
 403 0080 00       		.byte	0
 404 0081 00       		.byte	0
 405 0082 0A       		.uleb128 0xa
 406 0083 2E       		.uleb128 0x2e
 407 0084 00       		.byte	0
 408 0085 3F       		.uleb128 0x3f
 409 0086 19       		.uleb128 0x19
 410 0087 03       		.uleb128 0x3
 411 0088 0E       		.uleb128 0xe
 412 0089 3A       		.uleb128 0x3a
 413 008a 0B       		.uleb128 0xb
 414 008b 3B       		.uleb128 0x3b
 415 008c 0B       		.uleb128 0xb
 416 008d 27       		.uleb128 0x27
 417 008e 19       		.uleb128 0x19
 418 008f 49       		.uleb128 0x49
 419 0090 13       		.uleb128 0x13
 420 0091 11       		.uleb128 0x11
 421 0092 01       		.uleb128 0x1
 422 0093 12       		.uleb128 0x12
 423 0094 06       		.uleb128 0x6
 424 0095 40       		.uleb128 0x40
 425 0096 18       		.uleb128 0x18
 426 0097 9742     		.uleb128 0x2117
 427 0099 19       		.uleb128 0x19
 428 009a 00       		.byte	0
 429 009b 00       		.byte	0
 430 009c 00       		.byte	0
 431              		.section	.debug_loc,"",%progbits
 432              	.Ldebug_loc0:
 433              	.LLST0:
 434 0000 00000000 		.4byte	.LVL0
 435 0004 06000000 		.4byte	.LVL1
 436 0008 0100     		.2byte	0x1
 437 000a 50       		.byte	0x50
 438 000b 06000000 		.4byte	.LVL1
 439 000f 18000000 		.4byte	.LFE0
 440 0013 0400     		.2byte	0x4
 441 0015 F3       		.byte	0xf3
 442 0016 01       		.uleb128 0x1
 443 0017 50       		.byte	0x50
 444 0018 9F       		.byte	0x9f
 445 0019 00000000 		.4byte	0
 446 001d 00000000 		.4byte	0
 447              	.LLST1:
 448 0021 08000000 		.4byte	.LVL2
 449 0025 0C000000 		.4byte	.LVL3
 450 0029 0600     		.2byte	0x6
 451 002b 73       		.byte	0x73
 452 002c 00       		.sleb128 0
 453 002d 09       		.byte	0x9
ARM GAS  C:\Users\acer\AppData\Local\Temp\ccI7XODU.s 			page 11


 454 002e FE       		.byte	0xfe
 455 002f 1A       		.byte	0x1a
 456 0030 9F       		.byte	0x9f
 457 0031 00000000 		.4byte	0
 458 0035 00000000 		.4byte	0
 459              	.LLST2:
 460 0039 00000000 		.4byte	.LVL4
 461 003d 06000000 		.4byte	.LVL5
 462 0041 0100     		.2byte	0x1
 463 0043 50       		.byte	0x50
 464 0044 06000000 		.4byte	.LVL5
 465 0048 18000000 		.4byte	.LFE1
 466 004c 0400     		.2byte	0x4
 467 004e F3       		.byte	0xf3
 468 004f 01       		.uleb128 0x1
 469 0050 50       		.byte	0x50
 470 0051 9F       		.byte	0x9f
 471 0052 00000000 		.4byte	0
 472 0056 00000000 		.4byte	0
 473              		.section	.debug_aranges,"",%progbits
 474 0000 34000000 		.4byte	0x34
 475 0004 0200     		.2byte	0x2
 476 0006 00000000 		.4byte	.Ldebug_info0
 477 000a 04       		.byte	0x4
 478 000b 00       		.byte	0
 479 000c 0000     		.2byte	0
 480 000e 0000     		.2byte	0
 481 0010 00000000 		.4byte	.LFB0
 482 0014 18000000 		.4byte	.LFE0-.LFB0
 483 0018 00000000 		.4byte	.LFB1
 484 001c 18000000 		.4byte	.LFE1-.LFB1
 485 0020 00000000 		.4byte	.LFB2
 486 0024 10000000 		.4byte	.LFE2-.LFB2
 487 0028 00000000 		.4byte	.LFB3
 488 002c 10000000 		.4byte	.LFE3-.LFB3
 489 0030 00000000 		.4byte	0
 490 0034 00000000 		.4byte	0
 491              		.section	.debug_ranges,"",%progbits
 492              	.Ldebug_ranges0:
 493 0000 00000000 		.4byte	.LFB0
 494 0004 18000000 		.4byte	.LFE0
 495 0008 00000000 		.4byte	.LFB1
 496 000c 18000000 		.4byte	.LFE1
 497 0010 00000000 		.4byte	.LFB2
 498 0014 10000000 		.4byte	.LFE2
 499 0018 00000000 		.4byte	.LFB3
 500 001c 10000000 		.4byte	.LFE3
 501 0020 00000000 		.4byte	0
 502 0024 00000000 		.4byte	0
 503              		.section	.debug_line,"",%progbits
 504              	.Ldebug_line0:
 505 0000 92000000 		.section	.debug_str,"MS",%progbits,1
 505      02004400 
 505      00000201 
 505      FB0E0D00 
 505      01010101 
 506              	.LASF16:
ARM GAS  C:\Users\acer\AppData\Local\Temp\ccI7XODU.s 			page 12


 507 0000 76616C75 		.ascii	"value\000"
 507      6500
 508              	.LASF18:
 509 0006 53434C5F 		.ascii	"SCL_1_Read\000"
 509      315F5265 
 509      616400
 510              	.LASF23:
 511 0011 73746174 		.ascii	"staticBits\000"
 511      69634269 
 511      747300
 512              	.LASF14:
 513 001c 53434C5F 		.ascii	"SCL_1_Write\000"
 513      315F5772 
 513      69746500 
 514              	.LASF19:
 515 0028 53434C5F 		.ascii	"SCL_1_ReadDataReg\000"
 515      315F5265 
 515      61644461 
 515      74615265 
 515      6700
 516              	.LASF9:
 517 003a 666C6F61 		.ascii	"float\000"
 517      7400
 518              	.LASF12:
 519 0040 75696E74 		.ascii	"uint8\000"
 519      3800
 520              	.LASF1:
 521 0046 756E7369 		.ascii	"unsigned char\000"
 521      676E6564 
 521      20636861 
 521      7200
 522              	.LASF13:
 523 0054 72656738 		.ascii	"reg8\000"
 523      00
 524              	.LASF5:
 525 0059 6C6F6E67 		.ascii	"long unsigned int\000"
 525      20756E73 
 525      69676E65 
 525      6420696E 
 525      7400
 526              	.LASF3:
 527 006b 73686F72 		.ascii	"short unsigned int\000"
 527      7420756E 
 527      7369676E 
 527      65642069 
 527      6E7400
 528              	.LASF22:
 529 007e 433A5C55 		.ascii	"C:\\Users\\acer\\Desktop\\Saura-master\\2_Psoc\\Pla"
 529      73657273 
 529      5C616365 
 529      725C4465 
 529      736B746F 
 530 00ab 74666F72 		.ascii	"tform\\Design02.cydsn\000"
 530      6D5C4465 
 530      7369676E 
 530      30322E63 
 530      7964736E 
ARM GAS  C:\Users\acer\AppData\Local\Temp\ccI7XODU.s 			page 13


 531              	.LASF10:
 532 00c0 646F7562 		.ascii	"double\000"
 532      6C6500
 533              	.LASF15:
 534 00c7 53434C5F 		.ascii	"SCL_1_SetDriveMode\000"
 534      315F5365 
 534      74447269 
 534      76654D6F 
 534      646500
 535              	.LASF8:
 536 00da 756E7369 		.ascii	"unsigned int\000"
 536      676E6564 
 536      20696E74 
 536      00
 537              	.LASF7:
 538 00e7 6C6F6E67 		.ascii	"long long unsigned int\000"
 538      206C6F6E 
 538      6720756E 
 538      7369676E 
 538      65642069 
 539              	.LASF17:
 540 00fe 6D6F6465 		.ascii	"mode\000"
 540      00
 541              	.LASF6:
 542 0103 6C6F6E67 		.ascii	"long long int\000"
 542      206C6F6E 
 542      6720696E 
 542      7400
 543              	.LASF11:
 544 0111 63686172 		.ascii	"char\000"
 544      00
 545              	.LASF2:
 546 0116 73686F72 		.ascii	"short int\000"
 546      7420696E 
 546      7400
 547              	.LASF20:
 548 0120 474E5520 		.ascii	"GNU C 4.9.3 20150303 (release) [ARM/embedded-4_9-br"
 548      4320342E 
 548      392E3320 
 548      32303135 
 548      30333033 
 549 0153 616E6368 		.ascii	"anch revision 221220] -mcpu=cortex-m3 -mthumb -g -O"
 549      20726576 
 549      6973696F 
 549      6E203232 
 549      31323230 
 550 0186 73202D66 		.ascii	"s -ffunction-sections -ffat-lto-objects\000"
 550      66756E63 
 550      74696F6E 
 550      2D736563 
 550      74696F6E 
 551              	.LASF21:
 552 01ae 2E5C4765 		.ascii	".\\Generated_Source\\PSoC5\\SCL_1.c\000"
 552      6E657261 
 552      7465645F 
 552      536F7572 
 552      63655C50 
ARM GAS  C:\Users\acer\AppData\Local\Temp\ccI7XODU.s 			page 14


 553              	.LASF4:
 554 01cf 6C6F6E67 		.ascii	"long int\000"
 554      20696E74 
 554      00
 555              	.LASF0:
 556 01d8 7369676E 		.ascii	"signed char\000"
 556      65642063 
 556      68617200 
 557              		.ident	"GCC: (GNU Tools for ARM Embedded Processors) 4.9.3 20150303 (release) [ARM/embedded-4_9-br
