ARM GAS  C:\Users\acer\AppData\Local\Temp\ccFDtBTV.s 			page 1


   1              		.syntax unified
   2              		.cpu cortex-m3
   3              		.fpu softvfp
   4              		.eabi_attribute 20, 1
   5              		.eabi_attribute 21, 1
   6              		.eabi_attribute 23, 3
   7              		.eabi_attribute 24, 1
   8              		.eabi_attribute 25, 1
   9              		.eabi_attribute 26, 1
  10              		.eabi_attribute 30, 4
  11              		.eabi_attribute 34, 1
  12              		.eabi_attribute 18, 4
  13              		.thumb
  14              		.file	"UART_Rx_ISR.c"
  15              		.text
  16              	.Ltext0:
  17              		.cfi_sections	.debug_frame
  18              		.section	.text.UART_Rx_ISR_Interrupt,"ax",%progbits
  19              		.align	1
  20              		.global	UART_Rx_ISR_Interrupt
  21              		.thumb
  22              		.thumb_func
  23              		.type	UART_Rx_ISR_Interrupt, %function
  24              	UART_Rx_ISR_Interrupt:
  25              	.LFB3:
  26              		.file 1 ".\\Generated_Source\\PSoC5\\UART_Rx_ISR.c"
   1:.\Generated_Source\PSoC5/UART_Rx_ISR.c **** /*******************************************************************************
   2:.\Generated_Source\PSoC5/UART_Rx_ISR.c **** * File Name: UART_Rx_ISR.c  
   3:.\Generated_Source\PSoC5/UART_Rx_ISR.c **** * Version 1.70
   4:.\Generated_Source\PSoC5/UART_Rx_ISR.c **** *
   5:.\Generated_Source\PSoC5/UART_Rx_ISR.c **** *  Description:
   6:.\Generated_Source\PSoC5/UART_Rx_ISR.c **** *   API for controlling the state of an interrupt.
   7:.\Generated_Source\PSoC5/UART_Rx_ISR.c **** *
   8:.\Generated_Source\PSoC5/UART_Rx_ISR.c **** *
   9:.\Generated_Source\PSoC5/UART_Rx_ISR.c **** *  Note:
  10:.\Generated_Source\PSoC5/UART_Rx_ISR.c **** *
  11:.\Generated_Source\PSoC5/UART_Rx_ISR.c **** ********************************************************************************
  12:.\Generated_Source\PSoC5/UART_Rx_ISR.c **** * Copyright 2008-2015, Cypress Semiconductor Corporation.  All rights reserved.
  13:.\Generated_Source\PSoC5/UART_Rx_ISR.c **** * You may use this file only in accordance with the license, terms, conditions, 
  14:.\Generated_Source\PSoC5/UART_Rx_ISR.c **** * disclaimers, and limitations in the end user license agreement accompanying 
  15:.\Generated_Source\PSoC5/UART_Rx_ISR.c **** * the software package with which this file was provided.
  16:.\Generated_Source\PSoC5/UART_Rx_ISR.c **** *******************************************************************************/
  17:.\Generated_Source\PSoC5/UART_Rx_ISR.c **** 
  18:.\Generated_Source\PSoC5/UART_Rx_ISR.c **** 
  19:.\Generated_Source\PSoC5/UART_Rx_ISR.c **** #include <cydevice_trm.h>
  20:.\Generated_Source\PSoC5/UART_Rx_ISR.c **** #include <CyLib.h>
  21:.\Generated_Source\PSoC5/UART_Rx_ISR.c **** #include <UART_Rx_ISR.h>
  22:.\Generated_Source\PSoC5/UART_Rx_ISR.c **** 
  23:.\Generated_Source\PSoC5/UART_Rx_ISR.c **** 
  24:.\Generated_Source\PSoC5/UART_Rx_ISR.c **** #if !defined(UART_Rx_ISR__REMOVED) /* Check for removal by optimization */
  25:.\Generated_Source\PSoC5/UART_Rx_ISR.c **** 
  26:.\Generated_Source\PSoC5/UART_Rx_ISR.c **** /*******************************************************************************
  27:.\Generated_Source\PSoC5/UART_Rx_ISR.c **** *  Place your includes, defines and code here 
  28:.\Generated_Source\PSoC5/UART_Rx_ISR.c **** ********************************************************************************/
  29:.\Generated_Source\PSoC5/UART_Rx_ISR.c **** /* `#START UART_Rx_ISR_intc` */
  30:.\Generated_Source\PSoC5/UART_Rx_ISR.c **** 
  31:.\Generated_Source\PSoC5/UART_Rx_ISR.c **** /* `#END` */
ARM GAS  C:\Users\acer\AppData\Local\Temp\ccFDtBTV.s 			page 2


  32:.\Generated_Source\PSoC5/UART_Rx_ISR.c **** 
  33:.\Generated_Source\PSoC5/UART_Rx_ISR.c **** #ifndef CYINT_IRQ_BASE
  34:.\Generated_Source\PSoC5/UART_Rx_ISR.c **** #define CYINT_IRQ_BASE      16
  35:.\Generated_Source\PSoC5/UART_Rx_ISR.c **** #endif /* CYINT_IRQ_BASE */
  36:.\Generated_Source\PSoC5/UART_Rx_ISR.c **** #ifndef CYINT_VECT_TABLE
  37:.\Generated_Source\PSoC5/UART_Rx_ISR.c **** #define CYINT_VECT_TABLE    ((cyisraddress **) CYREG_NVIC_VECT_OFFSET)
  38:.\Generated_Source\PSoC5/UART_Rx_ISR.c **** #endif /* CYINT_VECT_TABLE */
  39:.\Generated_Source\PSoC5/UART_Rx_ISR.c **** 
  40:.\Generated_Source\PSoC5/UART_Rx_ISR.c **** /* Declared in startup, used to set unused interrupts to. */
  41:.\Generated_Source\PSoC5/UART_Rx_ISR.c **** CY_ISR_PROTO(IntDefaultHandler);
  42:.\Generated_Source\PSoC5/UART_Rx_ISR.c **** 
  43:.\Generated_Source\PSoC5/UART_Rx_ISR.c **** 
  44:.\Generated_Source\PSoC5/UART_Rx_ISR.c **** /*******************************************************************************
  45:.\Generated_Source\PSoC5/UART_Rx_ISR.c **** * Function Name: UART_Rx_ISR_Start
  46:.\Generated_Source\PSoC5/UART_Rx_ISR.c **** ********************************************************************************
  47:.\Generated_Source\PSoC5/UART_Rx_ISR.c **** *
  48:.\Generated_Source\PSoC5/UART_Rx_ISR.c **** * Summary:
  49:.\Generated_Source\PSoC5/UART_Rx_ISR.c **** *  Set up the interrupt and enable it. This function disables the interrupt, 
  50:.\Generated_Source\PSoC5/UART_Rx_ISR.c **** *  sets the default interrupt vector, sets the priority from the value in the
  51:.\Generated_Source\PSoC5/UART_Rx_ISR.c **** *  Design Wide Resources Interrupt Editor, then enables the interrupt to the 
  52:.\Generated_Source\PSoC5/UART_Rx_ISR.c **** *  interrupt controller.
  53:.\Generated_Source\PSoC5/UART_Rx_ISR.c **** *
  54:.\Generated_Source\PSoC5/UART_Rx_ISR.c **** * Parameters:  
  55:.\Generated_Source\PSoC5/UART_Rx_ISR.c **** *   None
  56:.\Generated_Source\PSoC5/UART_Rx_ISR.c **** *
  57:.\Generated_Source\PSoC5/UART_Rx_ISR.c **** * Return:
  58:.\Generated_Source\PSoC5/UART_Rx_ISR.c **** *   None
  59:.\Generated_Source\PSoC5/UART_Rx_ISR.c **** *
  60:.\Generated_Source\PSoC5/UART_Rx_ISR.c **** *******************************************************************************/
  61:.\Generated_Source\PSoC5/UART_Rx_ISR.c **** void UART_Rx_ISR_Start(void)
  62:.\Generated_Source\PSoC5/UART_Rx_ISR.c **** {
  63:.\Generated_Source\PSoC5/UART_Rx_ISR.c ****     /* For all we know the interrupt is active. */
  64:.\Generated_Source\PSoC5/UART_Rx_ISR.c ****     UART_Rx_ISR_Disable();
  65:.\Generated_Source\PSoC5/UART_Rx_ISR.c **** 
  66:.\Generated_Source\PSoC5/UART_Rx_ISR.c ****     /* Set the ISR to point to the UART_Rx_ISR Interrupt. */
  67:.\Generated_Source\PSoC5/UART_Rx_ISR.c ****     UART_Rx_ISR_SetVector(&UART_Rx_ISR_Interrupt);
  68:.\Generated_Source\PSoC5/UART_Rx_ISR.c **** 
  69:.\Generated_Source\PSoC5/UART_Rx_ISR.c ****     /* Set the priority. */
  70:.\Generated_Source\PSoC5/UART_Rx_ISR.c ****     UART_Rx_ISR_SetPriority((uint8)UART_Rx_ISR_INTC_PRIOR_NUMBER);
  71:.\Generated_Source\PSoC5/UART_Rx_ISR.c **** 
  72:.\Generated_Source\PSoC5/UART_Rx_ISR.c ****     /* Enable it. */
  73:.\Generated_Source\PSoC5/UART_Rx_ISR.c ****     UART_Rx_ISR_Enable();
  74:.\Generated_Source\PSoC5/UART_Rx_ISR.c **** }
  75:.\Generated_Source\PSoC5/UART_Rx_ISR.c **** 
  76:.\Generated_Source\PSoC5/UART_Rx_ISR.c **** 
  77:.\Generated_Source\PSoC5/UART_Rx_ISR.c **** /*******************************************************************************
  78:.\Generated_Source\PSoC5/UART_Rx_ISR.c **** * Function Name: UART_Rx_ISR_StartEx
  79:.\Generated_Source\PSoC5/UART_Rx_ISR.c **** ********************************************************************************
  80:.\Generated_Source\PSoC5/UART_Rx_ISR.c **** *
  81:.\Generated_Source\PSoC5/UART_Rx_ISR.c **** * Summary:
  82:.\Generated_Source\PSoC5/UART_Rx_ISR.c **** *  Sets up the interrupt and enables it. This function disables the interrupt,
  83:.\Generated_Source\PSoC5/UART_Rx_ISR.c **** *  sets the interrupt vector based on the address passed in, sets the priority 
  84:.\Generated_Source\PSoC5/UART_Rx_ISR.c **** *  from the value in the Design Wide Resources Interrupt Editor, then enables 
  85:.\Generated_Source\PSoC5/UART_Rx_ISR.c **** *  the interrupt to the interrupt controller.
  86:.\Generated_Source\PSoC5/UART_Rx_ISR.c **** *  
  87:.\Generated_Source\PSoC5/UART_Rx_ISR.c **** *  When defining ISR functions, the CY_ISR and CY_ISR_PROTO macros should be 
  88:.\Generated_Source\PSoC5/UART_Rx_ISR.c **** *  used to provide consistent definition across compilers:
ARM GAS  C:\Users\acer\AppData\Local\Temp\ccFDtBTV.s 			page 3


  89:.\Generated_Source\PSoC5/UART_Rx_ISR.c **** *  
  90:.\Generated_Source\PSoC5/UART_Rx_ISR.c **** *  Function definition example:
  91:.\Generated_Source\PSoC5/UART_Rx_ISR.c **** *   CY_ISR(MyISR)
  92:.\Generated_Source\PSoC5/UART_Rx_ISR.c **** *   {
  93:.\Generated_Source\PSoC5/UART_Rx_ISR.c **** *   }
  94:.\Generated_Source\PSoC5/UART_Rx_ISR.c **** *   Function prototype example:
  95:.\Generated_Source\PSoC5/UART_Rx_ISR.c **** *   CY_ISR_PROTO(MyISR);
  96:.\Generated_Source\PSoC5/UART_Rx_ISR.c **** *
  97:.\Generated_Source\PSoC5/UART_Rx_ISR.c **** * Parameters:  
  98:.\Generated_Source\PSoC5/UART_Rx_ISR.c **** *   address: Address of the ISR to set in the interrupt vector table.
  99:.\Generated_Source\PSoC5/UART_Rx_ISR.c **** *
 100:.\Generated_Source\PSoC5/UART_Rx_ISR.c **** * Return:
 101:.\Generated_Source\PSoC5/UART_Rx_ISR.c **** *   None
 102:.\Generated_Source\PSoC5/UART_Rx_ISR.c **** *
 103:.\Generated_Source\PSoC5/UART_Rx_ISR.c **** *******************************************************************************/
 104:.\Generated_Source\PSoC5/UART_Rx_ISR.c **** void UART_Rx_ISR_StartEx(cyisraddress address)
 105:.\Generated_Source\PSoC5/UART_Rx_ISR.c **** {
 106:.\Generated_Source\PSoC5/UART_Rx_ISR.c ****     /* For all we know the interrupt is active. */
 107:.\Generated_Source\PSoC5/UART_Rx_ISR.c ****     UART_Rx_ISR_Disable();
 108:.\Generated_Source\PSoC5/UART_Rx_ISR.c **** 
 109:.\Generated_Source\PSoC5/UART_Rx_ISR.c ****     /* Set the ISR to point to the UART_Rx_ISR Interrupt. */
 110:.\Generated_Source\PSoC5/UART_Rx_ISR.c ****     UART_Rx_ISR_SetVector(address);
 111:.\Generated_Source\PSoC5/UART_Rx_ISR.c **** 
 112:.\Generated_Source\PSoC5/UART_Rx_ISR.c ****     /* Set the priority. */
 113:.\Generated_Source\PSoC5/UART_Rx_ISR.c ****     UART_Rx_ISR_SetPriority((uint8)UART_Rx_ISR_INTC_PRIOR_NUMBER);
 114:.\Generated_Source\PSoC5/UART_Rx_ISR.c **** 
 115:.\Generated_Source\PSoC5/UART_Rx_ISR.c ****     /* Enable it. */
 116:.\Generated_Source\PSoC5/UART_Rx_ISR.c ****     UART_Rx_ISR_Enable();
 117:.\Generated_Source\PSoC5/UART_Rx_ISR.c **** }
 118:.\Generated_Source\PSoC5/UART_Rx_ISR.c **** 
 119:.\Generated_Source\PSoC5/UART_Rx_ISR.c **** 
 120:.\Generated_Source\PSoC5/UART_Rx_ISR.c **** /*******************************************************************************
 121:.\Generated_Source\PSoC5/UART_Rx_ISR.c **** * Function Name: UART_Rx_ISR_Stop
 122:.\Generated_Source\PSoC5/UART_Rx_ISR.c **** ********************************************************************************
 123:.\Generated_Source\PSoC5/UART_Rx_ISR.c **** *
 124:.\Generated_Source\PSoC5/UART_Rx_ISR.c **** * Summary:
 125:.\Generated_Source\PSoC5/UART_Rx_ISR.c **** *   Disables and removes the interrupt.
 126:.\Generated_Source\PSoC5/UART_Rx_ISR.c **** *
 127:.\Generated_Source\PSoC5/UART_Rx_ISR.c **** * Parameters:  
 128:.\Generated_Source\PSoC5/UART_Rx_ISR.c **** *   None
 129:.\Generated_Source\PSoC5/UART_Rx_ISR.c **** *
 130:.\Generated_Source\PSoC5/UART_Rx_ISR.c **** * Return:
 131:.\Generated_Source\PSoC5/UART_Rx_ISR.c **** *   None
 132:.\Generated_Source\PSoC5/UART_Rx_ISR.c **** *
 133:.\Generated_Source\PSoC5/UART_Rx_ISR.c **** *******************************************************************************/
 134:.\Generated_Source\PSoC5/UART_Rx_ISR.c **** void UART_Rx_ISR_Stop(void)
 135:.\Generated_Source\PSoC5/UART_Rx_ISR.c **** {
 136:.\Generated_Source\PSoC5/UART_Rx_ISR.c ****     /* Disable this interrupt. */
 137:.\Generated_Source\PSoC5/UART_Rx_ISR.c ****     UART_Rx_ISR_Disable();
 138:.\Generated_Source\PSoC5/UART_Rx_ISR.c **** 
 139:.\Generated_Source\PSoC5/UART_Rx_ISR.c ****     /* Set the ISR to point to the passive one. */
 140:.\Generated_Source\PSoC5/UART_Rx_ISR.c ****     UART_Rx_ISR_SetVector(&IntDefaultHandler);
 141:.\Generated_Source\PSoC5/UART_Rx_ISR.c **** }
 142:.\Generated_Source\PSoC5/UART_Rx_ISR.c **** 
 143:.\Generated_Source\PSoC5/UART_Rx_ISR.c **** 
 144:.\Generated_Source\PSoC5/UART_Rx_ISR.c **** /*******************************************************************************
 145:.\Generated_Source\PSoC5/UART_Rx_ISR.c **** * Function Name: UART_Rx_ISR_Interrupt
ARM GAS  C:\Users\acer\AppData\Local\Temp\ccFDtBTV.s 			page 4


 146:.\Generated_Source\PSoC5/UART_Rx_ISR.c **** ********************************************************************************
 147:.\Generated_Source\PSoC5/UART_Rx_ISR.c **** *
 148:.\Generated_Source\PSoC5/UART_Rx_ISR.c **** * Summary:
 149:.\Generated_Source\PSoC5/UART_Rx_ISR.c **** *   The default Interrupt Service Routine for UART_Rx_ISR.
 150:.\Generated_Source\PSoC5/UART_Rx_ISR.c **** *
 151:.\Generated_Source\PSoC5/UART_Rx_ISR.c **** *   Add custom code between the coments to keep the next version of this file
 152:.\Generated_Source\PSoC5/UART_Rx_ISR.c **** *   from over writting your code.
 153:.\Generated_Source\PSoC5/UART_Rx_ISR.c **** *
 154:.\Generated_Source\PSoC5/UART_Rx_ISR.c **** * Parameters:  
 155:.\Generated_Source\PSoC5/UART_Rx_ISR.c **** *
 156:.\Generated_Source\PSoC5/UART_Rx_ISR.c **** * Return:
 157:.\Generated_Source\PSoC5/UART_Rx_ISR.c **** *   None
 158:.\Generated_Source\PSoC5/UART_Rx_ISR.c **** *
 159:.\Generated_Source\PSoC5/UART_Rx_ISR.c **** *******************************************************************************/
 160:.\Generated_Source\PSoC5/UART_Rx_ISR.c **** CY_ISR(UART_Rx_ISR_Interrupt)
 161:.\Generated_Source\PSoC5/UART_Rx_ISR.c **** {
  27              		.loc 1 161 0
  28              		.cfi_startproc
  29              		@ args = 0, pretend = 0, frame = 0
  30              		@ frame_needed = 0, uses_anonymous_args = 0
  31              		@ link register save eliminated.
  32 0000 7047     		bx	lr
  33              		.cfi_endproc
  34              	.LFE3:
  35              		.size	UART_Rx_ISR_Interrupt, .-UART_Rx_ISR_Interrupt
  36              		.section	.text.UART_Rx_ISR_Start,"ax",%progbits
  37              		.align	1
  38              		.global	UART_Rx_ISR_Start
  39              		.thumb
  40              		.thumb_func
  41              		.type	UART_Rx_ISR_Start, %function
  42              	UART_Rx_ISR_Start:
  43              	.LFB0:
  62:.\Generated_Source\PSoC5/UART_Rx_ISR.c ****     /* For all we know the interrupt is active. */
  44              		.loc 1 62 0
  45              		.cfi_startproc
  46              		@ args = 0, pretend = 0, frame = 0
  47              		@ frame_needed = 0, uses_anonymous_args = 0
  48              		@ link register save eliminated.
  49              	.LBB22:
  50              	.LBB23:
 162:.\Generated_Source\PSoC5/UART_Rx_ISR.c ****     #ifdef UART_Rx_ISR_INTERRUPT_INTERRUPT_CALLBACK
 163:.\Generated_Source\PSoC5/UART_Rx_ISR.c ****         UART_Rx_ISR_Interrupt_InterruptCallback();
 164:.\Generated_Source\PSoC5/UART_Rx_ISR.c ****     #endif /* UART_Rx_ISR_INTERRUPT_INTERRUPT_CALLBACK */ 
 165:.\Generated_Source\PSoC5/UART_Rx_ISR.c **** 
 166:.\Generated_Source\PSoC5/UART_Rx_ISR.c ****     /*  Place your Interrupt code here. */
 167:.\Generated_Source\PSoC5/UART_Rx_ISR.c ****     /* `#START UART_Rx_ISR_Interrupt` */
 168:.\Generated_Source\PSoC5/UART_Rx_ISR.c **** 
 169:.\Generated_Source\PSoC5/UART_Rx_ISR.c ****     /* `#END` */
 170:.\Generated_Source\PSoC5/UART_Rx_ISR.c **** }
 171:.\Generated_Source\PSoC5/UART_Rx_ISR.c **** 
 172:.\Generated_Source\PSoC5/UART_Rx_ISR.c **** 
 173:.\Generated_Source\PSoC5/UART_Rx_ISR.c **** /*******************************************************************************
 174:.\Generated_Source\PSoC5/UART_Rx_ISR.c **** * Function Name: UART_Rx_ISR_SetVector
 175:.\Generated_Source\PSoC5/UART_Rx_ISR.c **** ********************************************************************************
 176:.\Generated_Source\PSoC5/UART_Rx_ISR.c **** *
 177:.\Generated_Source\PSoC5/UART_Rx_ISR.c **** * Summary:
ARM GAS  C:\Users\acer\AppData\Local\Temp\ccFDtBTV.s 			page 5


 178:.\Generated_Source\PSoC5/UART_Rx_ISR.c **** *   Change the ISR vector for the Interrupt. Note calling UART_Rx_ISR_Start
 179:.\Generated_Source\PSoC5/UART_Rx_ISR.c **** *   will override any effect this method would have had. To set the vector 
 180:.\Generated_Source\PSoC5/UART_Rx_ISR.c **** *   before the component has been started use UART_Rx_ISR_StartEx instead.
 181:.\Generated_Source\PSoC5/UART_Rx_ISR.c **** * 
 182:.\Generated_Source\PSoC5/UART_Rx_ISR.c **** *   When defining ISR functions, the CY_ISR and CY_ISR_PROTO macros should be 
 183:.\Generated_Source\PSoC5/UART_Rx_ISR.c **** *   used to provide consistent definition across compilers:
 184:.\Generated_Source\PSoC5/UART_Rx_ISR.c **** *
 185:.\Generated_Source\PSoC5/UART_Rx_ISR.c **** *   Function definition example:
 186:.\Generated_Source\PSoC5/UART_Rx_ISR.c **** *   CY_ISR(MyISR)
 187:.\Generated_Source\PSoC5/UART_Rx_ISR.c **** *   {
 188:.\Generated_Source\PSoC5/UART_Rx_ISR.c **** *   }
 189:.\Generated_Source\PSoC5/UART_Rx_ISR.c **** *
 190:.\Generated_Source\PSoC5/UART_Rx_ISR.c **** *   Function prototype example:
 191:.\Generated_Source\PSoC5/UART_Rx_ISR.c **** *     CY_ISR_PROTO(MyISR);
 192:.\Generated_Source\PSoC5/UART_Rx_ISR.c **** *
 193:.\Generated_Source\PSoC5/UART_Rx_ISR.c **** * Parameters:
 194:.\Generated_Source\PSoC5/UART_Rx_ISR.c **** *   address: Address of the ISR to set in the interrupt vector table.
 195:.\Generated_Source\PSoC5/UART_Rx_ISR.c **** *
 196:.\Generated_Source\PSoC5/UART_Rx_ISR.c **** * Return:
 197:.\Generated_Source\PSoC5/UART_Rx_ISR.c **** *   None
 198:.\Generated_Source\PSoC5/UART_Rx_ISR.c **** *
 199:.\Generated_Source\PSoC5/UART_Rx_ISR.c **** *******************************************************************************/
 200:.\Generated_Source\PSoC5/UART_Rx_ISR.c **** void UART_Rx_ISR_SetVector(cyisraddress address)
 201:.\Generated_Source\PSoC5/UART_Rx_ISR.c **** {
 202:.\Generated_Source\PSoC5/UART_Rx_ISR.c ****     cyisraddress * ramVectorTable;
 203:.\Generated_Source\PSoC5/UART_Rx_ISR.c **** 
 204:.\Generated_Source\PSoC5/UART_Rx_ISR.c ****     ramVectorTable = (cyisraddress *) *CYINT_VECT_TABLE;
 205:.\Generated_Source\PSoC5/UART_Rx_ISR.c **** 
 206:.\Generated_Source\PSoC5/UART_Rx_ISR.c ****     ramVectorTable[CYINT_IRQ_BASE + (uint32)UART_Rx_ISR__INTC_NUMBER] = address;
 207:.\Generated_Source\PSoC5/UART_Rx_ISR.c **** }
 208:.\Generated_Source\PSoC5/UART_Rx_ISR.c **** 
 209:.\Generated_Source\PSoC5/UART_Rx_ISR.c **** 
 210:.\Generated_Source\PSoC5/UART_Rx_ISR.c **** /*******************************************************************************
 211:.\Generated_Source\PSoC5/UART_Rx_ISR.c **** * Function Name: UART_Rx_ISR_GetVector
 212:.\Generated_Source\PSoC5/UART_Rx_ISR.c **** ********************************************************************************
 213:.\Generated_Source\PSoC5/UART_Rx_ISR.c **** *
 214:.\Generated_Source\PSoC5/UART_Rx_ISR.c **** * Summary:
 215:.\Generated_Source\PSoC5/UART_Rx_ISR.c **** *   Gets the "address" of the current ISR vector for the Interrupt.
 216:.\Generated_Source\PSoC5/UART_Rx_ISR.c **** *
 217:.\Generated_Source\PSoC5/UART_Rx_ISR.c **** * Parameters:
 218:.\Generated_Source\PSoC5/UART_Rx_ISR.c **** *   None
 219:.\Generated_Source\PSoC5/UART_Rx_ISR.c **** *
 220:.\Generated_Source\PSoC5/UART_Rx_ISR.c **** * Return:
 221:.\Generated_Source\PSoC5/UART_Rx_ISR.c **** *   Address of the ISR in the interrupt vector table.
 222:.\Generated_Source\PSoC5/UART_Rx_ISR.c **** *
 223:.\Generated_Source\PSoC5/UART_Rx_ISR.c **** *******************************************************************************/
 224:.\Generated_Source\PSoC5/UART_Rx_ISR.c **** cyisraddress UART_Rx_ISR_GetVector(void)
 225:.\Generated_Source\PSoC5/UART_Rx_ISR.c **** {
 226:.\Generated_Source\PSoC5/UART_Rx_ISR.c ****     cyisraddress * ramVectorTable;
 227:.\Generated_Source\PSoC5/UART_Rx_ISR.c **** 
 228:.\Generated_Source\PSoC5/UART_Rx_ISR.c ****     ramVectorTable = (cyisraddress *) *CYINT_VECT_TABLE;
 229:.\Generated_Source\PSoC5/UART_Rx_ISR.c **** 
 230:.\Generated_Source\PSoC5/UART_Rx_ISR.c ****     return ramVectorTable[CYINT_IRQ_BASE + (uint32)UART_Rx_ISR__INTC_NUMBER];
 231:.\Generated_Source\PSoC5/UART_Rx_ISR.c **** }
 232:.\Generated_Source\PSoC5/UART_Rx_ISR.c **** 
 233:.\Generated_Source\PSoC5/UART_Rx_ISR.c **** 
 234:.\Generated_Source\PSoC5/UART_Rx_ISR.c **** /*******************************************************************************
ARM GAS  C:\Users\acer\AppData\Local\Temp\ccFDtBTV.s 			page 6


 235:.\Generated_Source\PSoC5/UART_Rx_ISR.c **** * Function Name: UART_Rx_ISR_SetPriority
 236:.\Generated_Source\PSoC5/UART_Rx_ISR.c **** ********************************************************************************
 237:.\Generated_Source\PSoC5/UART_Rx_ISR.c **** *
 238:.\Generated_Source\PSoC5/UART_Rx_ISR.c **** * Summary:
 239:.\Generated_Source\PSoC5/UART_Rx_ISR.c **** *   Sets the Priority of the Interrupt. 
 240:.\Generated_Source\PSoC5/UART_Rx_ISR.c **** *
 241:.\Generated_Source\PSoC5/UART_Rx_ISR.c **** *   Note calling UART_Rx_ISR_Start or UART_Rx_ISR_StartEx will 
 242:.\Generated_Source\PSoC5/UART_Rx_ISR.c **** *   override any effect this API would have had. This API should only be called
 243:.\Generated_Source\PSoC5/UART_Rx_ISR.c **** *   after UART_Rx_ISR_Start or UART_Rx_ISR_StartEx has been called. 
 244:.\Generated_Source\PSoC5/UART_Rx_ISR.c **** *   To set the initial priority for the component, use the Design-Wide Resources
 245:.\Generated_Source\PSoC5/UART_Rx_ISR.c **** *   Interrupt Editor.
 246:.\Generated_Source\PSoC5/UART_Rx_ISR.c **** *
 247:.\Generated_Source\PSoC5/UART_Rx_ISR.c **** *   Note This API has no effect on Non-maskable interrupt NMI).
 248:.\Generated_Source\PSoC5/UART_Rx_ISR.c **** *
 249:.\Generated_Source\PSoC5/UART_Rx_ISR.c **** * Parameters:
 250:.\Generated_Source\PSoC5/UART_Rx_ISR.c **** *   priority: Priority of the interrupt, 0 being the highest priority
 251:.\Generated_Source\PSoC5/UART_Rx_ISR.c **** *             PSoC 3 and PSoC 5LP: Priority is from 0 to 7.
 252:.\Generated_Source\PSoC5/UART_Rx_ISR.c **** *             PSoC 4: Priority is from 0 to 3.
 253:.\Generated_Source\PSoC5/UART_Rx_ISR.c **** *
 254:.\Generated_Source\PSoC5/UART_Rx_ISR.c **** * Return:
 255:.\Generated_Source\PSoC5/UART_Rx_ISR.c **** *   None
 256:.\Generated_Source\PSoC5/UART_Rx_ISR.c **** *
 257:.\Generated_Source\PSoC5/UART_Rx_ISR.c **** *******************************************************************************/
 258:.\Generated_Source\PSoC5/UART_Rx_ISR.c **** void UART_Rx_ISR_SetPriority(uint8 priority)
 259:.\Generated_Source\PSoC5/UART_Rx_ISR.c **** {
 260:.\Generated_Source\PSoC5/UART_Rx_ISR.c ****     *UART_Rx_ISR_INTC_PRIOR = priority << 5;
 261:.\Generated_Source\PSoC5/UART_Rx_ISR.c **** }
 262:.\Generated_Source\PSoC5/UART_Rx_ISR.c **** 
 263:.\Generated_Source\PSoC5/UART_Rx_ISR.c **** 
 264:.\Generated_Source\PSoC5/UART_Rx_ISR.c **** /*******************************************************************************
 265:.\Generated_Source\PSoC5/UART_Rx_ISR.c **** * Function Name: UART_Rx_ISR_GetPriority
 266:.\Generated_Source\PSoC5/UART_Rx_ISR.c **** ********************************************************************************
 267:.\Generated_Source\PSoC5/UART_Rx_ISR.c **** *
 268:.\Generated_Source\PSoC5/UART_Rx_ISR.c **** * Summary:
 269:.\Generated_Source\PSoC5/UART_Rx_ISR.c **** *   Gets the Priority of the Interrupt.
 270:.\Generated_Source\PSoC5/UART_Rx_ISR.c **** *
 271:.\Generated_Source\PSoC5/UART_Rx_ISR.c **** * Parameters:
 272:.\Generated_Source\PSoC5/UART_Rx_ISR.c **** *   None
 273:.\Generated_Source\PSoC5/UART_Rx_ISR.c **** *
 274:.\Generated_Source\PSoC5/UART_Rx_ISR.c **** * Return:
 275:.\Generated_Source\PSoC5/UART_Rx_ISR.c **** *   Priority of the interrupt, 0 being the highest priority
 276:.\Generated_Source\PSoC5/UART_Rx_ISR.c **** *    PSoC 3 and PSoC 5LP: Priority is from 0 to 7.
 277:.\Generated_Source\PSoC5/UART_Rx_ISR.c **** *    PSoC 4: Priority is from 0 to 3.
 278:.\Generated_Source\PSoC5/UART_Rx_ISR.c **** *
 279:.\Generated_Source\PSoC5/UART_Rx_ISR.c **** *******************************************************************************/
 280:.\Generated_Source\PSoC5/UART_Rx_ISR.c **** uint8 UART_Rx_ISR_GetPriority(void)
 281:.\Generated_Source\PSoC5/UART_Rx_ISR.c **** {
 282:.\Generated_Source\PSoC5/UART_Rx_ISR.c ****     uint8 priority;
 283:.\Generated_Source\PSoC5/UART_Rx_ISR.c **** 
 284:.\Generated_Source\PSoC5/UART_Rx_ISR.c **** 
 285:.\Generated_Source\PSoC5/UART_Rx_ISR.c ****     priority = *UART_Rx_ISR_INTC_PRIOR >> 5;
 286:.\Generated_Source\PSoC5/UART_Rx_ISR.c **** 
 287:.\Generated_Source\PSoC5/UART_Rx_ISR.c ****     return priority;
 288:.\Generated_Source\PSoC5/UART_Rx_ISR.c **** }
 289:.\Generated_Source\PSoC5/UART_Rx_ISR.c **** 
 290:.\Generated_Source\PSoC5/UART_Rx_ISR.c **** 
 291:.\Generated_Source\PSoC5/UART_Rx_ISR.c **** /*******************************************************************************
ARM GAS  C:\Users\acer\AppData\Local\Temp\ccFDtBTV.s 			page 7


 292:.\Generated_Source\PSoC5/UART_Rx_ISR.c **** * Function Name: UART_Rx_ISR_Enable
 293:.\Generated_Source\PSoC5/UART_Rx_ISR.c **** ********************************************************************************
 294:.\Generated_Source\PSoC5/UART_Rx_ISR.c **** *
 295:.\Generated_Source\PSoC5/UART_Rx_ISR.c **** * Summary:
 296:.\Generated_Source\PSoC5/UART_Rx_ISR.c **** *   Enables the interrupt to the interrupt controller. Do not call this function
 297:.\Generated_Source\PSoC5/UART_Rx_ISR.c **** *   unless ISR_Start() has been called or the functionality of the ISR_Start() 
 298:.\Generated_Source\PSoC5/UART_Rx_ISR.c **** *   function, which sets the vector and the priority, has been called.
 299:.\Generated_Source\PSoC5/UART_Rx_ISR.c **** *
 300:.\Generated_Source\PSoC5/UART_Rx_ISR.c **** * Parameters:
 301:.\Generated_Source\PSoC5/UART_Rx_ISR.c **** *   None
 302:.\Generated_Source\PSoC5/UART_Rx_ISR.c **** *
 303:.\Generated_Source\PSoC5/UART_Rx_ISR.c **** * Return:
 304:.\Generated_Source\PSoC5/UART_Rx_ISR.c **** *   None
 305:.\Generated_Source\PSoC5/UART_Rx_ISR.c **** *
 306:.\Generated_Source\PSoC5/UART_Rx_ISR.c **** *******************************************************************************/
 307:.\Generated_Source\PSoC5/UART_Rx_ISR.c **** void UART_Rx_ISR_Enable(void)
 308:.\Generated_Source\PSoC5/UART_Rx_ISR.c **** {
 309:.\Generated_Source\PSoC5/UART_Rx_ISR.c ****     /* Enable the general interrupt. */
 310:.\Generated_Source\PSoC5/UART_Rx_ISR.c ****     *UART_Rx_ISR_INTC_SET_EN = UART_Rx_ISR__INTC_MASK;
 311:.\Generated_Source\PSoC5/UART_Rx_ISR.c **** }
 312:.\Generated_Source\PSoC5/UART_Rx_ISR.c **** 
 313:.\Generated_Source\PSoC5/UART_Rx_ISR.c **** 
 314:.\Generated_Source\PSoC5/UART_Rx_ISR.c **** /*******************************************************************************
 315:.\Generated_Source\PSoC5/UART_Rx_ISR.c **** * Function Name: UART_Rx_ISR_GetState
 316:.\Generated_Source\PSoC5/UART_Rx_ISR.c **** ********************************************************************************
 317:.\Generated_Source\PSoC5/UART_Rx_ISR.c **** *
 318:.\Generated_Source\PSoC5/UART_Rx_ISR.c **** * Summary:
 319:.\Generated_Source\PSoC5/UART_Rx_ISR.c **** *   Gets the state (enabled, disabled) of the Interrupt.
 320:.\Generated_Source\PSoC5/UART_Rx_ISR.c **** *
 321:.\Generated_Source\PSoC5/UART_Rx_ISR.c **** * Parameters:
 322:.\Generated_Source\PSoC5/UART_Rx_ISR.c **** *   None
 323:.\Generated_Source\PSoC5/UART_Rx_ISR.c **** *
 324:.\Generated_Source\PSoC5/UART_Rx_ISR.c **** * Return:
 325:.\Generated_Source\PSoC5/UART_Rx_ISR.c **** *   1 if enabled, 0 if disabled.
 326:.\Generated_Source\PSoC5/UART_Rx_ISR.c **** *
 327:.\Generated_Source\PSoC5/UART_Rx_ISR.c **** *******************************************************************************/
 328:.\Generated_Source\PSoC5/UART_Rx_ISR.c **** uint8 UART_Rx_ISR_GetState(void)
 329:.\Generated_Source\PSoC5/UART_Rx_ISR.c **** {
 330:.\Generated_Source\PSoC5/UART_Rx_ISR.c ****     /* Get the state of the general interrupt. */
 331:.\Generated_Source\PSoC5/UART_Rx_ISR.c ****     return ((*UART_Rx_ISR_INTC_SET_EN & (uint32)UART_Rx_ISR__INTC_MASK) != 0u) ? 1u:0u;
 332:.\Generated_Source\PSoC5/UART_Rx_ISR.c **** }
 333:.\Generated_Source\PSoC5/UART_Rx_ISR.c **** 
 334:.\Generated_Source\PSoC5/UART_Rx_ISR.c **** 
 335:.\Generated_Source\PSoC5/UART_Rx_ISR.c **** /*******************************************************************************
 336:.\Generated_Source\PSoC5/UART_Rx_ISR.c **** * Function Name: UART_Rx_ISR_Disable
 337:.\Generated_Source\PSoC5/UART_Rx_ISR.c **** ********************************************************************************
 338:.\Generated_Source\PSoC5/UART_Rx_ISR.c **** *
 339:.\Generated_Source\PSoC5/UART_Rx_ISR.c **** * Summary:
 340:.\Generated_Source\PSoC5/UART_Rx_ISR.c **** *   Disables the Interrupt in the interrupt controller.
 341:.\Generated_Source\PSoC5/UART_Rx_ISR.c **** *
 342:.\Generated_Source\PSoC5/UART_Rx_ISR.c **** * Parameters:
 343:.\Generated_Source\PSoC5/UART_Rx_ISR.c **** *   None
 344:.\Generated_Source\PSoC5/UART_Rx_ISR.c **** *
 345:.\Generated_Source\PSoC5/UART_Rx_ISR.c **** * Return:
 346:.\Generated_Source\PSoC5/UART_Rx_ISR.c **** *   None
 347:.\Generated_Source\PSoC5/UART_Rx_ISR.c **** *
 348:.\Generated_Source\PSoC5/UART_Rx_ISR.c **** *******************************************************************************/
ARM GAS  C:\Users\acer\AppData\Local\Temp\ccFDtBTV.s 			page 8


 349:.\Generated_Source\PSoC5/UART_Rx_ISR.c **** void UART_Rx_ISR_Disable(void)
 350:.\Generated_Source\PSoC5/UART_Rx_ISR.c **** {
 351:.\Generated_Source\PSoC5/UART_Rx_ISR.c ****     /* Disable the general interrupt. */
 352:.\Generated_Source\PSoC5/UART_Rx_ISR.c ****     *UART_Rx_ISR_INTC_CLR_EN = UART_Rx_ISR__INTC_MASK;
  51              		.loc 1 352 0
  52 0000 074A     		ldr	r2, .L3
  53 0002 0123     		movs	r3, #1
  54 0004 1360     		str	r3, [r2]
  55              	.LVL0:
  56              	.LBE23:
  57              	.LBE22:
  58              	.LBB24:
  59              	.LBB25:
 204:.\Generated_Source\PSoC5/UART_Rx_ISR.c **** 
  60              		.loc 1 204 0
  61 0006 02F68832 		addw	r2, r2, #2952
  62 000a 1268     		ldr	r2, [r2]
  63              	.LVL1:
 206:.\Generated_Source\PSoC5/UART_Rx_ISR.c **** }
  64              		.loc 1 206 0
  65 000c 0549     		ldr	r1, .L3+4
  66 000e 1164     		str	r1, [r2, #64]
  67              	.LVL2:
  68              	.LBE25:
  69              	.LBE24:
  70              	.LBB26:
  71              	.LBB27:
 260:.\Generated_Source\PSoC5/UART_Rx_ISR.c **** }
  72              		.loc 1 260 0
  73 0010 054A     		ldr	r2, .L3+8
  74              	.LVL3:
  75 0012 E021     		movs	r1, #224
  76 0014 1170     		strb	r1, [r2]
  77              	.LBE27:
  78              	.LBE26:
  79              	.LBB28:
  80              	.LBB29:
 310:.\Generated_Source\PSoC5/UART_Rx_ISR.c **** }
  81              		.loc 1 310 0
  82 0016 A2F54072 		sub	r2, r2, #768
  83 001a 1360     		str	r3, [r2]
  84 001c 7047     		bx	lr
  85              	.L4:
  86 001e 00BF     		.align	2
  87              	.L3:
  88 0020 80E100E0 		.word	-536813184
  89 0024 00000000 		.word	UART_Rx_ISR_Interrupt
  90 0028 00E400E0 		.word	-536812544
  91              	.LBE29:
  92              	.LBE28:
  93              		.cfi_endproc
  94              	.LFE0:
  95              		.size	UART_Rx_ISR_Start, .-UART_Rx_ISR_Start
  96              		.section	.text.UART_Rx_ISR_StartEx,"ax",%progbits
  97              		.align	1
  98              		.global	UART_Rx_ISR_StartEx
  99              		.thumb
ARM GAS  C:\Users\acer\AppData\Local\Temp\ccFDtBTV.s 			page 9


 100              		.thumb_func
 101              		.type	UART_Rx_ISR_StartEx, %function
 102              	UART_Rx_ISR_StartEx:
 103              	.LFB1:
 105:.\Generated_Source\PSoC5/UART_Rx_ISR.c ****     /* For all we know the interrupt is active. */
 104              		.loc 1 105 0
 105              		.cfi_startproc
 106              		@ args = 0, pretend = 0, frame = 0
 107              		@ frame_needed = 0, uses_anonymous_args = 0
 108              		@ link register save eliminated.
 109              	.LVL4:
 110              	.LBB30:
 111              	.LBB31:
 112              		.loc 1 352 0
 113 0000 064A     		ldr	r2, .L6
 114 0002 0123     		movs	r3, #1
 115 0004 1360     		str	r3, [r2]
 116              	.LVL5:
 117              	.LBE31:
 118              	.LBE30:
 119              	.LBB32:
 120              	.LBB33:
 204:.\Generated_Source\PSoC5/UART_Rx_ISR.c **** 
 121              		.loc 1 204 0
 122 0006 02F68832 		addw	r2, r2, #2952
 123 000a 1268     		ldr	r2, [r2]
 124              	.LVL6:
 125              	.LBE33:
 126              	.LBE32:
 127              	.LBB35:
 128              	.LBB36:
 260:.\Generated_Source\PSoC5/UART_Rx_ISR.c **** }
 129              		.loc 1 260 0
 130 000c E021     		movs	r1, #224
 131              	.LBE36:
 132              	.LBE35:
 133              	.LBB38:
 134              	.LBB34:
 206:.\Generated_Source\PSoC5/UART_Rx_ISR.c **** }
 135              		.loc 1 206 0
 136 000e 1064     		str	r0, [r2, #64]
 137              	.LVL7:
 138              	.LBE34:
 139              	.LBE38:
 140              	.LBB39:
 141              	.LBB37:
 260:.\Generated_Source\PSoC5/UART_Rx_ISR.c **** }
 142              		.loc 1 260 0
 143 0010 034A     		ldr	r2, .L6+4
 144              	.LVL8:
 145 0012 1170     		strb	r1, [r2]
 146              	.LBE37:
 147              	.LBE39:
 148              	.LBB40:
 149              	.LBB41:
 310:.\Generated_Source\PSoC5/UART_Rx_ISR.c **** }
 150              		.loc 1 310 0
ARM GAS  C:\Users\acer\AppData\Local\Temp\ccFDtBTV.s 			page 10


 151 0014 A2F54072 		sub	r2, r2, #768
 152 0018 1360     		str	r3, [r2]
 153 001a 7047     		bx	lr
 154              	.L7:
 155              		.align	2
 156              	.L6:
 157 001c 80E100E0 		.word	-536813184
 158 0020 00E400E0 		.word	-536812544
 159              	.LBE41:
 160              	.LBE40:
 161              		.cfi_endproc
 162              	.LFE1:
 163              		.size	UART_Rx_ISR_StartEx, .-UART_Rx_ISR_StartEx
 164              		.section	.text.UART_Rx_ISR_Stop,"ax",%progbits
 165              		.align	1
 166              		.global	UART_Rx_ISR_Stop
 167              		.thumb
 168              		.thumb_func
 169              		.type	UART_Rx_ISR_Stop, %function
 170              	UART_Rx_ISR_Stop:
 171              	.LFB2:
 135:.\Generated_Source\PSoC5/UART_Rx_ISR.c ****     /* Disable this interrupt. */
 172              		.loc 1 135 0
 173              		.cfi_startproc
 174              		@ args = 0, pretend = 0, frame = 0
 175              		@ frame_needed = 0, uses_anonymous_args = 0
 176              		@ link register save eliminated.
 177              	.LBB42:
 178              	.LBB43:
 179              		.loc 1 352 0
 180 0000 044B     		ldr	r3, .L9
 181 0002 0122     		movs	r2, #1
 182 0004 1A60     		str	r2, [r3]
 183              	.LVL9:
 184              	.LBE43:
 185              	.LBE42:
 186              	.LBB44:
 187              	.LBB45:
 204:.\Generated_Source\PSoC5/UART_Rx_ISR.c **** 
 188              		.loc 1 204 0
 189 0006 03F68833 		addw	r3, r3, #2952
 190 000a 1B68     		ldr	r3, [r3]
 191              	.LVL10:
 206:.\Generated_Source\PSoC5/UART_Rx_ISR.c **** }
 192              		.loc 1 206 0
 193 000c 024A     		ldr	r2, .L9+4
 194 000e 1A64     		str	r2, [r3, #64]
 195 0010 7047     		bx	lr
 196              	.L10:
 197 0012 00BF     		.align	2
 198              	.L9:
 199 0014 80E100E0 		.word	-536813184
 200 0018 00000000 		.word	IntDefaultHandler
 201              	.LBE45:
 202              	.LBE44:
 203              		.cfi_endproc
 204              	.LFE2:
ARM GAS  C:\Users\acer\AppData\Local\Temp\ccFDtBTV.s 			page 11


 205              		.size	UART_Rx_ISR_Stop, .-UART_Rx_ISR_Stop
 206              		.section	.text.UART_Rx_ISR_SetVector,"ax",%progbits
 207              		.align	1
 208              		.global	UART_Rx_ISR_SetVector
 209              		.thumb
 210              		.thumb_func
 211              		.type	UART_Rx_ISR_SetVector, %function
 212              	UART_Rx_ISR_SetVector:
 213              	.LFB4:
 201:.\Generated_Source\PSoC5/UART_Rx_ISR.c ****     cyisraddress * ramVectorTable;
 214              		.loc 1 201 0
 215              		.cfi_startproc
 216              		@ args = 0, pretend = 0, frame = 0
 217              		@ frame_needed = 0, uses_anonymous_args = 0
 218              		@ link register save eliminated.
 219              	.LVL11:
 204:.\Generated_Source\PSoC5/UART_Rx_ISR.c **** 
 220              		.loc 1 204 0
 221 0000 014B     		ldr	r3, .L12
 222 0002 1B68     		ldr	r3, [r3]
 223              	.LVL12:
 206:.\Generated_Source\PSoC5/UART_Rx_ISR.c **** }
 224              		.loc 1 206 0
 225 0004 1864     		str	r0, [r3, #64]
 226 0006 7047     		bx	lr
 227              	.L13:
 228              		.align	2
 229              	.L12:
 230 0008 08ED00E0 		.word	-536810232
 231              		.cfi_endproc
 232              	.LFE4:
 233              		.size	UART_Rx_ISR_SetVector, .-UART_Rx_ISR_SetVector
 234              		.section	.text.UART_Rx_ISR_GetVector,"ax",%progbits
 235              		.align	1
 236              		.global	UART_Rx_ISR_GetVector
 237              		.thumb
 238              		.thumb_func
 239              		.type	UART_Rx_ISR_GetVector, %function
 240              	UART_Rx_ISR_GetVector:
 241              	.LFB5:
 225:.\Generated_Source\PSoC5/UART_Rx_ISR.c ****     cyisraddress * ramVectorTable;
 242              		.loc 1 225 0
 243              		.cfi_startproc
 244              		@ args = 0, pretend = 0, frame = 0
 245              		@ frame_needed = 0, uses_anonymous_args = 0
 246              		@ link register save eliminated.
 247              	.LVL13:
 228:.\Generated_Source\PSoC5/UART_Rx_ISR.c **** 
 248              		.loc 1 228 0
 249 0000 014B     		ldr	r3, .L15
 250              	.LVL14:
 230:.\Generated_Source\PSoC5/UART_Rx_ISR.c **** }
 251              		.loc 1 230 0
 252 0002 1B68     		ldr	r3, [r3]
 253              	.LVL15:
 231:.\Generated_Source\PSoC5/UART_Rx_ISR.c **** 
 254              		.loc 1 231 0
ARM GAS  C:\Users\acer\AppData\Local\Temp\ccFDtBTV.s 			page 12


 255 0004 186C     		ldr	r0, [r3, #64]
 256 0006 7047     		bx	lr
 257              	.L16:
 258              		.align	2
 259              	.L15:
 260 0008 08ED00E0 		.word	-536810232
 261              		.cfi_endproc
 262              	.LFE5:
 263              		.size	UART_Rx_ISR_GetVector, .-UART_Rx_ISR_GetVector
 264              		.section	.text.UART_Rx_ISR_SetPriority,"ax",%progbits
 265              		.align	1
 266              		.global	UART_Rx_ISR_SetPriority
 267              		.thumb
 268              		.thumb_func
 269              		.type	UART_Rx_ISR_SetPriority, %function
 270              	UART_Rx_ISR_SetPriority:
 271              	.LFB6:
 259:.\Generated_Source\PSoC5/UART_Rx_ISR.c ****     *UART_Rx_ISR_INTC_PRIOR = priority << 5;
 272              		.loc 1 259 0
 273              		.cfi_startproc
 274              		@ args = 0, pretend = 0, frame = 0
 275              		@ frame_needed = 0, uses_anonymous_args = 0
 276              		@ link register save eliminated.
 277              	.LVL16:
 260:.\Generated_Source\PSoC5/UART_Rx_ISR.c **** }
 278              		.loc 1 260 0
 279 0000 4001     		lsls	r0, r0, #5
 280              	.LVL17:
 281 0002 024B     		ldr	r3, .L18
 282 0004 C0B2     		uxtb	r0, r0
 283 0006 1870     		strb	r0, [r3]
 284 0008 7047     		bx	lr
 285              	.L19:
 286 000a 00BF     		.align	2
 287              	.L18:
 288 000c 00E400E0 		.word	-536812544
 289              		.cfi_endproc
 290              	.LFE6:
 291              		.size	UART_Rx_ISR_SetPriority, .-UART_Rx_ISR_SetPriority
 292              		.section	.text.UART_Rx_ISR_GetPriority,"ax",%progbits
 293              		.align	1
 294              		.global	UART_Rx_ISR_GetPriority
 295              		.thumb
 296              		.thumb_func
 297              		.type	UART_Rx_ISR_GetPriority, %function
 298              	UART_Rx_ISR_GetPriority:
 299              	.LFB7:
 281:.\Generated_Source\PSoC5/UART_Rx_ISR.c ****     uint8 priority;
 300              		.loc 1 281 0
 301              		.cfi_startproc
 302              		@ args = 0, pretend = 0, frame = 0
 303              		@ frame_needed = 0, uses_anonymous_args = 0
 304              		@ link register save eliminated.
 285:.\Generated_Source\PSoC5/UART_Rx_ISR.c **** 
 305              		.loc 1 285 0
 306 0000 014B     		ldr	r3, .L21
 307 0002 1878     		ldrb	r0, [r3]	@ zero_extendqisi2
ARM GAS  C:\Users\acer\AppData\Local\Temp\ccFDtBTV.s 			page 13


 308              	.LVL18:
 288:.\Generated_Source\PSoC5/UART_Rx_ISR.c **** 
 309              		.loc 1 288 0
 310 0004 4009     		lsrs	r0, r0, #5
 311              	.LVL19:
 312 0006 7047     		bx	lr
 313              	.L22:
 314              		.align	2
 315              	.L21:
 316 0008 00E400E0 		.word	-536812544
 317              		.cfi_endproc
 318              	.LFE7:
 319              		.size	UART_Rx_ISR_GetPriority, .-UART_Rx_ISR_GetPriority
 320              		.section	.text.UART_Rx_ISR_Enable,"ax",%progbits
 321              		.align	1
 322              		.global	UART_Rx_ISR_Enable
 323              		.thumb
 324              		.thumb_func
 325              		.type	UART_Rx_ISR_Enable, %function
 326              	UART_Rx_ISR_Enable:
 327              	.LFB8:
 308:.\Generated_Source\PSoC5/UART_Rx_ISR.c ****     /* Enable the general interrupt. */
 328              		.loc 1 308 0
 329              		.cfi_startproc
 330              		@ args = 0, pretend = 0, frame = 0
 331              		@ frame_needed = 0, uses_anonymous_args = 0
 332              		@ link register save eliminated.
 310:.\Generated_Source\PSoC5/UART_Rx_ISR.c **** }
 333              		.loc 1 310 0
 334 0000 014B     		ldr	r3, .L24
 335 0002 0122     		movs	r2, #1
 336 0004 1A60     		str	r2, [r3]
 337 0006 7047     		bx	lr
 338              	.L25:
 339              		.align	2
 340              	.L24:
 341 0008 00E100E0 		.word	-536813312
 342              		.cfi_endproc
 343              	.LFE8:
 344              		.size	UART_Rx_ISR_Enable, .-UART_Rx_ISR_Enable
 345              		.section	.text.UART_Rx_ISR_GetState,"ax",%progbits
 346              		.align	1
 347              		.global	UART_Rx_ISR_GetState
 348              		.thumb
 349              		.thumb_func
 350              		.type	UART_Rx_ISR_GetState, %function
 351              	UART_Rx_ISR_GetState:
 352              	.LFB9:
 329:.\Generated_Source\PSoC5/UART_Rx_ISR.c ****     /* Get the state of the general interrupt. */
 353              		.loc 1 329 0
 354              		.cfi_startproc
 355              		@ args = 0, pretend = 0, frame = 0
 356              		@ frame_needed = 0, uses_anonymous_args = 0
 357              		@ link register save eliminated.
 331:.\Generated_Source\PSoC5/UART_Rx_ISR.c **** }
 358              		.loc 1 331 0
 359 0000 024B     		ldr	r3, .L27
ARM GAS  C:\Users\acer\AppData\Local\Temp\ccFDtBTV.s 			page 14


 360 0002 1868     		ldr	r0, [r3]
 332:.\Generated_Source\PSoC5/UART_Rx_ISR.c **** 
 361              		.loc 1 332 0
 362 0004 00F00100 		and	r0, r0, #1
 363 0008 7047     		bx	lr
 364              	.L28:
 365 000a 00BF     		.align	2
 366              	.L27:
 367 000c 00E100E0 		.word	-536813312
 368              		.cfi_endproc
 369              	.LFE9:
 370              		.size	UART_Rx_ISR_GetState, .-UART_Rx_ISR_GetState
 371              		.section	.text.UART_Rx_ISR_Disable,"ax",%progbits
 372              		.align	1
 373              		.global	UART_Rx_ISR_Disable
 374              		.thumb
 375              		.thumb_func
 376              		.type	UART_Rx_ISR_Disable, %function
 377              	UART_Rx_ISR_Disable:
 378              	.LFB10:
 350:.\Generated_Source\PSoC5/UART_Rx_ISR.c ****     /* Disable the general interrupt. */
 379              		.loc 1 350 0
 380              		.cfi_startproc
 381              		@ args = 0, pretend = 0, frame = 0
 382              		@ frame_needed = 0, uses_anonymous_args = 0
 383              		@ link register save eliminated.
 384              		.loc 1 352 0
 385 0000 014B     		ldr	r3, .L30
 386 0002 0122     		movs	r2, #1
 387 0004 1A60     		str	r2, [r3]
 388 0006 7047     		bx	lr
 389              	.L31:
 390              		.align	2
 391              	.L30:
 392 0008 80E100E0 		.word	-536813184
 393              		.cfi_endproc
 394              	.LFE10:
 395              		.size	UART_Rx_ISR_Disable, .-UART_Rx_ISR_Disable
 396              		.section	.text.UART_Rx_ISR_SetPending,"ax",%progbits
 397              		.align	1
 398              		.global	UART_Rx_ISR_SetPending
 399              		.thumb
 400              		.thumb_func
 401              		.type	UART_Rx_ISR_SetPending, %function
 402              	UART_Rx_ISR_SetPending:
 403              	.LFB11:
 353:.\Generated_Source\PSoC5/UART_Rx_ISR.c **** }
 354:.\Generated_Source\PSoC5/UART_Rx_ISR.c **** 
 355:.\Generated_Source\PSoC5/UART_Rx_ISR.c **** 
 356:.\Generated_Source\PSoC5/UART_Rx_ISR.c **** /*******************************************************************************
 357:.\Generated_Source\PSoC5/UART_Rx_ISR.c **** * Function Name: UART_Rx_ISR_SetPending
 358:.\Generated_Source\PSoC5/UART_Rx_ISR.c **** ********************************************************************************
 359:.\Generated_Source\PSoC5/UART_Rx_ISR.c **** *
 360:.\Generated_Source\PSoC5/UART_Rx_ISR.c **** * Summary:
 361:.\Generated_Source\PSoC5/UART_Rx_ISR.c **** *   Causes the Interrupt to enter the pending state, a software method of
 362:.\Generated_Source\PSoC5/UART_Rx_ISR.c **** *   generating the interrupt.
 363:.\Generated_Source\PSoC5/UART_Rx_ISR.c **** *
ARM GAS  C:\Users\acer\AppData\Local\Temp\ccFDtBTV.s 			page 15


 364:.\Generated_Source\PSoC5/UART_Rx_ISR.c **** * Parameters:
 365:.\Generated_Source\PSoC5/UART_Rx_ISR.c **** *   None
 366:.\Generated_Source\PSoC5/UART_Rx_ISR.c **** *
 367:.\Generated_Source\PSoC5/UART_Rx_ISR.c **** * Return:
 368:.\Generated_Source\PSoC5/UART_Rx_ISR.c **** *   None
 369:.\Generated_Source\PSoC5/UART_Rx_ISR.c **** *
 370:.\Generated_Source\PSoC5/UART_Rx_ISR.c **** * Side Effects:
 371:.\Generated_Source\PSoC5/UART_Rx_ISR.c **** *   If interrupts are enabled and the interrupt is set up properly, the ISR is
 372:.\Generated_Source\PSoC5/UART_Rx_ISR.c **** *   entered (depending on the priority of this interrupt and other pending 
 373:.\Generated_Source\PSoC5/UART_Rx_ISR.c **** *   interrupts).
 374:.\Generated_Source\PSoC5/UART_Rx_ISR.c **** *
 375:.\Generated_Source\PSoC5/UART_Rx_ISR.c **** *******************************************************************************/
 376:.\Generated_Source\PSoC5/UART_Rx_ISR.c **** void UART_Rx_ISR_SetPending(void)
 377:.\Generated_Source\PSoC5/UART_Rx_ISR.c **** {
 404              		.loc 1 377 0
 405              		.cfi_startproc
 406              		@ args = 0, pretend = 0, frame = 0
 407              		@ frame_needed = 0, uses_anonymous_args = 0
 408              		@ link register save eliminated.
 378:.\Generated_Source\PSoC5/UART_Rx_ISR.c ****     *UART_Rx_ISR_INTC_SET_PD = UART_Rx_ISR__INTC_MASK;
 409              		.loc 1 378 0
 410 0000 014B     		ldr	r3, .L33
 411 0002 0122     		movs	r2, #1
 412 0004 1A60     		str	r2, [r3]
 413 0006 7047     		bx	lr
 414              	.L34:
 415              		.align	2
 416              	.L33:
 417 0008 00E200E0 		.word	-536813056
 418              		.cfi_endproc
 419              	.LFE11:
 420              		.size	UART_Rx_ISR_SetPending, .-UART_Rx_ISR_SetPending
 421              		.section	.text.UART_Rx_ISR_ClearPending,"ax",%progbits
 422              		.align	1
 423              		.global	UART_Rx_ISR_ClearPending
 424              		.thumb
 425              		.thumb_func
 426              		.type	UART_Rx_ISR_ClearPending, %function
 427              	UART_Rx_ISR_ClearPending:
 428              	.LFB12:
 379:.\Generated_Source\PSoC5/UART_Rx_ISR.c **** }
 380:.\Generated_Source\PSoC5/UART_Rx_ISR.c **** 
 381:.\Generated_Source\PSoC5/UART_Rx_ISR.c **** 
 382:.\Generated_Source\PSoC5/UART_Rx_ISR.c **** /*******************************************************************************
 383:.\Generated_Source\PSoC5/UART_Rx_ISR.c **** * Function Name: UART_Rx_ISR_ClearPending
 384:.\Generated_Source\PSoC5/UART_Rx_ISR.c **** ********************************************************************************
 385:.\Generated_Source\PSoC5/UART_Rx_ISR.c **** *
 386:.\Generated_Source\PSoC5/UART_Rx_ISR.c **** * Summary:
 387:.\Generated_Source\PSoC5/UART_Rx_ISR.c **** *   Clears a pending interrupt in the interrupt controller.
 388:.\Generated_Source\PSoC5/UART_Rx_ISR.c **** *
 389:.\Generated_Source\PSoC5/UART_Rx_ISR.c **** *   Note Some interrupt sources are clear-on-read and require the block 
 390:.\Generated_Source\PSoC5/UART_Rx_ISR.c **** *   interrupt/status register to be read/cleared with the appropriate block API 
 391:.\Generated_Source\PSoC5/UART_Rx_ISR.c **** *   (GPIO, UART, and so on). Otherwise the ISR will continue to remain in 
 392:.\Generated_Source\PSoC5/UART_Rx_ISR.c **** *   pending state even though the interrupt itself is cleared using this API.
 393:.\Generated_Source\PSoC5/UART_Rx_ISR.c **** *
 394:.\Generated_Source\PSoC5/UART_Rx_ISR.c **** * Parameters:
 395:.\Generated_Source\PSoC5/UART_Rx_ISR.c **** *   None
ARM GAS  C:\Users\acer\AppData\Local\Temp\ccFDtBTV.s 			page 16


 396:.\Generated_Source\PSoC5/UART_Rx_ISR.c **** *
 397:.\Generated_Source\PSoC5/UART_Rx_ISR.c **** * Return:
 398:.\Generated_Source\PSoC5/UART_Rx_ISR.c **** *   None
 399:.\Generated_Source\PSoC5/UART_Rx_ISR.c **** *
 400:.\Generated_Source\PSoC5/UART_Rx_ISR.c **** *******************************************************************************/
 401:.\Generated_Source\PSoC5/UART_Rx_ISR.c **** void UART_Rx_ISR_ClearPending(void)
 402:.\Generated_Source\PSoC5/UART_Rx_ISR.c **** {
 429              		.loc 1 402 0
 430              		.cfi_startproc
 431              		@ args = 0, pretend = 0, frame = 0
 432              		@ frame_needed = 0, uses_anonymous_args = 0
 433              		@ link register save eliminated.
 403:.\Generated_Source\PSoC5/UART_Rx_ISR.c ****     *UART_Rx_ISR_INTC_CLR_PD = UART_Rx_ISR__INTC_MASK;
 434              		.loc 1 403 0
 435 0000 014B     		ldr	r3, .L36
 436 0002 0122     		movs	r2, #1
 437 0004 1A60     		str	r2, [r3]
 438 0006 7047     		bx	lr
 439              	.L37:
 440              		.align	2
 441              	.L36:
 442 0008 80E200E0 		.word	-536812928
 443              		.cfi_endproc
 444              	.LFE12:
 445              		.size	UART_Rx_ISR_ClearPending, .-UART_Rx_ISR_ClearPending
 446              		.text
 447              	.Letext0:
 448              		.file 2 "Generated_Source\\PSoC5/cytypes.h"
 449              		.section	.debug_info,"",%progbits
 450              	.Ldebug_info0:
 451 0000 71030000 		.4byte	0x371
 452 0004 0400     		.2byte	0x4
 453 0006 00000000 		.4byte	.Ldebug_abbrev0
 454 000a 04       		.byte	0x4
 455 000b 01       		.uleb128 0x1
 456 000c 58020000 		.4byte	.LASF33
 457 0010 01       		.byte	0x1
 458 0011 56000000 		.4byte	.LASF34
 459 0015 5F010000 		.4byte	.LASF35
 460 0019 30000000 		.4byte	.Ldebug_ranges0+0x30
 461 001d 00000000 		.4byte	0
 462 0021 00000000 		.4byte	.Ldebug_line0
 463 0025 02       		.uleb128 0x2
 464 0026 04       		.byte	0x4
 465 0027 05       		.byte	0x5
 466 0028 696E7400 		.ascii	"int\000"
 467 002c 03       		.uleb128 0x3
 468 002d 04       		.byte	0x4
 469 002e 07       		.byte	0x7
 470 002f 33010000 		.4byte	.LASF0
 471 0033 03       		.uleb128 0x3
 472 0034 01       		.byte	0x1
 473 0035 06       		.byte	0x6
 474 0036 08030000 		.4byte	.LASF1
 475 003a 03       		.uleb128 0x3
 476 003b 01       		.byte	0x1
 477 003c 08       		.byte	0x8
ARM GAS  C:\Users\acer\AppData\Local\Temp\ccFDtBTV.s 			page 17


 478 003d AE000000 		.4byte	.LASF2
 479 0041 03       		.uleb128 0x3
 480 0042 02       		.byte	0x2
 481 0043 05       		.byte	0x5
 482 0044 4E020000 		.4byte	.LASF3
 483 0048 03       		.uleb128 0x3
 484 0049 02       		.byte	0x2
 485 004a 07       		.byte	0x7
 486 004b 31000000 		.4byte	.LASF4
 487 004f 03       		.uleb128 0x3
 488 0050 04       		.byte	0x4
 489 0051 05       		.byte	0x5
 490 0052 FF020000 		.4byte	.LASF5
 491 0056 03       		.uleb128 0x3
 492 0057 04       		.byte	0x4
 493 0058 07       		.byte	0x7
 494 0059 C1000000 		.4byte	.LASF6
 495 005d 03       		.uleb128 0x3
 496 005e 08       		.byte	0x8
 497 005f 05       		.byte	0x5
 498 0060 2C020000 		.4byte	.LASF7
 499 0064 03       		.uleb128 0x3
 500 0065 08       		.byte	0x8
 501 0066 07       		.byte	0x7
 502 0067 48010000 		.4byte	.LASF8
 503 006b 03       		.uleb128 0x3
 504 006c 04       		.byte	0x4
 505 006d 07       		.byte	0x7
 506 006e 23020000 		.4byte	.LASF9
 507 0072 04       		.uleb128 0x4
 508 0073 04       		.byte	0x4
 509 0074 78000000 		.4byte	0x78
 510 0078 05       		.uleb128 0x5
 511 0079 03       		.uleb128 0x3
 512 007a 01       		.byte	0x1
 513 007b 08       		.byte	0x8
 514 007c 3A020000 		.4byte	.LASF10
 515 0080 06       		.uleb128 0x6
 516 0081 D3000000 		.4byte	.LASF11
 517 0085 02       		.byte	0x2
 518 0086 A1       		.byte	0xa1
 519 0087 3A000000 		.4byte	0x3a
 520 008b 06       		.uleb128 0x6
 521 008c 14010000 		.4byte	.LASF12
 522 0090 02       		.byte	0x2
 523 0091 A3       		.byte	0xa3
 524 0092 56000000 		.4byte	0x56
 525 0096 03       		.uleb128 0x3
 526 0097 04       		.byte	0x4
 527 0098 04       		.byte	0x4
 528 0099 7D000000 		.4byte	.LASF13
 529 009d 03       		.uleb128 0x3
 530 009e 08       		.byte	0x8
 531 009f 04       		.byte	0x4
 532 00a0 E2000000 		.4byte	.LASF14
 533 00a4 07       		.uleb128 0x7
 534 00a5 BC000000 		.4byte	.LASF15
ARM GAS  C:\Users\acer\AppData\Local\Temp\ccFDtBTV.s 			page 18


 535 00a9 02       		.byte	0x2
 536 00aa 4B01     		.2byte	0x14b
 537 00ac B0000000 		.4byte	0xb0
 538 00b0 08       		.uleb128 0x8
 539 00b1 80000000 		.4byte	0x80
 540 00b5 07       		.uleb128 0x7
 541 00b6 00000000 		.4byte	.LASF16
 542 00ba 02       		.byte	0x2
 543 00bb 4D01     		.2byte	0x14d
 544 00bd C1000000 		.4byte	0xc1
 545 00c1 08       		.uleb128 0x8
 546 00c2 8B000000 		.4byte	0x8b
 547 00c6 07       		.uleb128 0x7
 548 00c7 D6010000 		.4byte	.LASF17
 549 00cb 02       		.byte	0x2
 550 00cc 5D01     		.2byte	0x15d
 551 00ce 72000000 		.4byte	0x72
 552 00d2 09       		.uleb128 0x9
 553 00d3 0F020000 		.4byte	.LASF22
 554 00d7 01       		.byte	0x1
 555 00d8 5D01     		.2byte	0x15d
 556 00da 01       		.byte	0x1
 557 00db 0A       		.uleb128 0xa
 558 00dc 83000000 		.4byte	.LASF18
 559 00e0 01       		.byte	0x1
 560 00e1 C8       		.byte	0xc8
 561 00e2 01       		.byte	0x1
 562 00e3 FE000000 		.4byte	0xfe
 563 00e7 0B       		.uleb128 0xb
 564 00e8 40010000 		.4byte	.LASF20
 565 00ec 01       		.byte	0x1
 566 00ed C8       		.byte	0xc8
 567 00ee C6000000 		.4byte	0xc6
 568 00f2 0C       		.uleb128 0xc
 569 00f3 3F020000 		.4byte	.LASF29
 570 00f7 01       		.byte	0x1
 571 00f8 CA       		.byte	0xca
 572 00f9 FE000000 		.4byte	0xfe
 573 00fd 00       		.byte	0
 574 00fe 04       		.uleb128 0x4
 575 00ff 04       		.byte	0x4
 576 0100 C6000000 		.4byte	0xc6
 577 0104 0D       		.uleb128 0xd
 578 0105 1B010000 		.4byte	.LASF19
 579 0109 01       		.byte	0x1
 580 010a 0201     		.2byte	0x102
 581 010c 01       		.byte	0x1
 582 010d 1E010000 		.4byte	0x11e
 583 0111 0E       		.uleb128 0xe
 584 0112 D9000000 		.4byte	.LASF21
 585 0116 01       		.byte	0x1
 586 0117 0201     		.2byte	0x102
 587 0119 80000000 		.4byte	0x80
 588 011d 00       		.byte	0
 589 011e 09       		.uleb128 0x9
 590 011f 06000000 		.4byte	.LASF23
 591 0123 01       		.byte	0x1
ARM GAS  C:\Users\acer\AppData\Local\Temp\ccFDtBTV.s 			page 19


 592 0124 3301     		.2byte	0x133
 593 0126 01       		.byte	0x1
 594 0127 0F       		.uleb128 0xf
 595 0128 F9010000 		.4byte	.LASF30
 596 012c 01       		.byte	0x1
 597 012d A0       		.byte	0xa0
 598 012e 00000000 		.4byte	.LFB3
 599 0132 02000000 		.4byte	.LFE3-.LFB3
 600 0136 01       		.uleb128 0x1
 601 0137 9C       		.byte	0x9c
 602 0138 10       		.uleb128 0x10
 603 0139 44000000 		.4byte	.LASF24
 604 013d 01       		.byte	0x1
 605 013e 3D       		.byte	0x3d
 606 013f 00000000 		.4byte	.LFB0
 607 0143 2C000000 		.4byte	.LFE0-.LFB0
 608 0147 01       		.uleb128 0x1
 609 0148 9C       		.byte	0x9c
 610 0149 B9010000 		.4byte	0x1b9
 611 014d 11       		.uleb128 0x11
 612 014e D2000000 		.4byte	0xd2
 613 0152 00000000 		.4byte	.LBB22
 614 0156 06000000 		.4byte	.LBE22-.LBB22
 615 015a 01       		.byte	0x1
 616 015b 40       		.byte	0x40
 617 015c 12       		.uleb128 0x12
 618 015d DB000000 		.4byte	0xdb
 619 0161 06000000 		.4byte	.LBB24
 620 0165 0A000000 		.4byte	.LBE24-.LBB24
 621 0169 01       		.byte	0x1
 622 016a 43       		.byte	0x43
 623 016b 8F010000 		.4byte	0x18f
 624 016f 13       		.uleb128 0x13
 625 0170 E7000000 		.4byte	0xe7
 626 0174 06       		.uleb128 0x6
 627 0175 03       		.byte	0x3
 628 0176 00000000 		.4byte	UART_Rx_ISR_Interrupt
 629 017a 9F       		.byte	0x9f
 630 017b 14       		.uleb128 0x14
 631 017c 06000000 		.4byte	.LBB25
 632 0180 0A000000 		.4byte	.LBE25-.LBB25
 633 0184 15       		.uleb128 0x15
 634 0185 F2000000 		.4byte	0xf2
 635 0189 00000000 		.4byte	.LLST0
 636 018d 00       		.byte	0
 637 018e 00       		.byte	0
 638 018f 12       		.uleb128 0x12
 639 0190 04010000 		.4byte	0x104
 640 0194 10000000 		.4byte	.LBB26
 641 0198 06000000 		.4byte	.LBE26-.LBB26
 642 019c 01       		.byte	0x1
 643 019d 46       		.byte	0x46
 644 019e A9010000 		.4byte	0x1a9
 645 01a2 16       		.uleb128 0x16
 646 01a3 11010000 		.4byte	0x111
 647 01a7 07       		.byte	0x7
 648 01a8 00       		.byte	0
ARM GAS  C:\Users\acer\AppData\Local\Temp\ccFDtBTV.s 			page 20


 649 01a9 11       		.uleb128 0x11
 650 01aa 1E010000 		.4byte	0x11e
 651 01ae 16000000 		.4byte	.LBB28
 652 01b2 16000000 		.4byte	.LBE28-.LBB28
 653 01b6 01       		.byte	0x1
 654 01b7 49       		.byte	0x49
 655 01b8 00       		.byte	0
 656 01b9 10       		.uleb128 0x10
 657 01ba 00010000 		.4byte	.LASF25
 658 01be 01       		.byte	0x1
 659 01bf 68       		.byte	0x68
 660 01c0 00000000 		.4byte	.LFB1
 661 01c4 24000000 		.4byte	.LFE1-.LFB1
 662 01c8 01       		.uleb128 0x1
 663 01c9 9C       		.byte	0x9c
 664 01ca 3E020000 		.4byte	0x23e
 665 01ce 17       		.uleb128 0x17
 666 01cf 40010000 		.4byte	.LASF20
 667 01d3 01       		.byte	0x1
 668 01d4 68       		.byte	0x68
 669 01d5 C6000000 		.4byte	0xc6
 670 01d9 01       		.uleb128 0x1
 671 01da 50       		.byte	0x50
 672 01db 11       		.uleb128 0x11
 673 01dc D2000000 		.4byte	0xd2
 674 01e0 00000000 		.4byte	.LBB30
 675 01e4 06000000 		.4byte	.LBE30-.LBB30
 676 01e8 01       		.byte	0x1
 677 01e9 6B       		.byte	0x6b
 678 01ea 18       		.uleb128 0x18
 679 01eb DB000000 		.4byte	0xdb
 680 01ef 06000000 		.4byte	.LBB32
 681 01f3 00000000 		.4byte	.Ldebug_ranges0+0
 682 01f7 01       		.byte	0x1
 683 01f8 6E       		.byte	0x6e
 684 01f9 14020000 		.4byte	0x214
 685 01fd 13       		.uleb128 0x13
 686 01fe E7000000 		.4byte	0xe7
 687 0202 01       		.uleb128 0x1
 688 0203 50       		.byte	0x50
 689 0204 19       		.uleb128 0x19
 690 0205 00000000 		.4byte	.Ldebug_ranges0+0
 691 0209 15       		.uleb128 0x15
 692 020a F2000000 		.4byte	0xf2
 693 020e 13000000 		.4byte	.LLST1
 694 0212 00       		.byte	0
 695 0213 00       		.byte	0
 696 0214 18       		.uleb128 0x18
 697 0215 04010000 		.4byte	0x104
 698 0219 0C000000 		.4byte	.LBB35
 699 021d 18000000 		.4byte	.Ldebug_ranges0+0x18
 700 0221 01       		.byte	0x1
 701 0222 71       		.byte	0x71
 702 0223 2E020000 		.4byte	0x22e
 703 0227 16       		.uleb128 0x16
 704 0228 11010000 		.4byte	0x111
 705 022c 07       		.byte	0x7
ARM GAS  C:\Users\acer\AppData\Local\Temp\ccFDtBTV.s 			page 21


 706 022d 00       		.byte	0
 707 022e 11       		.uleb128 0x11
 708 022f 1E010000 		.4byte	0x11e
 709 0233 14000000 		.4byte	.LBB40
 710 0237 10000000 		.4byte	.LBE40-.LBB40
 711 023b 01       		.byte	0x1
 712 023c 74       		.byte	0x74
 713 023d 00       		.byte	0
 714 023e 10       		.uleb128 0x10
 715 023f 14030000 		.4byte	.LASF26
 716 0243 01       		.byte	0x1
 717 0244 86       		.byte	0x86
 718 0245 00000000 		.4byte	.LFB2
 719 0249 1C000000 		.4byte	.LFE2-.LFB2
 720 024d 01       		.uleb128 0x1
 721 024e 9C       		.byte	0x9c
 722 024f 89020000 		.4byte	0x289
 723 0253 11       		.uleb128 0x11
 724 0254 D2000000 		.4byte	0xd2
 725 0258 00000000 		.4byte	.LBB42
 726 025c 06000000 		.4byte	.LBE42-.LBB42
 727 0260 01       		.byte	0x1
 728 0261 89       		.byte	0x89
 729 0262 1A       		.uleb128 0x1a
 730 0263 DB000000 		.4byte	0xdb
 731 0267 06000000 		.4byte	.LBB44
 732 026b 16000000 		.4byte	.LBE44-.LBB44
 733 026f 01       		.byte	0x1
 734 0270 8C       		.byte	0x8c
 735 0271 1B       		.uleb128 0x1b
 736 0272 E7000000 		.4byte	0xe7
 737 0276 14       		.uleb128 0x14
 738 0277 06000000 		.4byte	.LBB45
 739 027b 16000000 		.4byte	.LBE45-.LBB45
 740 027f 1C       		.uleb128 0x1c
 741 0280 F2000000 		.4byte	0xf2
 742 0284 01       		.uleb128 0x1
 743 0285 53       		.byte	0x53
 744 0286 00       		.byte	0
 745 0287 00       		.byte	0
 746 0288 00       		.byte	0
 747 0289 1D       		.uleb128 0x1d
 748 028a DB000000 		.4byte	0xdb
 749 028e 00000000 		.4byte	.LFB4
 750 0292 0C000000 		.4byte	.LFE4-.LFB4
 751 0296 01       		.uleb128 0x1
 752 0297 9C       		.byte	0x9c
 753 0298 AB020000 		.4byte	0x2ab
 754 029c 13       		.uleb128 0x13
 755 029d E7000000 		.4byte	0xe7
 756 02a1 01       		.uleb128 0x1
 757 02a2 50       		.byte	0x50
 758 02a3 1C       		.uleb128 0x1c
 759 02a4 F2000000 		.4byte	0xf2
 760 02a8 01       		.uleb128 0x1
 761 02a9 53       		.byte	0x53
 762 02aa 00       		.byte	0
ARM GAS  C:\Users\acer\AppData\Local\Temp\ccFDtBTV.s 			page 22


 763 02ab 1E       		.uleb128 0x1e
 764 02ac E3010000 		.4byte	.LASF27
 765 02b0 01       		.byte	0x1
 766 02b1 E0       		.byte	0xe0
 767 02b2 C6000000 		.4byte	0xc6
 768 02b6 00000000 		.4byte	.LFB5
 769 02ba 0C000000 		.4byte	.LFE5-.LFB5
 770 02be 01       		.uleb128 0x1
 771 02bf 9C       		.byte	0x9c
 772 02c0 D4020000 		.4byte	0x2d4
 773 02c4 1F       		.uleb128 0x1f
 774 02c5 3F020000 		.4byte	.LASF29
 775 02c9 01       		.byte	0x1
 776 02ca E2       		.byte	0xe2
 777 02cb FE000000 		.4byte	0xfe
 778 02cf 26000000 		.4byte	.LLST2
 779 02d3 00       		.byte	0
 780 02d4 1D       		.uleb128 0x1d
 781 02d5 04010000 		.4byte	0x104
 782 02d9 00000000 		.4byte	.LFB6
 783 02dd 10000000 		.4byte	.LFE6-.LFB6
 784 02e1 01       		.uleb128 0x1
 785 02e2 9C       		.byte	0x9c
 786 02e3 F1020000 		.4byte	0x2f1
 787 02e7 20       		.uleb128 0x20
 788 02e8 11010000 		.4byte	0x111
 789 02ec 55000000 		.4byte	.LLST3
 790 02f0 00       		.byte	0
 791 02f1 21       		.uleb128 0x21
 792 02f2 19000000 		.4byte	.LASF28
 793 02f6 01       		.byte	0x1
 794 02f7 1801     		.2byte	0x118
 795 02f9 80000000 		.4byte	0x80
 796 02fd 00000000 		.4byte	.LFB7
 797 0301 0C000000 		.4byte	.LFE7-.LFB7
 798 0305 01       		.uleb128 0x1
 799 0306 9C       		.byte	0x9c
 800 0307 1C030000 		.4byte	0x31c
 801 030b 22       		.uleb128 0x22
 802 030c D9000000 		.4byte	.LASF21
 803 0310 01       		.byte	0x1
 804 0311 1A01     		.2byte	0x11a
 805 0313 80000000 		.4byte	0x80
 806 0317 76000000 		.4byte	.LLST4
 807 031b 00       		.byte	0
 808 031c 23       		.uleb128 0x23
 809 031d 1E010000 		.4byte	0x11e
 810 0321 00000000 		.4byte	.LFB8
 811 0325 0C000000 		.4byte	.LFE8-.LFB8
 812 0329 01       		.uleb128 0x1
 813 032a 9C       		.byte	0x9c
 814 032b 24       		.uleb128 0x24
 815 032c 99000000 		.4byte	.LASF36
 816 0330 01       		.byte	0x1
 817 0331 4801     		.2byte	0x148
 818 0333 80000000 		.4byte	0x80
 819 0337 00000000 		.4byte	.LFB9
ARM GAS  C:\Users\acer\AppData\Local\Temp\ccFDtBTV.s 			page 23


 820 033b 10000000 		.4byte	.LFE9-.LFB9
 821 033f 01       		.uleb128 0x1
 822 0340 9C       		.byte	0x9c
 823 0341 23       		.uleb128 0x23
 824 0342 D2000000 		.4byte	0xd2
 825 0346 00000000 		.4byte	.LFB10
 826 034a 0C000000 		.4byte	.LFE10-.LFB10
 827 034e 01       		.uleb128 0x1
 828 034f 9C       		.byte	0x9c
 829 0350 25       		.uleb128 0x25
 830 0351 E9000000 		.4byte	.LASF31
 831 0355 01       		.byte	0x1
 832 0356 7801     		.2byte	0x178
 833 0358 00000000 		.4byte	.LFB11
 834 035c 0C000000 		.4byte	.LFE11-.LFB11
 835 0360 01       		.uleb128 0x1
 836 0361 9C       		.byte	0x9c
 837 0362 25       		.uleb128 0x25
 838 0363 E6020000 		.4byte	.LASF32
 839 0367 01       		.byte	0x1
 840 0368 9101     		.2byte	0x191
 841 036a 00000000 		.4byte	.LFB12
 842 036e 0C000000 		.4byte	.LFE12-.LFB12
 843 0372 01       		.uleb128 0x1
 844 0373 9C       		.byte	0x9c
 845 0374 00       		.byte	0
 846              		.section	.debug_abbrev,"",%progbits
 847              	.Ldebug_abbrev0:
 848 0000 01       		.uleb128 0x1
 849 0001 11       		.uleb128 0x11
 850 0002 01       		.byte	0x1
 851 0003 25       		.uleb128 0x25
 852 0004 0E       		.uleb128 0xe
 853 0005 13       		.uleb128 0x13
 854 0006 0B       		.uleb128 0xb
 855 0007 03       		.uleb128 0x3
 856 0008 0E       		.uleb128 0xe
 857 0009 1B       		.uleb128 0x1b
 858 000a 0E       		.uleb128 0xe
 859 000b 55       		.uleb128 0x55
 860 000c 17       		.uleb128 0x17
 861 000d 11       		.uleb128 0x11
 862 000e 01       		.uleb128 0x1
 863 000f 10       		.uleb128 0x10
 864 0010 17       		.uleb128 0x17
 865 0011 00       		.byte	0
 866 0012 00       		.byte	0
 867 0013 02       		.uleb128 0x2
 868 0014 24       		.uleb128 0x24
 869 0015 00       		.byte	0
 870 0016 0B       		.uleb128 0xb
 871 0017 0B       		.uleb128 0xb
 872 0018 3E       		.uleb128 0x3e
 873 0019 0B       		.uleb128 0xb
 874 001a 03       		.uleb128 0x3
 875 001b 08       		.uleb128 0x8
 876 001c 00       		.byte	0
ARM GAS  C:\Users\acer\AppData\Local\Temp\ccFDtBTV.s 			page 24


 877 001d 00       		.byte	0
 878 001e 03       		.uleb128 0x3
 879 001f 24       		.uleb128 0x24
 880 0020 00       		.byte	0
 881 0021 0B       		.uleb128 0xb
 882 0022 0B       		.uleb128 0xb
 883 0023 3E       		.uleb128 0x3e
 884 0024 0B       		.uleb128 0xb
 885 0025 03       		.uleb128 0x3
 886 0026 0E       		.uleb128 0xe
 887 0027 00       		.byte	0
 888 0028 00       		.byte	0
 889 0029 04       		.uleb128 0x4
 890 002a 0F       		.uleb128 0xf
 891 002b 00       		.byte	0
 892 002c 0B       		.uleb128 0xb
 893 002d 0B       		.uleb128 0xb
 894 002e 49       		.uleb128 0x49
 895 002f 13       		.uleb128 0x13
 896 0030 00       		.byte	0
 897 0031 00       		.byte	0
 898 0032 05       		.uleb128 0x5
 899 0033 15       		.uleb128 0x15
 900 0034 00       		.byte	0
 901 0035 27       		.uleb128 0x27
 902 0036 19       		.uleb128 0x19
 903 0037 00       		.byte	0
 904 0038 00       		.byte	0
 905 0039 06       		.uleb128 0x6
 906 003a 16       		.uleb128 0x16
 907 003b 00       		.byte	0
 908 003c 03       		.uleb128 0x3
 909 003d 0E       		.uleb128 0xe
 910 003e 3A       		.uleb128 0x3a
 911 003f 0B       		.uleb128 0xb
 912 0040 3B       		.uleb128 0x3b
 913 0041 0B       		.uleb128 0xb
 914 0042 49       		.uleb128 0x49
 915 0043 13       		.uleb128 0x13
 916 0044 00       		.byte	0
 917 0045 00       		.byte	0
 918 0046 07       		.uleb128 0x7
 919 0047 16       		.uleb128 0x16
 920 0048 00       		.byte	0
 921 0049 03       		.uleb128 0x3
 922 004a 0E       		.uleb128 0xe
 923 004b 3A       		.uleb128 0x3a
 924 004c 0B       		.uleb128 0xb
 925 004d 3B       		.uleb128 0x3b
 926 004e 05       		.uleb128 0x5
 927 004f 49       		.uleb128 0x49
 928 0050 13       		.uleb128 0x13
 929 0051 00       		.byte	0
 930 0052 00       		.byte	0
 931 0053 08       		.uleb128 0x8
 932 0054 35       		.uleb128 0x35
 933 0055 00       		.byte	0
ARM GAS  C:\Users\acer\AppData\Local\Temp\ccFDtBTV.s 			page 25


 934 0056 49       		.uleb128 0x49
 935 0057 13       		.uleb128 0x13
 936 0058 00       		.byte	0
 937 0059 00       		.byte	0
 938 005a 09       		.uleb128 0x9
 939 005b 2E       		.uleb128 0x2e
 940 005c 00       		.byte	0
 941 005d 3F       		.uleb128 0x3f
 942 005e 19       		.uleb128 0x19
 943 005f 03       		.uleb128 0x3
 944 0060 0E       		.uleb128 0xe
 945 0061 3A       		.uleb128 0x3a
 946 0062 0B       		.uleb128 0xb
 947 0063 3B       		.uleb128 0x3b
 948 0064 05       		.uleb128 0x5
 949 0065 27       		.uleb128 0x27
 950 0066 19       		.uleb128 0x19
 951 0067 20       		.uleb128 0x20
 952 0068 0B       		.uleb128 0xb
 953 0069 00       		.byte	0
 954 006a 00       		.byte	0
 955 006b 0A       		.uleb128 0xa
 956 006c 2E       		.uleb128 0x2e
 957 006d 01       		.byte	0x1
 958 006e 3F       		.uleb128 0x3f
 959 006f 19       		.uleb128 0x19
 960 0070 03       		.uleb128 0x3
 961 0071 0E       		.uleb128 0xe
 962 0072 3A       		.uleb128 0x3a
 963 0073 0B       		.uleb128 0xb
 964 0074 3B       		.uleb128 0x3b
 965 0075 0B       		.uleb128 0xb
 966 0076 27       		.uleb128 0x27
 967 0077 19       		.uleb128 0x19
 968 0078 20       		.uleb128 0x20
 969 0079 0B       		.uleb128 0xb
 970 007a 01       		.uleb128 0x1
 971 007b 13       		.uleb128 0x13
 972 007c 00       		.byte	0
 973 007d 00       		.byte	0
 974 007e 0B       		.uleb128 0xb
 975 007f 05       		.uleb128 0x5
 976 0080 00       		.byte	0
 977 0081 03       		.uleb128 0x3
 978 0082 0E       		.uleb128 0xe
 979 0083 3A       		.uleb128 0x3a
 980 0084 0B       		.uleb128 0xb
 981 0085 3B       		.uleb128 0x3b
 982 0086 0B       		.uleb128 0xb
 983 0087 49       		.uleb128 0x49
 984 0088 13       		.uleb128 0x13
 985 0089 00       		.byte	0
 986 008a 00       		.byte	0
 987 008b 0C       		.uleb128 0xc
 988 008c 34       		.uleb128 0x34
 989 008d 00       		.byte	0
 990 008e 03       		.uleb128 0x3
ARM GAS  C:\Users\acer\AppData\Local\Temp\ccFDtBTV.s 			page 26


 991 008f 0E       		.uleb128 0xe
 992 0090 3A       		.uleb128 0x3a
 993 0091 0B       		.uleb128 0xb
 994 0092 3B       		.uleb128 0x3b
 995 0093 0B       		.uleb128 0xb
 996 0094 49       		.uleb128 0x49
 997 0095 13       		.uleb128 0x13
 998 0096 00       		.byte	0
 999 0097 00       		.byte	0
 1000 0098 0D       		.uleb128 0xd
 1001 0099 2E       		.uleb128 0x2e
 1002 009a 01       		.byte	0x1
 1003 009b 3F       		.uleb128 0x3f
 1004 009c 19       		.uleb128 0x19
 1005 009d 03       		.uleb128 0x3
 1006 009e 0E       		.uleb128 0xe
 1007 009f 3A       		.uleb128 0x3a
 1008 00a0 0B       		.uleb128 0xb
 1009 00a1 3B       		.uleb128 0x3b
 1010 00a2 05       		.uleb128 0x5
 1011 00a3 27       		.uleb128 0x27
 1012 00a4 19       		.uleb128 0x19
 1013 00a5 20       		.uleb128 0x20
 1014 00a6 0B       		.uleb128 0xb
 1015 00a7 01       		.uleb128 0x1
 1016 00a8 13       		.uleb128 0x13
 1017 00a9 00       		.byte	0
 1018 00aa 00       		.byte	0
 1019 00ab 0E       		.uleb128 0xe
 1020 00ac 05       		.uleb128 0x5
 1021 00ad 00       		.byte	0
 1022 00ae 03       		.uleb128 0x3
 1023 00af 0E       		.uleb128 0xe
 1024 00b0 3A       		.uleb128 0x3a
 1025 00b1 0B       		.uleb128 0xb
 1026 00b2 3B       		.uleb128 0x3b
 1027 00b3 05       		.uleb128 0x5
 1028 00b4 49       		.uleb128 0x49
 1029 00b5 13       		.uleb128 0x13
 1030 00b6 00       		.byte	0
 1031 00b7 00       		.byte	0
 1032 00b8 0F       		.uleb128 0xf
 1033 00b9 2E       		.uleb128 0x2e
 1034 00ba 00       		.byte	0
 1035 00bb 3F       		.uleb128 0x3f
 1036 00bc 19       		.uleb128 0x19
 1037 00bd 03       		.uleb128 0x3
 1038 00be 0E       		.uleb128 0xe
 1039 00bf 3A       		.uleb128 0x3a
 1040 00c0 0B       		.uleb128 0xb
 1041 00c1 3B       		.uleb128 0x3b
 1042 00c2 0B       		.uleb128 0xb
 1043 00c3 27       		.uleb128 0x27
 1044 00c4 19       		.uleb128 0x19
 1045 00c5 11       		.uleb128 0x11
 1046 00c6 01       		.uleb128 0x1
 1047 00c7 12       		.uleb128 0x12
ARM GAS  C:\Users\acer\AppData\Local\Temp\ccFDtBTV.s 			page 27


 1048 00c8 06       		.uleb128 0x6
 1049 00c9 40       		.uleb128 0x40
 1050 00ca 18       		.uleb128 0x18
 1051 00cb 9742     		.uleb128 0x2117
 1052 00cd 19       		.uleb128 0x19
 1053 00ce 00       		.byte	0
 1054 00cf 00       		.byte	0
 1055 00d0 10       		.uleb128 0x10
 1056 00d1 2E       		.uleb128 0x2e
 1057 00d2 01       		.byte	0x1
 1058 00d3 3F       		.uleb128 0x3f
 1059 00d4 19       		.uleb128 0x19
 1060 00d5 03       		.uleb128 0x3
 1061 00d6 0E       		.uleb128 0xe
 1062 00d7 3A       		.uleb128 0x3a
 1063 00d8 0B       		.uleb128 0xb
 1064 00d9 3B       		.uleb128 0x3b
 1065 00da 0B       		.uleb128 0xb
 1066 00db 27       		.uleb128 0x27
 1067 00dc 19       		.uleb128 0x19
 1068 00dd 11       		.uleb128 0x11
 1069 00de 01       		.uleb128 0x1
 1070 00df 12       		.uleb128 0x12
 1071 00e0 06       		.uleb128 0x6
 1072 00e1 40       		.uleb128 0x40
 1073 00e2 18       		.uleb128 0x18
 1074 00e3 9742     		.uleb128 0x2117
 1075 00e5 19       		.uleb128 0x19
 1076 00e6 01       		.uleb128 0x1
 1077 00e7 13       		.uleb128 0x13
 1078 00e8 00       		.byte	0
 1079 00e9 00       		.byte	0
 1080 00ea 11       		.uleb128 0x11
 1081 00eb 1D       		.uleb128 0x1d
 1082 00ec 00       		.byte	0
 1083 00ed 31       		.uleb128 0x31
 1084 00ee 13       		.uleb128 0x13
 1085 00ef 11       		.uleb128 0x11
 1086 00f0 01       		.uleb128 0x1
 1087 00f1 12       		.uleb128 0x12
 1088 00f2 06       		.uleb128 0x6
 1089 00f3 58       		.uleb128 0x58
 1090 00f4 0B       		.uleb128 0xb
 1091 00f5 59       		.uleb128 0x59
 1092 00f6 0B       		.uleb128 0xb
 1093 00f7 00       		.byte	0
 1094 00f8 00       		.byte	0
 1095 00f9 12       		.uleb128 0x12
 1096 00fa 1D       		.uleb128 0x1d
 1097 00fb 01       		.byte	0x1
 1098 00fc 31       		.uleb128 0x31
 1099 00fd 13       		.uleb128 0x13
 1100 00fe 11       		.uleb128 0x11
 1101 00ff 01       		.uleb128 0x1
 1102 0100 12       		.uleb128 0x12
 1103 0101 06       		.uleb128 0x6
 1104 0102 58       		.uleb128 0x58
ARM GAS  C:\Users\acer\AppData\Local\Temp\ccFDtBTV.s 			page 28


 1105 0103 0B       		.uleb128 0xb
 1106 0104 59       		.uleb128 0x59
 1107 0105 0B       		.uleb128 0xb
 1108 0106 01       		.uleb128 0x1
 1109 0107 13       		.uleb128 0x13
 1110 0108 00       		.byte	0
 1111 0109 00       		.byte	0
 1112 010a 13       		.uleb128 0x13
 1113 010b 05       		.uleb128 0x5
 1114 010c 00       		.byte	0
 1115 010d 31       		.uleb128 0x31
 1116 010e 13       		.uleb128 0x13
 1117 010f 02       		.uleb128 0x2
 1118 0110 18       		.uleb128 0x18
 1119 0111 00       		.byte	0
 1120 0112 00       		.byte	0
 1121 0113 14       		.uleb128 0x14
 1122 0114 0B       		.uleb128 0xb
 1123 0115 01       		.byte	0x1
 1124 0116 11       		.uleb128 0x11
 1125 0117 01       		.uleb128 0x1
 1126 0118 12       		.uleb128 0x12
 1127 0119 06       		.uleb128 0x6
 1128 011a 00       		.byte	0
 1129 011b 00       		.byte	0
 1130 011c 15       		.uleb128 0x15
 1131 011d 34       		.uleb128 0x34
 1132 011e 00       		.byte	0
 1133 011f 31       		.uleb128 0x31
 1134 0120 13       		.uleb128 0x13
 1135 0121 02       		.uleb128 0x2
 1136 0122 17       		.uleb128 0x17
 1137 0123 00       		.byte	0
 1138 0124 00       		.byte	0
 1139 0125 16       		.uleb128 0x16
 1140 0126 05       		.uleb128 0x5
 1141 0127 00       		.byte	0
 1142 0128 31       		.uleb128 0x31
 1143 0129 13       		.uleb128 0x13
 1144 012a 1C       		.uleb128 0x1c
 1145 012b 0B       		.uleb128 0xb
 1146 012c 00       		.byte	0
 1147 012d 00       		.byte	0
 1148 012e 17       		.uleb128 0x17
 1149 012f 05       		.uleb128 0x5
 1150 0130 00       		.byte	0
 1151 0131 03       		.uleb128 0x3
 1152 0132 0E       		.uleb128 0xe
 1153 0133 3A       		.uleb128 0x3a
 1154 0134 0B       		.uleb128 0xb
 1155 0135 3B       		.uleb128 0x3b
 1156 0136 0B       		.uleb128 0xb
 1157 0137 49       		.uleb128 0x49
 1158 0138 13       		.uleb128 0x13
 1159 0139 02       		.uleb128 0x2
 1160 013a 18       		.uleb128 0x18
 1161 013b 00       		.byte	0
ARM GAS  C:\Users\acer\AppData\Local\Temp\ccFDtBTV.s 			page 29


 1162 013c 00       		.byte	0
 1163 013d 18       		.uleb128 0x18
 1164 013e 1D       		.uleb128 0x1d
 1165 013f 01       		.byte	0x1
 1166 0140 31       		.uleb128 0x31
 1167 0141 13       		.uleb128 0x13
 1168 0142 52       		.uleb128 0x52
 1169 0143 01       		.uleb128 0x1
 1170 0144 55       		.uleb128 0x55
 1171 0145 17       		.uleb128 0x17
 1172 0146 58       		.uleb128 0x58
 1173 0147 0B       		.uleb128 0xb
 1174 0148 59       		.uleb128 0x59
 1175 0149 0B       		.uleb128 0xb
 1176 014a 01       		.uleb128 0x1
 1177 014b 13       		.uleb128 0x13
 1178 014c 00       		.byte	0
 1179 014d 00       		.byte	0
 1180 014e 19       		.uleb128 0x19
 1181 014f 0B       		.uleb128 0xb
 1182 0150 01       		.byte	0x1
 1183 0151 55       		.uleb128 0x55
 1184 0152 17       		.uleb128 0x17
 1185 0153 00       		.byte	0
 1186 0154 00       		.byte	0
 1187 0155 1A       		.uleb128 0x1a
 1188 0156 1D       		.uleb128 0x1d
 1189 0157 01       		.byte	0x1
 1190 0158 31       		.uleb128 0x31
 1191 0159 13       		.uleb128 0x13
 1192 015a 11       		.uleb128 0x11
 1193 015b 01       		.uleb128 0x1
 1194 015c 12       		.uleb128 0x12
 1195 015d 06       		.uleb128 0x6
 1196 015e 58       		.uleb128 0x58
 1197 015f 0B       		.uleb128 0xb
 1198 0160 59       		.uleb128 0x59
 1199 0161 0B       		.uleb128 0xb
 1200 0162 00       		.byte	0
 1201 0163 00       		.byte	0
 1202 0164 1B       		.uleb128 0x1b
 1203 0165 05       		.uleb128 0x5
 1204 0166 00       		.byte	0
 1205 0167 31       		.uleb128 0x31
 1206 0168 13       		.uleb128 0x13
 1207 0169 00       		.byte	0
 1208 016a 00       		.byte	0
 1209 016b 1C       		.uleb128 0x1c
 1210 016c 34       		.uleb128 0x34
 1211 016d 00       		.byte	0
 1212 016e 31       		.uleb128 0x31
 1213 016f 13       		.uleb128 0x13
 1214 0170 02       		.uleb128 0x2
 1215 0171 18       		.uleb128 0x18
 1216 0172 00       		.byte	0
 1217 0173 00       		.byte	0
 1218 0174 1D       		.uleb128 0x1d
ARM GAS  C:\Users\acer\AppData\Local\Temp\ccFDtBTV.s 			page 30


 1219 0175 2E       		.uleb128 0x2e
 1220 0176 01       		.byte	0x1
 1221 0177 31       		.uleb128 0x31
 1222 0178 13       		.uleb128 0x13
 1223 0179 11       		.uleb128 0x11
 1224 017a 01       		.uleb128 0x1
 1225 017b 12       		.uleb128 0x12
 1226 017c 06       		.uleb128 0x6
 1227 017d 40       		.uleb128 0x40
 1228 017e 18       		.uleb128 0x18
 1229 017f 9742     		.uleb128 0x2117
 1230 0181 19       		.uleb128 0x19
 1231 0182 01       		.uleb128 0x1
 1232 0183 13       		.uleb128 0x13
 1233 0184 00       		.byte	0
 1234 0185 00       		.byte	0
 1235 0186 1E       		.uleb128 0x1e
 1236 0187 2E       		.uleb128 0x2e
 1237 0188 01       		.byte	0x1
 1238 0189 3F       		.uleb128 0x3f
 1239 018a 19       		.uleb128 0x19
 1240 018b 03       		.uleb128 0x3
 1241 018c 0E       		.uleb128 0xe
 1242 018d 3A       		.uleb128 0x3a
 1243 018e 0B       		.uleb128 0xb
 1244 018f 3B       		.uleb128 0x3b
 1245 0190 0B       		.uleb128 0xb
 1246 0191 27       		.uleb128 0x27
 1247 0192 19       		.uleb128 0x19
 1248 0193 49       		.uleb128 0x49
 1249 0194 13       		.uleb128 0x13
 1250 0195 11       		.uleb128 0x11
 1251 0196 01       		.uleb128 0x1
 1252 0197 12       		.uleb128 0x12
 1253 0198 06       		.uleb128 0x6
 1254 0199 40       		.uleb128 0x40
 1255 019a 18       		.uleb128 0x18
 1256 019b 9742     		.uleb128 0x2117
 1257 019d 19       		.uleb128 0x19
 1258 019e 01       		.uleb128 0x1
 1259 019f 13       		.uleb128 0x13
 1260 01a0 00       		.byte	0
 1261 01a1 00       		.byte	0
 1262 01a2 1F       		.uleb128 0x1f
 1263 01a3 34       		.uleb128 0x34
 1264 01a4 00       		.byte	0
 1265 01a5 03       		.uleb128 0x3
 1266 01a6 0E       		.uleb128 0xe
 1267 01a7 3A       		.uleb128 0x3a
 1268 01a8 0B       		.uleb128 0xb
 1269 01a9 3B       		.uleb128 0x3b
 1270 01aa 0B       		.uleb128 0xb
 1271 01ab 49       		.uleb128 0x49
 1272 01ac 13       		.uleb128 0x13
 1273 01ad 02       		.uleb128 0x2
 1274 01ae 17       		.uleb128 0x17
 1275 01af 00       		.byte	0
ARM GAS  C:\Users\acer\AppData\Local\Temp\ccFDtBTV.s 			page 31


 1276 01b0 00       		.byte	0
 1277 01b1 20       		.uleb128 0x20
 1278 01b2 05       		.uleb128 0x5
 1279 01b3 00       		.byte	0
 1280 01b4 31       		.uleb128 0x31
 1281 01b5 13       		.uleb128 0x13
 1282 01b6 02       		.uleb128 0x2
 1283 01b7 17       		.uleb128 0x17
 1284 01b8 00       		.byte	0
 1285 01b9 00       		.byte	0
 1286 01ba 21       		.uleb128 0x21
 1287 01bb 2E       		.uleb128 0x2e
 1288 01bc 01       		.byte	0x1
 1289 01bd 3F       		.uleb128 0x3f
 1290 01be 19       		.uleb128 0x19
 1291 01bf 03       		.uleb128 0x3
 1292 01c0 0E       		.uleb128 0xe
 1293 01c1 3A       		.uleb128 0x3a
 1294 01c2 0B       		.uleb128 0xb
 1295 01c3 3B       		.uleb128 0x3b
 1296 01c4 05       		.uleb128 0x5
 1297 01c5 27       		.uleb128 0x27
 1298 01c6 19       		.uleb128 0x19
 1299 01c7 49       		.uleb128 0x49
 1300 01c8 13       		.uleb128 0x13
 1301 01c9 11       		.uleb128 0x11
 1302 01ca 01       		.uleb128 0x1
 1303 01cb 12       		.uleb128 0x12
 1304 01cc 06       		.uleb128 0x6
 1305 01cd 40       		.uleb128 0x40
 1306 01ce 18       		.uleb128 0x18
 1307 01cf 9742     		.uleb128 0x2117
 1308 01d1 19       		.uleb128 0x19
 1309 01d2 01       		.uleb128 0x1
 1310 01d3 13       		.uleb128 0x13
 1311 01d4 00       		.byte	0
 1312 01d5 00       		.byte	0
 1313 01d6 22       		.uleb128 0x22
 1314 01d7 34       		.uleb128 0x34
 1315 01d8 00       		.byte	0
 1316 01d9 03       		.uleb128 0x3
 1317 01da 0E       		.uleb128 0xe
 1318 01db 3A       		.uleb128 0x3a
 1319 01dc 0B       		.uleb128 0xb
 1320 01dd 3B       		.uleb128 0x3b
 1321 01de 05       		.uleb128 0x5
 1322 01df 49       		.uleb128 0x49
 1323 01e0 13       		.uleb128 0x13
 1324 01e1 02       		.uleb128 0x2
 1325 01e2 17       		.uleb128 0x17
 1326 01e3 00       		.byte	0
 1327 01e4 00       		.byte	0
 1328 01e5 23       		.uleb128 0x23
 1329 01e6 2E       		.uleb128 0x2e
 1330 01e7 00       		.byte	0
 1331 01e8 31       		.uleb128 0x31
 1332 01e9 13       		.uleb128 0x13
ARM GAS  C:\Users\acer\AppData\Local\Temp\ccFDtBTV.s 			page 32


 1333 01ea 11       		.uleb128 0x11
 1334 01eb 01       		.uleb128 0x1
 1335 01ec 12       		.uleb128 0x12
 1336 01ed 06       		.uleb128 0x6
 1337 01ee 40       		.uleb128 0x40
 1338 01ef 18       		.uleb128 0x18
 1339 01f0 9742     		.uleb128 0x2117
 1340 01f2 19       		.uleb128 0x19
 1341 01f3 00       		.byte	0
 1342 01f4 00       		.byte	0
 1343 01f5 24       		.uleb128 0x24
 1344 01f6 2E       		.uleb128 0x2e
 1345 01f7 00       		.byte	0
 1346 01f8 3F       		.uleb128 0x3f
 1347 01f9 19       		.uleb128 0x19
 1348 01fa 03       		.uleb128 0x3
 1349 01fb 0E       		.uleb128 0xe
 1350 01fc 3A       		.uleb128 0x3a
 1351 01fd 0B       		.uleb128 0xb
 1352 01fe 3B       		.uleb128 0x3b
 1353 01ff 05       		.uleb128 0x5
 1354 0200 27       		.uleb128 0x27
 1355 0201 19       		.uleb128 0x19
 1356 0202 49       		.uleb128 0x49
 1357 0203 13       		.uleb128 0x13
 1358 0204 11       		.uleb128 0x11
 1359 0205 01       		.uleb128 0x1
 1360 0206 12       		.uleb128 0x12
 1361 0207 06       		.uleb128 0x6
 1362 0208 40       		.uleb128 0x40
 1363 0209 18       		.uleb128 0x18
 1364 020a 9742     		.uleb128 0x2117
 1365 020c 19       		.uleb128 0x19
 1366 020d 00       		.byte	0
 1367 020e 00       		.byte	0
 1368 020f 25       		.uleb128 0x25
 1369 0210 2E       		.uleb128 0x2e
 1370 0211 00       		.byte	0
 1371 0212 3F       		.uleb128 0x3f
 1372 0213 19       		.uleb128 0x19
 1373 0214 03       		.uleb128 0x3
 1374 0215 0E       		.uleb128 0xe
 1375 0216 3A       		.uleb128 0x3a
 1376 0217 0B       		.uleb128 0xb
 1377 0218 3B       		.uleb128 0x3b
 1378 0219 05       		.uleb128 0x5
 1379 021a 27       		.uleb128 0x27
 1380 021b 19       		.uleb128 0x19
 1381 021c 11       		.uleb128 0x11
 1382 021d 01       		.uleb128 0x1
 1383 021e 12       		.uleb128 0x12
 1384 021f 06       		.uleb128 0x6
 1385 0220 40       		.uleb128 0x40
 1386 0221 18       		.uleb128 0x18
 1387 0222 9742     		.uleb128 0x2117
 1388 0224 19       		.uleb128 0x19
 1389 0225 00       		.byte	0
ARM GAS  C:\Users\acer\AppData\Local\Temp\ccFDtBTV.s 			page 33


 1390 0226 00       		.byte	0
 1391 0227 00       		.byte	0
 1392              		.section	.debug_loc,"",%progbits
 1393              	.Ldebug_loc0:
 1394              	.LLST0:
 1395 0000 0C000000 		.4byte	.LVL1
 1396 0004 12000000 		.4byte	.LVL3
 1397 0008 0100     		.2byte	0x1
 1398 000a 52       		.byte	0x52
 1399 000b 00000000 		.4byte	0
 1400 000f 00000000 		.4byte	0
 1401              	.LLST1:
 1402 0013 0C000000 		.4byte	.LVL6
 1403 0017 12000000 		.4byte	.LVL8
 1404 001b 0100     		.2byte	0x1
 1405 001d 52       		.byte	0x52
 1406 001e 00000000 		.4byte	0
 1407 0022 00000000 		.4byte	0
 1408              	.LLST2:
 1409 0026 00000000 		.4byte	.LVL13
 1410 002a 02000000 		.4byte	.LVL14
 1411 002e 0600     		.2byte	0x6
 1412 0030 11       		.byte	0x11
 1413 0031 88DA8380 		.sleb128 -536810232
 1413      7E
 1414 0036 02000000 		.4byte	.LVL14
 1415 003a 04000000 		.4byte	.LVL15
 1416 003e 0200     		.2byte	0x2
 1417 0040 73       		.byte	0x73
 1418 0041 00       		.sleb128 0
 1419 0042 04000000 		.4byte	.LVL15
 1420 0046 0C000000 		.4byte	.LFE5
 1421 004a 0100     		.2byte	0x1
 1422 004c 53       		.byte	0x53
 1423 004d 00000000 		.4byte	0
 1424 0051 00000000 		.4byte	0
 1425              	.LLST3:
 1426 0055 00000000 		.4byte	.LVL16
 1427 0059 02000000 		.4byte	.LVL17
 1428 005d 0100     		.2byte	0x1
 1429 005f 50       		.byte	0x50
 1430 0060 02000000 		.4byte	.LVL17
 1431 0064 10000000 		.4byte	.LFE6
 1432 0068 0400     		.2byte	0x4
 1433 006a F3       		.byte	0xf3
 1434 006b 01       		.uleb128 0x1
 1435 006c 50       		.byte	0x50
 1436 006d 9F       		.byte	0x9f
 1437 006e 00000000 		.4byte	0
 1438 0072 00000000 		.4byte	0
 1439              	.LLST4:
 1440 0076 04000000 		.4byte	.LVL18
 1441 007a 06000000 		.4byte	.LVL19
 1442 007e 0500     		.2byte	0x5
 1443 0080 70       		.byte	0x70
 1444 0081 00       		.sleb128 0
 1445 0082 35       		.byte	0x35
ARM GAS  C:\Users\acer\AppData\Local\Temp\ccFDtBTV.s 			page 34


 1446 0083 25       		.byte	0x25
 1447 0084 9F       		.byte	0x9f
 1448 0085 00000000 		.4byte	0
 1449 0089 00000000 		.4byte	0
 1450              		.section	.debug_aranges,"",%progbits
 1451 0000 7C000000 		.4byte	0x7c
 1452 0004 0200     		.2byte	0x2
 1453 0006 00000000 		.4byte	.Ldebug_info0
 1454 000a 04       		.byte	0x4
 1455 000b 00       		.byte	0
 1456 000c 0000     		.2byte	0
 1457 000e 0000     		.2byte	0
 1458 0010 00000000 		.4byte	.LFB3
 1459 0014 02000000 		.4byte	.LFE3-.LFB3
 1460 0018 00000000 		.4byte	.LFB0
 1461 001c 2C000000 		.4byte	.LFE0-.LFB0
 1462 0020 00000000 		.4byte	.LFB1
 1463 0024 24000000 		.4byte	.LFE1-.LFB1
 1464 0028 00000000 		.4byte	.LFB2
 1465 002c 1C000000 		.4byte	.LFE2-.LFB2
 1466 0030 00000000 		.4byte	.LFB4
 1467 0034 0C000000 		.4byte	.LFE4-.LFB4
 1468 0038 00000000 		.4byte	.LFB5
 1469 003c 0C000000 		.4byte	.LFE5-.LFB5
 1470 0040 00000000 		.4byte	.LFB6
 1471 0044 10000000 		.4byte	.LFE6-.LFB6
 1472 0048 00000000 		.4byte	.LFB7
 1473 004c 0C000000 		.4byte	.LFE7-.LFB7
 1474 0050 00000000 		.4byte	.LFB8
 1475 0054 0C000000 		.4byte	.LFE8-.LFB8
 1476 0058 00000000 		.4byte	.LFB9
 1477 005c 10000000 		.4byte	.LFE9-.LFB9
 1478 0060 00000000 		.4byte	.LFB10
 1479 0064 0C000000 		.4byte	.LFE10-.LFB10
 1480 0068 00000000 		.4byte	.LFB11
 1481 006c 0C000000 		.4byte	.LFE11-.LFB11
 1482 0070 00000000 		.4byte	.LFB12
 1483 0074 0C000000 		.4byte	.LFE12-.LFB12
 1484 0078 00000000 		.4byte	0
 1485 007c 00000000 		.4byte	0
 1486              		.section	.debug_ranges,"",%progbits
 1487              	.Ldebug_ranges0:
 1488 0000 06000000 		.4byte	.LBB32
 1489 0004 0C000000 		.4byte	.LBE32
 1490 0008 0E000000 		.4byte	.LBB38
 1491 000c 10000000 		.4byte	.LBE38
 1492 0010 00000000 		.4byte	0
 1493 0014 00000000 		.4byte	0
 1494 0018 0C000000 		.4byte	.LBB35
 1495 001c 0E000000 		.4byte	.LBE35
 1496 0020 10000000 		.4byte	.LBB39
 1497 0024 14000000 		.4byte	.LBE39
 1498 0028 00000000 		.4byte	0
 1499 002c 00000000 		.4byte	0
 1500 0030 00000000 		.4byte	.LFB3
 1501 0034 02000000 		.4byte	.LFE3
 1502 0038 00000000 		.4byte	.LFB0
ARM GAS  C:\Users\acer\AppData\Local\Temp\ccFDtBTV.s 			page 35


 1503 003c 2C000000 		.4byte	.LFE0
 1504 0040 00000000 		.4byte	.LFB1
 1505 0044 24000000 		.4byte	.LFE1
 1506 0048 00000000 		.4byte	.LFB2
 1507 004c 1C000000 		.4byte	.LFE2
 1508 0050 00000000 		.4byte	.LFB4
 1509 0054 0C000000 		.4byte	.LFE4
 1510 0058 00000000 		.4byte	.LFB5
 1511 005c 0C000000 		.4byte	.LFE5
 1512 0060 00000000 		.4byte	.LFB6
 1513 0064 10000000 		.4byte	.LFE6
 1514 0068 00000000 		.4byte	.LFB7
 1515 006c 0C000000 		.4byte	.LFE7
 1516 0070 00000000 		.4byte	.LFB8
 1517 0074 0C000000 		.4byte	.LFE8
 1518 0078 00000000 		.4byte	.LFB9
 1519 007c 10000000 		.4byte	.LFE9
 1520 0080 00000000 		.4byte	.LFB10
 1521 0084 0C000000 		.4byte	.LFE10
 1522 0088 00000000 		.4byte	.LFB11
 1523 008c 0C000000 		.4byte	.LFE11
 1524 0090 00000000 		.4byte	.LFB12
 1525 0094 0C000000 		.4byte	.LFE12
 1526 0098 00000000 		.4byte	0
 1527 009c 00000000 		.4byte	0
 1528              		.section	.debug_line,"",%progbits
 1529              	.Ldebug_line0:
 1530 0000 70010000 		.section	.debug_str,"MS",%progbits,1
 1530      02006100 
 1530      00000201 
 1530      FB0E0D00 
 1530      01010101 
 1531              	.LASF16:
 1532 0000 72656733 		.ascii	"reg32\000"
 1532      3200
 1533              	.LASF23:
 1534 0006 55415254 		.ascii	"UART_Rx_ISR_Enable\000"
 1534      5F52785F 
 1534      4953525F 
 1534      456E6162 
 1534      6C6500
 1535              	.LASF28:
 1536 0019 55415254 		.ascii	"UART_Rx_ISR_GetPriority\000"
 1536      5F52785F 
 1536      4953525F 
 1536      47657450 
 1536      72696F72 
 1537              	.LASF4:
 1538 0031 73686F72 		.ascii	"short unsigned int\000"
 1538      7420756E 
 1538      7369676E 
 1538      65642069 
 1538      6E7400
 1539              	.LASF24:
 1540 0044 55415254 		.ascii	"UART_Rx_ISR_Start\000"
 1540      5F52785F 
 1540      4953525F 
ARM GAS  C:\Users\acer\AppData\Local\Temp\ccFDtBTV.s 			page 36


 1540      53746172 
 1540      7400
 1541              	.LASF34:
 1542 0056 2E5C4765 		.ascii	".\\Generated_Source\\PSoC5\\UART_Rx_ISR.c\000"
 1542      6E657261 
 1542      7465645F 
 1542      536F7572 
 1542      63655C50 
 1543              	.LASF13:
 1544 007d 666C6F61 		.ascii	"float\000"
 1544      7400
 1545              	.LASF18:
 1546 0083 55415254 		.ascii	"UART_Rx_ISR_SetVector\000"
 1546      5F52785F 
 1546      4953525F 
 1546      53657456 
 1546      6563746F 
 1547              	.LASF36:
 1548 0099 55415254 		.ascii	"UART_Rx_ISR_GetState\000"
 1548      5F52785F 
 1548      4953525F 
 1548      47657453 
 1548      74617465 
 1549              	.LASF2:
 1550 00ae 756E7369 		.ascii	"unsigned char\000"
 1550      676E6564 
 1550      20636861 
 1550      7200
 1551              	.LASF15:
 1552 00bc 72656738 		.ascii	"reg8\000"
 1552      00
 1553              	.LASF6:
 1554 00c1 6C6F6E67 		.ascii	"long unsigned int\000"
 1554      20756E73 
 1554      69676E65 
 1554      6420696E 
 1554      7400
 1555              	.LASF11:
 1556 00d3 75696E74 		.ascii	"uint8\000"
 1556      3800
 1557              	.LASF21:
 1558 00d9 7072696F 		.ascii	"priority\000"
 1558      72697479 
 1558      00
 1559              	.LASF14:
 1560 00e2 646F7562 		.ascii	"double\000"
 1560      6C6500
 1561              	.LASF31:
 1562 00e9 55415254 		.ascii	"UART_Rx_ISR_SetPending\000"
 1562      5F52785F 
 1562      4953525F 
 1562      53657450 
 1562      656E6469 
 1563              	.LASF25:
 1564 0100 55415254 		.ascii	"UART_Rx_ISR_StartEx\000"
 1564      5F52785F 
 1564      4953525F 
ARM GAS  C:\Users\acer\AppData\Local\Temp\ccFDtBTV.s 			page 37


 1564      53746172 
 1564      74457800 
 1565              	.LASF12:
 1566 0114 75696E74 		.ascii	"uint32\000"
 1566      333200
 1567              	.LASF19:
 1568 011b 55415254 		.ascii	"UART_Rx_ISR_SetPriority\000"
 1568      5F52785F 
 1568      4953525F 
 1568      53657450 
 1568      72696F72 
 1569              	.LASF0:
 1570 0133 756E7369 		.ascii	"unsigned int\000"
 1570      676E6564 
 1570      20696E74 
 1570      00
 1571              	.LASF20:
 1572 0140 61646472 		.ascii	"address\000"
 1572      65737300 
 1573              	.LASF8:
 1574 0148 6C6F6E67 		.ascii	"long long unsigned int\000"
 1574      206C6F6E 
 1574      6720756E 
 1574      7369676E 
 1574      65642069 
 1575              	.LASF35:
 1576 015f 443A5C53 		.ascii	"D:\\START_UP\\COMPANY_STARTUP\\3_platform_based_dev"
 1576      54415254 
 1576      5F55505C 
 1576      434F4D50 
 1576      414E595F 
 1577 018f 656C6F70 		.ascii	"elopments\\PSOC_PROJECTS\\platform\\platform\\Psoc_"
 1577      6D656E74 
 1577      735C5053 
 1577      4F435F50 
 1577      524F4A45 
 1578 01be 506C6174 		.ascii	"Platform\\Design02.cydsn\000"
 1578      666F726D 
 1578      5C446573 
 1578      69676E30 
 1578      322E6379 
 1579              	.LASF17:
 1580 01d6 63796973 		.ascii	"cyisraddress\000"
 1580      72616464 
 1580      72657373 
 1580      00
 1581              	.LASF27:
 1582 01e3 55415254 		.ascii	"UART_Rx_ISR_GetVector\000"
 1582      5F52785F 
 1582      4953525F 
 1582      47657456 
 1582      6563746F 
 1583              	.LASF30:
 1584 01f9 55415254 		.ascii	"UART_Rx_ISR_Interrupt\000"
 1584      5F52785F 
 1584      4953525F 
 1584      496E7465 
ARM GAS  C:\Users\acer\AppData\Local\Temp\ccFDtBTV.s 			page 38


 1584      72727570 
 1585              	.LASF22:
 1586 020f 55415254 		.ascii	"UART_Rx_ISR_Disable\000"
 1586      5F52785F 
 1586      4953525F 
 1586      44697361 
 1586      626C6500 
 1587              	.LASF9:
 1588 0223 73697A65 		.ascii	"sizetype\000"
 1588      74797065 
 1588      00
 1589              	.LASF7:
 1590 022c 6C6F6E67 		.ascii	"long long int\000"
 1590      206C6F6E 
 1590      6720696E 
 1590      7400
 1591              	.LASF10:
 1592 023a 63686172 		.ascii	"char\000"
 1592      00
 1593              	.LASF29:
 1594 023f 72616D56 		.ascii	"ramVectorTable\000"
 1594      6563746F 
 1594      72546162 
 1594      6C6500
 1595              	.LASF3:
 1596 024e 73686F72 		.ascii	"short int\000"
 1596      7420696E 
 1596      7400
 1597              	.LASF33:
 1598 0258 474E5520 		.ascii	"GNU C 4.9.3 20150303 (release) [ARM/embedded-4_9-br"
 1598      4320342E 
 1598      392E3320 
 1598      32303135 
 1598      30333033 
 1599 028b 616E6368 		.ascii	"anch revision 221220] -mcpu=cortex-m3 -mthumb -g -O"
 1599      20726576 
 1599      6973696F 
 1599      6E203232 
 1599      31323230 
 1600 02be 73202D66 		.ascii	"s -ffunction-sections -ffat-lto-objects\000"
 1600      66756E63 
 1600      74696F6E 
 1600      2D736563 
 1600      74696F6E 
 1601              	.LASF32:
 1602 02e6 55415254 		.ascii	"UART_Rx_ISR_ClearPending\000"
 1602      5F52785F 
 1602      4953525F 
 1602      436C6561 
 1602      7250656E 
 1603              	.LASF5:
 1604 02ff 6C6F6E67 		.ascii	"long int\000"
 1604      20696E74 
 1604      00
 1605              	.LASF1:
 1606 0308 7369676E 		.ascii	"signed char\000"
 1606      65642063 
ARM GAS  C:\Users\acer\AppData\Local\Temp\ccFDtBTV.s 			page 39


 1606      68617200 
 1607              	.LASF26:
 1608 0314 55415254 		.ascii	"UART_Rx_ISR_Stop\000"
 1608      5F52785F 
 1608      4953525F 
 1608      53746F70 
 1608      00
 1609              		.ident	"GCC: (GNU Tools for ARM Embedded Processors) 4.9.3 20150303 (release) [ARM/embedded-4_9-br
