ARM GAS  C:\Users\acer\AppData\Local\Temp\ccHC6Meq.s 			page 1


   1              		.syntax unified
   2              		.cpu cortex-m3
   3              		.fpu softvfp
   4              		.eabi_attribute 20, 1
   5              		.eabi_attribute 21, 1
   6              		.eabi_attribute 23, 3
   7              		.eabi_attribute 24, 1
   8              		.eabi_attribute 25, 1
   9              		.eabi_attribute 26, 1
  10              		.eabi_attribute 30, 4
  11              		.eabi_attribute 34, 1
  12              		.eabi_attribute 18, 4
  13              		.thumb
  14              		.file	"uart.c"
  15              		.text
  16              	.Ltext0:
  17              		.cfi_sections	.debug_frame
  18              		.section	.text.Uart_Ini,"ax",%progbits
  19              		.align	1
  20              		.global	Uart_Ini
  21              		.thumb
  22              		.thumb_func
  23              		.type	Uart_Ini, %function
  24              	Uart_Ini:
  25              	.LFB56:
  26              		.file 1 ".\\uart.c"
   1:.\uart.c      **** /* ========================================
   2:.\uart.c      ****  *
   3:.\uart.c      ****  * Copyright YOUR COMPANY, THE YEAR
   4:.\uart.c      ****  * All Rights Reserved
   5:.\uart.c      ****  * UNPUBLISHED, LICENSED SOFTWARE.
   6:.\uart.c      ****  *
   7:.\uart.c      ****  * CONFIDENTIAL AND PROPRIETARY INFORMATION
   8:.\uart.c      ****  * WHICH IS THE PROPERTY OF your company.
   9:.\uart.c      ****  *
  10:.\uart.c      ****  * ========================================
  11:.\uart.c      **** */
  12:.\uart.c      **** #include <project.h>
  13:.\uart.c      **** void Uart_Ini(void)
  14:.\uart.c      **** {
  27              		.loc 1 14 0
  28              		.cfi_startproc
  29              		@ args = 0, pretend = 0, frame = 0
  30              		@ frame_needed = 0, uses_anonymous_args = 0
  31              		@ link register save eliminated.
  15:.\uart.c      ****   UART_1_Start();  
  32              		.loc 1 15 0
  33 0000 FFF7FEBF 		b	UART_1_Start
  34              	.LVL0:
  35              		.cfi_endproc
  36              	.LFE56:
  37              		.size	Uart_Ini, .-Uart_Ini
  38              		.section	.text.Uart_DeIni,"ax",%progbits
  39              		.align	1
  40              		.global	Uart_DeIni
  41              		.thumb
  42              		.thumb_func
ARM GAS  C:\Users\acer\AppData\Local\Temp\ccHC6Meq.s 			page 2


  43              		.type	Uart_DeIni, %function
  44              	Uart_DeIni:
  45              	.LFB57:
  16:.\uart.c      ****   //UART_1_EnableRxInt();
  17:.\uart.c      ****   //UART_1_EnableTxInt();
  18:.\uart.c      ****   
  19:.\uart.c      **** }
  20:.\uart.c      **** void Uart_DeIni(void)
  21:.\uart.c      **** {
  46              		.loc 1 21 0
  47              		.cfi_startproc
  48              		@ args = 0, pretend = 0, frame = 0
  49              		@ frame_needed = 0, uses_anonymous_args = 0
  50 0000 08B5     		push	{r3, lr}
  51              		.cfi_def_cfa_offset 8
  52              		.cfi_offset 3, -8
  53              		.cfi_offset 14, -4
  22:.\uart.c      ****   UART_1_Stop();  
  54              		.loc 1 22 0
  55 0002 FFF7FEFF 		bl	UART_1_Stop
  56              	.LVL1:
  23:.\uart.c      ****   UART_1_DisableRxInt();
  57              		.loc 1 23 0
  58 0006 FFF7FEFF 		bl	UART_1_DisableRxInt
  59              	.LVL2:
  24:.\uart.c      ****   UART_1_DisableTxInt();
  25:.\uart.c      **** }
  60              		.loc 1 25 0
  61 000a BDE80840 		pop	{r3, lr}
  62              		.cfi_restore 14
  63              		.cfi_restore 3
  64              		.cfi_def_cfa_offset 0
  24:.\uart.c      ****   UART_1_DisableTxInt();
  65              		.loc 1 24 0
  66 000e FFF7FEBF 		b	UART_1_DisableTxInt
  67              	.LVL3:
  68              		.cfi_endproc
  69              	.LFE57:
  70              		.size	Uart_DeIni, .-Uart_DeIni
  71              		.text
  72              	.Letext0:
  73              		.file 2 "c:\\program files\\cypress\\psoc creator\\3.3\\psoc creator\\import\\gnu\\arm\\4.9.3\\arm
  74              		.file 3 "c:\\program files\\cypress\\psoc creator\\3.3\\psoc creator\\import\\gnu\\arm\\4.9.3\\arm
  75              		.file 4 "Generated_Source\\PSoC5/UART_1.h"
  76              		.file 5 "Generated_Source\\PSoC5/core_cm3.h"
  77              		.section	.debug_info,"",%progbits
  78              	.Ldebug_info0:
  79 0000 17010000 		.4byte	0x117
  80 0004 0400     		.2byte	0x4
  81 0006 00000000 		.4byte	.Ldebug_abbrev0
  82 000a 04       		.byte	0x4
  83 000b 01       		.uleb128 0x1
  84 000c F1000000 		.4byte	.LASF21
  85 0010 01       		.byte	0x1
  86 0011 3A000000 		.4byte	.LASF22
  87 0015 8F010000 		.4byte	.LASF23
  88 0019 00000000 		.4byte	.Ldebug_ranges0+0
ARM GAS  C:\Users\acer\AppData\Local\Temp\ccHC6Meq.s 			page 3


  89 001d 00000000 		.4byte	0
  90 0021 00000000 		.4byte	.Ldebug_line0
  91 0025 02       		.uleb128 0x2
  92 0026 01       		.byte	0x1
  93 0027 06       		.byte	0x6
  94 0028 2E000000 		.4byte	.LASF0
  95 002c 02       		.uleb128 0x2
  96 002d 01       		.byte	0x1
  97 002e 08       		.byte	0x8
  98 002f 9B000000 		.4byte	.LASF1
  99 0033 02       		.uleb128 0x2
 100 0034 02       		.byte	0x2
 101 0035 05       		.byte	0x5
 102 0036 D1010000 		.4byte	.LASF2
 103 003a 02       		.uleb128 0x2
 104 003b 02       		.byte	0x2
 105 003c 07       		.byte	0x7
 106 003d 0E000000 		.4byte	.LASF3
 107 0041 03       		.uleb128 0x3
 108 0042 7F010000 		.4byte	.LASF9
 109 0046 02       		.byte	0x2
 110 0047 3F       		.byte	0x3f
 111 0048 4C000000 		.4byte	0x4c
 112 004c 02       		.uleb128 0x2
 113 004d 04       		.byte	0x4
 114 004e 05       		.byte	0x5
 115 004f AE000000 		.4byte	.LASF4
 116 0053 02       		.uleb128 0x2
 117 0054 04       		.byte	0x4
 118 0055 07       		.byte	0x7
 119 0056 D2000000 		.4byte	.LASF5
 120 005a 02       		.uleb128 0x2
 121 005b 08       		.byte	0x8
 122 005c 05       		.byte	0x5
 123 005d 00000000 		.4byte	.LASF6
 124 0061 02       		.uleb128 0x2
 125 0062 08       		.byte	0x8
 126 0063 07       		.byte	0x7
 127 0064 4F000000 		.4byte	.LASF7
 128 0068 04       		.uleb128 0x4
 129 0069 04       		.byte	0x4
 130 006a 05       		.byte	0x5
 131 006b 696E7400 		.ascii	"int\000"
 132 006f 02       		.uleb128 0x2
 133 0070 04       		.byte	0x4
 134 0071 07       		.byte	0x7
 135 0072 21000000 		.4byte	.LASF8
 136 0076 03       		.uleb128 0x3
 137 0077 DB010000 		.4byte	.LASF10
 138 007b 03       		.byte	0x3
 139 007c 2C       		.byte	0x2c
 140 007d 41000000 		.4byte	0x41
 141 0081 02       		.uleb128 0x2
 142 0082 04       		.byte	0x4
 143 0083 04       		.byte	0x4
 144 0084 89010000 		.4byte	.LASF11
 145 0088 02       		.uleb128 0x2
ARM GAS  C:\Users\acer\AppData\Local\Temp\ccHC6Meq.s 			page 4


 146 0089 08       		.byte	0x8
 147 008a 04       		.byte	0x4
 148 008b CB000000 		.4byte	.LASF12
 149 008f 02       		.uleb128 0x2
 150 0090 01       		.byte	0x1
 151 0091 08       		.byte	0x8
 152 0092 A9000000 		.4byte	.LASF13
 153 0096 02       		.uleb128 0x2
 154 0097 04       		.byte	0x4
 155 0098 07       		.byte	0x7
 156 0099 E3010000 		.4byte	.LASF14
 157 009d 05       		.uleb128 0x5
 158 009e C2000000 		.4byte	.LASF15
 159 00a2 01       		.byte	0x1
 160 00a3 0D       		.byte	0xd
 161 00a4 00000000 		.4byte	.LFB56
 162 00a8 04000000 		.4byte	.LFE56-.LFB56
 163 00ac 01       		.uleb128 0x1
 164 00ad 9C       		.byte	0x9c
 165 00ae BC000000 		.4byte	0xbc
 166 00b2 06       		.uleb128 0x6
 167 00b3 04000000 		.4byte	.LVL0
 168 00b7 FE000000 		.4byte	0xfe
 169 00bb 00       		.byte	0
 170 00bc 05       		.uleb128 0x5
 171 00bd B7000000 		.4byte	.LASF16
 172 00c1 01       		.byte	0x1
 173 00c2 14       		.byte	0x14
 174 00c3 00000000 		.4byte	.LFB57
 175 00c7 12000000 		.4byte	.LFE57-.LFB57
 176 00cb 01       		.uleb128 0x1
 177 00cc 9C       		.byte	0x9c
 178 00cd ED000000 		.4byte	0xed
 179 00d1 07       		.uleb128 0x7
 180 00d2 06000000 		.4byte	.LVL1
 181 00d6 05010000 		.4byte	0x105
 182 00da 07       		.uleb128 0x7
 183 00db 0A000000 		.4byte	.LVL2
 184 00df 0C010000 		.4byte	0x10c
 185 00e3 06       		.uleb128 0x6
 186 00e4 12000000 		.4byte	.LVL3
 187 00e8 13010000 		.4byte	0x113
 188 00ec 00       		.byte	0
 189 00ed 08       		.uleb128 0x8
 190 00ee E4000000 		.4byte	.LASF24
 191 00f2 05       		.byte	0x5
 192 00f3 1606     		.2byte	0x616
 193 00f5 F9000000 		.4byte	0xf9
 194 00f9 09       		.uleb128 0x9
 195 00fa 76000000 		.4byte	0x76
 196 00fe 0A       		.uleb128 0xa
 197 00ff 7A000000 		.4byte	.LASF17
 198 0103 04       		.byte	0x4
 199 0104 6B       		.byte	0x6b
 200 0105 0A       		.uleb128 0xa
 201 0106 43000000 		.4byte	.LASF18
 202 010a 04       		.byte	0x4
ARM GAS  C:\Users\acer\AppData\Local\Temp\ccHC6Meq.s 			page 5


 203 010b 6C       		.byte	0x6c
 204 010c 0A       		.uleb128 0xa
 205 010d 87000000 		.4byte	.LASF19
 206 0111 04       		.byte	0x4
 207 0112 7C       		.byte	0x7c
 208 0113 0A       		.uleb128 0xa
 209 0114 66000000 		.4byte	.LASF20
 210 0118 04       		.byte	0x4
 211 0119 98       		.byte	0x98
 212 011a 00       		.byte	0
 213              		.section	.debug_abbrev,"",%progbits
 214              	.Ldebug_abbrev0:
 215 0000 01       		.uleb128 0x1
 216 0001 11       		.uleb128 0x11
 217 0002 01       		.byte	0x1
 218 0003 25       		.uleb128 0x25
 219 0004 0E       		.uleb128 0xe
 220 0005 13       		.uleb128 0x13
 221 0006 0B       		.uleb128 0xb
 222 0007 03       		.uleb128 0x3
 223 0008 0E       		.uleb128 0xe
 224 0009 1B       		.uleb128 0x1b
 225 000a 0E       		.uleb128 0xe
 226 000b 55       		.uleb128 0x55
 227 000c 17       		.uleb128 0x17
 228 000d 11       		.uleb128 0x11
 229 000e 01       		.uleb128 0x1
 230 000f 10       		.uleb128 0x10
 231 0010 17       		.uleb128 0x17
 232 0011 00       		.byte	0
 233 0012 00       		.byte	0
 234 0013 02       		.uleb128 0x2
 235 0014 24       		.uleb128 0x24
 236 0015 00       		.byte	0
 237 0016 0B       		.uleb128 0xb
 238 0017 0B       		.uleb128 0xb
 239 0018 3E       		.uleb128 0x3e
 240 0019 0B       		.uleb128 0xb
 241 001a 03       		.uleb128 0x3
 242 001b 0E       		.uleb128 0xe
 243 001c 00       		.byte	0
 244 001d 00       		.byte	0
 245 001e 03       		.uleb128 0x3
 246 001f 16       		.uleb128 0x16
 247 0020 00       		.byte	0
 248 0021 03       		.uleb128 0x3
 249 0022 0E       		.uleb128 0xe
 250 0023 3A       		.uleb128 0x3a
 251 0024 0B       		.uleb128 0xb
 252 0025 3B       		.uleb128 0x3b
 253 0026 0B       		.uleb128 0xb
 254 0027 49       		.uleb128 0x49
 255 0028 13       		.uleb128 0x13
 256 0029 00       		.byte	0
 257 002a 00       		.byte	0
 258 002b 04       		.uleb128 0x4
 259 002c 24       		.uleb128 0x24
ARM GAS  C:\Users\acer\AppData\Local\Temp\ccHC6Meq.s 			page 6


 260 002d 00       		.byte	0
 261 002e 0B       		.uleb128 0xb
 262 002f 0B       		.uleb128 0xb
 263 0030 3E       		.uleb128 0x3e
 264 0031 0B       		.uleb128 0xb
 265 0032 03       		.uleb128 0x3
 266 0033 08       		.uleb128 0x8
 267 0034 00       		.byte	0
 268 0035 00       		.byte	0
 269 0036 05       		.uleb128 0x5
 270 0037 2E       		.uleb128 0x2e
 271 0038 01       		.byte	0x1
 272 0039 3F       		.uleb128 0x3f
 273 003a 19       		.uleb128 0x19
 274 003b 03       		.uleb128 0x3
 275 003c 0E       		.uleb128 0xe
 276 003d 3A       		.uleb128 0x3a
 277 003e 0B       		.uleb128 0xb
 278 003f 3B       		.uleb128 0x3b
 279 0040 0B       		.uleb128 0xb
 280 0041 27       		.uleb128 0x27
 281 0042 19       		.uleb128 0x19
 282 0043 11       		.uleb128 0x11
 283 0044 01       		.uleb128 0x1
 284 0045 12       		.uleb128 0x12
 285 0046 06       		.uleb128 0x6
 286 0047 40       		.uleb128 0x40
 287 0048 18       		.uleb128 0x18
 288 0049 9742     		.uleb128 0x2117
 289 004b 19       		.uleb128 0x19
 290 004c 01       		.uleb128 0x1
 291 004d 13       		.uleb128 0x13
 292 004e 00       		.byte	0
 293 004f 00       		.byte	0
 294 0050 06       		.uleb128 0x6
 295 0051 898201   		.uleb128 0x4109
 296 0054 00       		.byte	0
 297 0055 11       		.uleb128 0x11
 298 0056 01       		.uleb128 0x1
 299 0057 9542     		.uleb128 0x2115
 300 0059 19       		.uleb128 0x19
 301 005a 31       		.uleb128 0x31
 302 005b 13       		.uleb128 0x13
 303 005c 00       		.byte	0
 304 005d 00       		.byte	0
 305 005e 07       		.uleb128 0x7
 306 005f 898201   		.uleb128 0x4109
 307 0062 00       		.byte	0
 308 0063 11       		.uleb128 0x11
 309 0064 01       		.uleb128 0x1
 310 0065 31       		.uleb128 0x31
 311 0066 13       		.uleb128 0x13
 312 0067 00       		.byte	0
 313 0068 00       		.byte	0
 314 0069 08       		.uleb128 0x8
 315 006a 34       		.uleb128 0x34
 316 006b 00       		.byte	0
ARM GAS  C:\Users\acer\AppData\Local\Temp\ccHC6Meq.s 			page 7


 317 006c 03       		.uleb128 0x3
 318 006d 0E       		.uleb128 0xe
 319 006e 3A       		.uleb128 0x3a
 320 006f 0B       		.uleb128 0xb
 321 0070 3B       		.uleb128 0x3b
 322 0071 05       		.uleb128 0x5
 323 0072 49       		.uleb128 0x49
 324 0073 13       		.uleb128 0x13
 325 0074 3F       		.uleb128 0x3f
 326 0075 19       		.uleb128 0x19
 327 0076 3C       		.uleb128 0x3c
 328 0077 19       		.uleb128 0x19
 329 0078 00       		.byte	0
 330 0079 00       		.byte	0
 331 007a 09       		.uleb128 0x9
 332 007b 35       		.uleb128 0x35
 333 007c 00       		.byte	0
 334 007d 49       		.uleb128 0x49
 335 007e 13       		.uleb128 0x13
 336 007f 00       		.byte	0
 337 0080 00       		.byte	0
 338 0081 0A       		.uleb128 0xa
 339 0082 2E       		.uleb128 0x2e
 340 0083 00       		.byte	0
 341 0084 3F       		.uleb128 0x3f
 342 0085 19       		.uleb128 0x19
 343 0086 03       		.uleb128 0x3
 344 0087 0E       		.uleb128 0xe
 345 0088 3A       		.uleb128 0x3a
 346 0089 0B       		.uleb128 0xb
 347 008a 3B       		.uleb128 0x3b
 348 008b 0B       		.uleb128 0xb
 349 008c 27       		.uleb128 0x27
 350 008d 19       		.uleb128 0x19
 351 008e 3C       		.uleb128 0x3c
 352 008f 19       		.uleb128 0x19
 353 0090 00       		.byte	0
 354 0091 00       		.byte	0
 355 0092 00       		.byte	0
 356              		.section	.debug_aranges,"",%progbits
 357 0000 24000000 		.4byte	0x24
 358 0004 0200     		.2byte	0x2
 359 0006 00000000 		.4byte	.Ldebug_info0
 360 000a 04       		.byte	0x4
 361 000b 00       		.byte	0
 362 000c 0000     		.2byte	0
 363 000e 0000     		.2byte	0
 364 0010 00000000 		.4byte	.LFB56
 365 0014 04000000 		.4byte	.LFE56-.LFB56
 366 0018 00000000 		.4byte	.LFB57
 367 001c 12000000 		.4byte	.LFE57-.LFB57
 368 0020 00000000 		.4byte	0
 369 0024 00000000 		.4byte	0
 370              		.section	.debug_ranges,"",%progbits
 371              	.Ldebug_ranges0:
 372 0000 00000000 		.4byte	.LFB56
 373 0004 04000000 		.4byte	.LFE56
ARM GAS  C:\Users\acer\AppData\Local\Temp\ccHC6Meq.s 			page 8


 374 0008 00000000 		.4byte	.LFB57
 375 000c 12000000 		.4byte	.LFE57
 376 0010 00000000 		.4byte	0
 377 0014 00000000 		.4byte	0
 378              		.section	.debug_line,"",%progbits
 379              	.Ldebug_line0:
 380 0000 65010000 		.section	.debug_str,"MS",%progbits,1
 380      02003C01 
 380      00000201 
 380      FB0E0D00 
 380      01010101 
 381              	.LASF6:
 382 0000 6C6F6E67 		.ascii	"long long int\000"
 382      206C6F6E 
 382      6720696E 
 382      7400
 383              	.LASF3:
 384 000e 73686F72 		.ascii	"short unsigned int\000"
 384      7420756E 
 384      7369676E 
 384      65642069 
 384      6E7400
 385              	.LASF8:
 386 0021 756E7369 		.ascii	"unsigned int\000"
 386      676E6564 
 386      20696E74 
 386      00
 387              	.LASF0:
 388 002e 7369676E 		.ascii	"signed char\000"
 388      65642063 
 388      68617200 
 389              	.LASF22:
 390 003a 2E5C7561 		.ascii	".\\uart.c\000"
 390      72742E63 
 390      00
 391              	.LASF18:
 392 0043 55415254 		.ascii	"UART_1_Stop\000"
 392      5F315F53 
 392      746F7000 
 393              	.LASF7:
 394 004f 6C6F6E67 		.ascii	"long long unsigned int\000"
 394      206C6F6E 
 394      6720756E 
 394      7369676E 
 394      65642069 
 395              	.LASF20:
 396 0066 55415254 		.ascii	"UART_1_DisableTxInt\000"
 396      5F315F44 
 396      69736162 
 396      6C655478 
 396      496E7400 
 397              	.LASF17:
 398 007a 55415254 		.ascii	"UART_1_Start\000"
 398      5F315F53 
 398      74617274 
 398      00
 399              	.LASF19:
ARM GAS  C:\Users\acer\AppData\Local\Temp\ccHC6Meq.s 			page 9


 400 0087 55415254 		.ascii	"UART_1_DisableRxInt\000"
 400      5F315F44 
 400      69736162 
 400      6C655278 
 400      496E7400 
 401              	.LASF1:
 402 009b 756E7369 		.ascii	"unsigned char\000"
 402      676E6564 
 402      20636861 
 402      7200
 403              	.LASF13:
 404 00a9 63686172 		.ascii	"char\000"
 404      00
 405              	.LASF4:
 406 00ae 6C6F6E67 		.ascii	"long int\000"
 406      20696E74 
 406      00
 407              	.LASF16:
 408 00b7 55617274 		.ascii	"Uart_DeIni\000"
 408      5F446549 
 408      6E6900
 409              	.LASF15:
 410 00c2 55617274 		.ascii	"Uart_Ini\000"
 410      5F496E69 
 410      00
 411              	.LASF12:
 412 00cb 646F7562 		.ascii	"double\000"
 412      6C6500
 413              	.LASF5:
 414 00d2 6C6F6E67 		.ascii	"long unsigned int\000"
 414      20756E73 
 414      69676E65 
 414      6420696E 
 414      7400
 415              	.LASF24:
 416 00e4 49544D5F 		.ascii	"ITM_RxBuffer\000"
 416      52784275 
 416      66666572 
 416      00
 417              	.LASF21:
 418 00f1 474E5520 		.ascii	"GNU C 4.9.3 20150303 (release) [ARM/embedded-4_9-br"
 418      4320342E 
 418      392E3320 
 418      32303135 
 418      30333033 
 419 0124 616E6368 		.ascii	"anch revision 221220] -mcpu=cortex-m3 -mthumb -g -O"
 419      20726576 
 419      6973696F 
 419      6E203232 
 419      31323230 
 420 0157 73202D66 		.ascii	"s -ffunction-sections -ffat-lto-objects\000"
 420      66756E63 
 420      74696F6E 
 420      2D736563 
 420      74696F6E 
 421              	.LASF9:
 422 017f 5F5F696E 		.ascii	"__int32_t\000"
ARM GAS  C:\Users\acer\AppData\Local\Temp\ccHC6Meq.s 			page 10


 422      7433325F 
 422      7400
 423              	.LASF11:
 424 0189 666C6F61 		.ascii	"float\000"
 424      7400
 425              	.LASF23:
 426 018f 433A5C55 		.ascii	"C:\\Users\\acer\\Desktop\\Saura-master\\2_Psoc\\Pla"
 426      73657273 
 426      5C616365 
 426      725C4465 
 426      736B746F 
 427 01bc 74666F72 		.ascii	"tform\\Design02.cydsn\000"
 427      6D5C4465 
 427      7369676E 
 427      30322E63 
 427      7964736E 
 428              	.LASF2:
 429 01d1 73686F72 		.ascii	"short int\000"
 429      7420696E 
 429      7400
 430              	.LASF10:
 431 01db 696E7433 		.ascii	"int32_t\000"
 431      325F7400 
 432              	.LASF14:
 433 01e3 73697A65 		.ascii	"sizetype\000"
 433      74797065 
 433      00
 434              		.ident	"GCC: (GNU Tools for ARM Embedded Processors) 4.9.3 20150303 (release) [ARM/embedded-4_9-br
